2024-09-20 16:49:34,952 - 接收 : A9 9A 34 25 3A CE B8 2C
2024-09-20 16:49:34,967 - 接收 : 00 00 36 6E 2C 18 2D 09
2024-09-20 16:49:34,967 - 接收 : 2D 14 20 10 3A 31 3A 1B
2024-09-20 16:49:34,983 - 接收 : 2C 48 18 2C 00 00 2C 00
2024-09-20 16:49:34,983 - 接收 : 00 00 00 2C 00 00 00 00
2024-09-20 16:49:34,999 - 接收 : 2C 00 00 00 00 2C 00 00
2024-09-20 16:49:35,094 - 接收 : 00 00 0D 0A A9 9A 34 25
2024-09-20 16:49:35,110 - 接收 : 3A CE B8 2C 00 00 36 6F
2024-09-20 16:49:35,126 - 接收 : 2C 18 2D 09 2D 14 20 10
2024-09-20 16:49:35,127 - 接收 : 3A 31 3A 1B 2C 48 18 2C
2024-09-20 16:49:35,142 - 接收 : 00 00 2C 00 00 00 00 2C
2024-09-20 16:49:35,143 - 接收 : 00 00 00 00 2C 00 00 00
2024-09-20 16:49:35,158 - 接收 : 00 2C 00 00 00 00 0D 0A
2024-09-20 16:49:35,257 - 接收 : A9 9A 34 25 3A CE B8 2C
2024-09-20 16:49:35,271 - 接收 : 00 00 36 70 2C 18 2D 09
2024-09-20 16:49:35,272 - 接收 : 2D 14 20 10 3A 31 3A 1B
2024-09-20 16:49:35,286 - 接收 : 2C 48 18 2C 00 00 2C 00
2024-09-20 16:49:35,303 - 接收 : 00 00 00 2C 00 00 00 00
2024-09-20 16:49:35,303 - 接收 : 2C 00 00 00 00 2C 00 00
2024-09-20 16:49:35,414 - 接收 : 00 00 0D 0A A9 9A 34 25
2024-09-20 16:49:35,415 - 接收 : 3A CE B8 2C 00 00 36 71
2024-09-20 16:49:35,430 - 接收 : 2C 18 2D 09 2D 14 20 10
2024-09-20 16:49:35,431 - 接收 : 3A 31 3A 1B 2C 48 18 2C
2024-09-20 16:49:35,446 - 接收 : 00 00 2C 00 00 00 00 2C
2024-09-20 16:49:35,447 - 接收 : 00 00 00 00 2C 00 00 00
2024-09-20 16:49:35,462 - 接收 : 00 2C 00 00 00 00 0D 0A
2024-09-20 16:49:35,574 - 接收 : A9 9A 34 25 3A CE B8 2C
2024-09-20 16:49:35,575 - 接收 : 00 00 36 72 2C 18 2D 09
2024-09-20 16:49:35,590 - 接收 : 2D 14 20 10 3A 31 3A 1B
2024-09-20 16:49:35,590 - 接收 : 2C 48 18 2C 00 00 2C 00
2024-09-20 16:49:35,606 - 接收 : 00 00 00 2C 00 00 00 00
2024-09-20 16:49:35,607 - 接收 : 2C 00 00 00 00 2C 00 00
2024-09-20 16:49:35,720 - 接收 : 00 00 0D 0A A9 9A 34 25
2024-09-20 16:49:35,814 - 接收 : 3A CE B8 2C 00 00 36 73
2024-09-20 16:49:35,815 - 接收 : 2C 18 2D 09 2D 14 20 10
2024-09-20 16:49:35,815 - 接收 : 3A 31 3A 1B 2C 48 18 2C
2024-09-20 16:49:35,816 - 接收 : 00 00 2C 00 00 00 00 2C
2024-09-20 16:49:35,816 - 接收 : 00 00 00 00 2C 00 00 00
2024-09-20 16:49:35,816 - 接收 : 00 2C 00 00 00 00 0D 0A
2024-09-20 16:49:39,954 - 接收 : A9 9A 34 25 3A CE B8 2C
2024-09-20 16:49:39,955 - 接收 : 00 00 36 74 2C 18 2D 09
2024-09-20 16:49:39,970 - 接收 : 2D 14 20 10 3A 31 3A 20
2024-09-20 16:49:39,986 - 接收 : 2C 48 18 2C 00 00 2C 00
2024-09-20 16:49:39,987 - 接收 : 00 00 00 2C 00 00 00 00
2024-09-20 16:49:40,002 - 接收 : 2C 00 00 00 00 2C 00 00
2024-09-20 16:49:40,099 - 接收 : 00 00 0D 0A A9 9A 34 25
2024-09-20 16:49:40,115 - 接收 : 3A CE BC 2C 00 00 36 75
2024-09-20 16:49:40,115 - 接收 : 2C 18 2D 09 2D 14 20 10
2024-09-20 16:49:40,131 - 接收 : 3A 31 3A 20 2C 48 18 2C
2024-09-20 16:49:40,131 - 接收 : 01 2E 2C 00 00 BD 25 2C
2024-09-20 16:49:40,147 - 接收 : FF FF FF 24 2C 00 00 01
2024-09-20 16:49:40,163 - 接收 : 19 2C 00 00 44 17 0D 0A
2024-09-20 16:49:40,259 - 接收 : A9 9A 34 25 3A CE B8 2C
2024-09-20 16:49:40,275 - 接收 : 00 00 36 76 2C 18 2D 09
2024-09-20 16:49:40,275 - 接收 : 2D 14 20 10 3A 31 3A 20
2024-09-20 16:49:40,290 - 接收 : 2C 48 18 2C 00 00 2C 00
2024-09-20 16:49:40,290 - 接收 : 00 00 00 2C 00 00 00 00
2024-09-20 16:49:40,306 - 接收 : 2C 00 00 00 00 2C 00 00
2024-09-20 16:49:40,418 - 接收 : 00 00 0D 0A A9 9A 34 25
2024-09-20 16:49:40,419 - 接收 : 3A CE B8 2C 00 00 36 77
2024-09-20 16:49:40,434 - 接收 : 2C 18 2D 09 2D 14 20 10
2024-09-20 16:49:40,434 - 接收 : 3A 31 3A 20 2C 48 18 2C
2024-09-20 16:49:40,450 - 接收 : 00 00 2C 00 00 00 00 2C
2024-09-20 16:49:40,450 - 接收 : 00 00 00 00 2C 00 00 00
2024-09-20 16:49:40,467 - 接收 : 00 2C 00 00 00 00 0D 0A
2024-09-20 16:49:40,579 - 接收 : A9 9A 34 25 3A CE B8 2C
2024-09-20 16:49:40,579 - 接收 : 00 00 36 78 2C 18 2D 09
2024-09-20 16:49:40,595 - 接收 : 2D 14 20 10 3A 31 3A 20
2024-09-20 16:49:40,595 - 接收 : 2C 48 18 2C 00 00 2C 00
2024-09-20 16:49:40,610 - 接收 : 00 00 00 2C 00 00 00 00
2024-09-20 16:49:40,611 - 接收 : 2C 00 00 00 00 2C 00 00
2024-09-20 16:49:40,722 - 接收 : 00 00 0D 0A A9 9A 34 25
2024-09-20 16:49:40,738 - 接收 : 3A CE B8 2C 00 00 36 79
2024-09-20 16:49:40,738 - 接收 : 2C 18 2D 09 2D 14 20 10
2024-09-20 16:49:40,754 - 接收 : 3A 31 3A 20 2C 48 18 2C
2024-09-20 16:49:40,754 - 接收 : 00 00 2C 00 00 00 00 2C
2024-09-20 16:49:40,771 - 接收 : 00 00 00 00 2C 00 00 00
2024-09-20 16:49:40,771 - 接收 : 00 2C 00 00 00 00 0D 0A
2024-09-20 16:49:51,936 - 接收 : A9 9A
2024-09-20 16:49:51,952 - 接收 : 34 25 3A CE B8 2C 00 00 36 80 2C 18 2D 09 2D 14
2024-09-20 16:49:51,968 - 接收 : 20 10 3A 31 3A 2C 2C 48 11 2C 00 00 2C 00 00
2024-09-20 16:49:51,984 - 接收 : 00 00 2C 00 00 00 00 2C 00 00 00 00 2C 00 00
2024-09-20 16:49:52,000 - 接收 : 00 00 0D 0A
2024-09-20 16:49:52,096 - 接收 : A9 9A 34 25 3A CE BC
2024-09-20 16:49:52,112 - 接收 : 2C 00 00 36 81 2C 18 2D 09 2D 14 20 10 3A 31
2024-09-20 16:49:52,128 - 接收 : 3A 2C 2C 48 11 2C 01 2E 2C 00 00 BD 27 2C FF FF
2024-09-20 16:49:52,146 - 接收 : FF 26 2C 00 00 01 17 2C 00 00 44 18 0D 0A
2024-09-20 16:49:52,256 - 接收 : A9 9A 34 25 3A CE B8 2C 00 00 36 82
2024-09-20 16:49:52,271 - 接收 : 2C 18 2D 09 2D 14 20 10 3A 31 3A 2C 2C 48 11
2024-09-20 16:49:52,287 - 接收 : 2C 00 00 2C 00 00 00 00 2C 00 00 00 00 2C 00
2024-09-20 16:49:52,303 - 接收 : 00 00 00 2C 00 00 00 00 0D 0A
2024-09-20 16:49:52,400 - 接收 : A9
2024-09-20 16:49:52,416 - 接收 : 9A 34 25 3A CE B8 2C 00 00 36 83 2C 18 2D 09
2024-09-20 16:49:52,431 - 接收 : 2D 14 20 10 3A 31 3A 2C 2C 48 11 2C 00 00 2C 00
2024-09-20 16:49:52,447 - 接收 : 00 00 00 2C 00 00 00 00 2C 00 00 00 00 2C 00
2024-09-20 16:49:52,463 - 接收 : 00 00 00 0D 0A
2024-09-20 16:49:52,559 - 接收 : A9 9A 34 25 3A CE
2024-09-20 16:49:52,575 - 接收 : B8 2C 00 00 36 84 2C 18 2D 09 2D 14 20 10 3A
2024-09-20 16:49:52,591 - 接收 : 31 3A 2C 2C 48 11 2C 00 00 2C 00 00 00 00 2C 00
2024-09-20 16:49:52,607 - 接收 : 00 00 00 2C 00 00 00 00 2C 00 00 00 00 0D 0A
2024-09-20 16:49:52,720 - 接收 : A9 9A 34 25 3A CE B8 2C 00 00 36
2024-09-20 16:49:52,736 - 接收 : 85 2C 18 2D 09 2D 14 20 10 3A 31 3A 2C 2C 48
2024-09-20 16:49:52,751 - 接收 : 11 2C 00 00 2C 00 00 00 00 2C 00 00 00 00 2C
2024-09-20 16:49:52,767 - 接收 : 00 00 00 00 2C 00 00 00 00 0D 0A
2024-09-20 16:49:58,938 - 接收 : A9 9A 34 25
2024-09-20 16:49:58,954 - 接收 : 3A CE B8 2C 00 00 36 86 2C 18 2D 09 2D 14 20
2024-09-20 16:49:58,970 - 接收 : 10 3A 31 3A 33 2C 48 11 2C 00 00 2C 00 00 00 00
2024-09-20 16:49:58,986 - 接收 : 2C 00 00 00 00 2C 00 00 00 00 2C 00 00 00 00
2024-09-20 16:49:59,002 - 接收 : 0D 0A
2024-09-20 16:49:59,098 - 接收 : A9 9A 34 25 3A CE B8 2C
2024-09-20 16:49:59,114 - 接收 : 00 00 36 87 2C 18 2D 09 2D 14 20 10 3A 31 3A 33
2024-09-20 16:49:59,130 - 接收 : 2C 48 11 2C 00 00 2C 00 00 00 00 2C 00 00 00
2024-09-20 16:49:59,146 - 接收 : 00 2C 00 00 00 00 2C 00 00 00 00 0D 0A
2024-09-20 16:49:59,258 - 接收 : A9 9A 34 25 3A CE B8 2C 00 00 36 88 2C
2024-09-20 16:49:59,274 - 接收 : 18 2D 09 2D 14 20 10 3A 31 3A 33 2C 48 11 2C 00
2024-09-20 16:49:59,290 - 接收 : 00 2C 00 00 00 00 2C 00 00 00 00 2C 00 00 00
2024-09-20 16:49:59,306 - 接收 : 00 2C 00 00 00 00 0D 0A
2024-09-20 16:49:59,402 - 接收 : A9 9A 34
2024-09-20 16:49:59,418 - 接收 : 25 3A CE B8 2C 00 00 36 89 2C 18 2D 09 2D 14
2024-09-20 16:49:59,434 - 接收 : 20 10 3A 31 3A 33 2C 48 11 2C 00 00 2C 00 00
2024-09-20 16:49:59,450 - 接收 : 00 00 2C 00 00 00 00 2C 00 00 00 00 2C 00 00 00
2024-09-20 16:49:59,466 - 接收 : 00 0D 0A
2024-09-20 16:49:59,562 - 接收 : A9 9A 34 25 3A CE B8
2024-09-20 16:49:59,578 - 接收 : 2C 00 00 36 8A 2C 18 2D 09 2D 14 20 10 3A 31 3A
2024-09-20 16:49:59,594 - 接收 : 33 2C 48 11 2C 00 00 2C 00 00 00 00 2C 00 00
2024-09-20 16:49:59,610 - 接收 : 00 00 2C 00 00 00 00 2C 00 00 00 00 0D 0A
2024-09-20 16:49:59,722 - 接收 : A9 9A 34 25 3A CE B8 2C 00 00 36 8B
2024-09-20 16:49:59,738 - 接收 : 2C 18 2D 09 2D 14 20 10 3A 31 3A 33 2C 48 11
2024-09-20 16:49:59,754 - 接收 : 2C 00 00 2C 00 00 00 00 2C 00 00 00 00 2C 00 00
2024-09-20 16:49:59,770 - 接收 : 00 00 2C 00 00 00 00 0D 0A
2024-09-20 16:50:03,942 - 接收 : A9 9A 34 25 3A
2024-09-20 16:50:03,958 - 接收 : CE B8 2C 00 00 36 8C 2C 18 2D 09 2D 14 20 10
2024-09-20 16:50:03,974 - 接收 : 3A 31 3A 38 2C 48 11 2C 00 00 2C 00 00 00 00 2C
2024-09-20 16:50:03,991 - 接收 : 00 00 00 00 2C 00 00 00 00 2C 00 00 00 00 0D
2024-09-20 16:50:04,006 - 接收 : 0A
2024-09-20 16:50:04,102 - 接收 : A9 9A 34 25 3A CE BC 2C 00
2024-09-20 16:50:04,118 - 接收 : 00 36 8D 2C 18 2D 09 2D 14 20 10 3A 31 3A 38 2C
2024-09-20 16:50:04,134 - 接收 : 48 11 2C 01 2E 2C 00 00 BD 23 2C FF FF FF 22
2024-09-20 16:50:04,150 - 接收 : 2C 00 00 01 1C 2C 00 00 44 17 0D 0A
2024-09-20 16:50:04,262 - 接收 : A9 9A 34 25 3A CE B8 2C 00 00 36 8E 2C 18
2024-09-20 16:50:04,278 - 接收 : 2D 09 2D 14 20 10 3A 31 3A 38 2C 48 11 2C 00
2024-09-20 16:50:04,294 - 接收 : 00 2C 00 00 00 00 2C 00 00 00 00 2C 00 00 00 00
2024-09-20 16:50:04,310 - 接收 : 2C 00 00 00 00 0D 0A
2024-09-20 16:50:04,406 - 接收 : A9 9A 34
2024-09-20 16:50:04,422 - 接收 : 25 3A CE B8 2C 00 00 36 8F 2C 18 2D 09 2D 14 20
2024-09-20 16:50:04,438 - 接收 : 10 3A 31 3A 38 2C 48 11 2C 00 00 2C 00 00 00
2024-09-20 16:50:04,454 - 接收 : 00 2C 00 00 00 00 2C 00 00 00 00 2C 00 00 00 00
2024-09-20 16:50:04,470 - 接收 : 0D 0A
2024-09-20 16:50:04,566 - 接收 : A9 9A 34 25 3A CE B8 2C
2024-09-20 16:50:04,582 - 接收 : 00 00 36 90 2C 18 2D 09 2D 14 20 10 3A 31 3A
2024-09-20 16:50:04,598 - 接收 : 38 2C 48 11 2C 00 00 2C 00 00 00 00 2C 00 00 00
2024-09-20 16:50:04,614 - 接收 : 00 2C 00 00 00 00 2C 00 00 00 00 0D 0A
2024-09-20 16:50:04,726 - 接收 : A9 9A 34 25 3A CE B8 2C 00 00 36 91 2C
2024-09-20 16:50:04,742 - 接收 : 18 2D 09 2D 14 20 10 3A 31 3A 38 2C 48 11 2C
2024-09-20 16:50:04,758 - 接收 : 00 00 2C 00 00 00 00 2C 00 00 00 00 2C 00 00 00
2024-09-20 16:50:04,774 - 接收 : 00 2C 00 00 00 00 0D 0A
2024-09-20 16:50:10,945 - 接收 : A9 9A 34 25 3A CE B8 2C 00
2024-09-20 16:50:10,961 - 接收 : 00 36 92 2C 18 2D 09 2D 14 20 10 3A 32 3A 03
2024-09-20 16:50:10,976 - 接收 : 2C 48 18 2C 00 00 2C 00 00 00 00 2C 00 00 00 00
2024-09-20 16:50:10,993 - 接收 : 2C 00 00 00 00 2C 00 00 00 00 0D 0A
2024-09-20 16:50:11,105 - 接收 : A9 9A 34 25 3A CE B8 2C 00 00 36 93 2C 18
2024-09-20 16:50:11,121 - 接收 : 2D 09 2D 14 20 10 3A 32 3A 03 2C 48 18 2C 00
2024-09-20 16:50:11,137 - 接收 : 00 2C 00 00 00 00 2C 00 00 00 00 2C 00 00 00
2024-09-20 16:50:11,153 - 接收 : 00 2C 00 00 00 00 0D 0A
2024-09-20 16:50:11,249 - 接收 : A9 9A 34
2024-09-20 16:50:11,265 - 接收 : 25 3A CE B8 2C 00 00 36 94 2C 18 2D 09 2D 14
2024-09-20 16:50:11,281 - 接收 : 20 10 3A 32 3A 03 2C 48 18 2C 00 00 2C 00 00 00
2024-09-20 16:50:11,297 - 接收 : 00 2C 00 00 00 00 2C 00 00 00 00 2C 00 00 00
2024-09-20 16:50:11,313 - 接收 : 00 0D 0A
2024-09-20 16:50:11,408 - 接收 : A9 9A 34 25 3A CE B8 2C
2024-09-20 16:50:11,424 - 接收 : 00 00 36 95 2C 18 2D 09 2D 14 20 10 3A 32 3A
2024-09-20 16:50:11,440 - 接收 : 03 2C 48 18 2C 00 00 2C 00 00 00 00 2C 00 00 00
2024-09-20 16:50:11,456 - 接收 : 00 2C 00 00 00 00 2C 00 00 00 00 0D 0A
2024-09-20 16:50:11,568 - 接收 : A9 9A 34 25 3A CE B8 2C 00 00 36 96 2C
2024-09-20 16:50:11,584 - 接收 : 18 2D 09 2D 14 20 10 3A 32 3A 03 2C 48 18 2C
2024-09-20 16:50:11,600 - 接收 : 00 00 2C 00 00 00 00 2C 00 00 00 00 2C 00 00
2024-09-20 16:50:11,617 - 接收 : 00 00 2C 00 00 00 00 0D 0A
2024-09-20 16:50:11,711 - 接收 : A9 9A
2024-09-20 16:50:11,727 - 接收 : 34 25 3A CE B8 2C 00 00 36 97 2C 18 2D 09 2D
2024-09-20 16:50:11,743 - 接收 : 14 20 10 3A 32 3A 03 2C 48 18 2C 00 00 2C 00 00
2024-09-20 16:50:11,759 - 接收 : 00 00 2C 00 00 00 00 2C 00 00 00 00 2C 00 00
2024-09-20 16:50:11,775 - 接收 : 00 00 0D 0A
2024-09-20 16:50:15,948 - 接收 : A9 9A 34 25 3A CE B8 2C 00 00
2024-09-20 16:50:15,965 - 接收 : 36 98 2C 18 2D 09 2D 14 20 10 3A 32 3A 08 2C
2024-09-20 16:50:15,981 - 接收 : 48 11 2C 00 00 2C 00 00 00 00 2C 00 00 00 00 2C
2024-09-20 16:50:15,997 - 接收 : 00 00 00 00 2C 00 00 00 00 0D 0A
2024-09-20 16:50:16,108 - 接收 : A9 9A 34 25 3A CE BC 2C 00 00 36 99 2C 18 2D
2024-09-20 16:50:16,124 - 接收 : 09 2D 14 20 10 3A 32 3A 08 2C 48 11 2C 01 2E
2024-09-20 16:50:16,140 - 接收 : 2C 00 00 BD 23 2C FF FF FF 22 2C 00 00 01 1C
2024-09-20 16:50:16,161 - 接收 : 2C 00 00 44 17 0D 0A
2024-09-20 16:50:16,252 - 接收 : A9 9A 34 25
2024-09-20 16:50:16,268 - 接收 : 3A CE B8 2C 00 00 36 9A 2C 18 2D 09 2D 14 20
2024-09-20 16:50:16,284 - 接收 : 10 3A 32 3A 08 2C 48 11 2C 00 00 2C 00 00 00 00
2024-09-20 16:50:16,300 - 接收 : 2C 00 00 00 00 2C 00 00 00 00 2C 00 00 00 00
2024-09-20 16:50:16,316 - 接收 : 0D 0A
2024-09-20 16:50:16,412 - 接收 : A9 9A 34 25 3A CE B8 2C 00
2024-09-20 16:50:16,428 - 接收 : 00 36 9B 2C 18 2D 09 2D 14 20 10 3A 32 3A 08
2024-09-20 16:50:16,444 - 接收 : 2C 48 11 2C 00 00 2C 00 00 00 00 2C 00 00 00
2024-09-20 16:50:16,460 - 接收 : 00 2C 00 00 00 00 2C 00 00 00 00 0D 0A
2024-09-20 16:50:16,572 - 接收 : A9 9A 34 25 3A CE B8 2C 00 00 36 9C 2C
2024-09-20 16:50:16,588 - 接收 : 18 2D 09 2D 14 20 10 3A 32 3A 08 2C 48 11 2C 00
2024-09-20 16:50:16,604 - 接收 : 00 2C 00 00 00 00 2C 00 00 00 00 2C 00 00 00
2024-09-20 16:50:16,620 - 接收 : 00 2C 00 00 00 00 0D 0A
2024-09-20 16:50:16,716 - 接收 : A9 9A 34
2024-09-20 16:50:16,732 - 接收 : 25 3A CE B8 2C 00 00 36 9D 2C 18 2D 09 2D 14
2024-09-20 16:50:16,748 - 接收 : 20 10 3A 32 3A 08 2C 48 11 2C 00 00 2C 00 00
2024-09-20 16:50:16,764 - 接收 : 00 00 2C 00 00 00 00 2C 00 00 00 00 2C 00 00 00
2024-09-20 16:50:16,780 - 接收 : 00 0D 0A
2024-09-20 16:50:22,951 - 接收 : A9 9A 34 25 3A CE B8 2C 00 00 36 9E 2C 18
2024-09-20 16:50:22,967 - 接收 : 2D 09 2D 14 20 10 3A 32 3A 0F 2C 48 18 2C 00 00
2024-09-20 16:50:22,983 - 接收 : 2C 00 00 00 00 2C 00 00 00 00 2C 00 00 00 00
2024-09-20 16:50:22,999 - 接收 : 2C 00 00 00 00 0D 0A
2024-09-20 16:50:23,095 - 接收 : A9 9A 34 25
2024-09-20 16:50:23,111 - 接收 : 3A CE B8 2C 00 00 36 9F 2C 18 2D 09 2D 14 20
2024-09-20 16:50:23,127 - 接收 : 10 3A 32 3A 0F 2C 48 18 2C 00 00 2C 00 00 00
2024-09-20 16:50:23,143 - 接收 : 00 2C 00 00 00 00 2C 00 00 00 00 2C 00 00 00 00
2024-09-20 16:50:23,159 - 接收 : 0D 0A
2024-09-20 16:50:23,254 - 接收 : A9 9A 34 25 3A CE B8 2C
2024-09-20 16:50:23,270 - 接收 : 00 00 36 A0 2C 18 2D 09 2D 14 20 10 3A 32 3A 0F
2024-09-20 16:50:23,288 - 接收 : 2C 48 18 2C 00 00 2C 00 00 00 00 2C 00 00 00
2024-09-20 16:50:23,302 - 接收 : 00 2C 00 00 00 00 2C 00 00 00 00 0D 0A
2024-09-20 16:50:23,414 - 接收 : A9 9A 34 25 3A CE B8 2C 00 00 36 A1 2C
2024-09-20 16:50:23,431 - 接收 : 18 2D 09 2D 14 20 10 3A 32 3A 0F 2C 48 18 2C
2024-09-20 16:50:23,446 - 接收 : 00 00 2C 00 00 00 00 2C 00 00 00 00 2C 00 00 00
2024-09-20 16:50:23,462 - 接收 : 00 2C 00 00 00 00 0D 0A
2024-09-20 16:50:23,559 - 接收 : A9 9A
2024-09-20 16:50:23,574 - 接收 : 34 25 3A CE B8 2C 00 00 36 A2 2C 18 2D 09 2D 14
2024-09-20 16:50:23,590 - 接收 : 20 10 3A 32 3A 0F 2C 48 18 2C 00 00 2C 00 00
2024-09-20 16:50:23,606 - 接收 : 00 00 2C 00 00 00 00 2C 00 00 00 00 2C 00 00
2024-09-20 16:50:23,623 - 接收 : 00 00 0D 0A
2024-09-20 16:50:23,718 - 接收 : A9 9A 34 25 3A CE B8
2024-09-20 16:50:23,734 - 接收 : 2C 00 00 36 A3 2C 18 2D 09 2D 14 20 10 3A 32
2024-09-20 16:50:23,750 - 接收 : 3A 0F 2C 48 18 2C 00 00 2C 00 00 00 00 2C 00 00
2024-09-20 16:50:23,766 - 接收 : 00 00 2C 00 00 00 00 2C 00 00 00 00 0D 0A
2024-09-20 16:50:27,939 - 接收 : A9 9A 34 25 3A CE
2024-09-20 16:50:27,955 - 接收 : B8 2C 00 00 36 A4 2C 18 2D 09 2D 14 20 10 3A
2024-09-20 16:50:27,970 - 接收 : 32 3A 14 2C 48 11 2C 00 00 2C 00 00 00 00 2C
2024-09-20 16:50:27,988 - 接收 : 00 00 00 00 2C 00 00 00 00 2C 00 00 00 00 0D 0A
2024-09-20 16:50:28,099 - 接收 : A9 9A 34 25 3A CE BC 2C 00 00
2024-09-20 16:50:28,115 - 接收 : 36 A5 2C 18 2D 09 2D 14 20 10 3A 32 3A 14 2C 48
2024-09-20 16:50:28,131 - 接收 : 11 2C 01 2E 2C 00 00 BD 25 2C FF FF FF 24 2C
2024-09-20 16:50:28,147 - 接收 : 00 00 01 19 2C 00 00 44 17 0D 0A
2024-09-20 16:50:28,259 - 接收 : A9 9A 34 25 3A CE B8 2C 00 00 36 A6 2C 18 2D
2024-09-20 16:50:28,275 - 接收 : 09 2D 14 20 10 3A 32 3A 14 2C 48 11 2C 00 00
2024-09-20 16:50:28,291 - 接收 : 2C 00 00 00 00 2C 00 00 00 00 2C 00 00 00 00 2C
2024-09-20 16:50:28,307 - 接收 : 00 00 00 00 0D 0A
2024-09-20 16:50:28,403 - 接收 : A9 9A 34 25
2024-09-20 16:50:28,418 - 接收 : 3A CE B8 2C 00 00 36 A7 2C 18 2D 09 2D 14 20 10
2024-09-20 16:50:28,435 - 接收 : 3A 32 3A 14 2C 48 11 2C 00 00 2C 00 00 00 00
2024-09-20 16:50:28,451 - 接收 : 2C 00 00 00 00 2C 00 00 00 00 2C 00 00 00 00
2024-09-20 16:50:28,467 - 接收 : 0D 0A
2024-09-20 16:50:28,562 - 接收 : A9 9A 34 25 3A CE B8 2C 00
2024-09-20 16:50:28,578 - 接收 : 00 36 A8 2C 18 2D 09 2D 14 20 10 3A 32 3A 14
2024-09-20 16:50:28,595 - 接收 : 2C 48 11 2C 00 00 2C 00 00 00 00 2C 00 00 00 00
2024-09-20 16:50:28,610 - 接收 : 2C 00 00 00 00 2C 00 00 00 00 0D 0A
2024-09-20 16:50:28,722 - 接收 : A9 9A 34 25 3A CE B8 2C 00 00 36 A9 2C 18
2024-09-20 16:50:28,739 - 接收 : 2D 09 2D 14 20 10 3A 32 3A 14 2C 48 11 2C 00
2024-09-20 16:50:28,755 - 接收 : 00 2C 00 00 00 00 2C 00 00 00 00 2C 00 00 00 00
2024-09-20 16:50:28,770 - 接收 : 2C 00 00 00 00 0D 0A
2024-09-20 16:50:34,941 - 接收 : A9 9A 34 25 3A CE B8
2024-09-20 16:50:34,957 - 接收 : 2C 00 00 36 AA 2C 18 2D 09 2D 14 20 10 3A 32
2024-09-20 16:50:34,973 - 接收 : 3A 1B 2C 48 18 2C 00 00 2C 00 00 00 00 2C 00 00
2024-09-20 16:50:34,989 - 接收 : 00 00 2C 00 00 00 00 2C 00 00 00 00 0D 0A
2024-09-20 16:50:35,101 - 接收 : A9 9A 34 25 3A CE B8 2C 00 00 36 AB
2024-09-20 16:50:35,117 - 接收 : 2C 18 2D 09 2D 14 20 10 3A 32 3A 1B 2C 48 18
2024-09-20 16:50:35,133 - 接收 : 2C 00 00 2C 00 00 00 00 2C 00 00 00 00 2C 00
2024-09-20 16:50:35,149 - 接收 : 00 00 00 2C 00 00 00 00 0D 0A
2024-09-20 16:50:35,245 - 接收 : A9
2024-09-20 16:50:35,261 - 接收 : 9A 34 25 3A CE B8 2C 00 00 36 AC 2C 18 2D 09
2024-09-20 16:50:35,277 - 接收 : 2D 14 20 10 3A 32 3A 1B 2C 48 18 2C 00 00 2C 00
2024-09-20 16:50:35,293 - 接收 : 00 00 00 2C 00 00 00 00 2C 00 00 00 00 2C 00
2024-09-20 16:50:35,309 - 接收 : 00 00 00 0D 0A
2024-09-20 16:50:35,405 - 接收 : A9 9A 34 25 3A CE
2024-09-20 16:50:35,421 - 接收 : B8 2C 00 00 36 AD 2C 18 2D 09 2D 14 20 10 3A
2024-09-20 16:50:35,437 - 接收 : 32 3A 1B 2C 48 18 2C 00 00 2C 00 00 00 00 2C 00
2024-09-20 16:50:35,453 - 接收 : 00 00 00 2C 00 00 00 00 2C 00 00 00 00 0D 0A
2024-09-20 16:50:35,564 - 接收 : A9 9A 34 25 3A CE B8 2C 00 00
2024-09-20 16:50:35,581 - 接收 : 36 AE 2C 18 2D 09 2D 14 20 10 3A 32 3A 1B 2C 48
2024-09-20 16:50:35,597 - 接收 : 18 2C 00 00 2C 00 00 00 00 2C 00 00 00 00 2C
2024-09-20 16:50:35,613 - 接收 : 00 00 00 00 2C 00 00 00 00 0D 0A
2024-09-20 16:50:35,725 - 接收 : A9 9A 34 25 3A CE B8 2C 00 00 36 AF 2C 18 2D
2024-09-20 16:50:35,741 - 接收 : 09 2D 14 20 10 3A 32 3A 1B 2C 48 18 2C 00 00 2C
2024-09-20 16:50:35,756 - 接收 : 00 00 00 00 2C 00 00 00 00 2C 00 00 00 00 2C
2024-09-20 16:50:35,772 - 接收 : 00 00 00 00 0D 0A
2024-09-20 16:50:39,945 - 接收 : A9 9A 34 25 3A CE B8 2C
2024-09-20 16:50:39,961 - 接收 : 00 00 36 B0 2C 18 2D 09 2D 14 20 10 3A 32 3A
2024-09-20 16:50:39,977 - 接收 : 20 2C 48 18 2C 00 00 2C 00 00 00 00 2C 00 00 00
2024-09-20 16:50:39,993 - 接收 : 00 2C 00 00 00 00 2C 00 00 00 00 0D 0A
2024-09-20 16:50:40,105 - 接收 : A9 9A 34 25 3A CE BC 2C 00 00 36 B1 2C
2024-09-20 16:50:40,121 - 接收 : 18 2D 09 2D 14 20 10 3A 32 3A 20 2C 48 18 2C
2024-09-20 16:50:40,137 - 接收 : 01 2E 2C 00 00 BD 23 2C FF FF FF 22 2C 00 00
2024-09-20 16:50:40,153 - 接收 : 01 1C 2C 00 00 44 16 0D 0A
2024-09-20 16:50:40,249 - 接收 : A9 9A
2024-09-20 16:50:40,265 - 接收 : 34 25 3A CE B8 2C 00 00 36 B2 2C 18 2D 09 2D
2024-09-20 16:50:40,281 - 接收 : 14 20 10 3A 32 3A 20 2C 48 18 2C 00 00 2C 00 00
2024-09-20 16:50:40,297 - 接收 : 00 00 2C 00 00 00 00 2C 00 00 00 00 2C 00 00
2024-09-20 16:50:40,313 - 接收 : 00 00 0D 0A
2024-09-20 16:50:40,409 - 接收 : A9 9A 34 25 3A CE B8
2024-09-20 16:50:40,425 - 接收 : 2C 00 00 36 B3 2C 18 2D 09 2D 14 20 10 3A 32
2024-09-20 16:50:40,441 - 接收 : 3A 20 2C 48 18 2C 00 00 2C 00 00 00 00 2C 00
2024-09-20 16:50:40,457 - 接收 : 00 00 00 2C 00 00 00 00 2C 00 00 00 00 0D 0A
2024-09-20 16:50:40,569 - 接收 : A9 9A 34 25 3A CE B8 2C 00 00 36
2024-09-20 16:50:40,585 - 接收 : B4 2C 18 2D 09 2D 14 20 10 3A 32 3A 20 2C 48 18
2024-09-20 16:50:40,601 - 接收 : 2C 00 00 2C 00 00 00 00 2C 00 00 00 00 2C 00
2024-09-20 16:50:40,617 - 接收 : 00 00 00 2C 00 00 00 00 0D 0A
2024-09-20 16:50:40,713 - 接收 : A9
2024-09-20 16:50:40,728 - 接收 : 9A 34 25 3A CE B8 2C 00 00 36 B5 2C 18 2D 09
2024-09-20 16:50:40,744 - 接收 : 2D 14 20 10 3A 32 3A 20 2C 48 18 2C 00 00 2C
2024-09-20 16:50:40,760 - 接收 : 00 00 00 00 2C 00 00 00 00 2C 00 00 00 00 2C 00
2024-09-20 16:50:40,776 - 接收 : 00 00 00 0D 0A
2024-09-20 16:50:46,948 - 接收 : A9 9A 34 25 3A CE B8 2C 00 00 36 B6 2C
2024-09-20 16:50:46,964 - 接收 : 18 2D 09 2D 14 20 10 3A 32 3A 27 2C 48 11 2C
2024-09-20 16:50:46,980 - 接收 : 00 00 2C 00 00 00 00 2C 00 00 00 00 2C 00 00 00
2024-09-20 16:50:46,996 - 接收 : 00 2C 00 00 00 00 0D 0A
2024-09-20 16:50:47,093 - 接收 : A9 9A 34
2024-09-20 16:50:47,109 - 接收 : 25 3A CE B8 2C 00 00 36 B7 2C 18 2D 09 2D 14
2024-09-20 16:50:47,125 - 接收 : 20 10 3A 32 3A 27 2C 48 11 2C 00 00 2C 00 00
2024-09-20 16:50:47,141 - 接收 : 00 00 2C 00 00 00 00 2C 00 00 00 00 2C 00 00 00
2024-09-20 16:50:47,157 - 接收 : 00 0D 0A
2024-09-20 16:50:47,252 - 接收 : A9 9A 34 25 3A CE B8
2024-09-20 16:50:47,268 - 接收 : 2C 00 00 36 B8 2C 18 2D 09 2D 14 20 10 3A 32 3A
2024-09-20 16:50:47,284 - 接收 : 27 2C 48 11 2C 00 00 2C 00 00 00 00 2C 00 00
2024-09-20 16:50:47,300 - 接收 : 00 00 2C 00 00 00 00 2C 00 00 00 00 0D 0A
2024-09-20 16:50:47,412 - 接收 : A9 9A 34 25 3A CE B8 2C 00 00 36 B9
2024-09-20 16:50:47,429 - 接收 : 2C 18 2D 09 2D 14 20 10 3A 32 3A 27 2C 48 11
2024-09-20 16:50:47,445 - 接收 : 2C 00 00 2C 00 00 00 00 2C 00 00 00 00 2C 00 00
2024-09-20 16:50:47,461 - 接收 : 00 00 2C 00 00 00 00 0D 0A
2024-09-20 16:50:47,557 - 接收 : A9 9A
2024-09-20 16:50:47,572 - 接收 : 34 25 3A CE B8 2C 00 00 36 BA 2C 18 2D 09 2D
2024-09-20 16:50:47,588 - 接收 : 14 20 10 3A 32 3A 27 2C 48 11 2C 00 00 2C 00
2024-09-20 16:50:47,604 - 接收 : 00 00 00 2C 00 00 00 00 2C 00 00 00 00 2C 00 00
2024-09-20 16:50:47,621 - 接收 : 00 00 0D 0A
2024-09-20 16:50:47,716 - 接收 : A9 9A 34 25 3A CE
2024-09-20 16:50:47,732 - 接收 : B8 2C 00 00 36 BB 2C 18 2D 09 2D 14 20 10 3A 32
2024-09-20 16:50:47,748 - 接收 : 3A 27 2C 48 11 2C 00 00 2C 00 00 00 00 2C 00
2024-09-20 16:50:47,764 - 接收 : 00 00 00 2C 00 00 00 00 2C 00 00 00 00 0D 0A
2024-09-20 16:50:51,939 - 接收 : A9 9A
2024-09-20 16:50:51,955 - 接收 : 34 25 3A CE B8 2C 00 00 36 BC 2C 18 2D 09 2D
2024-09-20 16:50:51,971 - 接收 : 14 20 10 3A 32 3A 2C 2C 48 11 2C 00 00 2C 00
2024-09-20 16:50:51,987 - 接收 : 00 00 00 2C 00 00 00 00 2C 00 00 00 00 2C 00 00
2024-09-20 16:50:52,003 - 接收 : 00 00 0D 0A
2024-09-20 16:50:52,099 - 接收 : A9 9A 34 25 3A CE
2024-09-20 16:50:52,115 - 接收 : BC 2C 00 00 36 BD 2C 18 2D 09 2D 14 20 10 3A 32
2024-09-20 16:50:52,132 - 接收 : 3A 2C 2C 48 11 2C 01 2E 2C 00 00 BD 25 2C FF
2024-09-20 16:50:52,148 - 接收 : FF FF 24 2C 00 00 01 19 2C 00 00 44 17 0D 0A
2024-09-20 16:50:52,259 - 接收 : A9 9A 34 25 3A CE B8 2C 00 00 36
2024-09-20 16:50:52,275 - 接收 : BE 2C 18 2D 09 2D 14 20 10 3A 32 3A 2C 2C 48 11
2024-09-20 16:50:52,291 - 接收 : 2C 00 00 2C 00 00 00 00 2C 00 00 00 00 2C 00
2024-09-20 16:50:52,307 - 接收 : 00 00 00 2C 00 00 00 00 0D 0A
2024-09-20 16:50:52,403 - 接收 : A9
2024-09-20 16:50:52,419 - 接收 : 9A 34 25 3A CE B8 2C 00 00 36 BF 2C 18 2D 09
2024-09-20 16:50:52,435 - 接收 : 2D 14 20 10 3A 32 3A 2C 2C 48 11 2C 00 00 2C
2024-09-20 16:50:52,451 - 接收 : 00 00 00 00 2C 00 00 00 00 2C 00 00 00 00 2C 00
2024-09-20 16:50:52,467 - 接收 : 00 00 00 0D 0A
2024-09-20 16:50:52,564 - 接收 : A9 9A 34 25 3A
2024-09-20 16:50:52,580 - 接收 : CE B8 2C 00 00 36 C0 2C 18 2D 09 2D 14 20 10 3A
2024-09-20 16:50:52,596 - 接收 : 32 3A 2C 2C 48 11 2C 00 00 2C 00 00 00 00 2C
2024-09-20 16:50:52,612 - 接收 : 00 00 00 00 2C 00 00 00 00 2C 00 00 00 00 0D
2024-09-20 16:50:52,628 - 接收 : 0A
2024-09-20 16:50:52,723 - 接收 : A9 9A 34 25 3A CE B8 2C 00 00
2024-09-20 16:50:52,739 - 接收 : 36 C1 2C 18 2D 09 2D 14 20 10 3A 32 3A 2C 2C 48
2024-09-20 16:50:52,755 - 接收 : 11 2C 00 00 2C 00 00 00 00 2C 00 00 00 00 2C
2024-09-20 16:50:52,771 - 接收 : 00 00 00 00 2C 00 00 00 00 0D 0A
2024-09-20 16:50:58,946 - 接收 : A9 9A 34 25 3A CE B8 2C 00 00 36 C2 2C
2024-09-20 16:50:58,962 - 接收 : 18 2D 09 2D 14 20 10 3A 32 3A 33 2C 48 11 2C
2024-09-20 16:50:58,978 - 接收 : 00 00 2C 00 00 00 00 2C 00 00 00 00 2C 00 00 00
2024-09-20 16:50:58,994 - 接收 : 00 2C 00 00 00 00 0D 0A
2024-09-20 16:50:59,090 - 接收 : A9 9A
2024-09-20 16:50:59,106 - 接收 : 34 25 3A CE B8 2C 00 00 36 C3 2C 18 2D 09 2D 14
2024-09-20 16:50:59,122 - 接收 : 20 10 3A 32 3A 33 2C 48 11 2C 00 00 2C 00 00
2024-09-20 16:50:59,138 - 接收 : 00 00 2C 00 00 00 00 2C 00 00 00 00 2C 00 00
2024-09-20 16:50:59,154 - 接收 : 00 00 0D 0A
2024-09-20 16:50:59,250 - 接收 : A9 9A 34 25 3A CE B8
2024-09-20 16:50:59,266 - 接收 : 2C 00 00 36 C4 2C 18 2D 09 2D 14 20 10 3A 32 3A
2024-09-20 16:50:59,282 - 接收 : 33 2C 48 11 2C 00 00 2C 00 00 00 00 2C 00 00
2024-09-20 16:50:59,298 - 接收 : 00 00 2C 00 00 00 00 2C 00 00 00 00 0D 0A
2024-09-20 16:50:59,410 - 接收 : A9 9A 34 25 3A CE B8 2C 00 00 36 C5
2024-09-20 16:50:59,426 - 接收 : 2C 18 2D 09 2D 14 20 10 3A 32 3A 33 2C 48 11
2024-09-20 16:50:59,443 - 接收 : 2C 00 00 2C 00 00 00 00 2C 00 00 00 00 2C 00 00
2024-09-20 16:50:59,458 - 接收 : 00 00 2C 00 00 00 00 0D 0A
2024-09-20 16:50:59,554 - 接收 : A9
2024-09-20 16:50:59,570 - 接收 : 9A 34 25 3A CE B8 2C 00 00 36 C6 2C 18 2D 09 2D
2024-09-20 16:50:59,586 - 接收 : 14 20 10 3A 32 3A 33 2C 48 11 2C 00 00 2C 00
2024-09-20 16:50:59,602 - 接收 : 00 00 00 2C 00 00 00 00 2C 00 00 00 00 2C 00
2024-09-20 16:50:59,618 - 接收 : 00 00 00 0D 0A
2024-09-20 16:50:59,714 - 接收 : A9 9A 34 25 3A CE
2024-09-20 16:50:59,730 - 接收 : B8 2C 00 00 36 C7 2C 18 2D 09 2D 14 20 10 3A
2024-09-20 16:50:59,746 - 接收 : 32 3A 33 2C 48 11 2C 00 00 2C 00 00 00 00 2C 00
2024-09-20 16:50:59,762 - 接收 : 00 00 00 2C 00 00 00 00 2C 00 00 00 00 0D 0A
2024-09-20 16:51:03,937 - 接收 : A9 9A
2024-09-20 16:51:03,953 - 接收 : 34 25 3A CE B8 2C 00 00 36 C8 2C 18 2D 09 2D
2024-09-20 16:51:03,969 - 接收 : 14 20 10 3A 32 3A 38 2C 48 18 2C 00 00 2C 00
2024-09-20 16:51:03,985 - 接收 : 00 00 00 2C 00 00 00 00 2C 00 00 00 00 2C 00 00
2024-09-20 16:51:04,001 - 接收 : 00 00 0D 0A
2024-09-20 16:51:04,098 - 接收 : A9 9A 34 25 3A CE
2024-09-20 16:51:04,114 - 接收 : BC 2C 00 00 36 C9 2C 18 2D 09 2D 14 20 10 3A 32
2024-09-20 16:51:04,130 - 接收 : 3A 38 2C 48 18 2C 01 2E 2C 00 00 BD 28 2C FF
2024-09-20 16:51:04,146 - 接收 : FF FF 27 2C 00 00 01 16 2C 00 00 44 18 0D 0A
2024-09-20 16:51:04,257 - 接收 : A9 9A 34 25 3A CE B8 2C 00 00 36
2024-09-20 16:51:04,273 - 接收 : CA 2C 18 2D 09 2D 14 20 10 3A 32 3A 38 2C 48 18
2024-09-20 16:51:04,289 - 接收 : 2C 00 00 2C 00 00 00 00 2C 00 00 00 00 2C 00
2024-09-20 16:51:04,305 - 接收 : 00 00 00 2C 00 00 00 00 0D 0A
2024-09-20 16:51:04,401 - 接收 : A9
2024-09-20 16:51:04,417 - 接收 : 9A 34 25 3A CE B8 2C 00 00 36 CB 2C 18 2D 09
2024-09-20 16:51:04,433 - 接收 : 2D 14 20 10 3A 32 3A 38 2C 48 18 2C 00 00 2C
2024-09-20 16:51:04,449 - 接收 : 00 00 00 00 2C 00 00 00 00 2C 00 00 00 00 2C 00
2024-09-20 16:51:04,465 - 接收 : 00 00 00 0D 0A
2024-09-20 16:51:04,562 - 接收 : A9 9A 34 25 3A
2024-09-20 16:51:04,577 - 接收 : CE B8 2C 00 00 36 CC 2C 18 2D 09 2D 14 20 10 3A
2024-09-20 16:51:04,593 - 接收 : 32 3A 38 2C 48 18 2C 00 00 2C 00 00 00 00 2C
2024-09-20 16:51:04,630 - 接收 : 00 00 00 00 2C 00 00 00 00 2C 00 00 00 00 0D 0A
2024-09-20 16:51:04,721 - 接收 : A9 9A 34 25 3A CE B8 2C 00 00
2024-09-20 16:51:04,737 - 接收 : 36 CD 2C 18 2D 09 2D 14 20 10 3A 32 3A 38 2C
2024-09-20 16:51:04,753 - 接收 : 48 18 2C 00 00 2C 00 00 00 00 2C 00 00 00 00 2C
2024-09-20 16:51:04,770 - 接收 : 00 00 00 00 2C 00 00 00 00 0D 0A
2024-09-20 16:51:10,944 - 接收 : A9 9A 34 25 3A CE B8 2C 00 00
2024-09-20 16:51:10,960 - 接收 : 36 CE 2C 18 2D 09 2D 14 20 10 3A 33 3A 03 2C
2024-09-20 16:51:10,976 - 接收 : 48 18 2C 00 00 2C 00 00 00 00 2C 00 00 00 00 2C
2024-09-20 16:51:10,992 - 接收 : 00 00 00 00 2C 00 00 00 00 0D 0A
2024-09-20 16:51:11,104 - 接收 : A9 9A 34 25 3A CE B8 2C 00 00 36 CF 2C 18 2D
2024-09-20 16:51:11,120 - 接收 : 09 2D 14 20 10 3A 33 3A 03 2C 48 18 2C 00 00
2024-09-20 16:51:11,136 - 接收 : 2C 00 00 00 00 2C 00 00 00 00 2C 00 00 00 00
2024-09-20 16:51:11,152 - 接收 : 2C 00 00 00 00 0D 0A
2024-09-20 16:51:11,248 - 接收 : A9 9A 34 25
2024-09-20 16:51:11,264 - 接收 : 3A CE B8 2C 00 00 36 D0 2C 18 2D 09 2D 14 20 10
2024-09-20 16:51:11,280 - 接收 : 3A 33 3A 03 2C 48 18 2C 00 00 2C 00 00 00 00
2024-09-20 16:51:11,295 - 接收 : 2C 00 00 00 00 2C 00 00 00 00 2C 00 00 00 00
2024-09-20 16:51:11,312 - 接收 : 0D 0A
2024-09-20 16:51:11,410 - 接收 : A9 9A 34 25 3A CE B8 2C 00
2024-09-20 16:51:11,423 - 接收 : 00 36 D1 2C 18 2D 09 2D 14 20 10 3A 33 3A 03
2024-09-20 16:51:11,439 - 接收 : 2C 48 18 2C 00 00 2C 00 00 00 00 2C 00 00 00 00
2024-09-20 16:51:11,455 - 接收 : 2C 00 00 00 00 2C 00 00 00 00 0D 0A
2024-09-20 16:51:11,567 - 接收 : A9 9A 34 25 3A CE B8 2C 00 00 36 D2 2C 18
2024-09-20 16:51:11,583 - 接收 : 2D 09 2D 14 20 10 3A 33 3A 03 2C 48 18 2C 00
2024-09-20 16:51:11,599 - 接收 : 00 2C 00 00 00 00 2C 00 00 00 00 2C 00 00 00
2024-09-20 16:51:11,620 - 接收 : 00 2C 00 00 00 00 0D 0A
2024-09-20 16:51:11,712 - 接收 : A9 9A 34
2024-09-20 16:51:11,728 - 接收 : 25 3A CE B8 2C 00 00 36 D3 2C 18 2D 09 2D 14
2024-09-20 16:51:11,744 - 接收 : 20 10 3A 33 3A 03 2C 48 18 2C 00 00 2C 00 00 00
2024-09-20 16:51:11,760 - 接收 : 00 2C 00 00 00 00 2C 00 00 00 00 2C 00 00 00
2024-09-20 16:51:11,775 - 接收 : 00 0D 0A
2024-09-20 16:51:15,949 - 接收 : A9 9A 34 25 3A CE B8 2C 00 00 36 D4
2024-09-20 16:51:15,965 - 接收 : 2C 18 2D 09 2D 14 20 10 3A 33 3A 08 2C 48 11
2024-09-20 16:51:15,981 - 接收 : 2C 00 00 2C 00 00 00 00 2C 00 00 00 00 2C 00 00
2024-09-20 16:51:15,997 - 接收 : 00 00 2C 00 00 00 00 0D 0A
2024-09-20 16:51:16,092 - 接收 : A9
2024-09-20 16:51:16,108 - 接收 : 9A 34 25 3A CE BC 2C 00 00 36 D5 2C 18 2D 09 2D
2024-09-20 16:51:16,124 - 接收 : 14 20 10 3A 33 3A 08 2C 48 11 2C 01 2E 2C 00
2024-09-20 16:51:16,140 - 接收 : 00 BD 25 2C FF FF FF 24 2C 00 00 01 19 2C 00
2024-09-20 16:51:16,156 - 接收 : 00 44 17 0D 0A
2024-09-20 16:51:16,253 - 接收 : A9 9A 34 25 3A CE
2024-09-20 16:51:16,269 - 接收 : B8 2C 00 00 36 D6 2C 18 2D 09 2D 14 20 10 3A
2024-09-20 16:51:16,284 - 接收 : 33 3A 08 2C 48 11 2C 00 00 2C 00 00 00 00 2C 00
2024-09-20 16:51:16,300 - 接收 : 00 00 00 2C 00 00 00 00 2C 00 00 00 00 0D 0A
2024-09-20 16:51:16,412 - 接收 : A9 9A 34 25 3A CE B8 2C 00 00 36
2024-09-20 16:51:16,428 - 接收 : D7 2C 18 2D 09 2D 14 20 10 3A 33 3A 08 2C 48
2024-09-20 16:51:16,444 - 接收 : 11 2C 00 00 2C 00 00 00 00 2C 00 00 00 00 2C
2024-09-20 16:51:16,460 - 接收 : 00 00 00 00 2C 00 00 00 00 0D 0A
2024-09-20 16:51:16,572 - 接收 : A9 9A 34 25 3A CE B8 2C 00 00 36 D8 2C 18 2D
2024-09-20 16:51:16,588 - 接收 : 09 2D 14 20 10 3A 33 3A 08 2C 48 11 2C 00 00 2C
2024-09-20 16:51:16,604 - 接收 : 00 00 00 00 2C 00 00 00 00 2C 00 00 00 00 2C
2024-09-20 16:51:16,620 - 接收 : 00 00 00 00 0D 0A
2024-09-20 16:51:16,716 - 接收 : A9 9A 34 25 3A
2024-09-20 16:51:16,732 - 接收 : CE B8 2C 00 00 36 D9 2C 18 2D 09 2D 14 20 10
2024-09-20 16:51:16,749 - 接收 : 3A 33 3A 08 2C 48 11 2C 00 00 2C 00 00 00 00
2024-09-20 16:51:16,764 - 接收 : 2C 00 00 00 00 2C 00 00 00 00 2C 00 00 00 00 0D
2024-09-20 16:51:16,780 - 接收 : 0A
2024-09-20 16:51:22,935 - 接收 : A9
2024-09-20 16:51:22,951 - 接收 : 9A 34 25 3A CE B8 2C 00 00 36 DA 2C 18 2D 09
2024-09-20 16:51:22,968 - 接收 : 2D 14 20 10 3A 33 3A 0F 2C 48 11 2C 00 00 2C 00
2024-09-20 16:51:22,983 - 接收 : 00 00 00 2C 00 00 00 00 2C 00 00 00 00 2C 00
2024-09-20 16:51:22,999 - 接收 : 00 00 00 0D 0A
2024-09-20 16:51:23,095 - 接收 : A9 9A 34 25 3A CE
2024-09-20 16:51:23,111 - 接收 : B8 2C 00 00 36 DB 2C 18 2D 09 2D 14 20 10 3A
2024-09-20 16:51:23,127 - 接收 : 33 3A 0F 2C 48 11 2C 00 00 2C 00 00 00 00 2C
2024-09-20 16:51:23,143 - 接收 : 00 00 00 00 2C 00 00 00 00 2C 00 00 00 00 0D 0A
2024-09-20 16:51:23,255 - 接收 : A9 9A 34 25 3A CE B8 2C 00 00
2024-09-20 16:51:23,271 - 接收 : 36 DC 2C 18 2D 09 2D 14 20 10 3A 33 3A 0F 2C 48
2024-09-20 16:51:23,287 - 接收 : 11 2C 00 00 2C 00 00 00 00 2C 00 00 00 00 2C
2024-09-20 16:51:23,303 - 接收 : 00 00 00 00 2C 00 00 00 00 0D 0A
2024-09-20 16:51:23,415 - 接收 : A9 9A 34 25 3A CE B8 2C 00 00 36 DD 2C 18 2D
2024-09-20 16:51:23,431 - 接收 : 09 2D 14 20 10 3A 33 3A 0F 2C 48 11 2C 00 00
2024-09-20 16:51:23,447 - 接收 : 2C 00 00 00 00 2C 00 00 00 00 2C 00 00 00 00 2C
2024-09-20 16:51:23,463 - 接收 : 00 00 00 00 0D 0A
2024-09-20 16:51:23,559 - 接收 : A9 9A 34 25
2024-09-20 16:51:23,575 - 接收 : 3A CE B8 2C 00 00 36 DE 2C 18 2D 09 2D 14 20 10
2024-09-20 16:51:23,591 - 接收 : 3A 33 3A 0F 2C 48 11 2C 00 00 2C 00 00 00 00
2024-09-20 16:51:23,607 - 接收 : 2C 00 00 00 00 2C 00 00 00 00 2C 00 00 00 00
2024-09-20 16:51:23,622 - 接收 : 0D 0A
2024-09-20 16:51:23,718 - 接收 : A9 9A 34 25 3A CE B8 2C 00
2024-09-20 16:51:23,734 - 接收 : 00 36 DF 2C 18 2D 09 2D 14 20 10 3A 33 3A 0F
2024-09-20 16:51:23,750 - 接收 : 2C 48 11 2C 00 00 2C 00 00 00 00 2C 00 00 00 00
2024-09-20 16:51:23,767 - 接收 : 2C 00 00 00 00 2C 00 00 00 00 0D 0A
2024-09-20 16:51:27,939 - 接收 : A9 9A
2024-09-20 16:51:27,955 - 接收 : 34 25 3A CE B8 2C 00 00 36 E0 2C 18 2D 09 2D
2024-09-20 16:51:27,971 - 接收 : 14 20 10 3A 33 3A 14 2C 48 18 2C 00 00 2C 00 00
2024-09-20 16:51:27,987 - 接收 : 00 00 2C 00 00 00 00 2C 00 00 00 00 2C 00 00
2024-09-20 16:51:28,003 - 接收 : 00 00 0D 0A
2024-09-20 16:51:28,099 - 接收 : A9 9A 34 25 3A CE BC
2024-09-20 16:51:28,115 - 接收 : 2C 00 00 36 E1 2C 18 2D 09 2D 14 20 10 3A 33
2024-09-20 16:51:28,131 - 接收 : 3A 14 2C 48 18 2C 01 2E 2C 00 00 BD 21 2C FF
2024-09-20 16:51:28,147 - 接收 : FF FF 20 2C 00 00 01 1F 2C 00 00 44 16 0D 0A
2024-09-20 16:51:28,259 - 接收 : A9 9A 34 25 3A CE B8 2C 00 00 36
2024-09-20 16:51:28,275 - 接收 : E2 2C 18 2D 09 2D 14 20 10 3A 33 3A 14 2C 48 18
2024-09-20 16:51:28,291 - 接收 : 2C 00 00 2C 00 00 00 00 2C 00 00 00 00 2C 00
2024-09-20 16:51:28,307 - 接收 : 00 00 00 2C 00 00 00 00 0D 0A
2024-09-20 16:51:28,403 - 接收 : A9
2024-09-20 16:51:28,419 - 接收 : 9A 34 25 3A CE B8 2C 00 00 36 E3 2C 18 2D 09
2024-09-20 16:51:28,435 - 接收 : 2D 14 20 10 3A 33 3A 14 2C 48 18 2C 00 00 2C
2024-09-20 16:51:28,453 - 接收 : 00 00 00 00 2C 00 00 00 00 2C 00 00 00 00 2C 00
2024-09-20 16:51:28,467 - 接收 : 00 00 00 0D 0A
2024-09-20 16:51:28,563 - 接收 : A9 9A 34 25 3A
2024-09-20 16:51:28,579 - 接收 : CE B8 2C 00 00 36 E4 2C 18 2D 09 2D 14 20 10 3A
2024-09-20 16:51:28,595 - 接收 : 33 3A 14 2C 48 18 2C 00 00 2C 00 00 00 00 2C
2024-09-20 16:51:28,611 - 接收 : 00 00 00 00 2C 00 00 00 00 2C 00 00 00 00 0D
2024-09-20 16:51:28,627 - 接收 : 0A
2024-09-20 16:51:28,722 - 接收 : A9 9A 34 25 3A CE B8 2C 00 00
2024-09-20 16:51:28,738 - 接收 : 36 E5 2C 18 2D 09 2D 14 20 10 3A 33 3A 14 2C
2024-09-20 16:51:28,754 - 接收 : 48 18 2C 00 00 2C 00 00 00 00 2C 00 00 00 00 2C
2024-09-20 16:51:28,771 - 接收 : 00 00 00 00 2C 00 00 00 00 0D 0A
2024-09-20 16:51:34,942 - 接收 : A9 9A 34 25 3A CE B8 2C 00
2024-09-20 16:51:34,958 - 接收 : 00 36 E6 2C 18 2D 09 2D 14 20 10 3A 33 3A 1B
2024-09-20 16:51:34,958 - 接收 : 2C
2024-09-20 16:51:34,974 - 接收 : 48 11 2C 00 00 2C 00 00 00 00 2C 00 00 00 00
2024-09-20 16:51:34,990 - 接收 : 2C 00 00 00 00 2C 00 00 00 00 0D 0A
2024-09-20 16:51:35,101 - 接收 : A9 9A 34 25 3A CE B8 2C 00 00 36 E7 2C 18
2024-09-20 16:51:35,117 - 接收 : 2D 09 2D 14 20 10 3A 33 3A 1B 2C 48 11 2C 00
2024-09-20 16:51:35,134 - 接收 : 00 2C 00 00 00 00 2C 00 00 00 00 2C 00 00 00 00
2024-09-20 16:51:35,150 - 接收 : 2C 00 00 00 00 0D 0A
2024-09-20 16:51:35,245 - 接收 : A9 9A 34
2024-09-20 16:51:35,261 - 接收 : 25 3A CE B8 2C 00 00 36 E8 2C 18 2D 09 2D 14 20
2024-09-20 16:51:35,277 - 接收 : 10 3A 33 3A 1B 2C 48 11 2C 00 00 2C 00 00 00
2024-09-20 16:51:35,294 - 接收 : 00 2C 00 00 00 00 2C 00 00 00 00 2C 00 00 00
2024-09-20 16:51:35,310 - 接收 : 00 0D 0A
2024-09-20 16:51:35,405 - 接收 : A9 9A 34 25 3A CE B8 2C
2024-09-20 16:51:35,421 - 接收 : 00 00 36 E9 2C 18 2D 09 2D 14 20 10 3A 33 3A
2024-09-20 16:51:35,437 - 接收 : 1B 2C 48 11 2C 00 00 2C 00 00 00 00 2C 00 00 00
2024-09-20 16:51:35,453 - 接收 : 00 2C 00 00 00 00 2C 00 00 00 00 0D 0A
2024-09-20 16:51:35,565 - 接收 : A9 9A 34 25 3A CE B8 2C 00 00 36 EA 2C
2024-09-20 16:51:35,581 - 接收 : 18 2D 09 2D 14 20 10 3A 33 3A 1B 2C 48 11 2C
2024-09-20 16:51:35,597 - 接收 : 00 00 2C 00 00 00 00 2C 00 00 00 00 2C 00 00
2024-09-20 16:51:35,613 - 接收 : 00 00 2C 00 00 00 00 0D 0A
2024-09-20 16:51:35,710 - 接收 : A9 9A
2024-09-20 16:51:35,725 - 接收 : 34 25 3A CE B8 2C 00 00 36 EB 2C 18 2D 09 2D
2024-09-20 16:51:35,741 - 接收 : 14 20 10 3A 33 3A 1B 2C 48 11 2C 00 00 2C 00 00
2024-09-20 16:51:35,757 - 接收 : 00 00 2C 00 00 00 00 2C 00 00 00 00 2C 00 00
2024-09-20 16:51:35,773 - 接收 : 00 00 0D 0A
2024-09-20 16:51:39,946 - 接收 : A9 9A 34 25 3A CE B8 2C 00 00
2024-09-20 16:51:39,962 - 接收 : 36 EC 2C 18 2D 09 2D 14 20 10 3A 33 3A 20 2C 48
2024-09-20 16:51:39,978 - 接收 : 18 2C 00 00 2C 00 00 00 00 2C 00 00 00 00 2C
2024-09-20 16:51:39,994 - 接收 : 00 00 00 00 2C 00 00 00 00 0D 0A
2024-09-20 16:51:40,106 - 接收 : A9 9A 34 25 3A CE BC 2C 00 00 36 ED 2C 18 2D
2024-09-20 16:51:40,121 - 接收 : 09 2D 14 20 10 3A 33 3A 20 2C 48 18 2C 01 2E
2024-09-20 16:51:40,137 - 接收 : 2C 00 00 BD 25 2C FF FF FF 24 2C 00 00 01 19 2C
2024-09-20 16:51:40,153 - 接收 : 00 00 44 17 0D 0A
2024-09-20 16:51:40,250 - 接收 : A9 9A 34 25
2024-09-20 16:51:40,265 - 接收 : 3A CE B8 2C 00 00 36 EE 2C 18 2D 09 2D 14 20 10
2024-09-20 16:51:40,281 - 接收 : 3A 33 3A 20 2C 48 18 2C 00 00 2C 00 00 00 00
2024-09-20 16:51:40,297 - 接收 : 2C 00 00 00 00 2C 00 00 00 00 2C 00 00 00 00
2024-09-20 16:51:40,313 - 接收 : 0D 0A
2024-09-20 16:51:40,409 - 接收 : A9 9A 34 25 3A CE B8 2C 00
2024-09-20 16:51:40,426 - 接收 : 00 36 EF 2C 18 2D 09 2D 14 20 10 3A 33 3A 20
2024-09-20 16:51:40,442 - 接收 : 2C 48 18 2C 00 00 2C 00 00 00 00 2C 00 00 00 00
2024-09-20 16:51:40,457 - 接收 : 2C 00 00 00 00 2C 00 00 00 00 0D 0A
2024-09-20 16:51:40,569 - 接收 : A9 9A 34 25 3A CE B8 2C 00 00 36 F0 2C 18
2024-09-20 16:51:40,585 - 接收 : 2D 09 2D 14 20 10 3A 33 3A 20 2C 48 18 2C 00
2024-09-20 16:51:40,602 - 接收 : 00 2C 00 00 00 00 2C 00 00 00 00 2C 00 00 00
2024-09-20 16:51:40,617 - 接收 : 00 2C 00 00 00 00 0D 0A
2024-09-20 16:51:40,713 - 接收 : A9 9A 34
2024-09-20 16:51:40,729 - 接收 : 25 3A CE B8 2C 00 00 36 F1 2C 18 2D 09 2D 14
2024-09-20 16:51:40,745 - 接收 : 20 10 3A 33 3A 20 2C 48 18 2C 00 00 2C 00 00 00
2024-09-20 16:51:40,761 - 接收 : 00 2C 00 00 00 00 2C 00 00 00 00 2C 00 00 00
2024-09-20 16:51:40,777 - 接收 : 00 0D 0A
2024-09-20 16:51:46,948 - 接收 : A9 9A 34 25 3A CE B8 2C 00 00 36 F2 2C 18 2D
2024-09-20 16:51:46,964 - 接收 : 09 2D 14 20 10 3A 33 3A 27 2C 48 18 2C 00 00
2024-09-20 16:51:46,980 - 接收 : 2C 00 00 00 00 2C 00 00 00 00 2C 00 00 00 00
2024-09-20 16:51:46,996 - 接收 : 2C 00 00 00 00 0D 0A
2024-09-20 16:51:47,092 - 接收 : A9 9A 34 25
2024-09-20 16:51:47,108 - 接收 : 3A CE B8 2C 00 00 36 F3 2C 18 2D 09 2D 14 20
2024-09-20 16:51:47,124 - 接收 : 10 3A 33 3A 27 2C 48 18 2C 00 00 2C 00 00 00 00
2024-09-20 16:51:47,140 - 接收 : 2C 00 00 00 00 2C 00 00 00 00 2C 00 00 00 00
2024-09-20 16:51:47,160 - 接收 : 0D 0A
2024-09-20 16:51:47,252 - 接收 : A9 9A 34 25 3A CE B8 2C 00
2024-09-20 16:51:47,268 - 接收 : 00 36 F4 2C 18 2D 09 2D 14 20 10 3A 33 3A 27
2024-09-20 16:51:47,284 - 接收 : 2C 48 18 2C 00 00 2C 00 00 00 00 2C 00 00 00
2024-09-20 16:51:47,300 - 接收 : 00 2C 00 00 00 00 2C 00 00 00 00 0D 0A
2024-09-20 16:51:47,412 - 接收 : A9 9A 34 25 3A CE B8 2C 00 00 36 F5 2C
2024-09-20 16:51:47,428 - 接收 : 18 2D 09 2D 14 20 10 3A 33 3A 27 2C 48 18 2C 00
2024-09-20 16:51:47,444 - 接收 : 00 2C 00 00 00 00 2C 00 00 00 00 2C 00 00 00
2024-09-20 16:51:47,460 - 接收 : 00 2C 00 00 00 00 0D 0A
2024-09-20 16:51:47,555 - 接收 : A9 9A 34
2024-09-20 16:51:47,571 - 接收 : 25 3A CE B8 2C 00 00 36 F6 2C 18 2D 09 2D 14
2024-09-20 16:51:47,587 - 接收 : 20 10 3A 33 3A 27 2C 48 18 2C 00 00 2C 00 00
2024-09-20 16:51:47,603 - 接收 : 00 00 2C 00 00 00 00 2C 00 00 00 00 2C 00 00 00
2024-09-20 16:51:47,625 - 接收 : 00 0D 0A
2024-09-20 16:51:47,715 - 接收 : A9 9A 34 25 3A CE B8
2024-09-20 16:51:47,731 - 接收 : 2C 00 00 36 F7 2C 18 2D 09 2D 14 20 10 3A 33 3A
2024-09-20 16:51:47,747 - 接收 : 27 2C 48 18 2C 00 00 2C 00 00 00 00 2C 00 00
2024-09-20 16:51:47,763 - 接收 : 00 00 2C 00 00 00 00 2C 00 00 00 00 0D 0A
2024-09-20 16:51:51,938 - 接收 : A9 9A
2024-09-20 16:51:51,954 - 接收 : 34 25 3A CE B8 2C 00 00 36 F8 2C 18 2D 09 2D
2024-09-20 16:51:51,970 - 接收 : 14 20 10 3A 33 3A 2C 2C 48 11 2C 00 00 2C 00 00
2024-09-20 16:51:51,986 - 接收 : 00 00 2C 00 00 00 00 2C 00 00 00 00 2C 00 00
2024-09-20 16:51:52,002 - 接收 : 00 00 0D 0A
2024-09-20 16:51:52,098 - 接收 : A9 9A 34 25 3A CE BC
2024-09-20 16:51:52,114 - 接收 : 2C 00 00 36 F9 2C 18 2D 09 2D 14 20 10 3A 33
2024-09-20 16:51:52,130 - 接收 : 3A 2C 2C 48 11 2C 01 2E 2C 00 00 BD 23 2C FF
2024-09-20 16:51:52,146 - 接收 : FF FF 22 2C 00 00 01 1C 2C 00 00 44 17 0D 0A
2024-09-20 16:51:52,258 - 接收 : A9 9A 34 25 3A CE B8 2C 00 00 36
2024-09-20 16:51:52,274 - 接收 : FA 2C 18 2D 09 2D 14 20 10 3A 33 3A 2C 2C 48 11
2024-09-20 16:51:52,290 - 接收 : 2C 00 00 2C 00 00 00 00 2C 00 00 00 00 2C 00
2024-09-20 16:51:52,306 - 接收 : 00 00 00 2C 00 00 00 00 0D 0A
2024-09-20 16:51:52,402 - 接收 : A9
2024-09-20 16:51:52,418 - 接收 : 9A 34 25 3A CE B8 2C 00 00 36 FB 2C 18 2D 09
2024-09-20 16:51:52,434 - 接收 : 2D 14 20 10 3A 33 3A 2C 2C 48 11 2C 00 00 2C 00
2024-09-20 16:51:52,450 - 接收 : 00 00 00 2C 00 00 00 00 2C 00 00 00 00 2C 00
2024-09-20 16:51:52,466 - 接收 : 00 00 00 0D 0A
2024-09-20 16:51:52,562 - 接收 : A9 9A 34 25 3A CE
2024-09-20 16:51:52,578 - 接收 : B8 2C 00 00 36 FC 2C 18 2D 09 2D 14 20 10 3A
2024-09-20 16:51:52,594 - 接收 : 33 3A 2C 2C 48 11 2C 00 00 2C 00 00 00 00 2C
2024-09-20 16:51:52,610 - 接收 : 00 00 00 00 2C 00 00 00 00 2C 00 00 00 00 0D 0A
2024-09-20 16:51:52,722 - 接收 : A9 9A 34 25 3A CE B8 2C 00 00
2024-09-20 16:51:52,738 - 接收 : 36 FD 2C 18 2D 09 2D 14 20 10 3A 33 3A 2C 2C 48
2024-09-20 16:51:52,754 - 接收 : 11 2C 00 00 2C 00 00 00 00 2C 00 00 00 00 2C
2024-09-20 16:51:52,770 - 接收 : 00 00 00 00 2C 00 00 00 00 0D 0A
2024-09-20 16:51:58,943 - 接收 : A9 9A 34 25 3A CE B8
2024-09-20 16:51:58,959 - 接收 : 2C 00 00 36 FE 2C 18 2D 09 2D 14 20 10 3A 33
2024-09-20 16:51:58,975 - 接收 : 3A 33 2C 48 11 2C 00 00 2C 00 00 00 00 2C 00 00
2024-09-20 16:51:58,991 - 接收 : 00 00 2C 00 00 00 00 2C 00 00 00 00 0D 0A
2024-09-20 16:51:59,103 - 接收 : A9 9A 34 25 3A CE B8 2C 00 00 36 FF
2024-09-20 16:51:59,119 - 接收 : 2C 18 2D 09 2D 14 20 10 3A 33 3A 33 2C 48 11
2024-09-20 16:51:59,135 - 接收 : 2C 00 00 2C 00 00 00 00 2C 00 00 00 00 2C 00
2024-09-20 16:51:59,151 - 接收 : 00 00 00 2C 00 00 00 00 0D 0A
2024-09-20 16:51:59,247 - 接收 : A9
2024-09-20 16:51:59,263 - 接收 : 9A 34 25 3A CE B8 2C 00 00 37 00 2C 18 2D 09
2024-09-20 16:51:59,279 - 接收 : 2D 14 20 10 3A 33 3A 33 2C 48 11 2C 00 00 2C 00
2024-09-20 16:51:59,295 - 接收 : 00 00 00 2C 00 00 00 00 2C 00 00 00 00 2C 00
2024-09-20 16:51:59,310 - 接收 : 00 00 00 0D 0A
2024-09-20 16:51:59,407 - 接收 : A9 9A 34 25 3A CE
2024-09-20 16:51:59,423 - 接收 : B8 2C 00 00 37 01 2C 18 2D 09 2D 14 20 10 3A
2024-09-20 16:51:59,439 - 接收 : 33 3A 33 2C 48 11 2C 00 00 2C 00 00 00 00 2C
2024-09-20 16:51:59,455 - 接收 : 00 00 00 00 2C 00 00 00 00 2C 00 00 00 00 0D 0A
2024-09-20 16:51:59,566 - 接收 : A9 9A 34 25 3A CE B8 2C 00 00
2024-09-20 16:51:59,582 - 接收 : 37 02 2C 18 2D 09 2D 14 20 10 3A 33 3A 33 2C 48
2024-09-20 16:51:59,598 - 接收 : 11 2C 00 00 2C 00 00 00 00 2C 00 00 00 00 2C
2024-09-20 16:51:59,614 - 接收 : 00 00 00 00 2C 00 00 00 00 0D 0A
2024-09-20 16:51:59,727 - 接收 : A9 9A 34 25 3A CE B8 2C 00 00 37 03 2C 18 2D
2024-09-20 16:51:59,742 - 接收 : 09 2D 14 20 10 3A 33 3A 33 2C 48 11 2C 00 00
2024-09-20 16:51:59,758 - 接收 : 2C 00 00 00 00 2C 00 00 00 00 2C 00 00 00 00 2C
2024-09-20 16:51:59,774 - 接收 : 00 00 00 00 0D 0A
2024-09-20 16:52:03,934 - 接收 : A9
2024-09-20 16:52:03,949 - 接收 : 9A 34 25 3A CE B8 2C 00 00 37 04 2C 18 2D 09
2024-09-20 16:52:03,965 - 接收 : 2D 14 20 10 3A 33 3A 38 2C 48 18 2C 00 00 2C
2024-09-20 16:52:03,982 - 接收 : 00 00 00 00 2C 00 00 00 00 2C 00 00 00 00 2C 00
2024-09-20 16:52:03,998 - 接收 : 00 00 00 0D 0A
2024-09-20 16:52:04,093 - 接收 : A9 9A 34 25 3A
2024-09-20 16:52:04,109 - 接收 : CE BC 2C 00 00 37 05 2C 18 2D 09 2D 14 20 10 3A
2024-09-20 16:52:04,126 - 接收 : 33 3A 38 2C 48 18 2C 01 2E 2C 00 00 BD 27 2C
2024-09-20 16:52:04,141 - 接收 : FF FF FF 26 2C 00 00 01 17 2C 00 00 44 18 0D 0A
2024-09-20 16:52:04,254 - 接收 : A9 9A 34 25 3A CE B8 2C 00 00
2024-09-20 16:52:04,269 - 接收 : 37 06 2C 18 2D 09 2D 14 20 10 3A 33 3A 38 2C 48
2024-09-20 16:52:04,285 - 接收 : 18 2C 00 00 2C 00 00 00 00 2C 00 00 00 00 2C
2024-09-20 16:52:04,301 - 接收 : 00 00 00 00 2C 00 00 00 00 0D 0A
2024-09-20 16:52:04,413 - 接收 : A9 9A 34 25 3A CE B8 2C 00 00 37 07 2C 18 2D
2024-09-20 16:52:04,429 - 接收 : 09 2D 14 20 10 3A 33 3A 38 2C 48 18 2C 00 00
2024-09-20 16:52:04,445 - 接收 : 2C 00 00 00 00 2C 00 00 00 00 2C 00 00 00 00 2C
2024-09-20 16:52:04,461 - 接收 : 00 00 00 00 0D 0A
2024-09-20 16:52:04,558 - 接收 : A9 9A 34 25
2024-09-20 16:52:04,573 - 接收 : 3A CE B8 2C 00 00 37 08 2C 18 2D 09 2D 14 20 10
2024-09-20 16:52:04,589 - 接收 : 3A 33 3A 38 2C 48 18 2C 00 00 2C 00 00 00 00
2024-09-20 16:52:04,605 - 接收 : 2C 00 00 00 00 2C 00 00 00 00 2C 00 00 00 00
2024-09-20 16:52:04,623 - 接收 : 0D 0A
2024-09-20 16:52:04,717 - 接收 : A9 9A 34 25 3A CE B8 2C 00
2024-09-20 16:52:04,733 - 接收 : 00 37 09 2C 18 2D 09 2D 14 20 10 3A 33 3A 38 2C
2024-09-20 16:52:04,749 - 接收 : 48 18 2C 00 00 2C 00 00 00 00 2C 00 00 00 00
2024-09-20 16:52:04,765 - 接收 : 2C 00 00 00 00 2C 00 00 00 00 0D 0A
2024-09-20 16:52:10,941 - 接收 : A9 9A 34
2024-09-20 16:52:10,956 - 接收 : 25 3A CE B8 2C 00 00 37 0A 2C 18 2D 09 2D 14 20
2024-09-20 16:52:10,972 - 接收 : 10 3A 34 3A 03 2C 48 18 2C 00 00 2C 00 00 00
2024-09-20 16:52:10,988 - 接收 : 00 2C 00 00 00 00 2C 00 00 00 00 2C 00 00 00
2024-09-20 16:52:11,004 - 接收 : 00 0D 0A
2024-09-20 16:52:11,100 - 接收 : A9 9A 34 25 3A CE B8 2C
2024-09-20 16:52:11,116 - 接收 : 00 00 37 0B 2C 18 2D 09 2D 14 20 10 3A 34 3A
2024-09-20 16:52:11,132 - 接收 : 03 2C 48 18 2C 00 00 2C 00 00 00 00 2C 00 00 00
2024-09-20 16:52:11,149 - 接收 : 00 2C 00 00 00 00 2C 00 00 00 00 0D 0A
2024-09-20 16:52:11,260 - 接收 : A9 9A 34 25 3A CE B8 2C 00 00 37 0C 2C
2024-09-20 16:52:11,276 - 接收 : 18 2D 09 2D 14 20 10 3A 34 3A 03 2C 48 18 2C
2024-09-20 16:52:11,292 - 接收 : 00 00 2C 00 00 00 00 2C 00 00 00 00 2C 00 00 00
2024-09-20 16:52:11,308 - 接收 : 00 2C 00 00 00 00 0D 0A
2024-09-20 16:52:11,404 - 接收 : A9 9A
2024-09-20 16:52:11,420 - 接收 : 34 25 3A CE B8 2C 00 00 37 0D 2C 18 2D 09 2D 14
2024-09-20 16:52:11,436 - 接收 : 20 10 3A 34 3A 03 2C 48 18 2C 00 00 2C 00 00
2024-09-20 16:52:11,451 - 接收 : 00 00 2C 00 00 00 00 2C 00 00 00 00 2C 00 00
2024-09-20 16:52:11,468 - 接收 : 00 00 0D 0A
2024-09-20 16:52:11,564 - 接收 : A9 9A 34 25 3A CE B8
2024-09-20 16:52:11,580 - 接收 : 2C 00 00 37 0E 2C 18 2D 09 2D 14 20 10 3A 34
2024-09-20 16:52:11,596 - 接收 : 3A 03 2C 48 18 2C 00 00 2C 00 00 00 00 2C 00 00
2024-09-20 16:52:11,612 - 接收 : 00 00 2C 00 00 00 00 2C 00 00 00 00 0D 0A
2024-09-20 16:52:11,724 - 接收 : A9 9A 34 25 3A CE B8 2C 00 00 37 0F
2024-09-20 16:52:11,740 - 接收 : 2C 18 2D 09 2D 14 20 10 3A 34 3A 03 2C 48 18
2024-09-20 16:52:11,756 - 接收 : 2C 00 00 2C 00 00 00 00 2C 00 00 00 00 2C 00 00
2024-09-20 16:52:11,772 - 接收 : 00 00 2C 00 00 00 00 0D 0A
2024-09-20 16:52:15,948 - 接收 : A9 9A 34 25 3A CE B8 2C 00 00 37 10 2C
2024-09-20 16:52:15,964 - 接收 : 18 2D 09 2D 14 20 10 3A 34 3A 08 2C 48 11 2C
2024-09-20 16:52:15,980 - 接收 : 00 00 2C 00 00 00 00 2C 00 00 00 00 2C 00 00 00
2024-09-20 16:52:15,996 - 接收 : 00 2C 00 00 00 00 0D 0A
2024-09-20 16:52:16,091 - 接收 : A9 9A
2024-09-20 16:52:16,107 - 接收 : 34 25 3A CE BC 2C 00 00 37 11 2C 18 2D 09 2D 14
2024-09-20 16:52:16,123 - 接收 : 20 10 3A 34 3A 08 2C 48 11 2C 01 2E 2C 00 00
2024-09-20 16:52:16,139 - 接收 : BD 21 2C FF FF FF 20 2C 00 00 01 1F 2C 00 00 44
2024-09-20 16:52:16,156 - 接收 : 16 0D 0A
2024-09-20 16:52:16,251 - 接收 : A9 9A 34 25 3A CE B8
2024-09-20 16:52:16,268 - 接收 : 2C 00 00 37 12 2C 18 2D 09 2D 14 20 10 3A 34 3A
2024-09-20 16:52:16,283 - 接收 : 08 2C 48 11 2C 00 00 2C 00 00 00 00 2C 00 00
2024-09-20 16:52:16,299 - 接收 : 00 00 2C 00 00 00 00 2C 00 00 00 00 0D 0A
2024-09-20 16:52:16,412 - 接收 : A9 9A 34 25 3A CE B8 2C 00 00 37 13
2024-09-20 16:52:16,427 - 接收 : 2C 18 2D 09 2D 14 20 10 3A 34 3A 08 2C 48 11
2024-09-20 16:52:16,444 - 接收 : 2C 00 00 2C 00 00 00 00 2C 00 00 00 00 2C 00 00
2024-09-20 16:52:16,459 - 接收 : 00 00 2C 00 00 00 00 0D 0A
2024-09-20 16:52:16,555 - 接收 : A9
2024-09-20 16:52:16,571 - 接收 : 9A 34 25 3A CE B8 2C 00 00 37 14 2C 18 2D 09 2D
2024-09-20 16:52:16,587 - 接收 : 14 20 10 3A 34 3A 08 2C 48 11 2C 00 00 2C 00
2024-09-20 16:52:16,603 - 接收 : 00 00 00 2C 00 00 00 00 2C 00 00 00 00 2C 00
2024-09-20 16:52:16,619 - 接收 : 00 00 00 0D 0A
2024-09-20 16:52:16,715 - 接收 : A9 9A 34 25 3A CE
2024-09-20 16:52:16,731 - 接收 : B8 2C 00 00 37 15 2C 18 2D 09 2D 14 20 10 3A 34
2024-09-20 16:52:16,747 - 接收 : 3A 08 2C 48 11 2C 00 00 2C 00 00 00 00 2C 00
2024-09-20 16:52:16,763 - 接收 : 00 00 00 2C 00 00 00 00 2C 00 00 00 00 0D 0A
2024-09-20 16:52:22,938 - 接收 : A9 9A 34 25 3A CE
2024-09-20 16:52:22,954 - 接收 : B8 2C 00 00 37 16 2C 18 2D 09 2D 14 20 10 3A
2024-09-20 16:52:22,970 - 接收 : 34 3A 0F 2C 48 18 2C 00 00 2C 00 00 00 00 2C 00
2024-09-20 16:52:22,986 - 接收 : 00 00 00 2C 00 00 00 00 2C 00 00 00 00 0D 0A
2024-09-20 16:52:23,098 - 接收 : A9 9A 34 25 3A CE B8 2C 00 00 37
2024-09-20 16:52:23,114 - 接收 : 17 2C 18 2D 09 2D 14 20 10 3A 34 3A 0F 2C 48
2024-09-20 16:52:23,130 - 接收 : 18 2C 00 00 2C 00 00 00 00 2C 00 00 00 00 2C 00
2024-09-20 16:52:23,146 - 接收 : 00 00 00 2C 00 00 00 00 0D 0A
2024-09-20 16:52:23,258 - 接收 : A9 9A 34 25 3A CE B8 2C 00 00 37 18 2C 18 2D 09
2024-09-20 16:52:23,273 - 接收 : 2D 14 20 10 3A 34 3A 0F 2C 48 18 2C 00 00 2C
2024-09-20 16:52:23,289 - 接收 : 00 00 00 00 2C 00 00 00 00 2C 00 00 00 00 2C
2024-09-20 16:52:23,305 - 接收 : 00 00 00 00 0D 0A
2024-09-20 16:52:23,402 - 接收 : A9 9A 34 25 3A
2024-09-20 16:52:23,418 - 接收 : CE B8 2C 00 00 37 19 2C 18 2D 09 2D 14 20 10
2024-09-20 16:52:23,433 - 接收 : 3A 34 3A 0F 2C 48 18 2C 00 00 2C 00 00 00 00 2C
2024-09-20 16:52:23,450 - 接收 : 00 00 00 00 2C 00 00 00 00 2C 00 00 00 00 0D
2024-09-20 16:52:23,466 - 接收 : 0A
2024-09-20 16:52:23,562 - 接收 : A9 9A 34 25 3A CE B8 2C 00 00
2024-09-20 16:52:23,578 - 接收 : 37 1A 2C 18 2D 09 2D 14 20 10 3A 34 3A 0F 2C
2024-09-20 16:52:23,594 - 接收 : 48 18 2C 00 00 2C 00 00 00 00 2C 00 00 00 00 2C
2024-09-20 16:52:23,612 - 接收 : 00 00 00 00 2C 00 00 00 00 0D 0A
2024-09-20 16:52:23,722 - 接收 : A9 9A 34 25 3A CE B8 2C 00 00 37 1B 2C 18 2D
2024-09-20 16:52:23,738 - 接收 : 09 2D 14 20 10 3A 34 3A 0F 2C 48 18 2C 00 00
2024-09-20 16:52:23,754 - 接收 : 2C 00 00 00 00 2C 00 00 00 00 2C 00 00 00 00
2024-09-20 16:52:23,770 - 接收 : 2C 00 00 00 00 0D 0A
2024-09-20 16:52:27,944 - 接收 : A9 9A 34 25 3A CE B8 2C 00 00
2024-09-20 16:52:27,960 - 接收 : 37 1C 2C 18 2D 09 2D 14 20 10 3A 34 3A 14 2C
2024-09-20 16:52:27,976 - 接收 : 48 18 2C 00 00 2C 00 00 00 00 2C 00 00 00 00 2C
2024-09-20 16:52:27,992 - 接收 : 00 00 00 00 2C 00 00 00 00 0D 0A
2024-09-20 16:52:28,104 - 接收 : A9 9A 34 25 3A CE BC 2C 00 00 37 1D 2C 18 2D
2024-09-20 16:52:28,120 - 接收 : 09 2D 14 20 10 3A 34 3A 14 2C 48 18 2C 01 2E
2024-09-20 16:52:28,136 - 接收 : 2C 00 00 BD 23 2C FF FF FF 22 2C 00 00 01 1C 2C
2024-09-20 16:52:28,152 - 接收 : 00 00 44 17 0D 0A
2024-09-20 16:52:28,249 - 接收 : A9 9A 34 25
2024-09-20 16:52:28,265 - 接收 : 3A CE B8 2C 00 00 37 1E 2C 18 2D 09 2D 14 20 10
2024-09-20 16:52:28,281 - 接收 : 3A 34 3A 14 2C 48 18 2C 00 00 2C 00 00 00 00
2024-09-20 16:52:28,297 - 接收 : 2C 00 00 00 00 2C 00 00 00 00 2C 00 00 00 00
2024-09-20 16:52:28,313 - 接收 : 0D 0A
2024-09-20 16:52:28,409 - 接收 : A9 9A 34 25 3A CE B8 2C 00
2024-09-20 16:52:28,425 - 接收 : 00 37 1F 2C 18 2D 09 2D 14 20 10 3A 34 3A 14
2024-09-20 16:52:28,441 - 接收 : 2C 48 18 2C 00 00 2C 00 00 00 00 2C 00 00 00 00
2024-09-20 16:52:28,457 - 接收 : 2C 00 00 00 00 2C 00 00 00 00 0D 0A
2024-09-20 16:52:28,568 - 接收 : A9 9A 34 25 3A CE B8 2C 00 00 37 20 2C 18
2024-09-20 16:52:28,584 - 接收 : 2D 09 2D 14 20 10 3A 34 3A 14 2C 48 18 2C 00
2024-09-20 16:52:28,600 - 接收 : 00 2C 00 00 00 00 2C 00 00 00 00 2C 00 00 00 00
2024-09-20 16:52:28,616 - 接收 : 2C 00 00 00 00 0D 0A
2024-09-20 16:52:28,713 - 接收 : A9 9A 34
2024-09-20 16:52:28,729 - 接收 : 25 3A CE B8 2C 00 00 37 21 2C 18 2D 09 2D 14 20
2024-09-20 16:52:28,745 - 接收 : 10 3A 34 3A 14 2C 48 18 2C 00 00 2C 00 00 00
2024-09-20 16:52:28,761 - 接收 : 00 2C 00 00 00 00 2C 00 00 00 00 2C 00 00 00
2024-09-20 16:52:28,777 - 接收 : 00 0D 0A
2024-09-20 16:52:34,935 - 接收 : A9
2024-09-20 16:52:34,951 - 接收 : 9A 34 25 3A CE B8 2C 00 00 37 22 2C 18 2D 09 2D
2024-09-20 16:52:34,967 - 接收 : 14 20 10 3A 34 3A 1B 2C 48 18 2C 00 00 2C 00
2024-09-20 16:52:34,983 - 接收 : 00 00 00 2C 00 00 00 00 2C 00 00 00 00 2C 00
2024-09-20 16:52:34,999 - 接收 : 00 00 00 0D 0A
2024-09-20 16:52:35,095 - 接收 : A9 9A 34 25 3A CE
2024-09-20 16:52:35,111 - 接收 : B8 2C 00 00 37 23 2C 18 2D 09 2D 14 20 10 3A
2024-09-20 16:52:35,127 - 接收 : 34 3A 1B 2C 48 18 2C 00 00 2C 00 00 00 00 2C 00
2024-09-20 16:52:35,143 - 接收 : 00 00 00 2C 00 00 00 00 2C 00 00 00 00 0D 0A
2024-09-20 16:52:35,256 - 接收 : A9 9A 34 25 3A CE B8 2C 00 00 37
2024-09-20 16:52:35,271 - 接收 : 24 2C 18 2D 09 2D 14 20 10 3A 34 3A 1B 2C 48
2024-09-20 16:52:35,287 - 接收 : 18 2C 00 00 2C 00 00 00 00 2C 00 00 00 00 2C
2024-09-20 16:52:35,304 - 接收 : 00 00 00 00 2C 00 00 00 00 0D 0A
2024-09-20 16:52:35,416 - 接收 : A9 9A 34 25 3A CE B8 2C 00 00 37 25 2C 18 2D
2024-09-20 16:52:35,432 - 接收 : 09 2D 14 20 10 3A 34 3A 1B 2C 48 18 2C 00 00 2C
2024-09-20 16:52:35,447 - 接收 : 00 00 00 00 2C 00 00 00 00 2C 00 00 00 00 2C
2024-09-20 16:52:35,464 - 接收 : 00 00 00 00 0D 0A
2024-09-20 16:52:35,560 - 接收 : A9 9A 34 25 3A
2024-09-20 16:52:35,576 - 接收 : CE B8 2C 00 00 37 26 2C 18 2D 09 2D 14 20 10
2024-09-20 16:52:35,592 - 接收 : 3A 34 3A 1B 2C 48 18 2C 00 00 2C 00 00 00 00 2C
2024-09-20 16:52:35,608 - 接收 : 00 00 00 00 2C 00 00 00 00 2C 00 00 00 00 0D
2024-09-20 16:52:35,624 - 接收 : 0A
2024-09-20 16:52:35,720 - 接收 : A9 9A 34 25 3A CE B8 2C 00 00
2024-09-20 16:52:35,736 - 接收 : 37 27 2C 18 2D 09 2D 14 20 10 3A 34 3A 1B 2C
2024-09-20 16:52:35,751 - 接收 : 48 18 2C 00 00 2C 00 00 00 00 2C 00 00 00 00
2024-09-20 16:52:35,767 - 接收 : 2C 00 00 00 00 2C 00 00 00 00 0D 0A
2024-09-20 16:52:39,943 - 接收 : A9 9A 34 25 3A CE B8 2C 00 00 37
2024-09-20 16:52:39,959 - 接收 : 28 2C 18 2D 09 2D 14 20 10 3A 34 3A 20 2C 48
2024-09-20 16:52:39,975 - 接收 : 11 2C 00 00 2C 00 00 00 00 2C 00 00 00 00 2C 00
2024-09-20 16:52:39,991 - 接收 : 00 00 00 2C 00 00 00 00 0D 0A
2024-09-20 16:52:40,102 - 接收 : A9 9A 34 25 3A CE BC 2C 00 00 37 29 2C 18 2D 09
2024-09-20 16:52:40,118 - 接收 : 2D 14 20 10 3A 34 3A 20 2C 48 11 2C 01 2E 2C
2024-09-20 16:52:40,134 - 接收 : 00 00 BD 21 2C FF FF FF 20 2C 00 00 01 1F 2C
2024-09-20 16:52:40,152 - 接收 : 00 00 44 16 0D 0A
2024-09-20 16:52:40,246 - 接收 : A9 9A 34 25 3A
2024-09-20 16:52:40,262 - 接收 : CE B8 2C 00 00 37 2A 2C 18 2D 09 2D 14 20 10
2024-09-20 16:52:40,278 - 接收 : 3A 34 3A 20 2C 48 11 2C 00 00 2C 00 00 00 00 2C
2024-09-20 16:52:40,294 - 接收 : 00 00 00 00 2C 00 00 00 00 2C 00 00 00 00 0D
2024-09-20 16:52:40,310 - 接收 : 0A
2024-09-20 16:52:40,406 - 接收 : A9 9A 34 25 3A CE B8 2C 00 00
2024-09-20 16:52:40,422 - 接收 : 37 2B 2C 18 2D 09 2D 14 20 10 3A 34 3A 20 2C
2024-09-20 16:52:40,438 - 接收 : 48 11 2C 00 00 2C 00 00 00 00 2C 00 00 00 00 2C
2024-09-20 16:52:40,454 - 接收 : 00 00 00 00 2C 00 00 00 00 0D 0A
2024-09-20 16:52:40,567 - 接收 : A9 9A 34 25 3A CE B8 2C 00 00 37 2C 2C 18 2D
2024-09-20 16:52:40,583 - 接收 : 09 2D 14 20 10 3A 34 3A 20 2C 48 11 2C 00 00
2024-09-20 16:52:40,599 - 接收 : 2C 00 00 00 00 2C 00 00 00 00 2C 00 00 00 00
2024-09-20 16:52:40,615 - 接收 : 2C 00 00 00 00 0D 0A
2024-09-20 16:52:40,711 - 接收 : A9 9A 34 25
2024-09-20 16:52:40,727 - 接收 : 3A CE B8 2C 00 00 37 2D 2C 18 2D 09 2D 14 20
2024-09-20 16:52:40,743 - 接收 : 10 3A 34 3A 20 2C 48 11 2C 00 00 2C 00 00 00 00
2024-09-20 16:52:40,759 - 接收 : 2C 00 00 00 00 2C 00 00 00 00 2C 00 00 00 00
2024-09-20 16:52:40,775 - 接收 : 0D 0A
2024-09-20 16:52:46,949 - 接收 : A9 9A 34 25 3A CE B8 2C 00 00 37 2E 2C
2024-09-20 16:52:46,965 - 接收 : 18 2D 09 2D 14 20 10 3A 34 3A 27 2C 48 18 2C 00
2024-09-20 16:52:46,981 - 接收 : 00 2C 00 00 00 00 2C 00 00 00 00 2C 00 00 00
2024-09-20 16:52:46,997 - 接收 : 00 2C 00 00 00 00 0D 0A
2024-09-20 16:52:47,093 - 接收 : A9 9A 34
2024-09-20 16:52:47,109 - 接收 : 25 3A CE B8 2C 00 00 37 2F 2C 18 2D 09 2D 14
2024-09-20 16:52:47,125 - 接收 : 20 10 3A 34 3A 27 2C 48 18 2C 00 00 2C 00 00 00
2024-09-20 16:52:47,141 - 接收 : 00 2C 00 00 00 00 2C 00 00 00 00 2C 00 00 00
2024-09-20 16:52:47,157 - 接收 : 00 0D 0A
2024-09-20 16:52:47,253 - 接收 : A9 9A 34 25 3A CE B8 2C
2024-09-20 16:52:47,269 - 接收 : 00 00 37 30 2C 18 2D 09 2D 14 20 10 3A 34 3A
2024-09-20 16:52:47,285 - 接收 : 27 2C 48 18 2C 00 00 2C 00 00 00 00 2C 00 00
2024-09-20 16:52:47,301 - 接收 : 00 00 2C 00 00 00 00 2C 00 00 00 00 0D 0A
2024-09-20 16:52:47,413 - 接收 : A9 9A 34 25 3A CE B8 2C 00 00 37 31
2024-09-20 16:52:47,429 - 接收 : 2C 18 2D 09 2D 14 20 10 3A 34 3A 27 2C 48 18 2C
2024-09-20 16:52:47,445 - 接收 : 00 00 2C 00 00 00 00 2C 00 00 00 00 2C 00 00
2024-09-20 16:52:47,461 - 接收 : 00 00 2C 00 00 00 00 0D 0A
2024-09-20 16:52:47,557 - 接收 : A9 9A
2024-09-20 16:52:47,573 - 接收 : 34 25 3A CE B8 2C 00 00 37 32 2C 18 2D 09 2D
2024-09-20 16:52:47,589 - 接收 : 14 20 10 3A 34 3A 27 2C 48 18 2C 00 00 2C 00 00
2024-09-20 16:52:47,605 - 接收 : 00 00 2C 00 00 00 00 2C 00 00 00 00 2C 00 00
2024-09-20 16:52:47,621 - 接收 : 00 00 0D 0A
2024-09-20 16:52:47,717 - 接收 : A9 9A 34 25 3A CE B8
2024-09-20 16:52:47,733 - 接收 : 2C 00 00 37 33 2C 18 2D 09 2D 14 20 10 3A 34
2024-09-20 16:52:47,749 - 接收 : 3A 27 2C 48 18 2C 00 00 2C 00 00 00 00 2C 00
2024-09-20 16:52:47,764 - 接收 : 00 00 00 2C 00 00 00 00 2C 00 00 00 00 0D 0A
2024-09-20 16:52:51,940 - 接收 : A9 9A 34 25 3A CE B8 2C
2024-09-20 16:52:51,957 - 接收 : 00 00 37 34 2C 18 2D 09 2D 14 20 10 3A 34 3A
2024-09-20 16:52:51,973 - 接收 : 2C 2C 48 18 2C 00 00 2C 00 00 00 00 2C 00 00 00
2024-09-20 16:52:51,988 - 接收 : 00 2C 00 00 00 00 2C 00 00 00 00 0D 0A
2024-09-20 16:52:52,100 - 接收 : A9 9A 34 25 3A CE BC 2C 00 00 37 35 2C
2024-09-20 16:52:52,116 - 接收 : 18 2D 09 2D 14 20 10 3A 34 3A 2C 2C 48 18 2C
2024-09-20 16:52:52,132 - 接收 : 01 2E 2C 00 00 BD 25 2C FF FF FF 24 2C 00 00
2024-09-20 16:52:52,148 - 接收 : 01 19 2C 00 00 44 17 0D 0A
2024-09-20 16:52:52,244 - 接收 : A9 9A
2024-09-20 16:52:52,260 - 接收 : 34 25 3A CE B8 2C 00 00 37 36 2C 18 2D 09 2D
2024-09-20 16:52:52,276 - 接收 : 14 20 10 3A 34 3A 2C 2C 48 18 2C 00 00 2C 00 00
2024-09-20 16:52:52,292 - 接收 : 00 00 2C 00 00 00 00 2C 00 00 00 00 2C 00 00
2024-09-20 16:52:52,308 - 接收 : 00 00 0D 0A
2024-09-20 16:52:52,404 - 接收 : A9 9A 34 25 3A CE B8
2024-09-20 16:52:52,420 - 接收 : 2C 00 00 37 37 2C 18 2D 09 2D 14 20 10 3A 34
2024-09-20 16:52:52,436 - 接收 : 3A 2C 2C 48 18 2C 00 00 2C 00 00 00 00 2C 00
2024-09-20 16:52:52,452 - 接收 : 00 00 00 2C 00 00 00 00 2C 00 00 00 00 0D 0A
2024-09-20 16:52:52,565 - 接收 : A9 9A 34 25 3A CE B8 2C 00 00 37 38
2024-09-20 16:52:52,581 - 接收 : 2C 18 2D 09 2D 14 20 10 3A 34 3A 2C 2C 48 18
2024-09-20 16:52:52,596 - 接收 : 2C 00 00 2C 00 00 00 00 2C 00 00 00 00 2C 00
2024-09-20 16:52:52,613 - 接收 : 00 00 00 2C 00 00 00 00 0D 0A
2024-09-20 16:52:52,708 - 接收 : A9
2024-09-20 16:52:52,724 - 接收 : 9A 34 25 3A CE B8 2C 00 00 37 39 2C 18 2D 09
2024-09-20 16:52:52,740 - 接收 : 2D 14 20 10 3A 34 3A 2C 2C 48 18 2C 00 00 2C 00
2024-09-20 16:52:52,756 - 接收 : 00 00 00 2C 00 00 00 00 2C 00 00 00 00 2C 00
2024-09-20 16:52:52,772 - 接收 : 00 00 00 0D 0A
2024-09-20 16:52:58,947 - 接收 : A9 9A 34 25 3A CE B8 2C 00 00 37 3A 2C 18
2024-09-20 16:52:58,963 - 接收 : 2D 09 2D 14 20 10 3A 34 3A 33 2C 48 11 2C 00 00
2024-09-20 16:52:58,979 - 接收 : 2C 00 00 00 00 2C 00 00 00 00 2C 00 00 00 00
2024-09-20 16:52:58,995 - 接收 : 2C 00 00 00 00 0D 0A
2024-09-20 16:52:59,091 - 接收 : A9 9A 34 25
2024-09-20 16:52:59,107 - 接收 : 3A CE B8 2C 00 00 37 3B 2C 18 2D 09 2D 14 20
2024-09-20 16:52:59,123 - 接收 : 10 3A 34 3A 33 2C 48 11 2C 00 00 2C 00 00 00
2024-09-20 16:52:59,139 - 接收 : 00 2C 00 00 00 00 2C 00 00 00 00 2C 00 00 00 00
2024-09-20 16:52:59,155 - 接收 : 0D 0A
2024-09-20 16:52:59,251 - 接收 : A9 9A 34 25 3A CE B8 2C 00
2024-09-20 16:52:59,267 - 接收 : 00 37 3C 2C 18 2D 09 2D 14 20 10 3A 34 3A 33
2024-09-20 16:52:59,283 - 接收 : 2C 48 11 2C 00 00 2C 00 00 00 00 2C 00 00 00
2024-09-20 16:52:59,299 - 接收 : 00 2C 00 00 00 00 2C 00 00 00 00 0D 0A
2024-09-20 16:52:59,411 - 接收 : A9 9A 34 25 3A CE B8 2C 00 00 37 3D 2C
2024-09-20 16:52:59,427 - 接收 : 18 2D 09 2D 14 20 10 3A 34 3A 33 2C 48 11 2C 00
2024-09-20 16:52:59,443 - 接收 : 00 2C 00 00 00 00 2C 00 00 00 00 2C 00 00 00
2024-09-20 16:52:59,459 - 接收 : 00 2C 00 00 00 00 0D 0A
2024-09-20 16:52:59,555 - 接收 : A9 9A 34
2024-09-20 16:52:59,571 - 接收 : 25 3A CE B8 2C 00 00 37 3E 2C 18 2D 09 2D 14
2024-09-20 16:52:59,587 - 接收 : 20 10 3A 34 3A 33 2C 48 11 2C 00 00 2C 00 00
2024-09-20 16:52:59,603 - 接收 : 00 00 2C 00 00 00 00 2C 00 00 00 00 2C 00 00 00
2024-09-20 16:52:59,619 - 接收 : 00 0D 0A
2024-09-20 16:52:59,715 - 接收 : A9 9A 34 25 3A CE B8 2C
2024-09-20 16:52:59,731 - 接收 : 00 00 37 3F 2C 18 2D 09 2D 14 20 10 3A 34 3A
2024-09-20 16:52:59,747 - 接收 : 33 2C 48 11 2C 00 00 2C 00 00 00 00 2C 00 00
2024-09-20 16:52:59,763 - 接收 : 00 00 2C 00 00 00 00 2C 00 00 00 00 0D 0A
2024-09-20 16:53:03,938 - 接收 : A9 9A 34 25 3A
2024-09-20 16:53:03,954 - 接收 : CE B8 2C 00 00 37 40 2C 18 2D 09 2D 14 20 10
2024-09-20 16:53:03,970 - 接收 : 3A 34 3A 38 2C 48 18 2C 00 00 2C 00 00 00 00 2C
2024-09-20 16:53:03,986 - 接收 : 00 00 00 00 2C 00 00 00 00 2C 00 00 00 00 0D
2024-09-20 16:53:04,002 - 接收 : 0A
2024-09-20 16:53:04,098 - 接收 : A9 9A 34 25 3A CE BC 2C 00 00
2024-09-20 16:53:04,114 - 接收 : 37 41 2C 18 2D 09 2D 14 20 10 3A 34 3A 38 2C
2024-09-20 16:53:04,130 - 接收 : 48 18 2C 01 2E 2C 00 00 BD 21 2C FF FF FF 20
2024-09-20 16:53:04,146 - 接收 : 2C 00 00 01 1F 2C 00 00 44 16 0D 0A
2024-09-20 16:53:04,258 - 接收 : A9 9A 34 25 3A CE B8 2C 00 00 37 42 2C 18
2024-09-20 16:53:04,274 - 接收 : 2D 09 2D 14 20 10 3A 34 3A 38 2C 48 18 2C 00 00
2024-09-20 16:53:04,290 - 接收 : 2C 00 00 00 00 2C 00 00 00 00 2C 00 00 00 00
2024-09-20 16:53:04,306 - 接收 : 2C 00 00 00 00 0D 0A
2024-09-20 16:53:04,402 - 接收 : A9 9A 34 25
2024-09-20 16:53:04,418 - 接收 : 3A CE B8 2C 00 00 37 43 2C 18 2D 09 2D 14 20
2024-09-20 16:53:04,434 - 接收 : 10 3A 34 3A 38 2C 48 18 2C 00 00 2C 00 00 00 00
2024-09-20 16:53:04,450 - 接收 : 2C 00 00 00 00 2C 00 00 00 00 2C 00 00 00 00
2024-09-20 16:53:04,466 - 接收 : 0D 0A
2024-09-20 16:53:04,562 - 接收 : A9 9A 34 25 3A CE B8 2C 00
2024-09-20 16:53:04,578 - 接收 : 00 37 44 2C 18 2D 09 2D 14 20 10 3A 34 3A 38
2024-09-20 16:53:04,594 - 接收 : 2C 48 18 2C 00 00 2C 00 00 00 00 2C 00 00 00
2024-09-20 16:53:04,610 - 接收 : 00 2C 00 00 00 00 2C 00 00 00 00 0D 0A
2024-09-20 16:53:04,722 - 接收 : A9 9A 34 25 3A CE B8 2C 00 00 37 45 2C
2024-09-20 16:53:04,738 - 接收 : 18 2D 09 2D 14 20 10 3A 34 3A 38 2C 48 18 2C 00
2024-09-20 16:53:04,754 - 接收 : 00 2C 00 00 00 00 2C 00 00 00 00 2C 00 00 00
2024-09-20 16:53:04,770 - 接收 : 00 2C 00 00 00 00 0D 0A
2024-09-20 16:53:10,945 - 接收 : A9 9A 34 25 3A CE B8 2C 00 00 37
2024-09-20 16:53:10,961 - 接收 : 46 2C 18 2D 09 2D 14 20 10 3A 35 3A 03 2C 48 18
2024-09-20 16:53:10,977 - 接收 : 2C 00 00 2C 00 00 00 00 2C 00 00 00 00 2C 00
2024-09-20 16:53:10,993 - 接收 : 00 00 00 2C 00 00 00 00 0D 0A
2024-09-20 16:53:11,089 - 接收 : A9
2024-09-20 16:53:11,105 - 接收 : 9A 34 25 3A CE B8 2C 00 00 37 47 2C 18 2D 09
2024-09-20 16:53:11,121 - 接收 : 2D 14 20 10 3A 35 3A 03 2C 48 18 2C 00 00 2C
2024-09-20 16:53:11,137 - 接收 : 00 00 00 00 2C 00 00 00 00 2C 00 00 00 00 2C 00
2024-09-20 16:53:11,152 - 接收 : 00 00 00 0D 0A
2024-09-20 16:53:11,248 - 接收 : A9 9A 34 25 3A CE
2024-09-20 16:53:11,264 - 接收 : B8 2C 00 00 37 48 2C 18 2D 09 2D 14 20 10 3A
2024-09-20 16:53:11,280 - 接收 : 35 3A 03 2C 48 18 2C 00 00 2C 00 00 00 00 2C
2024-09-20 16:53:11,296 - 接收 : 00 00 00 00 2C 00 00 00 00 2C 00 00 00 00 0D 0A
2024-09-20 16:53:11,408 - 接收 : A9 9A 34 25 3A CE B8 2C 00 00
2024-09-20 16:53:11,424 - 接收 : 37 49 2C 18 2D 09 2D 14 20 10 3A 35 3A 03 2C 48
2024-09-20 16:53:11,440 - 接收 : 18 2C 00 00 2C 00 00 00 00 2C 00 00 00 00 2C
2024-09-20 16:53:11,456 - 接收 : 00 00 00 00 2C 00 00 00 00 0D 0A
2024-09-20 16:53:11,568 - 接收 : A9 9A 34 25 3A CE B8 2C 00 00 37 4A 2C 18 2D
2024-09-20 16:53:11,584 - 接收 : 09 2D 14 20 10 3A 35 3A 03 2C 48 18 2C 00 00
2024-09-20 16:53:11,600 - 接收 : 2C 00 00 00 00 2C 00 00 00 00 2C 00 00 00 00 2C
2024-09-20 16:53:11,618 - 接收 : 00 00 00 00 0D 0A
2024-09-20 16:53:11,713 - 接收 : A9 9A 34 25 3A
2024-09-20 16:53:11,729 - 接收 : CE B8 2C 00 00 37 4B 2C 18 2D 09 2D 14 20 10
2024-09-20 16:53:11,745 - 接收 : 3A 35 3A 03 2C 48 18 2C 00 00 2C 00 00 00 00
2024-09-20 16:53:11,760 - 接收 : 2C 00 00 00 00 2C 00 00 00 00 2C 00 00 00 00 0D
2024-09-20 16:53:11,777 - 接收 : 0A
2024-09-20 16:53:15,936 - 接收 : A9 9A
2024-09-20 16:53:15,952 - 接收 : 34 25 3A CE B8 2C 00 00 37 4C 2C 18 2D 09 2D
2024-09-20 16:53:15,968 - 接收 : 14 20 10 3A 35 3A 08 2C 48 11 2C 00 00 2C 00 00
2024-09-20 16:53:15,984 - 接收 : 00 00 2C 00 00 00 00 2C 00 00 00 00 2C 00 00
2024-09-20 16:53:16,000 - 接收 : 00 00 0D 0A
2024-09-20 16:53:16,096 - 接收 : A9 9A 34 25 3A CE BC
2024-09-20 16:53:16,112 - 接收 : 2C 00 00 37 4D 2C 18 2D 09 2D 14 20 10 3A 35
2024-09-20 16:53:16,128 - 接收 : 3A 08 2C 48 11 2C 01 2E 2C 00 00 BD 23 2C FF
2024-09-20 16:53:16,143 - 接收 : FF FF 22 2C 00 00 01 1C 2C 00 00 44 17 0D 0A
2024-09-20 16:53:16,256 - 接收 : A9 9A 34 25 3A CE B8 2C 00 00 37
2024-09-20 16:53:16,272 - 接收 : 4E 2C 18 2D 09 2D 14 20 10 3A 35 3A 08 2C 48 11
2024-09-20 16:53:16,288 - 接收 : 2C 00 00 2C 00 00 00 00 2C 00 00 00 00 2C 00
2024-09-20 16:53:16,303 - 接收 : 00 00 00 2C 00 00 00 00 0D 0A
2024-09-20 16:53:16,400 - 接收 : A9
2024-09-20 16:53:16,416 - 接收 : 9A 34 25 3A CE B8 2C 00 00 37 4F 2C 18 2D 09
2024-09-20 16:53:16,432 - 接收 : 2D 14 20 10 3A 35 3A 08 2C 48 11 2C 00 00 2C 00
2024-09-20 16:53:16,448 - 接收 : 00 00 00 2C 00 00 00 00 2C 00 00 00 00 2C 00
2024-09-20 16:53:16,464 - 接收 : 00 00 00 0D 0A
2024-09-20 16:53:16,560 - 接收 : A9 9A 34 25 3A CE
2024-09-20 16:53:16,575 - 接收 : B8 2C 00 00 37 50 2C 18 2D 09 2D 14 20 10 3A
2024-09-20 16:53:16,591 - 接收 : 35 3A 08 2C 48 11 2C 00 00 2C 00 00 00 00 2C
2024-09-20 16:53:16,607 - 接收 : 00 00 00 00 2C 00 00 00 00 2C 00 00 00 00 0D 0A
2024-09-20 16:53:16,720 - 接收 : A9 9A 34 25 3A CE B8 2C 00 00
2024-09-20 16:53:16,736 - 接收 : 37 51 2C 18 2D 09 2D 14 20 10 3A 35 3A 08 2C 48
2024-09-20 16:53:16,752 - 接收 : 11 2C 00 00 2C 00 00 00 00 2C 00 00 00 00 2C
2024-09-20 16:53:16,768 - 接收 : 00 00 00 00 2C 00 00 00 00 0D 0A
2024-09-20 16:53:22,942 - 接收 : A9 9A 34 25 3A CE B8 2C
2024-09-20 16:53:22,958 - 接收 : 00 00 37 52 2C 18 2D 09 2D 14 20 10 3A 35 3A 0F
2024-09-20 16:53:22,974 - 接收 : 2C 48 18 2C 00 00 2C 00 00 00 00 2C 00 00 00
2024-09-20 16:53:22,991 - 接收 : 00 2C 00 00 00 00 2C 00 00 00 00 0D 0A
2024-09-20 16:53:23,103 - 接收 : A9 9A 34 25 3A CE B8 2C 00 00 37 53 2C
2024-09-20 16:53:23,118 - 接收 : 18 2D 09 2D 14 20 10 3A 35 3A 0F 2C 48 18 2C 00
2024-09-20 16:53:23,134 - 接收 : 00 2C 00 00 00 00 2C 00 00 00 00 2C 00 00 00
2024-09-20 16:53:23,151 - 接收 : 00 2C 00 00 00 00 0D 0A
2024-09-20 16:53:23,247 - 接收 : A9 9A 34
2024-09-20 16:53:23,262 - 接收 : 25 3A CE B8 2C 00 00 37 54 2C 18 2D 09 2D 14
2024-09-20 16:53:23,278 - 接收 : 20 10 3A 35 3A 0F 2C 48 18 2C 00 00 2C 00 00
2024-09-20 16:53:23,294 - 接收 : 00 00 2C 00 00 00 00 2C 00 00 00 00 2C 00 00 00
2024-09-20 16:53:23,310 - 接收 : 00 0D 0A
2024-09-20 16:53:23,406 - 接收 : A9 9A 34 25 3A CE B8
2024-09-20 16:53:23,422 - 接收 : 2C 00 00 37 55 2C 18 2D 09 2D 14 20 10 3A 35 3A
2024-09-20 16:53:23,439 - 接收 : 0F 2C 48 18 2C 00 00 2C 00 00 00 00 2C 00 00
2024-09-20 16:53:23,454 - 接收 : 00 00 2C 00 00 00 00 2C 00 00 00 00 0D 0A
2024-09-20 16:53:23,567 - 接收 : A9 9A 34 25 3A CE B8 2C 00 00 37 56
2024-09-20 16:53:23,583 - 接收 : 2C 18 2D 09 2D 14 20 10 3A 35 3A 0F 2C 48 18
2024-09-20 16:53:23,599 - 接收 : 2C 00 00 2C 00 00 00 00 2C 00 00 00 00 2C 00 00
2024-09-20 16:53:23,617 - 接收 : 00 00 2C 00 00 00 00 0D 0A
2024-09-20 16:53:23,710 - 接收 : A9
2024-09-20 16:53:23,726 - 接收 : 9A 34 25 3A CE B8 2C 00 00 37 57 2C 18 2D 09 2D
2024-09-20 16:53:23,742 - 接收 : 14 20 10 3A 35 3A 0F 2C 48 18 2C 00 00 2C 00
2024-09-20 16:53:23,758 - 接收 : 00 00 00 2C 00 00 00 00 2C 00 00 00 00 2C 00 00
2024-09-20 16:53:23,774 - 接收 : 00 00 0D 0A
2024-09-20 16:53:27,933 - 接收 : A9 9A 34
2024-09-20 16:53:27,949 - 接收 : 25 3A CE B8 2C 00 00 37 58 2C 18 2D 09 2D 14
2024-09-20 16:53:27,965 - 接收 : 20 10 3A 35 3A 14 2C 48 11 2C 00 00 2C 00 00
2024-09-20 16:53:27,981 - 接收 : 00 00 2C 00 00 00 00 2C 00 00 00 00 2C 00 00 00
2024-09-20 16:53:27,997 - 接收 : 00 0D 0A
2024-09-20 16:53:28,094 - 接收 : A9 9A 34 25 3A CE BC
2024-09-20 16:53:28,110 - 接收 : 2C 00 00 37 59 2C 18 2D 09 2D 14 20 10 3A 35 3A
2024-09-20 16:53:28,126 - 接收 : 14 2C 48 11 2C 01 2E 2C 00 00 BD 25 2C FF FF
2024-09-20 16:53:28,142 - 接收 : FF 24 2C 00 00 01 19 2C 00 00 44 17 0D 0A
2024-09-20 16:53:28,254 - 接收 : A9 9A 34 25 3A CE B8 2C 00 00 37 5A
2024-09-20 16:53:28,270 - 接收 : 2C 18 2D 09 2D 14 20 10 3A 35 3A 14 2C 48 11 2C
2024-09-20 16:53:28,286 - 接收 : 00 00 2C 00 00 00 00 2C 00 00 00 00 2C 00 00
2024-09-20 16:53:28,302 - 接收 : 00 00 2C 00 00 00 00 0D 0A
2024-09-20 16:53:28,398 - 接收 : A9 9A
2024-09-20 16:53:28,414 - 接收 : 34 25 3A CE B8 2C 00 00 37 5B 2C 18 2D 09 2D
2024-09-20 16:53:28,430 - 接收 : 14 20 10 3A 35 3A 14 2C 48 11 2C 00 00 2C 00
2024-09-20 16:53:28,446 - 接收 : 00 00 00 2C 00 00 00 00 2C 00 00 00 00 2C 00 00
2024-09-20 16:53:28,462 - 接收 : 00 00 0D 0A
2024-09-20 16:53:28,558 - 接收 : A9 9A 34 25 3A CE
2024-09-20 16:53:28,574 - 接收 : B8 2C 00 00 37 5C 2C 18 2D 09 2D 14 20 10 3A 35
2024-09-20 16:53:28,590 - 接收 : 3A 14 2C 48 11 2C 00 00 2C 00 00 00 00 2C 00
2024-09-20 16:53:28,608 - 接收 : 00 00 00 2C 00 00 00 00 2C 00 00 00 00 0D 0A
2024-09-20 16:53:28,718 - 接收 : A9 9A 34 25 3A CE B8 2C 00 00 37
2024-09-20 16:53:28,734 - 接收 : 5D 2C 18 2D 09 2D 14 20 10 3A 35 3A 14 2C 48 11
2024-09-20 16:53:28,750 - 接收 : 2C 00 00 2C 00 00 00 00 2C 00 00 00 00 2C 00
2024-09-20 16:53:28,766 - 接收 : 00 00 00 2C 00 00 00 00 0D 0A
2024-09-20 16:53:34,940 - 接收 : A9 9A 34 25 3A CE B8 2C 00
2024-09-20 16:53:34,956 - 接收 : 00 37 5E 2C 18 2D 09 2D 14 20 10 3A 35 3A 1B 2C
2024-09-20 16:53:34,973 - 接收 : 48 18 2C 00 00 2C 00 00 00 00 2C 00 00 00 00
2024-09-20 16:53:34,989 - 接收 : 2C 00 00 00 00 2C 00 00 00 00 0D 0A
2024-09-20 16:53:35,100 - 接收 : A9 9A 34 25 3A CE B8 2C 00 00 37 5F 2C 18
2024-09-20 16:53:35,117 - 接收 : 2D 09 2D 14 20 10 3A 35 3A 1B 2C 48 18 2C 00
2024-09-20 16:53:35,132 - 接收 : 00 2C 00 00 00 00 2C 00 00 00 00 2C 00 00 00 00
2024-09-20 16:53:35,148 - 接收 : 2C 00 00 00 00 0D 0A
2024-09-20 16:53:35,245 - 接收 : A9 9A 34
2024-09-20 16:53:35,261 - 接收 : 25 3A CE B8 2C 00 00 37 60 2C 18 2D 09 2D 14 20
2024-09-20 16:53:35,277 - 接收 : 10 3A 35 3A 1B 2C 48 18 2C 00 00 2C 00 00 00
2024-09-20 16:53:35,292 - 接收 : 00 2C 00 00 00 00 2C 00 00 00 00 2C 00 00 00
2024-09-20 16:53:35,309 - 接收 : 00 0D 0A
2024-09-20 16:53:35,404 - 接收 : A9 9A 34 25 3A CE B8 2C
2024-09-20 16:53:35,420 - 接收 : 00 00 37 61 2C 18 2D 09 2D 14 20 10 3A 35 3A
2024-09-20 16:53:35,436 - 接收 : 1B 2C 48 18 2C 00 00 2C 00 00 00 00 2C 00 00 00
2024-09-20 16:53:35,452 - 接收 : 00 2C 00 00 00 00 2C 00 00 00 00 0D 0A
2024-09-20 16:53:35,564 - 接收 : A9 9A 34 25 3A CE B8 2C 00 00 37 62 2C
2024-09-20 16:53:35,580 - 接收 : 18 2D 09 2D 14 20 10 3A 35 3A 1B 2C 48 18 2C
2024-09-20 16:53:35,596 - 接收 : 00 00 2C 00 00 00 00 2C 00 00 00 00 2C 00 00 00
2024-09-20 16:53:35,612 - 接收 : 00 2C 00 00 00 00 0D 0A
2024-09-20 16:53:35,708 - 接收 : A9 9A
2024-09-20 16:53:35,724 - 接收 : 34 25 3A CE B8 2C 00 00 37 63 2C 18 2D 09 2D 14
2024-09-20 16:53:35,740 - 接收 : 20 10 3A 35 3A 1B 2C 48 18 2C 00 00 2C 00 00
2024-09-20 16:53:35,756 - 接收 : 00 00 2C 00 00 00 00 2C 00 00 00 00 2C 00 00
2024-09-20 16:53:35,772 - 接收 : 00 00 0D 0A
2024-09-20 16:53:39,948 - 接收 : A9 9A 34 25 3A CE B8 2C 00 00 37 64 2C 18 2D
2024-09-20 16:53:39,963 - 接收 : 09 2D 14 20 10 3A 35 3A 20 2C 48 18 2C 00 00
2024-09-20 16:53:39,980 - 接收 : 2C 00 00 00 00 2C 00 00 00 00 2C 00 00 00 00 2C
2024-09-20 16:53:39,996 - 接收 : 00 00 00 00 0D 0A
2024-09-20 16:53:40,091 - 接收 : A9 9A 34 25
2024-09-20 16:53:40,107 - 接收 : 3A CE BC 2C 00 00 37 65 2C 18 2D 09 2D 14 20 10
2024-09-20 16:53:40,126 - 接收 : 3A 35 3A 20 2C 48 18 2C 01 2E 2C 00 00 BD 25
2024-09-20 16:53:40,139 - 接收 : 2C FF FF FF 24 2C 00 00 01 19 2C 00 00 44 17 0D
2024-09-20 16:53:40,155 - 接收 : 0A
2024-09-20 16:53:40,251 - 接收 : A9 9A 34 25 3A CE B8 2C 00
2024-09-20 16:53:40,267 - 接收 : 00 37 66 2C 18 2D 09 2D 14 20 10 3A 35 3A 20 2C
2024-09-20 16:53:40,283 - 接收 : 48 18 2C 00 00 2C 00 00 00 00 2C 00 00 00 00
2024-09-20 16:53:40,299 - 接收 : 2C 00 00 00 00 2C 00 00 00 00 0D 0A
2024-09-20 16:53:40,411 - 接收 : A9 9A 34 25 3A CE B8 2C 00 00 37 67 2C 18
2024-09-20 16:53:40,427 - 接收 : 2D 09 2D 14 20 10 3A 35 3A 20 2C 48 18 2C 00
2024-09-20 16:53:40,444 - 接收 : 00 2C 00 00 00 00 2C 00 00 00 00 2C 00 00 00 00
2024-09-20 16:53:40,460 - 接收 : 2C 00 00 00 00 0D 0A
2024-09-20 16:53:40,555 - 接收 : A9 9A 34
2024-09-20 16:53:40,571 - 接收 : 25 3A CE B8 2C 00 00 37 68 2C 18 2D 09 2D 14 20
2024-09-20 16:53:40,587 - 接收 : 10 3A 35 3A 20 2C 48 18 2C 00 00 2C 00 00 00
2024-09-20 16:53:40,603 - 接收 : 00 2C 00 00 00 00 2C 00 00 00 00 2C 00 00 00
2024-09-20 16:53:40,619 - 接收 : 00 0D 0A
2024-09-20 16:53:40,715 - 接收 : A9 9A 34 25 3A CE B8 2C
2024-09-20 16:53:40,731 - 接收 : 00 00 37 69 2C 18 2D 09 2D 14 20 10 3A 35 3A 20
2024-09-20 16:53:40,747 - 接收 : 2C 48 18 2C 00 00 2C 00 00 00 00 2C 00 00 00
2024-09-20 16:53:40,763 - 接收 : 00 2C 00 00 00 00 2C 00 00 00 00 0D 0A
2024-09-20 16:53:46,938 - 接收 : A9 9A 34 25 3A CE
2024-09-20 16:53:46,954 - 接收 : B8 2C 00 00 37 6A 2C 18 2D 09 2D 14 20 10 3A 35
2024-09-20 16:53:46,970 - 接收 : 3A 27 2C 48 18 2C 00 00 2C 00 00 00 00 2C 00
2024-09-20 16:53:46,986 - 接收 : 00 00 00 2C 00 00 00 00 2C 00 00 00 00 0D 0A
2024-09-20 16:53:47,098 - 接收 : A9 9A 34 25 3A CE B8 2C 00 00 37
2024-09-20 16:53:47,114 - 接收 : 6B 2C 18 2D 09 2D 14 20 10 3A 35 3A 27 2C 48
2024-09-20 16:53:47,130 - 接收 : 18 2C 00 00 2C 00 00 00 00 2C 00 00 00 00 2C 00
2024-09-20 16:53:47,148 - 接收 : 00 00 00 2C 00 00 00 00 0D 0A
2024-09-20 16:53:47,258 - 接收 : A9 9A 34 25 3A CE B8 2C 00 00 37 6C 2C 18 2D 09
2024-09-20 16:53:47,274 - 接收 : 2D 14 20 10 3A 35 3A 27 2C 48 18 2C 00 00 2C
2024-09-20 16:53:47,290 - 接收 : 00 00 00 00 2C 00 00 00 00 2C 00 00 00 00 2C
2024-09-20 16:53:47,306 - 接收 : 00 00 00 00 0D 0A
2024-09-20 16:53:47,402 - 接收 : A9 9A 34 25 3A
2024-09-20 16:53:47,418 - 接收 : CE B8 2C 00 00 37 6D 2C 18 2D 09 2D 14 20 10
2024-09-20 16:53:47,434 - 接收 : 3A 35 3A 27 2C 48 18 2C 00 00 2C 00 00 00 00 2C
2024-09-20 16:53:47,450 - 接收 : 00 00 00 00 2C 00 00 00 00 2C 00 00 00 00 0D
2024-09-20 16:53:47,466 - 接收 : 0A
2024-09-20 16:53:47,562 - 接收 : A9 9A 34 25 3A CE B8 2C 00 00
2024-09-20 16:53:47,578 - 接收 : 37 6E 2C 18 2D 09 2D 14 20 10 3A 35 3A 27 2C
2024-09-20 16:53:47,594 - 接收 : 48 18 2C 00 00 2C 00 00 00 00 2C 00 00 00 00 2C
2024-09-20 16:53:47,610 - 接收 : 00 00 00 00 2C 00 00 00 00 0D 0A
2024-09-20 16:53:47,722 - 接收 : A9 9A 34 25 3A CE B8 2C 00 00 37 6F 2C 18 2D
2024-09-20 16:53:47,737 - 接收 : 09 2D 14 20 10 3A 35 3A 27 2C 48 18 2C 00 00
2024-09-20 16:53:47,754 - 接收 : 2C 00 00 00 00 2C 00 00 00 00 2C 00 00 00 00
2024-09-20 16:53:47,769 - 接收 : 2C 00 00 00 00 0D 0A
2024-09-20 16:53:51,943 - 接收 : A9 9A 34 25 3A CE B8 2C 00 00
2024-09-20 16:53:51,959 - 接收 : 37 70 2C 18 2D 09 2D 14 20 10 3A 35 3A 2C 2C 48
2024-09-20 16:53:51,975 - 接收 : 18 2C 00 00 2C 00 00 00 00 2C 00 00 00 00 2C
2024-09-20 16:53:51,991 - 接收 : 00 00 00 00 2C 00 00 00 00 0D 0A
2024-09-20 16:53:52,103 - 接收 : A9 9A 34 25 3A CE BC 2C 00 00 37 71 2C 18 2D
2024-09-20 16:53:52,119 - 接收 : 09 2D 14 20 10 3A 35 3A 2C 2C 48 18 2C 01 2E
2024-09-20 16:53:52,135 - 接收 : 2C 00 00 BD 1F 2C FF FF FF 1E 2C 00 00 01 21 2C
2024-09-20 16:53:52,152 - 接收 : 00 00 44 15 0D 0A
2024-09-20 16:53:52,247 - 接收 : A9 9A 34 25
2024-09-20 16:53:52,263 - 接收 : 3A CE B8 2C 00 00 37 72 2C 18 2D 09 2D 14 20 10
2024-09-20 16:53:52,279 - 接收 : 3A 35 3A 2C 2C 48 18 2C 00 00 2C 00 00 00 00
2024-09-20 16:53:52,295 - 接收 : 2C 00 00 00 00 2C 00 00 00 00 2C 00 00 00 00
2024-09-20 16:53:52,311 - 接收 : 0D 0A
2024-09-20 16:53:52,407 - 接收 : A9 9A 34 25 3A CE B8 2C 00
2024-09-20 16:53:52,422 - 接收 : 00 37 73 2C 18 2D 09 2D 14 20 10 3A 35 3A 2C
2024-09-20 16:53:52,439 - 接收 : 2C 48 18 2C 00 00 2C 00 00 00 00 2C 00 00 00 00
2024-09-20 16:53:52,455 - 接收 : 2C 00 00 00 00 2C 00 00 00 00 0D 0A
2024-09-20 16:53:52,567 - 接收 : A9 9A 34 25 3A CE B8 2C 00 00 37 74 2C 18
2024-09-20 16:53:52,584 - 接收 : 2D 09 2D 14 20 10 3A 35 3A 2C 2C 48 18 2C 00
2024-09-20 16:53:52,599 - 接收 : 00 2C 00 00 00 00 2C 00 00 00 00 2C 00 00 00
2024-09-20 16:53:52,614 - 接收 : 00 2C 00 00 00 00 0D 0A
2024-09-20 16:53:52,711 - 接收 : A9 9A 34
2024-09-20 16:53:52,727 - 接收 : 25 3A CE B8 2C 00 00 37 75 2C 18 2D 09 2D 14
2024-09-20 16:53:52,742 - 接收 : 20 10 3A 35 3A 2C 2C 48 18 2C 00 00 2C 00 00 00
2024-09-20 16:53:52,759 - 接收 : 00 2C 00 00 00 00 2C 00 00 00 00 2C 00 00 00
2024-09-20 16:53:52,775 - 接收 : 00 0D 0A
2024-09-20 16:53:58,947 - 接收 : A9 9A 34 25 3A CE B8 2C 00 00 37 76 2C 18
2024-09-20 16:53:58,962 - 接收 : 2D 09 2D 14 20 10 3A 35 3A 33 2C 48 18 2C 00
2024-09-20 16:53:58,979 - 接收 : 00 2C 00 00 00 00 2C 00 00 00 00 2C 00 00 00
2024-09-20 16:53:58,995 - 接收 : 00 2C 00 00 00 00 0D 0A
2024-09-20 16:53:59,090 - 接收 : A9 9A 34
2024-09-20 16:53:59,106 - 接收 : 25 3A CE B8 2C 00 00 37 77 2C 18 2D 09 2D 14
2024-09-20 16:53:59,123 - 接收 : 20 10 3A 35 3A 33 2C 48 18 2C 00 00 2C 00 00 00
2024-09-20 16:53:59,138 - 接收 : 00 2C 00 00 00 00 2C 00 00 00 00 2C 00 00 00
2024-09-20 16:53:59,158 - 接收 : 00 0D 0A
2024-09-20 16:53:59,250 - 接收 : A9 9A 34 25 3A CE B8 2C
2024-09-20 16:53:59,266 - 接收 : 00 00 37 78 2C 18 2D 09 2D 14 20 10 3A 35 3A
2024-09-20 16:53:59,282 - 接收 : 33 2C 48 18 2C 00 00 2C 00 00 00 00 2C 00 00 00
2024-09-20 16:53:59,298 - 接收 : 00 2C 00 00 00 00 2C 00 00 00 00 0D 0A
2024-09-20 16:53:59,410 - 接收 : A9 9A 34 25 3A CE B8 2C 00 00 37 79 2C
2024-09-20 16:53:59,426 - 接收 : 18 2D 09 2D 14 20 10 3A 35 3A 33 2C 48 18 2C
2024-09-20 16:53:59,442 - 接收 : 00 00 2C 00 00 00 00 2C 00 00 00 00 2C 00 00
2024-09-20 16:53:59,458 - 接收 : 00 00 2C 00 00 00 00 0D 0A
2024-09-20 16:53:59,554 - 接收 : A9 9A
2024-09-20 16:53:59,570 - 接收 : 34 25 3A CE B8 2C 00 00 37 7A 2C 18 2D 09 2D
2024-09-20 16:53:59,586 - 接收 : 14 20 10 3A 35 3A 33 2C 48 18 2C 00 00 2C 00 00
2024-09-20 16:53:59,602 - 接收 : 00 00 2C 00 00 00 00 2C 00 00 00 00 2C 00 00
2024-09-20 16:53:59,618 - 接收 : 00 00 0D 0A
2024-09-20 16:53:59,715 - 接收 : A9 9A 34 25 3A CE B8
2024-09-20 16:53:59,730 - 接收 : 2C 00 00 37 7B 2C 18 2D 09 2D 14 20 10 3A 35
2024-09-20 16:53:59,746 - 接收 : 3A 33 2C 48 18 2C 00 00 2C 00 00 00 00 2C 00 00
2024-09-20 16:53:59,762 - 接收 : 00 00 2C 00 00 00 00 2C 00 00 00 00 0D 0A
2024-09-20 16:54:03,938 - 接收 : A9 9A 34 25
2024-09-20 16:54:03,954 - 接收 : 3A CE B8 2C 00 00 37 7C 2C 18 2D 09 2D 14 20 10
2024-09-20 16:54:03,970 - 接收 : 3A 35 3A 38 2C 48 18 2C 00 00 2C 00 00 00 00
2024-09-20 16:54:03,986 - 接收 : 2C 00 00 00 00 2C 00 00 00 00 2C 00 00 00 00
2024-09-20 16:54:04,002 - 接收 : 0D 0A
2024-09-20 16:54:04,098 - 接收 : A9 9A 34 25 3A CE BC 2C 00
2024-09-20 16:54:04,114 - 接收 : 00 37 7D 2C 18 2D 09 2D 14 20 10 3A 35 3A 38
2024-09-20 16:54:04,130 - 接收 : 2C 48 18 2C 01 2E 2C 00 00 BD 27 2C FF FF FF 26
2024-09-20 16:54:04,146 - 接收 : 2C 00 00 01 17 2C 00 00 44 18 0D 0A
2024-09-20 16:54:04,258 - 接收 : A9 9A 34 25 3A CE B8 2C 00 00 37 7E 2C 18
2024-09-20 16:54:04,274 - 接收 : 2D 09 2D 14 20 10 3A 35 3A 38 2C 48 18 2C 00
2024-09-20 16:54:04,290 - 接收 : 00 2C 00 00 00 00 2C 00 00 00 00 2C 00 00 00
2024-09-20 16:54:04,306 - 接收 : 00 2C 00 00 00 00 0D 0A
2024-09-20 16:54:04,402 - 接收 : A9 9A 34
2024-09-20 16:54:04,418 - 接收 : 25 3A CE B8 2C 00 00 37 7F 2C 18 2D 09 2D 14 20
2024-09-20 16:54:04,434 - 接收 : 10 3A 35 3A 38 2C 48 18 2C 00 00 2C 00 00 00
2024-09-20 16:54:04,450 - 接收 : 00 2C 00 00 00 00 2C 00 00 00 00 2C 00 00 00
2024-09-20 16:54:04,466 - 接收 : 00 0D 0A
2024-09-20 16:54:04,562 - 接收 : A9 9A 34 25 3A CE B8 2C
2024-09-20 16:54:04,578 - 接收 : 00 00 37 80 2C 18 2D 09 2D 14 20 10 3A 35 3A
2024-09-20 16:54:04,594 - 接收 : 38 2C 48 18 2C 00 00 2C 00 00 00 00 2C 00 00 00
2024-09-20 16:54:04,610 - 接收 : 00 2C 00 00 00 00 2C 00 00 00 00 0D 0A
2024-09-20 16:54:04,721 - 接收 : A9 9A 34 25 3A CE B8 2C 00 00 37 81 2C
2024-09-20 16:54:04,737 - 接收 : 18 2D 09 2D 14 20 10 3A 35 3A 38 2C 48 18 2C
2024-09-20 16:54:04,753 - 接收 : 00 00 2C 00 00 00 00 2C 00 00 00 00 2C 00 00
2024-09-20 16:54:04,769 - 接收 : 00 00 2C 00 00 00 00 0D 0A
2024-09-20 16:54:10,944 - 接收 : A9 9A 34 25 3A CE B8 2C 00 00 37
2024-09-20 16:54:10,960 - 接收 : 82 2C 18 2D 09 2D 14 20 10 3A 36 3A 03 2C 48
2024-09-20 16:54:10,976 - 接收 : 18 2C 00 00 2C 00 00 00 00 2C 00 00 00 00 2C
2024-09-20 16:54:10,992 - 接收 : 00 00 00 00 2C 00 00 00 00 0D 0A
2024-09-20 16:54:11,104 - 接收 : A9 9A 34 25 3A CE B8 2C 00 00 37 83 2C 18 2D
2024-09-20 16:54:11,120 - 接收 : 09 2D 14 20 10 3A 36 3A 03 2C 48 18 2C 00 00 2C
2024-09-20 16:54:11,137 - 接收 : 00 00 00 00 2C 00 00 00 00 2C 00 00 00 00 2C
2024-09-20 16:54:11,152 - 接收 : 00 00 00 00 0D 0A
2024-09-20 16:54:11,249 - 接收 : A9 9A 34 25 3A
2024-09-20 16:54:11,265 - 接收 : CE B8 2C 00 00 37 84 2C 18 2D 09 2D 14 20 10
2024-09-20 16:54:11,281 - 接收 : 3A 36 3A 03 2C 48 18 2C 00 00 2C 00 00 00 00 2C
2024-09-20 16:54:11,296 - 接收 : 00 00 00 00 2C 00 00 00 00 2C 00 00 00 00 0D
2024-09-20 16:54:11,312 - 接收 : 0A
2024-09-20 16:54:11,409 - 接收 : A9 9A 34 25 3A CE B8 2C 00 00
2024-09-20 16:54:11,425 - 接收 : 37 85 2C 18 2D 09 2D 14 20 10 3A 36 3A 03 2C
2024-09-20 16:54:11,441 - 接收 : 48 18 2C 00 00 2C 00 00 00 00 2C 00 00 00 00
2024-09-20 16:54:11,457 - 接收 : 2C 00 00 00 00 2C 00 00 00 00 0D 0A
2024-09-20 16:54:11,568 - 接收 : A9 9A 34 25 3A CE B8 2C 00 00 37 86 2C 18
2024-09-20 16:54:11,584 - 接收 : 2D 09 2D 14 20 10 3A 36 3A 03 2C 48 18 2C 00 00
2024-09-20 16:54:11,600 - 接收 : 2C 00 00 00 00 2C 00 00 00 00 2C 00 00 00 00
2024-09-20 16:54:11,616 - 接收 : 2C 00 00 00 00 0D 0A
2024-09-20 16:54:11,712 - 接收 : A9 9A 34 25
2024-09-20 16:54:11,728 - 接收 : 3A CE B8 2C 00 00 37 87 2C 18 2D 09 2D 14 20
2024-09-20 16:54:11,744 - 接收 : 10 3A 36 3A 03 2C 48 18 2C 00 00 2C 00 00 00 00
2024-09-20 16:54:11,760 - 接收 : 2C 00 00 00 00 2C 00 00 00 00 2C 00 00 00 00
2024-09-20 16:54:11,776 - 接收 : 0D 0A
2024-09-20 16:54:15,936 - 接收 : A9 9A 34 25 3A
2024-09-20 16:54:15,952 - 接收 : CE B8 2C 00 00 37 88 2C 18 2D 09 2D 14 20 10
2024-09-20 16:54:15,967 - 接收 : 3A 36 3A 08 2C 48 11 2C 00 00 2C 00 00 00 00 2C
2024-09-20 16:54:15,984 - 接收 : 00 00 00 00 2C 00 00 00 00 2C 00 00 00 00 0D
2024-09-20 16:54:16,000 - 接收 : 0A
2024-09-20 16:54:16,095 - 接收 : A9 9A 34 25 3A CE BC 2C 00 00
2024-09-20 16:54:16,112 - 接收 : 37 89 2C 18 2D 09 2D 14 20 10 3A 36 3A 08 2C
2024-09-20 16:54:16,128 - 接收 : 48 11 2C 01 2E 2C 00 00 BD 25 2C FF FF FF 24 2C
2024-09-20 16:54:16,143 - 接收 : 00 00 01 19 2C 00 00 44 17 0D 0A
2024-09-20 16:54:16,255 - 接收 : A9 9A 34 25 3A CE B8 2C 00 00 37 8A 2C 18 2D
2024-09-20 16:54:16,271 - 接收 : 09 2D 14 20 10 3A 36 3A 08 2C 48 11 2C 00 00
2024-09-20 16:54:16,287 - 接收 : 2C 00 00 00 00 2C 00 00 00 00 2C 00 00 00 00
2024-09-20 16:54:16,303 - 接收 : 2C 00 00 00 00 0D 0A
2024-09-20 16:54:16,399 - 接收 : A9 9A 34 25
2024-09-20 16:54:16,415 - 接收 : 3A CE B8 2C 00 00 37 8B 2C 18 2D 09 2D 14 20
2024-09-20 16:54:16,431 - 接收 : 10 3A 36 3A 08 2C 48 11 2C 00 00 2C 00 00 00 00
2024-09-20 16:54:16,447 - 接收 : 2C 00 00 00 00 2C 00 00 00 00 2C 00 00 00 00
2024-09-20 16:54:16,463 - 接收 : 0D 0A
2024-09-20 16:54:16,559 - 接收 : A9 9A 34 25 3A CE B8 2C 00
2024-09-20 16:54:16,575 - 接收 : 00 37 8C 2C 18 2D 09 2D 14 20 10 3A 36 3A 08
2024-09-20 16:54:16,591 - 接收 : 2C 48 11 2C 00 00 2C 00 00 00 00 2C 00 00 00 00
2024-09-20 16:54:16,607 - 接收 : 2C 00 00 00 00 2C 00 00 00 00 0D 0A
2024-09-20 16:54:16,719 - 接收 : A9 9A 34 25 3A CE B8 2C 00 00 37 8D 2C 18
2024-09-20 16:54:16,735 - 接收 : 2D 09 2D 14 20 10 3A 36 3A 08 2C 48 11 2C 00
2024-09-20 16:54:16,751 - 接收 : 00 2C 00 00 00 00 2C 00 00 00 00 2C 00 00 00
2024-09-20 16:54:16,767 - 接收 : 00 2C 00 00 00 00 0D 0A
2024-09-20 16:54:22,942 - 接收 : A9 9A 34 25 3A CE B8 2C 00 00 37 8E
2024-09-20 16:54:22,958 - 接收 : 2C 18 2D 09 2D 14 20 10 3A 36 3A 0F 2C 48 11
2024-09-20 16:54:22,974 - 接收 : 2C 00 00 2C 00 00 00 00 2C 00 00 00 00 2C 00
2024-09-20 16:54:22,990 - 接收 : 00 00 00 2C 00 00 00 00 0D 0A
2024-09-20 16:54:23,086 - 接收 : A9
2024-09-20 16:54:23,102 - 接收 : 9A 34 25 3A CE B8 2C 00 00 37 8F 2C 18 2D 09
2024-09-20 16:54:23,118 - 接收 : 2D 14 20 10 3A 36 3A 0F 2C 48 11 2C 00 00 2C 00
2024-09-20 16:54:23,134 - 接收 : 00 00 00 2C 00 00 00 00 2C 00 00 00 00 2C 00
2024-09-20 16:54:23,150 - 接收 : 00 00 00 0D 0A
2024-09-20 16:54:23,246 - 接收 : A9 9A 34 25 3A CE
2024-09-20 16:54:23,262 - 接收 : B8 2C 00 00 37 90 2C 18 2D 09 2D 14 20 10 3A
2024-09-20 16:54:23,278 - 接收 : 36 3A 0F 2C 48 11 2C 00 00 2C 00 00 00 00 2C
2024-09-20 16:54:23,294 - 接收 : 00 00 00 00 2C 00 00 00 00 2C 00 00 00 00 0D 0A
2024-09-20 16:54:23,406 - 接收 : A9 9A 34 25 3A CE B8 2C 00 00
2024-09-20 16:54:23,422 - 接收 : 37 91 2C 18 2D 09 2D 14 20 10 3A 36 3A 0F 2C 48
2024-09-20 16:54:23,438 - 接收 : 11 2C 00 00 2C 00 00 00 00 2C 00 00 00 00 2C
2024-09-20 16:54:23,454 - 接收 : 00 00 00 00 2C 00 00 00 00 0D 0A
2024-09-20 16:54:23,566 - 接收 : A9 9A 34 25 3A CE B8 2C 00 00 37 92 2C 18 2D
2024-09-20 16:54:23,581 - 接收 : 09 2D 14 20 10 3A 36 3A 0F 2C 48 11 2C 00 00 2C
2024-09-20 16:54:23,598 - 接收 : 00 00 00 00 2C 00 00 00 00 2C 00 00 00 00 2C
2024-09-20 16:54:23,613 - 接收 : 00 00 00 00 0D 0A
2024-09-20 16:54:23,710 - 接收 : A9 9A 34 25 3A
2024-09-20 16:54:23,725 - 接收 : CE B8 2C 00 00 37 93 2C 18 2D 09 2D 14 20 10
2024-09-20 16:54:23,741 - 接收 : 3A 36 3A 0F 2C 48 11 2C 00 00 2C 00 00 00 00
2024-09-20 16:54:23,758 - 接收 : 2C 00 00 00 00 2C 00 00 00 00 2C 00 00 00 00 0D
2024-09-20 16:54:23,773 - 接收 : 0A
2024-09-20 16:54:27,933 - 接收 : A9 9A
2024-09-20 16:54:27,949 - 接收 : 34 25 3A CE B8 2C 00 00 37 94 2C 18 2D 09 2D
2024-09-20 16:54:27,965 - 接收 : 14 20 10 3A 36 3A 14 2C 48 11 2C 00 00 2C 00 00
2024-09-20 16:54:27,981 - 接收 : 00 00 2C 00 00 00 00 2C 00 00 00 00 2C 00 00
2024-09-20 16:54:27,997 - 接收 : 00 00 0D 0A
2024-09-20 16:54:28,093 - 接收 : A9 9A 34 25 3A CE BC
2024-09-20 16:54:28,109 - 接收 : 2C 00 00 37 95 2C 18 2D 09 2D 14 20 10 3A 36
2024-09-20 16:54:28,125 - 接收 : 3A 14 2C 48 11 2C 01 2E 2C 00 00 BD 23 2C FF FF
2024-09-20 16:54:28,141 - 接收 : FF 22 2C 00 00 01 1C 2C 00 00 44 16 0D 0A
2024-09-20 16:54:28,253 - 接收 : A9 9A 34 25 3A CE B8 2C 00 00 37 96
2024-09-20 16:54:28,269 - 接收 : 2C 18 2D 09 2D 14 20 10 3A 36 3A 14 2C 48 11
2024-09-20 16:54:28,285 - 接收 : 2C 00 00 2C 00 00 00 00 2C 00 00 00 00 2C 00
2024-09-20 16:54:28,301 - 接收 : 00 00 00 2C 00 00 00 00 0D 0A
2024-09-20 16:54:28,397 - 接收 : A9
2024-09-20 16:54:28,413 - 接收 : 9A 34 25 3A CE B8 2C 00 00 37 97 2C 18 2D 09
2024-09-20 16:54:28,429 - 接收 : 2D 14 20 10 3A 36 3A 14 2C 48 11 2C 00 00 2C 00
2024-09-20 16:54:28,445 - 接收 : 00 00 00 2C 00 00 00 00 2C 00 00 00 00 2C 00
2024-09-20 16:54:28,461 - 接收 : 00 00 00 0D 0A
2024-09-20 16:54:28,557 - 接收 : A9 9A 34 25 3A CE
2024-09-20 16:54:28,573 - 接收 : B8 2C 00 00 37 98 2C 18 2D 09 2D 14 20 10 3A
2024-09-20 16:54:28,589 - 接收 : 36 3A 14 2C 48 11 2C 00 00 2C 00 00 00 00 2C 00
2024-09-20 16:54:28,606 - 接收 : 00 00 00 2C 00 00 00 00 2C 00 00 00 00 0D 0A
2024-09-20 16:54:28,717 - 接收 : A9 9A 34 25 3A CE B8 2C 00 00 37
2024-09-20 16:54:28,733 - 接收 : 99 2C 18 2D 09 2D 14 20 10 3A 36 3A 14 2C 48
2024-09-20 16:54:28,749 - 接收 : 11 2C 00 00 2C 00 00 00 00 2C 00 00 00 00 2C
2024-09-20 16:54:28,765 - 接收 : 00 00 00 00 2C 00 00 00 00 0D 0A
2024-09-20 16:54:34,940 - 接收 : A9 9A 34 25 3A CE B8 2C 00
2024-09-20 16:54:34,956 - 接收 : 00 37 9A 2C 18 2D 09 2D 14 20 10 3A 36 3A 1B
2024-09-20 16:54:34,972 - 接收 : 2C 48 18 2C 00 00 2C 00 00 00 00 2C 00 00 00
2024-09-20 16:54:34,988 - 接收 : 00 2C 00 00 00 00 2C 00 00 00 00 0D 0A
2024-09-20 16:54:35,100 - 接收 : A9 9A 34 25 3A CE B8 2C 00 00 37 9B 2C
2024-09-20 16:54:35,116 - 接收 : 18 2D 09 2D 14 20 10 3A 36 3A 1B 2C 48 18 2C 00
2024-09-20 16:54:35,132 - 接收 : 00 2C 00 00 00 00 2C 00 00 00 00 2C 00 00 00
2024-09-20 16:54:35,150 - 接收 : 00 2C 00 00 00 00 0D 0A
2024-09-20 16:54:35,244 - 接收 : A9 9A 34
2024-09-20 16:54:35,260 - 接收 : 25 3A CE B8 2C 00 00 37 9C 2C 18 2D 09 2D 14
2024-09-20 16:54:35,276 - 接收 : 20 10 3A 36 3A 1B 2C 48 18 2C 00 00 2C 00 00
2024-09-20 16:54:35,292 - 接收 : 00 00 2C 00 00 00 00 2C 00 00 00 00 2C 00 00 00
2024-09-20 16:54:35,308 - 接收 : 00 0D 0A
2024-09-20 16:54:35,404 - 接收 : A9 9A 34 25 3A CE B8 2C
2024-09-20 16:54:35,420 - 接收 : 00 00 37 9D 2C 18 2D 09 2D 14 20 10 3A 36 3A
2024-09-20 16:54:35,436 - 接收 : 1B 2C 48 18 2C 00 00 2C 00 00 00 00 2C 00 00
2024-09-20 16:54:35,452 - 接收 : 00 00 2C 00 00 00 00 2C 00 00 00 00 0D 0A
2024-09-20 16:54:35,564 - 接收 : A9 9A 34 25 3A CE B8 2C 00 00 37 9E
2024-09-20 16:54:35,580 - 接收 : 2C 18 2D 09 2D 14 20 10 3A 36 3A 1B 2C 48 18 2C
2024-09-20 16:54:35,596 - 接收 : 00 00 2C 00 00 00 00 2C 00 00 00 00 2C 00 00
2024-09-20 16:54:35,612 - 接收 : 00 00 2C 00 00 00 00 0D 0A
2024-09-20 16:54:35,707 - 接收 : A9 9A
2024-09-20 16:54:35,723 - 接收 : 34 25 3A CE B8 2C 00 00 37 9F 2C 18 2D 09 2D
2024-09-20 16:54:35,740 - 接收 : 14 20 10 3A 36 3A 1B 2C 48 18 2C 00 00 2C 00
2024-09-20 16:54:35,755 - 接收 : 00 00 00 2C 00 00 00 00 2C 00 00 00 00 2C 00 00
2024-09-20 16:54:35,771 - 接收 : 00 00 0D 0A
2024-09-20 16:54:39,947 - 接收 : A9 9A 34 25 3A CE B8 2C 00 00 37 A0 2C 18
2024-09-20 16:54:39,963 - 接收 : 2D 09 2D 14 20 10 3A 36 3A 20 2C 48 18 2C 00 00
2024-09-20 16:54:39,979 - 接收 : 2C 00 00 00 00 2C 00 00 00 00 2C 00 00 00 00
2024-09-20 16:54:39,995 - 接收 : 2C 00 00 00 00 0D 0A
2024-09-20 16:54:40,091 - 接收 : A9 9A 34 25
2024-09-20 16:54:40,107 - 接收 : 3A CE BC 2C 00 00 37 A1 2C 18 2D 09 2D 14 20
2024-09-20 16:54:40,123 - 接收 : 10 3A 36 3A 20 2C 48 18 2C 01 2E 2C 00 00 BD 25
2024-09-20 16:54:40,139 - 接收 : 2C FF FF FF 24 2C 00 00 01 19 2C 00 00 44 17
2024-09-20 16:54:40,155 - 接收 : 0D 0A
2024-09-20 16:54:40,251 - 接收 : A9 9A 34 25 3A CE B8 2C 00
2024-09-20 16:54:40,267 - 接收 : 00 37 A2 2C 18 2D 09 2D 14 20 10 3A 36 3A 20
2024-09-20 16:54:40,283 - 接收 : 2C 48 18 2C 00 00 2C 00 00 00 00 2C 00 00 00
2024-09-20 16:54:40,299 - 接收 : 00 2C 00 00 00 00 2C 00 00 00 00 0D 0A
2024-09-20 16:54:40,411 - 接收 : A9 9A 34 25 3A CE B8 2C 00 00 37 A3 2C
2024-09-20 16:54:40,427 - 接收 : 18 2D 09 2D 14 20 10 3A 36 3A 20 2C 48 18 2C 00
2024-09-20 16:54:40,443 - 接收 : 00 2C 00 00 00 00 2C 00 00 00 00 2C 00 00 00
2024-09-20 16:54:40,459 - 接收 : 00 2C 00 00 00 00 0D 0A
2024-09-20 16:54:40,555 - 接收 : A9 9A 34
2024-09-20 16:54:40,571 - 接收 : 25 3A CE B8 2C 00 00 37 A4 2C 18 2D 09 2D 14
2024-09-20 16:54:40,587 - 接收 : 20 10 3A 36 3A 20 2C 48 18 2C 00 00 2C 00 00 00
2024-09-20 16:54:40,603 - 接收 : 00 2C 00 00 00 00 2C 00 00 00 00 2C 00 00 00
2024-09-20 16:54:40,618 - 接收 : 00 0D 0A
2024-09-20 16:54:40,714 - 接收 : A9 9A 34 25 3A CE B8 2C
2024-09-20 16:54:40,730 - 接收 : 00 00 37 A5 2C 18 2D 09 2D 14 20 10 3A 36 3A
2024-09-20 16:54:40,747 - 接收 : 20 2C 48 18 2C 00 00 2C 00 00 00 00 2C 00 00
2024-09-20 16:54:40,763 - 接收 : 00 00 2C 00 00 00 00 2C 00 00 00 00 0D 0A
2024-09-20 16:54:46,937 - 接收 : A9 9A 34 25 3A CE
2024-09-20 16:54:46,953 - 接收 : B8 2C 00 00 37 A6 2C 18 2D 09 2D 14 20 10 3A
2024-09-20 16:54:46,969 - 接收 : 36 3A 27 2C 48 18 2C 00 00 2C 00 00 00 00 2C
2024-09-20 16:54:46,985 - 接收 : 00 00 00 00 2C 00 00 00 00 2C 00 00 00 00 0D 0A
2024-09-20 16:54:47,098 - 接收 : A9 9A 34 25 3A CE B8 2C 00 00
2024-09-20 16:54:47,114 - 接收 : 37 A7 2C 18 2D 09 2D 14 20 10 3A 36 3A 27 2C 48
2024-09-20 16:54:47,130 - 接收 : 18 2C 00 00 2C 00 00 00 00 2C 00 00 00 00 2C
2024-09-20 16:54:47,146 - 接收 : 00 00 00 00 2C 00 00 00 00 0D 0A
2024-09-20 16:54:47,257 - 接收 : A9 9A 34 25 3A CE B8 2C 00 00 37 A8 2C 18 2D
2024-09-20 16:54:47,273 - 接收 : 09 2D 14 20 10 3A 36 3A 27 2C 48 18 2C 00 00
2024-09-20 16:54:47,289 - 接收 : 2C 00 00 00 00 2C 00 00 00 00 2C 00 00 00 00 2C
2024-09-20 16:54:47,305 - 接收 : 00 00 00 00 0D 0A
2024-09-20 16:54:47,401 - 接收 : A9 9A 34 25 3A
2024-09-20 16:54:47,417 - 接收 : CE B8 2C 00 00 37 A9 2C 18 2D 09 2D 14 20 10
2024-09-20 16:54:47,433 - 接收 : 3A 36 3A 27 2C 48 18 2C 00 00 2C 00 00 00 00
2024-09-20 16:54:47,449 - 接收 : 2C 00 00 00 00 2C 00 00 00 00 2C 00 00 00 00 0D
2024-09-20 16:54:47,465 - 接收 : 0A
2024-09-20 16:54:47,561 - 接收 : A9 9A 34 25 3A CE B8 2C 00
2024-09-20 16:54:47,577 - 接收 : 00 37 AA 2C 18 2D 09 2D 14 20 10 3A 36 3A 27 2C
2024-09-20 16:54:47,593 - 接收 : 48 18 2C 00 00 2C 00 00 00 00 2C 00 00 00 00
2024-09-20 16:54:47,609 - 接收 : 2C 00 00 00 00 2C 00 00 00 00 0D 0A
2024-09-20 16:54:47,722 - 接收 : A9 9A 34 25 3A CE B8 2C 00 00 37 AB 2C 18
2024-09-20 16:54:47,738 - 接收 : 2D 09 2D 14 20 10 3A 36 3A 27 2C 48 18 2C 00
2024-09-20 16:54:47,753 - 接收 : 00 2C 00 00 00 00 2C 00 00 00 00 2C 00 00 00 00
2024-09-20 16:54:47,769 - 接收 : 2C 00 00 00 00 0D 0A
2024-09-20 16:54:51,944 - 接收 : A9 9A 34 25 3A CE B8 2C 00 00 37
2024-09-20 16:54:51,960 - 接收 : AC 2C 18 2D 09 2D 14 20 10 3A 36 3A 2C 2C 48 11
2024-09-20 16:54:51,976 - 接收 : 2C 00 00 2C 00 00 00 00 2C 00 00 00 00 2C 00
2024-09-20 16:54:51,992 - 接收 : 00 00 00 2C 00 00 00 00 0D 0A
2024-09-20 16:54:52,089 - 接收 : A9
2024-09-20 16:54:52,105 - 接收 : 9A 34 25 3A CE BC 2C 00 00 37 AD 2C 18 2D 09
2024-09-20 16:54:52,121 - 接收 : 2D 14 20 10 3A 36 3A 2C 2C 48 11 2C 01 2E 2C 00
2024-09-20 16:54:52,137 - 接收 : 00 BD 25 2C FF FF FF 24 2C 00 00 01 19 2C 00
2024-09-20 16:54:52,153 - 接收 : 00 44 17 0D 0A
