2024-09-20 17:07:28,124 - 接收 : A9 9A 34 25 3A CE B8 2C 00 00 3A 94 2C
2024-09-20 17:07:28,140 - 接收 : 18 2D 09 2D 14 20 11 3A 07 3A 14 2C 48 11 2C
2024-09-20 17:07:28,156 - 接收 : 00 00 2C 00 00 00 00 2C 00 00 00 00 2C 00 00 00
2024-09-20 17:07:28,172 - 接收 : 00 2C 00 00 00 00 0D 0A
2024-09-20 17:07:28,268 - 接收 : A9 9A
2024-09-20 17:07:28,284 - 接收 : 34 25 3A CE B8 2C 00 00 3A 95 2C 18 2D 09 2D 14
2024-09-20 17:07:28,299 - 接收 : 20 11 3A 07 3A 14 2C 48 11 2C 00 00 2C 00 00
2024-09-20 17:07:28,315 - 接收 : 00 00 2C 00 00 00 00 2C 00 00 00 00 2C 00 00
2024-09-20 17:07:28,332 - 接收 : 00 00 0D 0A
2024-09-20 17:07:28,428 - 接收 : A9 9A 34 25 3A CE B8
2024-09-20 17:07:28,443 - 接收 : 2C 00 00 3A 96 2C 18 2D 09 2D 14 20 11 3A 07
2024-09-20 17:07:28,460 - 接收 : 3A 14 2C 48 11 2C 00 00 2C 00 00 00 00 2C 00 00
2024-09-20 17:07:28,475 - 接收 : 00 00 2C 00 00 00 00 2C 00 00 00 00 0D 0A
2024-09-20 17:07:28,588 - 接收 : A9 9A 34 25 3A CE B8 2C 00 00 3A 97
2024-09-20 17:07:28,604 - 接收 : 2C 18 2D 09 2D 14 20 11 3A 07 3A 14 2C 48 11
2024-09-20 17:07:28,620 - 接收 : 2C 00 00 2C 00 00 00 00 2C 00 00 00 00 2C 00
2024-09-20 17:07:28,636 - 接收 : 00 00 00 2C 00 00 00 00 0D 0A
2024-09-20 17:07:28,731 - 接收 : A9
2024-09-20 17:07:28,747 - 接收 : 9A 34 25 3A CE C2 2C 00 00 3A 98 2C 18 2D 09
2024-09-20 17:07:28,763 - 接收 : 2D 14 20 11 3A 07 3A 14 2C 48 11 2C 01 2E 2C 00
2024-09-20 17:07:28,779 - 接收 : 00 A2 AE 2C 00 00 00 00 2C 00 00 00 00 2C 00
2024-09-20 17:07:28,795 - 接收 : 00 3A 90 0D 0A
2024-09-20 17:07:28,892 - 接收 : A9 9A 34 25 3A CE
2024-09-20 17:07:28,908 - 接收 : B8 2C 00 00 3A 99 2C 18 2D 09 2D 14 20 11 3A
2024-09-20 17:07:28,924 - 接收 : 07 3A 14 2C 48 11 2C 00 00 2C 00 00 00 00 2C
2024-09-20 17:07:28,940 - 接收 : 00 00 00 00 2C 00 00 00 00 2C 00 00 00 00 0D 0A
2024-09-20 17:07:33,112 - 接收 : A9
2024-09-20 17:07:33,128 - 接收 : 9A 34 25 3A CE B8 2C 00 00 3A 9A 2C 18 2D 09
2024-09-20 17:07:33,144 - 接收 : 2D 14 20 11 3A 07 3A 19 2C 48 18 2C 00 00 2C
2024-09-20 17:07:33,160 - 接收 : 00 00 00 00 2C 00 00 00 00 2C 00 00 00 00 2C 00
2024-09-20 17:07:33,176 - 接收 : 00 00 00 0D 0A
2024-09-20 17:07:33,272 - 接收 : A9 9A 34 25 3A
2024-09-20 17:07:33,288 - 接收 : CE B8 2C 00 00 3A 9B 2C 18 2D 09 2D 14 20 11 3A
2024-09-20 17:07:33,304 - 接收 : 07 3A 19 2C 48 18 2C 00 00 2C 00 00 00 00 2C
2024-09-20 17:07:33,320 - 接收 : 00 00 00 00 2C 00 00 00 00 2C 00 00 00 00 0D
2024-09-20 17:07:33,336 - 接收 : 0A
2024-09-20 17:07:33,431 - 接收 : A9 9A 34 25 3A CE B8 2C 00 00
2024-09-20 17:07:33,447 - 接收 : 3A 9C 2C 18 2D 09 2D 14 20 11 3A 07 3A 19 2C
2024-09-20 17:07:33,464 - 接收 : 48 18 2C 00 00 2C 00 00 00 00 2C 00 00 00 00 2C
2024-09-20 17:07:33,480 - 接收 : 00 00 00 00 2C 00 00 00 00 0D 0A
2024-09-20 17:07:33,592 - 接收 : A9 9A 34 25 3A CE B8 2C 00 00 3A 9D 2C 18 2D
2024-09-20 17:07:33,608 - 接收 : 09 2D 14 20 11 3A 07 3A 19 2C 48 18 2C 00 00
2024-09-20 17:07:33,624 - 接收 : 2C 00 00 00 00 2C 00 00 00 00 2C 00 00 00 00
2024-09-20 17:07:33,640 - 接收 : 2C 00 00 00 00 0D 0A
2024-09-20 17:07:33,735 - 接收 : A9 9A 34 25
2024-09-20 17:07:33,751 - 接收 : 3A CE C2 2C 00 00 3A 9E 2C 18 2D 09 2D 14 20
2024-09-20 17:07:33,767 - 接收 : 11 3A 07 3A 19 2C 48 18 2C 01 2E 2C 00 00 A2 AD
2024-09-20 17:07:33,783 - 接收 : 2C 00 00 00 00 2C 00 00 00 00 2C 00 00 3A 90
2024-09-20 17:07:33,799 - 接收 : 0D 0A
2024-09-20 17:07:33,896 - 接收 : A9 9A 34 25 3A CE B8 2C 00
2024-09-20 17:07:33,912 - 接收 : 00 3A 9F 2C 18 2D 09 2D 14 20 11 3A 07 3A 19
2024-09-20 17:07:33,928 - 接收 : 2C 48 18 2C 00 00 2C 00 00 00 00 2C 00 00 00
2024-09-20 17:07:33,944 - 接收 : 00 2C 00 00 00 00 2C 00 00 00 00 0D 0A
2024-09-20 17:07:40,115 - 接收 : A9 9A 34
2024-09-20 17:07:40,131 - 接收 : 25 3A CE B8 2C 00 00 3A A0 2C 18 2D 09 2D 14
2024-09-20 17:07:40,147 - 接收 : 20 11 3A 07 3A 20 2C 48 11 2C 00 00 2C 00 00 00
2024-09-20 17:07:40,162 - 接收 : 00 2C 00 00 00 00 2C 00 00 00 00 2C 00 00 00
2024-09-20 17:07:40,179 - 接收 : 00 0D 0A
2024-09-20 17:07:40,275 - 接收 : A9 9A 34 25 3A CE B8 2C
2024-09-20 17:07:40,290 - 接收 : 00 00 3A A1 2C 18 2D 09 2D 14 20 11 3A 07 3A
2024-09-20 17:07:40,306 - 接收 : 20 2C 48 11 2C 00 00 2C 00 00 00 00 2C 00 00
2024-09-20 17:07:40,325 - 接收 : 00 00 2C 00 00 00 00 2C 00 00 00 00 0D 0A
2024-09-20 17:07:40,434 - 接收 : A9 9A 34 25 3A CE B8 2C 00 00 3A A2
2024-09-20 17:07:40,451 - 接收 : 2C 18 2D 09 2D 14 20 11 3A 07 3A 20 2C 48 11 2C
2024-09-20 17:07:40,467 - 接收 : 00 00 2C 00 00 00 00 2C 00 00 00 00 2C 00 00
2024-09-20 17:07:40,482 - 接收 : 00 00 2C 00 00 00 00 0D 0A
2024-09-20 17:07:40,578 - 接收 : A9 9A
2024-09-20 17:07:40,594 - 接收 : 34 25 3A CE B8 2C 00 00 3A A3 2C 18 2D 09 2D
2024-09-20 17:07:40,610 - 接收 : 14 20 11 3A 07 3A 20 2C 48 11 2C 00 00 2C 00
2024-09-20 17:07:40,626 - 接收 : 00 00 00 2C 00 00 00 00 2C 00 00 00 00 2C 00 00
2024-09-20 17:07:40,642 - 接收 : 00 00 0D 0A
2024-09-20 17:07:40,738 - 接收 : A9 9A 34 25 3A CE
2024-09-20 17:07:40,754 - 接收 : C2 2C 00 00 3A A4 2C 18 2D 09 2D 14 20 11 3A 07
2024-09-20 17:07:40,770 - 接收 : 3A 20 2C 48 11 2C 01 2E 2C 00 00 A2 AE 2C 00
2024-09-20 17:07:40,786 - 接收 : 00 00 00 2C 00 00 00 00 2C 00 00 3A 90 0D 0A
2024-09-20 17:07:40,898 - 接收 : A9 9A 34 25 3A CE B8 2C 00 00 3A
2024-09-20 17:07:40,914 - 接收 : A5 2C 18 2D 09 2D 14 20 11 3A 07 3A 20 2C 48
2024-09-20 17:07:40,930 - 接收 : 11 2C 00 00 2C 00 00 00 00 2C 00 00 00 00 2C 00
2024-09-20 17:07:40,946 - 接收 : 00 00 00 2C 00 00 00 00 0D 0A
2024-09-20 17:07:45,119 - 接收 : A9 9A 34 25 3A CE
2024-09-20 17:07:45,135 - 接收 : B8 2C 00 00 3A A6 2C 18 2D 09 2D 14 20 11 3A
2024-09-20 17:07:45,151 - 接收 : 07 3A 25 2C 48 18 2C 00 00 2C 00 00 00 00 2C 00
2024-09-20 17:07:45,166 - 接收 : 00 00 00 2C 00 00 00 00 2C 00 00 00 00 0D 0A
2024-09-20 17:07:45,278 - 接收 : A9 9A 34 25 3A CE B8 2C 00 00 3A
2024-09-20 17:07:45,294 - 接收 : A7 2C 18 2D 09 2D 14 20 11 3A 07 3A 25 2C 48
2024-09-20 17:07:45,310 - 接收 : 18 2C 00 00 2C 00 00 00 00 2C 00 00 00 00 2C
2024-09-20 17:07:45,327 - 接收 : 00 00 00 00 2C 00 00 00 00 0D 0A
2024-09-20 17:07:45,439 - 接收 : A9 9A 34 25 3A CE B8 2C 00 00 3A A8 2C 18 2D
2024-09-20 17:07:45,455 - 接收 : 09 2D 14 20 11 3A 07 3A 25 2C 48 18 2C 00 00 2C
2024-09-20 17:07:45,471 - 接收 : 00 00 00 00 2C 00 00 00 00 2C 00 00 00 00 2C
2024-09-20 17:07:45,487 - 接收 : 00 00 00 00 0D 0A
2024-09-20 17:07:45,582 - 接收 : A9 9A 34 25 3A
2024-09-20 17:07:45,598 - 接收 : CE B8 2C 00 00 3A A9 2C 18 2D 09 2D 14 20 11
2024-09-20 17:07:45,614 - 接收 : 3A 07 3A 25 2C 48 18 2C 00 00 2C 00 00 00 00
2024-09-20 17:07:45,630 - 接收 : 2C 00 00 00 00 2C 00 00 00 00 2C 00 00 00 00 0D
2024-09-20 17:07:45,646 - 接收 : 0A
2024-09-20 17:07:45,742 - 接收 : A9 9A 34 25 3A CE C2 2C 00
2024-09-20 17:07:45,758 - 接收 : 00 3A AA 2C 18 2D 09 2D 14 20 11 3A 07 3A 25 2C
2024-09-20 17:07:45,774 - 接收 : 48 18 2C 01 2E 2C 00 00 A2 AD 2C 00 00 00 00
2024-09-20 17:07:45,790 - 接收 : 2C 00 00 00 00 2C 00 00 3A 90 0D 0A
2024-09-20 17:07:45,901 - 接收 : A9 9A 34 25 3A CE B8 2C 00 00 3A AB 2C 18
2024-09-20 17:07:45,918 - 接收 : 2D 09 2D 14 20 11 3A 07 3A 25 2C 48 18 2C 00
2024-09-20 17:07:45,934 - 接收 : 00 2C 00 00 00 00 2C 00 00 00 00 2C 00 00 00 00
2024-09-20 17:07:45,950 - 接收 : 2C 00 00 00 00 0D 0A
2024-09-20 17:07:52,121 - 接收 : A9 9A 34 25 3A CE B8 2C
2024-09-20 17:07:52,136 - 接收 : 00 00 3A AC 2C 18 2D 09 2D 14 20 11 3A 07 3A 2C
2024-09-20 17:07:52,152 - 接收 : 2C 48 18 2C 00 00 2C 00 00 00 00 2C 00 00 00
2024-09-20 17:07:52,169 - 接收 : 00 2C 00 00 00 00 2C 00 00 00 00 0D 0A
2024-09-20 17:07:52,281 - 接收 : A9 9A 34 25 3A CE B8 2C 00 00 3A AD 2C
2024-09-20 17:07:52,296 - 接收 : 18 2D 09 2D 14 20 11 3A 07 3A 2C 2C 48 18 2C
2024-09-20 17:07:52,312 - 接收 : 00 00 2C 00 00 00 00 2C 00 00 00 00 2C 00 00 00
2024-09-20 17:07:52,332 - 接收 : 00 2C 00 00 00 00 0D 0A
2024-09-20 17:07:52,425 - 接收 : A9 9A
2024-09-20 17:07:52,441 - 接收 : 34 25 3A CE B8 2C 00 00 3A AE 2C 18 2D 09 2D 14
2024-09-20 17:07:52,457 - 接收 : 20 11 3A 07 3A 2C 2C 48 18 2C 00 00 2C 00 00
2024-09-20 17:07:52,473 - 接收 : 00 00 2C 00 00 00 00 2C 00 00 00 00 2C 00 00
2024-09-20 17:07:52,489 - 接收 : 00 00 0D 0A
2024-09-20 17:07:52,585 - 接收 : A9 9A 34 25 3A CE B8
2024-09-20 17:07:52,601 - 接收 : 2C 00 00 3A AF 2C 18 2D 09 2D 14 20 11 3A 07
2024-09-20 17:07:52,617 - 接收 : 3A 2C 2C 48 18 2C 00 00 2C 00 00 00 00 2C 00 00
2024-09-20 17:07:52,632 - 接收 : 00 00 2C 00 00 00 00 2C 00 00 00 00 0D 0A
2024-09-20 17:07:52,744 - 接收 : A9 9A 34 25 3A CE C2 2C 00 00 3A B0
2024-09-20 17:07:52,760 - 接收 : 2C 18 2D 09 2D 14 20 11 3A 07 3A 2C 2C 48 18
2024-09-20 17:07:52,776 - 接收 : 2C 01 2E 2C 00 00 A2 AE 2C 00 00 00 00 2C 00
2024-09-20 17:07:52,792 - 接收 : 00 00 00 2C 00 00 3A 90 0D 0A
2024-09-20 17:07:52,889 - 接收 : A9
2024-09-20 17:07:52,904 - 接收 : 9A 34 25 3A CE B8 2C 00 00 3A B1 2C 18 2D 09
2024-09-20 17:07:52,920 - 接收 : 2D 14 20 11 3A 07 3A 2C 2C 48 18 2C 00 00 2C 00
2024-09-20 17:07:52,936 - 接收 : 00 00 00 2C 00 00 00 00 2C 00 00 00 00 2C 00
2024-09-20 17:07:52,952 - 接收 : 00 00 00 0D 0A
2024-09-20 17:07:57,125 - 接收 : A9 9A 34 25 3A CE B8 2C 00 00 3A B2 2C 18 2D
2024-09-20 17:07:57,141 - 接收 : 09 2D 14 20 11 3A 07 3A 31 2C 48 18 2C 00 00
2024-09-20 17:07:57,156 - 接收 : 2C 00 00 00 00 2C 00 00 00 00 2C 00 00 00 00 2C
2024-09-20 17:07:57,173 - 接收 : 00 00 00 00 0D 0A
2024-09-20 17:07:57,269 - 接收 : A9 9A 34 25
2024-09-20 17:07:57,285 - 接收 : 3A CE B8 2C 00 00 3A B3 2C 18 2D 09 2D 14 20 11
2024-09-20 17:07:57,301 - 接收 : 3A 07 3A 31 2C 48 18 2C 00 00 2C 00 00 00 00
2024-09-20 17:07:57,317 - 接收 : 2C 00 00 00 00 2C 00 00 00 00 2C 00 00 00 00
2024-09-20 17:07:57,333 - 接收 : 0D 0A
2024-09-20 17:07:57,429 - 接收 : A9 9A 34 25 3A CE B8 2C 00
2024-09-20 17:07:57,445 - 接收 : 00 3A B4 2C 18 2D 09 2D 14 20 11 3A 07 3A 31
2024-09-20 17:07:57,461 - 接收 : 2C 48 18 2C 00 00 2C 00 00 00 00 2C 00 00 00 00
2024-09-20 17:07:57,477 - 接收 : 2C 00 00 00 00 2C 00 00 00 00 0D 0A
2024-09-20 17:07:57,589 - 接收 : A9 9A 34 25 3A CE B8 2C 00 00 3A B5 2C 18
2024-09-20 17:07:57,605 - 接收 : 2D 09 2D 14 20 11 3A 07 3A 31 2C 48 18 2C 00
2024-09-20 17:07:57,621 - 接收 : 00 2C 00 00 00 00 2C 00 00 00 00 2C 00 00 00
2024-09-20 17:07:57,637 - 接收 : 00 2C 00 00 00 00 0D 0A
2024-09-20 17:07:57,732 - 接收 : A9 9A 34
2024-09-20 17:07:57,748 - 接收 : 25 3A CE C2 2C 00 00 3A B6 2C 18 2D 09 2D 14
2024-09-20 17:07:57,764 - 接收 : 20 11 3A 07 3A 31 2C 48 18 2C 01 2E 2C 00 00 A2
2024-09-20 17:07:57,780 - 接收 : AC 2C 00 00 00 00 2C 00 00 00 00 2C 00 00 3A
2024-09-20 17:07:57,796 - 接收 : 90 0D 0A
2024-09-20 17:07:57,892 - 接收 : A9 9A 34 25 3A CE B8 2C
2024-09-20 17:07:57,908 - 接收 : 00 00 3A B7 2C 18 2D 09 2D 14 20 11 3A 07 3A
2024-09-20 17:07:57,924 - 接收 : 31 2C 48 18 2C 00 00 2C 00 00 00 00 2C 00 00
2024-09-20 17:07:57,940 - 接收 : 00 00 2C 00 00 00 00 2C 00 00 00 00 0D 0A
2024-09-20 17:08:04,112 - 接收 : A9
2024-09-20 17:08:04,128 - 接收 : 9A 34 25 3A CE B8 2C 00 00 3A B8 2C 18 2D 09 2D
2024-09-20 17:08:04,144 - 接收 : 14 20 11 3A 07 3A 38 2C 48 11 2C 00 00 2C 00
2024-09-20 17:08:04,160 - 接收 : 00 00 00 2C 00 00 00 00 2C 00 00 00 00 2C 00
2024-09-20 17:08:04,175 - 接收 : 00 00 00 0D 0A
2024-09-20 17:08:04,272 - 接收 : A9 9A 34 25 3A CE
2024-09-20 17:08:04,288 - 接收 : B8 2C 00 00 3A B9 2C 18 2D 09 2D 14 20 11 3A
2024-09-20 17:08:04,303 - 接收 : 07 3A 38 2C 48 11 2C 00 00 2C 00 00 00 00 2C 00
2024-09-20 17:08:04,320 - 接收 : 00 00 00 2C 00 00 00 00 2C 00 00 00 00 0D 0A
2024-09-20 17:08:04,431 - 接收 : A9 9A 34 25 3A CE B8 2C 00 00 3A
2024-09-20 17:08:04,447 - 接收 : BA 2C 18 2D 09 2D 14 20 11 3A 07 3A 38 2C 48
2024-09-20 17:08:04,463 - 接收 : 11 2C 00 00 2C 00 00 00 00 2C 00 00 00 00 2C
2024-09-20 17:08:04,479 - 接收 : 00 00 00 00 2C 00 00 00 00 0D 0A
2024-09-20 17:08:04,591 - 接收 : A9 9A 34 25 3A CE B8 2C 00 00 3A BB 2C 18 2D
2024-09-20 17:08:04,607 - 接收 : 09 2D 14 20 11 3A 07 3A 38 2C 48 11 2C 00 00 2C
2024-09-20 17:08:04,623 - 接收 : 00 00 00 00 2C 00 00 00 00 2C 00 00 00 00 2C
2024-09-20 17:08:04,639 - 接收 : 00 00 00 00 0D 0A
2024-09-20 17:08:04,734 - 接收 : A9 9A 34 25 3A
2024-09-20 17:08:04,750 - 接收 : CE C2 2C 00 00 3A BC 2C 18 2D 09 2D 14 20 11
2024-09-20 17:08:04,766 - 接收 : 3A 07 3A 38 2C 48 11 2C 01 2E 2C 00 00 A2 AE
2024-09-20 17:08:04,782 - 接收 : 2C 00 00 00 00 2C 00 00 00 00 2C 00 00 3A 90 0D
2024-09-20 17:08:04,798 - 接收 : 0A
2024-09-20 17:08:04,894 - 接收 : A9 9A 34 25 3A CE B8 2C 00
2024-09-20 17:08:04,911 - 接收 : 00 3A BD 2C 18 2D 09 2D 14 20 11 3A 07 3A 38 2C
2024-09-20 17:08:04,926 - 接收 : 48 11 2C 00 00 2C 00 00 00 00 2C 00 00 00 00
2024-09-20 17:08:04,942 - 接收 : 2C 00 00 00 00 2C 00 00 00 00 0D 0A
2024-09-20 17:08:09,115 - 接收 : A9 9A 34 25
2024-09-20 17:08:09,131 - 接收 : 3A CE B8 2C 00 00 3A BE 2C 18 2D 09 2D 14 20
2024-09-20 17:08:09,147 - 接收 : 11 3A 08 3A 01 2C 48 11 2C 00 00 2C 00 00 00 00
2024-09-20 17:08:09,163 - 接收 : 2C 00 00 00 00 2C 00 00 00 00 2C 00 00 00 00
2024-09-20 17:08:09,179 - 接收 : 0D 0A
2024-09-20 17:08:09,275 - 接收 : A9 9A 34 25 3A CE B8 2C 00
2024-09-20 17:08:09,291 - 接收 : 00 3A BF 2C 18 2D 09 2D 14 20 11 3A 08 3A 01
2024-09-20 17:08:09,307 - 接收 : 2C 48 11 2C 00 00 2C 00 00 00 00 2C 00 00 00
2024-09-20 17:08:09,323 - 接收 : 00 2C 00 00 00 00 2C 00 00 00 00 0D 0A
2024-09-20 17:08:09,435 - 接收 : A9 9A 34 25 3A CE B8 2C 00 00 3A C0 2C
2024-09-20 17:08:09,451 - 接收 : 18 2D 09 2D 14 20 11 3A 08 3A 01 2C 48 11 2C 00
2024-09-20 17:08:09,468 - 接收 : 00 2C 00 00 00 00 2C 00 00 00 00 2C 00 00 00
2024-09-20 17:08:09,483 - 接收 : 00 2C 00 00 00 00 0D 0A
2024-09-20 17:08:09,579 - 接收 : A9 9A 34
2024-09-20 17:08:09,594 - 接收 : 25 3A CE B8 2C 00 00 3A C1 2C 18 2D 09 2D 14
2024-09-20 17:08:09,611 - 接收 : 20 11 3A 08 3A 01 2C 48 11 2C 00 00 2C 00 00
2024-09-20 17:08:09,627 - 接收 : 00 00 2C 00 00 00 00 2C 00 00 00 00 2C 00 00 00
2024-09-20 17:08:09,643 - 接收 : 00 0D 0A
2024-09-20 17:08:09,739 - 接收 : A9 9A 34 25 3A CE C2
2024-09-20 17:08:09,755 - 接收 : 2C 00 00 3A C2 2C 18 2D 09 2D 14 20 11 3A 08 3A
2024-09-20 17:08:09,771 - 接收 : 01 2C 48 11 2C 01 2E 2C 00 00 A2 AC 2C 00 00
2024-09-20 17:08:09,787 - 接收 : 00 00 2C 00 00 00 00 2C 00 00 3A 90 0D 0A
2024-09-20 17:08:09,899 - 接收 : A9 9A 34 25 3A CE B8 2C 00 00 3A C3
2024-09-20 17:08:09,915 - 接收 : 2C 18 2D 09 2D 14 20 11 3A 08 3A 01 2C 48 11
2024-09-20 17:08:09,931 - 接收 : 2C 00 00 2C 00 00 00 00 2C 00 00 00 00 2C 00 00
2024-09-20 17:08:09,947 - 接收 : 00 00 2C 00 00 00 00 0D 0A
2024-09-20 17:08:16,118 - 接收 : A9 9A 34 25 3A CE
2024-09-20 17:08:16,134 - 接收 : B8 2C 00 00 3A C4 2C 18 2D 09 2D 14 20 11 3A 08
2024-09-20 17:08:16,149 - 接收 : 3A 08 2C 48 11 2C 00 00 2C 00 00 00 00 2C 00
2024-09-20 17:08:16,165 - 接收 : 00 00 00 2C 00 00 00 00 2C 00 00 00 00 0D 0A
2024-09-20 17:08:16,277 - 接收 : A9 9A 34 25 3A CE B8 2C 00 00 3A
2024-09-20 17:08:16,293 - 接收 : C5 2C 18 2D 09 2D 14 20 11 3A 08 3A 08 2C 48
2024-09-20 17:08:16,310 - 接收 : 11 2C 00 00 2C 00 00 00 00 2C 00 00 00 00 2C 00
2024-09-20 17:08:16,325 - 接收 : 00 00 00 2C 00 00 00 00 0D 0A
2024-09-20 17:08:16,437 - 接收 : A9 9A 34 25 3A CE B8 2C 00 00 3A C6 2C 18 2D 09
2024-09-20 17:08:16,453 - 接收 : 2D 14 20 11 3A 08 3A 08 2C 48 11 2C 00 00 2C
2024-09-20 17:08:16,469 - 接收 : 00 00 00 00 2C 00 00 00 00 2C 00 00 00 00 2C
2024-09-20 17:08:16,485 - 接收 : 00 00 00 00 0D 0A
2024-09-20 17:08:16,581 - 接收 : A9 9A 34 25 3A
2024-09-20 17:08:16,597 - 接收 : CE B8 2C 00 00 3A C7 2C 18 2D 09 2D 14 20 11
2024-09-20 17:08:16,613 - 接收 : 3A 08 3A 08 2C 48 11 2C 00 00 2C 00 00 00 00 2C
2024-09-20 17:08:16,629 - 接收 : 00 00 00 00 2C 00 00 00 00 2C 00 00 00 00 0D
2024-09-20 17:08:16,664 - 接收 : 0A
2024-09-20 17:08:16,741 - 接收 : A9 9A 34 25 3A CE C2 2C 00 00
2024-09-20 17:08:16,757 - 接收 : 3A C8 2C 18 2D 09 2D 14 20 11 3A 08 3A 08 2C
2024-09-20 17:08:16,773 - 接收 : 48 11 2C 01 2E 2C 00 00 A2 AE 2C 00 00 00 00
2024-09-20 17:08:16,789 - 接收 : 2C 00 00 00 00 2C 00 00 3A 90 0D 0A
2024-09-20 17:08:16,901 - 接收 : A9 9A 34 25 3A CE B8 2C 00 00 3A C9 2C 18
2024-09-20 17:08:16,917 - 接收 : 2D 09 2D 14 20 11 3A 08 3A 08 2C 48 11 2C 00 00
2024-09-20 17:08:16,933 - 接收 : 2C 00 00 00 00 2C 00 00 00 00 2C 00 00 00 00
2024-09-20 17:08:16,949 - 接收 : 2C 00 00 00 00 0D 0A
2024-09-20 17:08:21,122 - 接收 : A9 9A 34 25 3A CE B8 2C 00
2024-09-20 17:08:21,138 - 接收 : 00 3A CA 2C 18 2D 09 2D 14 20 11 3A 08 3A 0D 2C
2024-09-20 17:08:21,154 - 接收 : 48 11 2C 00 00 2C 00 00 00 00 2C 00 00 00 00
2024-09-20 17:08:21,170 - 接收 : 2C 00 00 00 00 2C 00 00 00 00 0D 0A
2024-09-20 17:08:21,282 - 接收 : A9 9A 34 25 3A CE B8 2C 00 00 3A CB 2C 18
2024-09-20 17:08:21,298 - 接收 : 2D 09 2D 14 20 11 3A 08 3A 0D 2C 48 11 2C 00
2024-09-20 17:08:21,314 - 接收 : 00 2C 00 00 00 00 2C 00 00 00 00 2C 00 00 00 00
2024-09-20 17:08:21,329 - 接收 : 2C 00 00 00 00 0D 0A
2024-09-20 17:08:21,425 - 接收 : A9 9A 34
2024-09-20 17:08:21,441 - 接收 : 25 3A CE B8 2C 00 00 3A CC 2C 18 2D 09 2D 14 20
2024-09-20 17:08:21,458 - 接收 : 11 3A 08 3A 0D 2C 48 11 2C 00 00 2C 00 00 00
2024-09-20 17:08:21,474 - 接收 : 00 2C 00 00 00 00 2C 00 00 00 00 2C 00 00 00
2024-09-20 17:08:21,489 - 接收 : 00 0D 0A
2024-09-20 17:08:21,585 - 接收 : A9 9A 34 25 3A CE B8 2C
2024-09-20 17:08:21,601 - 接收 : 00 00 3A CD 2C 18 2D 09 2D 14 20 11 3A 08 3A
2024-09-20 17:08:21,617 - 接收 : 0D 2C 48 11 2C 00 00 2C 00 00 00 00 2C 00 00 00
2024-09-20 17:08:21,633 - 接收 : 00 2C 00 00 00 00 2C 00 00 00 00 0D 0A
2024-09-20 17:08:21,745 - 接收 : A9 9A 34 25 3A CE C2 2C 00 00 3A CE 2C
2024-09-20 17:08:21,761 - 接收 : 18 2D 09 2D 14 20 11 3A 08 3A 0D 2C 48 11 2C
2024-09-20 17:08:21,777 - 接收 : 01 2E 2C 00 00 A2 AD 2C 00 00 00 00 2C 00 00
2024-09-20 17:08:21,793 - 接收 : 00 00 2C 00 00 3A 90 0D 0A
2024-09-20 17:08:21,889 - 接收 : A9 9A
2024-09-20 17:08:21,905 - 接收 : 34 25 3A CE B8 2C 00 00 3A CF 2C 18 2D 09 2D
2024-09-20 17:08:21,921 - 接收 : 14 20 11 3A 08 3A 0D 2C 48 11 2C 00 00 2C 00 00
2024-09-20 17:08:21,937 - 接收 : 00 00 2C 00 00 00 00 2C 00 00 00 00 2C 00 00
2024-09-20 17:08:21,953 - 接收 : 00 00 0D 0A
2024-09-20 17:08:28,112 - 接收 : A9 9A 34
2024-09-20 17:08:28,128 - 接收 : 25 3A CE B8 2C 00 00 3A D0 2C 18 2D 09 2D 14
2024-09-20 17:08:28,144 - 接收 : 20 11 3A 08 3A 14 2C 48 18 2C 00 00 2C 00 00
2024-09-20 17:08:28,160 - 接收 : 00 00 2C 00 00 00 00 2C 00 00 00 00 2C 00 00 00
2024-09-20 17:08:28,176 - 接收 : 00 0D 0A
2024-09-20 17:08:28,272 - 接收 : A9 9A 34 25 3A CE B8
2024-09-20 17:08:28,288 - 接收 : 2C 00 00 3A D1 2C 18 2D 09 2D 14 20 11 3A 08 3A
2024-09-20 17:08:28,303 - 接收 : 14 2C 48 18 2C 00 00 2C 00 00 00 00 2C 00 00
2024-09-20 17:08:28,320 - 接收 : 00 00 2C 00 00 00 00 2C 00 00 00 00 0D 0A
2024-09-20 17:08:28,432 - 接收 : A9 9A 34 25 3A CE B8 2C 00 00 3A D2
2024-09-20 17:08:28,448 - 接收 : 2C 18 2D 09 2D 14 20 11 3A 08 3A 14 2C 48 18 2C
2024-09-20 17:08:28,464 - 接收 : 00 00 2C 00 00 00 00 2C 00 00 00 00 2C 00 00
2024-09-20 17:08:28,479 - 接收 : 00 00 2C 00 00 00 00 0D 0A
2024-09-20 17:08:28,575 - 接收 : A9 9A
2024-09-20 17:08:28,592 - 接收 : 34 25 3A CE B8 2C 00 00 3A D3 2C 18 2D 09 2D
2024-09-20 17:08:28,608 - 接收 : 14 20 11 3A 08 3A 14 2C 48 18 2C 00 00 2C 00
2024-09-20 17:08:28,624 - 接收 : 00 00 00 2C 00 00 00 00 2C 00 00 00 00 2C 00 00
2024-09-20 17:08:28,640 - 接收 : 00 00 0D 0A
2024-09-20 17:08:28,735 - 接收 : A9 9A 34 25 3A CE
2024-09-20 17:08:28,751 - 接收 : C2 2C 00 00 3A D4 2C 18 2D 09 2D 14 20 11 3A 08
2024-09-20 17:08:28,767 - 接收 : 3A 14 2C 48 18 2C 01 2E 2C 00 00 A2 A9 2C 00
2024-09-20 17:08:28,783 - 接收 : 00 00 00 2C 00 00 00 00 2C 00 00 3A 8F 0D 0A
2024-09-20 17:08:28,896 - 接收 : A9 9A 34 25 3A CE B8 2C 00 00 3A
2024-09-20 17:08:28,911 - 接收 : D5 2C 18 2D 09 2D 14 20 11 3A 08 3A 14 2C 48
2024-09-20 17:08:28,927 - 接收 : 18 2C 00 00 2C 00 00 00 00 2C 00 00 00 00 2C 00
2024-09-20 17:08:28,943 - 接收 : 00 00 00 2C 00 00 00 00 0D 0A
2024-09-20 17:08:33,118 - 接收 : A9 9A 34 25 3A CE B8 2C
2024-09-20 17:08:33,134 - 接收 : 00 00 3A D6 2C 18 2D 09 2D 14 20 11 3A 08 3A 19
2024-09-20 17:08:33,150 - 接收 : 2C 48 11 2C 00 00 2C 00 00 00 00 2C 00 00 00
2024-09-20 17:08:33,172 - 接收 : 00 2C 00 00 00 00 2C 00 00 00 00 0D 0A
2024-09-20 17:08:33,278 - 接收 : A9 9A 34 25 3A CE B8 2C 00 00 3A D7 2C
2024-09-20 17:08:33,294 - 接收 : 18 2D 09 2D 14 20 11 3A 08 3A 19 2C 48 11 2C 00
2024-09-20 17:08:33,311 - 接收 : 00 2C 00 00 00 00 2C 00 00 00 00 2C 00 00 00
2024-09-20 17:08:33,327 - 接收 : 00 2C 00 00 00 00 0D 0A
2024-09-20 17:08:33,423 - 接收 : A9 9A 34
2024-09-20 17:08:33,439 - 接收 : 25 3A CE B8 2C 00 00 3A D8 2C 18 2D 09 2D 14
2024-09-20 17:08:33,455 - 接收 : 20 11 3A 08 3A 19 2C 48 11 2C 00 00 2C 00 00
2024-09-20 17:08:33,471 - 接收 : 00 00 2C 00 00 00 00 2C 00 00 00 00 2C 00 00 00
2024-09-20 17:08:33,487 - 接收 : 00 0D 0A
2024-09-20 17:08:33,582 - 接收 : A9 9A 34 25 3A CE B8
2024-09-20 17:08:33,599 - 接收 : 2C 00 00 3A D9 2C 18 2D 09 2D 14 20 11 3A 08 3A
2024-09-20 17:08:33,615 - 接收 : 19 2C 48 11 2C 00 00 2C 00 00 00 00 2C 00 00
2024-09-20 17:08:33,631 - 接收 : 00 00 2C 00 00 00 00 2C 00 00 00 00 0D 0A
2024-09-20 17:08:33,742 - 接收 : A9 9A 34 25 3A CE C2 2C 00 00 3A DA
2024-09-20 17:08:33,758 - 接收 : 2C 18 2D 09 2D 14 20 11 3A 08 3A 19 2C 48 11 2C
2024-09-20 17:08:33,774 - 接收 : 01 2E 2C 00 00 A2 AA 2C 00 00 00 00 2C 00 00
2024-09-20 17:08:33,790 - 接收 : 00 00 2C 00 00 3A 8F 0D 0A
2024-09-20 17:08:33,886 - 接收 : A9 9A
2024-09-20 17:08:33,902 - 接收 : 34 25 3A CE B8 2C 00 00 3A DB 2C 18 2D 09 2D
2024-09-20 17:08:33,918 - 接收 : 14 20 11 3A 08 3A 19 2C 48 11 2C 00 00 2C 00
2024-09-20 17:08:33,934 - 接收 : 00 00 00 2C 00 00 00 00 2C 00 00 00 00 2C 00 00
2024-09-20 17:08:33,951 - 接收 : 00 00 0D 0A
2024-09-20 17:08:40,125 - 接收 : A9 9A 34 25 3A CE B8 2C 00 00 3A DC 2C 18 2D
2024-09-20 17:08:40,142 - 接收 : 09 2D 14 20 11 3A 08 3A 20 2C 48 18 2C 00 00
2024-09-20 17:08:40,157 - 接收 : 2C 00 00 00 00 2C 00 00 00 00 2C 00 00 00 00 2C
2024-09-20 17:08:40,173 - 接收 : 00 00 00 00 0D 0A
2024-09-20 17:08:40,269 - 接收 : A9 9A 34 25
2024-09-20 17:08:40,285 - 接收 : 3A CE B8 2C 00 00 3A DD 2C 18 2D 09 2D 14 20 11
2024-09-20 17:08:40,301 - 接收 : 3A 08 3A 20 2C 48 18 2C 00 00 2C 00 00 00 00
2024-09-20 17:08:40,317 - 接收 : 2C 00 00 00 00 2C 00 00 00 00 2C 00 00 00 00
2024-09-20 17:08:40,333 - 接收 : 0D 0A
2024-09-20 17:08:40,429 - 接收 : A9 9A 34 25 3A CE B8 2C 00
2024-09-20 17:08:40,445 - 接收 : 00 3A DE 2C 18 2D 09 2D 14 20 11 3A 08 3A 20 2C
2024-09-20 17:08:40,461 - 接收 : 48 18 2C 00 00 2C 00 00 00 00 2C 00 00 00 00
2024-09-20 17:08:40,477 - 接收 : 2C 00 00 00 00 2C 00 00 00 00 0D 0A
2024-09-20 17:08:40,589 - 接收 : A9 9A 34 25 3A CE B8 2C 00 00 3A DF 2C 18
2024-09-20 17:08:40,605 - 接收 : 2D 09 2D 14 20 11 3A 08 3A 20 2C 48 18 2C 00
2024-09-20 17:08:40,621 - 接收 : 00 2C 00 00 00 00 2C 00 00 00 00 2C 00 00 00 00
2024-09-20 17:08:40,637 - 接收 : 2C 00 00 00 00 0D 0A
2024-09-20 17:08:40,734 - 接收 : A9 9A 34
2024-09-20 17:08:40,750 - 接收 : 25 3A CE C2 2C 00 00 3A E0 2C 18 2D 09 2D 14 20
2024-09-20 17:08:40,766 - 接收 : 11 3A 08 3A 20 2C 48 18 2C 01 2E 2C 00 00 A2
2024-09-20 17:08:40,781 - 接收 : AD 2C 00 00 00 00 2C 00 00 00 00 2C 00 00 3A
2024-09-20 17:08:40,798 - 接收 : 90 0D 0A
2024-09-20 17:08:40,893 - 接收 : A9 9A 34 25 3A CE B8 2C
2024-09-20 17:08:40,909 - 接收 : 00 00 3A E1 2C 18 2D 09 2D 14 20 11 3A 08 3A 20
2024-09-20 17:08:40,925 - 接收 : 2C 48 18 2C 00 00 2C 00 00 00 00 2C 00 00 00
2024-09-20 17:08:40,941 - 接收 : 00 2C 00 00 00 00 2C 00 00 00 00 0D 0A
2024-09-20 17:08:45,117 - 接收 : A9 9A 34 25 3A CE
2024-09-20 17:08:45,132 - 接收 : B8 2C 00 00 3A E2 2C 18 2D 09 2D 14 20 11 3A
2024-09-20 17:08:45,149 - 接收 : 08 3A 25 2C 48 18 2C 00 00 2C 00 00 00 00 2C
2024-09-20 17:08:45,165 - 接收 : 00 00 00 00 2C 00 00 00 00 2C 00 00 00 00 0D 0A
2024-09-20 17:08:45,277 - 接收 : A9 9A 34 25 3A CE B8 2C 00 00
2024-09-20 17:08:45,293 - 接收 : 3A E3 2C 18 2D 09 2D 14 20 11 3A 08 3A 25 2C 48
2024-09-20 17:08:45,309 - 接收 : 18 2C 00 00 2C 00 00 00 00 2C 00 00 00 00 2C
2024-09-20 17:08:45,325 - 接收 : 00 00 00 00 2C 00 00 00 00 0D 0A
2024-09-20 17:08:45,436 - 接收 : A9 9A 34 25 3A CE B8 2C 00 00 3A E4 2C 18 2D
2024-09-20 17:08:45,453 - 接收 : 09 2D 14 20 11 3A 08 3A 25 2C 48 18 2C 00 00
2024-09-20 17:08:45,469 - 接收 : 2C 00 00 00 00 2C 00 00 00 00 2C 00 00 00 00 2C
2024-09-20 17:08:45,484 - 接收 : 00 00 00 00 0D 0A
2024-09-20 17:08:45,580 - 接收 : A9 9A 34 25
2024-09-20 17:08:45,596 - 接收 : 3A CE B8 2C 00 00 3A E5 2C 18 2D 09 2D 14 20 11
2024-09-20 17:08:45,612 - 接收 : 3A 08 3A 25 2C 48 18 2C 00 00 2C 00 00 00 00
2024-09-20 17:08:45,628 - 接收 : 2C 00 00 00 00 2C 00 00 00 00 2C 00 00 00 00 0D
2024-09-20 17:08:45,644 - 接收 : 0A
2024-09-20 17:08:45,741 - 接收 : A9 9A 34 25 3A CE C2 2C 00
2024-09-20 17:08:45,757 - 接收 : 00 3A E6 2C 18 2D 09 2D 14 20 11 3A 08 3A 25 2C
2024-09-20 17:08:45,773 - 接收 : 48 18 2C 01 2E 2C 00 00 A2 AA 2C 00 00 00 00
2024-09-20 17:08:45,789 - 接收 : 2C 00 00 00 00 2C 00 00 3A 8F 0D 0A
2024-09-20 17:08:45,900 - 接收 : A9 9A 34 25 3A CE B8 2C 00 00 3A E7 2C 18
2024-09-20 17:08:45,916 - 接收 : 2D 09 2D 14 20 11 3A 08 3A 25 2C 48 18 2C 00
2024-09-20 17:08:45,933 - 接收 : 00 2C 00 00 00 00 2C 00 00 00 00 2C 00 00 00 00
2024-09-20 17:08:45,949 - 接收 : 2C 00 00 00 00 0D 0A
2024-09-20 17:08:52,122 - 接收 : A9 9A 34 25 3A CE B8 2C 00 00 3A
2024-09-20 17:08:52,138 - 接收 : E8 2C 18 2D 09 2D 14 20 11 3A 08 3A 2C 2C 48
2024-09-20 17:08:52,154 - 接收 : 18 2C 00 00 2C 00 00 00 00 2C 00 00 00 00 2C 00
2024-09-20 17:08:52,170 - 接收 : 00 00 00 2C 00 00 00 00 0D 0A
2024-09-20 17:08:52,282 - 接收 : A9 9A 34 25 3A CE B8 2C 00 00 3A E9 2C 18 2D 09
2024-09-20 17:08:52,298 - 接收 : 2D 14 20 11 3A 08 3A 2C 2C 48 18 2C 00 00 2C
2024-09-20 17:08:52,314 - 接收 : 00 00 00 00 2C 00 00 00 00 2C 00 00 00 00 2C
2024-09-20 17:08:52,330 - 接收 : 00 00 00 00 0D 0A
2024-09-20 17:08:52,426 - 接收 : A9 9A 34 25 3A
2024-09-20 17:08:52,442 - 接收 : CE B8 2C 00 00 3A EA 2C 18 2D 09 2D 14 20 11
2024-09-20 17:08:52,458 - 接收 : 3A 08 3A 2C 2C 48 18 2C 00 00 2C 00 00 00 00 2C
2024-09-20 17:08:52,474 - 接收 : 00 00 00 00 2C 00 00 00 00 2C 00 00 00 00 0D
2024-09-20 17:08:52,489 - 接收 : 0A
2024-09-20 17:08:52,586 - 接收 : A9 9A 34 25 3A CE B8 2C 00 00
2024-09-20 17:08:52,601 - 接收 : 3A EB 2C 18 2D 09 2D 14 20 11 3A 08 3A 2C 2C
2024-09-20 17:08:52,618 - 接收 : 48 18 2C 00 00 2C 00 00 00 00 2C 00 00 00 00 2C
2024-09-20 17:08:52,634 - 接收 : 00 00 00 00 2C 00 00 00 00 0D 0A
2024-09-20 17:08:52,746 - 接收 : A9 9A 34 25 3A CE C2 2C 00 00 3A EC 2C 18 2D
2024-09-20 17:08:52,761 - 接收 : 09 2D 14 20 11 3A 08 3A 2C 2C 48 18 2C 01 2E
2024-09-20 17:08:52,777 - 接收 : 2C 00 00 A2 A9 2C 00 00 00 00 2C 00 00 00 00
2024-09-20 17:08:52,795 - 接收 : 2C 00 00 3A 8E 0D 0A
2024-09-20 17:08:52,890 - 接收 : A9 9A 34 25
2024-09-20 17:08:52,906 - 接收 : 3A CE B8 2C 00 00 3A ED 2C 18 2D 09 2D 14 20
2024-09-20 17:08:52,922 - 接收 : 11 3A 08 3A 2C 2C 48 18 2C 00 00 2C 00 00 00 00
2024-09-20 17:08:52,937 - 接收 : 2C 00 00 00 00 2C 00 00 00 00 2C 00 00 00 00
2024-09-20 17:08:52,954 - 接收 : 0D 0A
2024-09-20 17:08:57,113 - 接收 : A9
2024-09-20 17:08:57,129 - 接收 : 9A 34 25 3A CE B8 2C 00 00 3A EE 2C 18 2D 09 2D
2024-09-20 17:08:57,145 - 接收 : 14 20 11 3A 08 3A 31 2C 48 18 2C 00 00 2C 00
2024-09-20 17:08:57,161 - 接收 : 00 00 00 2C 00 00 00 00 2C 00 00 00 00 2C 00
2024-09-20 17:08:57,177 - 接收 : 00 00 00 0D 0A
2024-09-20 17:08:57,273 - 接收 : A9 9A 34 25 3A CE
2024-09-20 17:08:57,289 - 接收 : B8 2C 00 00 3A EF 2C 18 2D 09 2D 14 20 11 3A 08
2024-09-20 17:08:57,305 - 接收 : 3A 31 2C 48 18 2C 00 00 2C 00 00 00 00 2C 00
2024-09-20 17:08:57,321 - 接收 : 00 00 00 2C 00 00 00 00 2C 00 00 00 00 0D 0A
2024-09-20 17:08:57,433 - 接收 : A9 9A 34 25 3A CE B8 2C 00 00 3A
2024-09-20 17:08:57,449 - 接收 : F0 2C 18 2D 09 2D 14 20 11 3A 08 3A 31 2C 48
2024-09-20 17:08:57,465 - 接收 : 18 2C 00 00 2C 00 00 00 00 2C 00 00 00 00 2C 00
2024-09-20 17:08:57,481 - 接收 : 00 00 00 2C 00 00 00 00 0D 0A
2024-09-20 17:08:57,593 - 接收 : A9 9A 34 25 3A CE B8 2C 00 00 3A F1 2C 18 2D 09
2024-09-20 17:08:57,609 - 接收 : 2D 14 20 11 3A 08 3A 31 2C 48 18 2C 00 00 2C
2024-09-20 17:08:57,625 - 接收 : 00 00 00 00 2C 00 00 00 00 2C 00 00 00 00 2C
2024-09-20 17:08:57,641 - 接收 : 00 00 00 00 0D 0A
2024-09-20 17:08:57,737 - 接收 : A9 9A 34 25 3A
2024-09-20 17:08:57,752 - 接收 : CE C2 2C 00 00 3A F2 2C 18 2D 09 2D 14 20 11 3A
2024-09-20 17:08:57,769 - 接收 : 08 3A 31 2C 48 18 2C 01 2E 2C 00 00 A2 AB 2C
2024-09-20 17:08:57,785 - 接收 : 00 00 00 00 2C 00 00 00 00 2C 00 00 3A 8F 0D
2024-09-20 17:08:57,801 - 接收 : 0A
2024-09-20 17:08:57,897 - 接收 : A9 9A 34 25 3A CE B8 2C 00 00
2024-09-20 17:08:57,912 - 接收 : 3A F3 2C 18 2D 09 2D 14 20 11 3A 08 3A 31 2C
2024-09-20 17:08:57,929 - 接收 : 48 18 2C 00 00 2C 00 00 00 00 2C 00 00 00 00 2C
2024-09-20 17:08:57,944 - 接收 : 00 00 00 00 2C 00 00 00 00 0D 0A
2024-09-20 17:09:04,120 - 接收 : A9 9A 34 25 3A CE B8 2C 00 00 3A
2024-09-20 17:09:04,136 - 接收 : F4 2C 18 2D 09 2D 14 20 11 3A 08 3A 38 2C 48
2024-09-20 17:09:04,152 - 接收 : 11 2C 00 00 2C 00 00 00 00 2C 00 00 00 00 2C
2024-09-20 17:09:04,168 - 接收 : 00 00 00 00 2C 00 00 00 00 0D 0A
2024-09-20 17:09:04,280 - 接收 : A9 9A 34 25 3A CE B8 2C 00 00 3A F5 2C 18 2D 09
2024-09-20 17:09:04,296 - 接收 : 2D 14 20 11 3A 08 3A 38 2C 48 11 2C 00 00 2C
2024-09-20 17:09:04,312 - 接收 : 00 00 00 00 2C 00 00 00 00 2C 00 00 00 00 2C
2024-09-20 17:09:04,328 - 接收 : 00 00 00 00 0D 0A
2024-09-20 17:09:04,424 - 接收 : A9 9A 34 25 3A
2024-09-20 17:09:04,440 - 接收 : CE B8 2C 00 00 3A F6 2C 18 2D 09 2D 14 20 11
2024-09-20 17:09:04,456 - 接收 : 3A 08 3A 38 2C 48 11 2C 00 00 2C 00 00 00 00 2C
2024-09-20 17:09:04,472 - 接收 : 00 00 00 00 2C 00 00 00 00 2C 00 00 00 00 0D
2024-09-20 17:09:04,488 - 接收 : 0A
2024-09-20 17:09:04,584 - 接收 : A9 9A 34 25 3A CE B8 2C 00 00
2024-09-20 17:09:04,600 - 接收 : 3A F7 2C 18 2D 09 2D 14 20 11 3A 08 3A 38 2C
2024-09-20 17:09:04,616 - 接收 : 48 11 2C 00 00 2C 00 00 00 00 2C 00 00 00 00
2024-09-20 17:09:04,632 - 接收 : 2C 00 00 00 00 2C 00 00 00 00 0D 0A
2024-09-20 17:09:04,743 - 接收 : A9 9A 34 25 3A CE C2 2C 00 00 3A F8 2C 18 2D
2024-09-20 17:09:04,759 - 接收 : 09 2D 14 20 11 3A 08 3A 38 2C 48 11 2C 01 2E
2024-09-20 17:09:04,775 - 接收 : 2C 00 00 A2 AA 2C 00 00 00 00 2C 00 00 00 00
2024-09-20 17:09:04,794 - 接收 : 2C 00 00 3A 8F 0D 0A
2024-09-20 17:09:04,887 - 接收 : A9 9A 34 25
2024-09-20 17:09:04,903 - 接收 : 3A CE B8 2C 00 00 3A F9 2C 18 2D 09 2D 14 20
2024-09-20 17:09:04,920 - 接收 : 11 3A 08 3A 38 2C 48 11 2C 00 00 2C 00 00 00 00
2024-09-20 17:09:04,936 - 接收 : 2C 00 00 00 00 2C 00 00 00 00 2C 00 00 00 00
2024-09-20 17:09:04,952 - 接收 : 0D 0A
2024-09-20 17:09:09,111 - 接收 : A9
2024-09-20 17:09:09,127 - 接收 : 9A 34 25 3A CE B8 2C 00 00 3A FA 2C 18 2D 09 2D
2024-09-20 17:09:09,143 - 接收 : 14 20 11 3A 09 3A 01 2C 48 11 2C 00 00 2C 00
2024-09-20 17:09:09,159 - 接收 : 00 00 00 2C 00 00 00 00 2C 00 00 00 00 2C 00
2024-09-20 17:09:09,175 - 接收 : 00 00 00 0D 0A
2024-09-20 17:09:09,271 - 接收 : A9 9A 34 25 3A CE
2024-09-20 17:09:09,286 - 接收 : B8 2C 00 00 3A FB 2C 18 2D 09 2D 14 20 11 3A
2024-09-20 17:09:09,303 - 接收 : 09 3A 01 2C 48 11 2C 00 00 2C 00 00 00 00 2C 00
2024-09-20 17:09:09,318 - 接收 : 00 00 00 2C 00 00 00 00 2C 00 00 00 00 0D 0A
2024-09-20 17:09:09,431 - 接收 : A9 9A 34 25 3A CE B8 2C 00 00 3A
2024-09-20 17:09:09,447 - 接收 : FC 2C 18 2D 09 2D 14 20 11 3A 09 3A 01 2C 48
2024-09-20 17:09:09,462 - 接收 : 11 2C 00 00 2C 00 00 00 00 2C 00 00 00 00 2C 00
2024-09-20 17:09:09,479 - 接收 : 00 00 00 2C 00 00 00 00 0D 0A
2024-09-20 17:09:09,591 - 接收 : A9 9A 34 25 3A CE B8 2C 00 00 3A FD 2C 18 2D 09
2024-09-20 17:09:09,607 - 接收 : 2D 14 20 11 3A 09 3A 01 2C 48 11 2C 00 00 2C
2024-09-20 17:09:09,622 - 接收 : 00 00 00 00 2C 00 00 00 00 2C 00 00 00 00 2C
2024-09-20 17:09:09,639 - 接收 : 00 00 00 00 0D 0A
2024-09-20 17:09:09,735 - 接收 : A9 9A 34 25 3A
2024-09-20 17:09:09,750 - 接收 : CE C2 2C 00 00 3A FE 2C 18 2D 09 2D 14 20 11
2024-09-20 17:09:09,766 - 接收 : 3A 09 3A 01 2C 48 11 2C 01 2E 2C 00 00 A2 AA 2C
2024-09-20 17:09:09,783 - 接收 : 00 00 00 00 2C 00 00 00 00 2C 00 00 3A 8F 0D
2024-09-20 17:09:09,799 - 接收 : 0A
2024-09-20 17:09:09,895 - 接收 : A9 9A 34 25 3A CE B8 2C 00 00
2024-09-20 17:09:09,911 - 接收 : 3A FF 2C 18 2D 09 2D 14 20 11 3A 09 3A 01 2C
2024-09-20 17:09:09,927 - 接收 : 48 11 2C 00 00 2C 00 00 00 00 2C 00 00 00 00 2C
2024-09-20 17:09:09,942 - 接收 : 00 00 00 00 2C 00 00 00 00 0D 0A
2024-09-20 17:09:16,118 - 接收 : A9 9A 34 25 3A CE B8 2C
2024-09-20 17:09:16,133 - 接收 : 00 00 3B 00 2C 18 2D 09 2D 14 20 11 3A 09 3A
2024-09-20 17:09:16,150 - 接收 : 08 2C 48 11 2C 00 00 2C 00 00 00 00 2C 00 00 00
2024-09-20 17:09:16,165 - 接收 : 00 2C 00 00 00 00 2C 00 00 00 00 0D 0A
2024-09-20 17:09:16,277 - 接收 : A9 9A 34 25 3A CE B8 2C 00 00 3B 01 2C
2024-09-20 17:09:16,293 - 接收 : 18 2D 09 2D 14 20 11 3A 09 3A 08 2C 48 11 2C
2024-09-20 17:09:16,310 - 接收 : 00 00 2C 00 00 00 00 2C 00 00 00 00 2C 00 00
2024-09-20 17:09:16,325 - 接收 : 00 00 2C 00 00 00 00 0D 0A
2024-09-20 17:09:16,421 - 接收 : A9 9A
2024-09-20 17:09:16,437 - 接收 : 34 25 3A CE B8 2C 00 00 3B 02 2C 18 2D 09 2D
2024-09-20 17:09:16,453 - 接收 : 14 20 11 3A 09 3A 08 2C 48 11 2C 00 00 2C 00 00
2024-09-20 17:09:16,469 - 接收 : 00 00 2C 00 00 00 00 2C 00 00 00 00 2C 00 00
2024-09-20 17:09:16,485 - 接收 : 00 00 0D 0A
2024-09-20 17:09:16,581 - 接收 : A9 9A 34 25 3A CE B8
2024-09-20 17:09:16,597 - 接收 : 2C 00 00 3B 03 2C 18 2D 09 2D 14 20 11 3A 09
2024-09-20 17:09:16,614 - 接收 : 3A 08 2C 48 11 2C 00 00 2C 00 00 00 00 2C 00
2024-09-20 17:09:16,630 - 接收 : 00 00 00 2C 00 00 00 00 2C 00 00 00 00 0D 0A
2024-09-20 17:09:16,741 - 接收 : A9 9A 34 25 3A CE C2 2C 00 00 3B 04
2024-09-20 17:09:16,757 - 接收 : 2C 18 2D 09 2D 14 20 11 3A 09 3A 08 2C 48 11
2024-09-20 17:09:16,773 - 接收 : 2C 01 2E 2C 00 00 A2 AC 2C 00 00 00 00 2C 00
2024-09-20 17:09:16,789 - 接收 : 00 00 00 2C 00 00 3A 90 0D 0A
2024-09-20 17:09:16,885 - 接收 : A9
2024-09-20 17:09:16,901 - 接收 : 9A 34 25 3A CE B8 2C 00 00 3B 05 2C 18 2D 09
2024-09-20 17:09:16,917 - 接收 : 2D 14 20 11 3A 09 3A 08 2C 48 11 2C 00 00 2C 00
2024-09-20 17:09:16,934 - 接收 : 00 00 00 2C 00 00 00 00 2C 00 00 00 00 2C 00
2024-09-20 17:09:16,950 - 接收 : 00 00 00 0D 0A
2024-09-20 17:09:21,124 - 接收 : A9 9A 34 25 3A CE B8 2C 00 00 3B 06 2C
2024-09-20 17:09:21,125 - 接收 : 18
2024-09-20 17:09:21,140 - 接收 : 2D 09 2D 14 20 11 3A 09 3A 0D 2C 48 18 2C
2024-09-20 17:09:21,141 - 接收 : 00
2024-09-20 17:09:21,156 - 接收 : 00 2C 00 00 00 00 2C 00 00 00 00 2C 00 00 00
2024-09-20 17:09:21,172 - 接收 : 00 2C 00 00 00 00 0D 0A
2024-09-20 17:09:21,269 - 接收 : A9 9A 34
2024-09-20 17:09:21,285 - 接收 : 25 3A CE B8 2C 00 00 3B 07 2C 18 2D 09 2D 14
2024-09-20 17:09:21,301 - 接收 : 20 11 3A 09 3A 0D 2C 48 18 2C 00 00 2C 00 00 00
2024-09-20 17:09:21,317 - 接收 : 00 2C 00 00 00 00 2C 00 00 00 00 2C 00 00 00
2024-09-20 17:09:21,332 - 接收 : 00 0D 0A
2024-09-20 17:09:21,428 - 接收 : A9 9A 34 25 3A CE B8 2C
2024-09-20 17:09:21,444 - 接收 : 00 00 3B 08 2C 18 2D 09 2D 14 20 11 3A 09 3A
2024-09-20 17:09:21,460 - 接收 : 0D 2C 48 18 2C 00 00 2C 00 00 00 00 2C 00 00 00
2024-09-20 17:09:21,476 - 接收 : 00 2C 00 00 00 00 2C 00 00 00 00 0D 0A
2024-09-20 17:09:21,588 - 接收 : A9 9A 34 25 3A CE B8 2C 00 00 3B 09 2C
2024-09-20 17:09:21,604 - 接收 : 18 2D 09 2D 14 20 11 3A 09 3A 0D 2C 48 18 2C
2024-09-20 17:09:21,620 - 接收 : 00 00 2C 00 00 00 00 2C 00 00 00 00 2C 00 00
2024-09-20 17:09:21,636 - 接收 : 00 00 2C 00 00 00 00 0D 0A
2024-09-20 17:09:21,732 - 接收 : A9 9A
2024-09-20 17:09:21,748 - 接收 : 34 25 3A CE C2 2C 00 00 3B 0A 2C 18 2D 09 2D
2024-09-20 17:09:21,764 - 接收 : 14 20 11 3A 09 3A 0D 2C 48 18 2C 01 2E 2C 00 00
2024-09-20 17:09:21,780 - 接收 : A2 A9 2C 00 00 00 00 2C 00 00 00 00 2C 00 00
2024-09-20 17:09:21,796 - 接收 : 3A 8F 0D 0A
2024-09-20 17:09:21,892 - 接收 : A9 9A 34 25 3A CE B8
2024-09-20 17:09:21,908 - 接收 : 2C 00 00 3B 0B 2C 18 2D 09 2D 14 20 11 3A 09
2024-09-20 17:09:21,924 - 接收 : 3A 0D 2C 48 18 2C 00 00 2C 00 00 00 00 2C 00 00
2024-09-20 17:09:21,940 - 接收 : 00 00 2C 00 00 00 00 2C 00 00 00 00 0D 0A
2024-09-20 17:09:28,115 - 接收 : A9 9A 34 25
2024-09-20 17:09:28,131 - 接收 : 3A CE B8 2C 00 00 3B 0C 2C 18 2D 09 2D 14 20
2024-09-20 17:09:28,147 - 接收 : 11 3A 09 3A 14 2C 48 11 2C 00 00 2C 00 00 00 00
2024-09-20 17:09:28,163 - 接收 : 2C 00 00 00 00 2C 00 00 00 00 2C 00 00 00 00
2024-09-20 17:09:28,179 - 接收 : 0D 0A
2024-09-20 17:09:28,275 - 接收 : A9 9A 34 25 3A CE B8 2C 00
2024-09-20 17:09:28,291 - 接收 : 00 3B 0D 2C 18 2D 09 2D 14 20 11 3A 09 3A 14
2024-09-20 17:09:28,307 - 接收 : 2C 48 11 2C 00 00 2C 00 00 00 00 2C 00 00 00
2024-09-20 17:09:28,323 - 接收 : 00 2C 00 00 00 00 2C 00 00 00 00 0D 0A
2024-09-20 17:09:28,435 - 接收 : A9 9A 34 25 3A CE B8 2C 00 00 3B 0E 2C
2024-09-20 17:09:28,451 - 接收 : 18 2D 09 2D 14 20 11 3A 09 3A 14 2C 48 11 2C 00
2024-09-20 17:09:28,467 - 接收 : 00 2C 00 00 00 00 2C 00 00 00 00 2C 00 00 00
2024-09-20 17:09:28,483 - 接收 : 00 2C 00 00 00 00 0D 0A
2024-09-20 17:09:28,579 - 接收 : A9 9A 34
2024-09-20 17:09:28,595 - 接收 : 25 3A CE B8 2C 00 00 3B 0F 2C 18 2D 09 2D 14
2024-09-20 17:09:28,611 - 接收 : 20 11 3A 09 3A 14 2C 48 11 2C 00 00 2C 00 00 00
2024-09-20 17:09:28,627 - 接收 : 00 2C 00 00 00 00 2C 00 00 00 00 2C 00 00 00
2024-09-20 17:09:28,643 - 接收 : 00 0D 0A
2024-09-20 17:09:28,739 - 接收 : A9 9A 34 25 3A CE C2 2C
2024-09-20 17:09:28,755 - 接收 : 00 00 3B 10 2C 18 2D 09 2D 14 20 11 3A 09 3A
2024-09-20 17:09:28,771 - 接收 : 14 2C 48 11 2C 01 2E 2C 00 00 A2 A8 2C 00 00
2024-09-20 17:09:28,787 - 接收 : 00 00 2C 00 00 00 00 2C 00 00 3A 8E 0D 0A
2024-09-20 17:09:28,899 - 接收 : A9 9A 34 25 3A CE B8 2C 00 00 3B 11
2024-09-20 17:09:28,915 - 接收 : 2C 18 2D 09 2D 14 20 11 3A 09 3A 14 2C 48 11 2C
2024-09-20 17:09:28,931 - 接收 : 00 00 2C 00 00 00 00 2C 00 00 00 00 2C 00 00
2024-09-20 17:09:28,947 - 接收 : 00 00 2C 00 00 00 00 0D 0A
2024-09-20 17:09:33,122 - 接收 : A9 9A 34 25 3A CE B8 2C 00 00 3B 12 2C 18
2024-09-20 17:09:33,138 - 接收 : 2D 09 2D 14 20 11 3A 09 3A 19 2C 48 18 2C 00
2024-09-20 17:09:33,154 - 接收 : 00 2C 00 00 00 00 2C 00 00 00 00 2C 00 00 00
2024-09-20 17:09:33,170 - 接收 : 00 2C 00 00 00 00 0D 0A
2024-09-20 17:09:33,266 - 接收 : A9 9A 34
2024-09-20 17:09:33,282 - 接收 : 25 3A CE B8 2C 00 00 3B 13 2C 18 2D 09 2D 14
2024-09-20 17:09:33,298 - 接收 : 20 11 3A 09 3A 19 2C 48 18 2C 00 00 2C 00 00 00
2024-09-20 17:09:33,314 - 接收 : 00 2C 00 00 00 00 2C 00 00 00 00 2C 00 00 00
2024-09-20 17:09:33,330 - 接收 : 00 0D 0A
2024-09-20 17:09:33,426 - 接收 : A9 9A 34 25 3A CE B8 2C
2024-09-20 17:09:33,442 - 接收 : 00 00 3B 14 2C 18 2D 09 2D 14 20 11 3A 09 3A
2024-09-20 17:09:33,458 - 接收 : 19 2C 48 18 2C 00 00 2C 00 00 00 00 2C 00 00
2024-09-20 17:09:33,474 - 接收 : 00 00 2C 00 00 00 00 2C 00 00 00 00 0D 0A
2024-09-20 17:09:33,586 - 接收 : A9 9A 34 25 3A CE B8 2C 00 00 3B 15 2C
2024-09-20 17:09:33,602 - 接收 : 18 2D 09 2D 14 20 11 3A 09 3A 19 2C 48 18 2C
2024-09-20 17:09:33,618 - 接收 : 00 00 2C 00 00 00 00 2C 00 00 00 00 2C 00 00
2024-09-20 17:09:33,634 - 接收 : 00 00 2C 00 00 00 00 0D 0A
2024-09-20 17:09:33,730 - 接收 : A9 9A
2024-09-20 17:09:33,746 - 接收 : 34 25 3A CE C2 2C 00 00 3B 16 2C 18 2D 09 2D
2024-09-20 17:09:33,762 - 接收 : 14 20 11 3A 09 3A 19 2C 48 18 2C 01 2E 2C 00 00
2024-09-20 17:09:33,778 - 接收 : A2 A9 2C 00 00 00 00 2C 00 00 00 00 2C 00 00
2024-09-20 17:09:33,794 - 接收 : 3A 8F 0D 0A
2024-09-20 17:09:33,890 - 接收 : A9 9A 34 25 3A CE B8
2024-09-20 17:09:33,906 - 接收 : 2C 00 00 3B 17 2C 18 2D 09 2D 14 20 11 3A 09
2024-09-20 17:09:33,922 - 接收 : 3A 19 2C 48 18 2C 00 00 2C 00 00 00 00 2C 00
2024-09-20 17:09:33,938 - 接收 : 00 00 00 2C 00 00 00 00 2C 00 00 00 00 0D 0A
2024-09-20 17:09:40,113 - 接收 : A9 9A 34 25 3A
2024-09-20 17:09:40,129 - 接收 : CE B8 2C 00 00 3B 18 2C 18 2D 09 2D 14 20 11
2024-09-20 17:09:40,145 - 接收 : 3A 09 3A 20 2C 48 11 2C 00 00 2C 00 00 00 00
2024-09-20 17:09:40,161 - 接收 : 2C 00 00 00 00 2C 00 00 00 00 2C 00 00 00 00 0D
2024-09-20 17:09:40,177 - 接收 : 0A
2024-09-20 17:09:40,273 - 接收 : A9 9A 34 25 3A CE B8 2C 00 00
2024-09-20 17:09:40,289 - 接收 : 3B 19 2C 18 2D 09 2D 14 20 11 3A 09 3A 20 2C
2024-09-20 17:09:40,305 - 接收 : 48 11 2C 00 00 2C 00 00 00 00 2C 00 00 00 00
2024-09-20 17:09:40,321 - 接收 : 2C 00 00 00 00 2C 00 00 00 00 0D 0A
2024-09-20 17:09:40,433 - 接收 : A9 9A 34 25 3A CE B8 2C 00 00 3B 1A 2C 18
2024-09-20 17:09:40,449 - 接收 : 2D 09 2D 14 20 11 3A 09 3A 20 2C 48 11 2C 00 00
2024-09-20 17:09:40,465 - 接收 : 2C 00 00 00 00 2C 00 00 00 00 2C 00 00 00 00
2024-09-20 17:09:40,481 - 接收 : 2C 00 00 00 00 0D 0A
2024-09-20 17:09:40,576 - 接收 : A9 9A 34 25
2024-09-20 17:09:40,593 - 接收 : 3A CE B8 2C 00 00 3B 1B 2C 18 2D 09 2D 14 20
2024-09-20 17:09:40,608 - 接收 : 11 3A 09 3A 20 2C 48 11 2C 00 00 2C 00 00 00
2024-09-20 17:09:40,625 - 接收 : 00 2C 00 00 00 00 2C 00 00 00 00 2C 00 00 00 00
2024-09-20 17:09:40,640 - 接收 : 0D 0A
2024-09-20 17:09:40,736 - 接收 : A9 9A 34 25 3A CE C2 2C
2024-09-20 17:09:40,753 - 接收 : 00 00 3B 1C 2C 18 2D 09 2D 14 20 11 3A 09 3A 20
2024-09-20 17:09:40,769 - 接收 : 2C 48 11 2C 01 2E 2C 00 00 A2 AB 2C 00 00 00
2024-09-20 17:09:40,785 - 接收 : 00 2C 00 00 00 00 2C 00 00 3A 8F 0D 0A
2024-09-20 17:09:40,896 - 接收 : A9 9A 34 25 3A CE B8 2C 00 00 3B 1D 2C
2024-09-20 17:09:40,912 - 接收 : 18 2D 09 2D 14 20 11 3A 09 3A 20 2C 48 11 2C 00
2024-09-20 17:09:40,928 - 接收 : 00 2C 00 00 00 00 2C 00 00 00 00 2C 00 00 00
2024-09-20 17:09:40,944 - 接收 : 00 2C 00 00 00 00 0D 0A
2024-09-20 17:09:45,120 - 接收 : A9 9A 34 25 3A CE B8 2C 00 00 3B
2024-09-20 17:09:45,136 - 接收 : 1E 2C 18 2D 09 2D 14 20 11 3A 09 3A 25 2C 48
2024-09-20 17:09:45,152 - 接收 : 18 2C 00 00 2C 00 00 00 00 2C 00 00 00 00 2C
2024-09-20 17:09:45,168 - 接收 : 00 00 00 00 2C 00 00 00 00 0D 0A
2024-09-20 17:09:45,280 - 接收 : A9 9A 34 25 3A CE B8 2C 00 00 3B 1F 2C 18 2D
2024-09-20 17:09:45,296 - 接收 : 09 2D 14 20 11 3A 09 3A 25 2C 48 18 2C 00 00 2C
2024-09-20 17:09:45,312 - 接收 : 00 00 00 00 2C 00 00 00 00 2C 00 00 00 00 2C
2024-09-20 17:09:45,328 - 接收 : 00 00 00 00 0D 0A
2024-09-20 17:09:45,424 - 接收 : A9 9A 34 25 3A
2024-09-20 17:09:45,440 - 接收 : CE B8 2C 00 00 3B 20 2C 18 2D 09 2D 14 20 11
2024-09-20 17:09:45,456 - 接收 : 3A 09 3A 25 2C 48 18 2C 00 00 2C 00 00 00 00 2C
2024-09-20 17:09:45,472 - 接收 : 00 00 00 00 2C 00 00 00 00 2C 00 00 00 00 0D
2024-09-20 17:09:45,488 - 接收 : 0A
2024-09-20 17:09:45,584 - 接收 : A9 9A 34 25 3A CE B8 2C 00 00
2024-09-20 17:09:45,600 - 接收 : 3B 21 2C 18 2D 09 2D 14 20 11 3A 09 3A 25 2C
2024-09-20 17:09:45,616 - 接收 : 48 18 2C 00 00 2C 00 00 00 00 2C 00 00 00 00
2024-09-20 17:09:45,632 - 接收 : 2C 00 00 00 00 2C 00 00 00 00 0D 0A
2024-09-20 17:09:45,744 - 接收 : A9 9A 34 25 3A CE C2 2C 00 00 3B 22 2C 18
2024-09-20 17:09:45,760 - 接收 : 2D 09 2D 14 20 11 3A 09 3A 25 2C 48 18 2C 01 2E
2024-09-20 17:09:45,776 - 接收 : 2C 00 00 A2 A9 2C 00 00 00 00 2C 00 00 00 00
2024-09-20 17:09:45,791 - 接收 : 2C 00 00 3A 8E 0D 0A
2024-09-20 17:09:45,888 - 接收 : A9 9A 34 25
2024-09-20 17:09:45,904 - 接收 : 3A CE B8 2C 00 00 3B 23 2C 18 2D 09 2D 14 20
2024-09-20 17:09:45,920 - 接收 : 11 3A 09 3A 25 2C 48 18 2C 00 00 2C 00 00 00
2024-09-20 17:09:45,936 - 接收 : 00 2C 00 00 00 00 2C 00 00 00 00 2C 00 00 00 00
2024-09-20 17:09:45,952 - 接收 : 0D 0A
2024-09-20 17:09:52,111 - 接收 : A9 9A
2024-09-20 17:09:52,127 - 接收 : 34 25 3A CE B8 2C 00 00 3B 24 2C 18 2D 09 2D
2024-09-20 17:09:52,143 - 接收 : 14 20 11 3A 09 3A 2C 2C 48 11 2C 00 00 2C 00 00
2024-09-20 17:09:52,159 - 接收 : 00 00 2C 00 00 00 00 2C 00 00 00 00 2C 00 00
2024-09-20 17:09:52,175 - 接收 : 00 00 0D 0A
2024-09-20 17:09:52,270 - 接收 : A9 9A 34 25 3A CE B8
2024-09-20 17:09:52,286 - 接收 : 2C 00 00 3B 25 2C 18 2D 09 2D 14 20 11 3A 09
2024-09-20 17:09:52,303 - 接收 : 3A 2C 2C 48 11 2C 00 00 2C 00 00 00 00 2C 00
2024-09-20 17:09:52,319 - 接收 : 00 00 00 2C 00 00 00 00 2C 00 00 00 00 0D 0A
2024-09-20 17:09:52,430 - 接收 : A9 9A 34 25 3A CE B8 2C 00 00 3B
2024-09-20 17:09:52,446 - 接收 : 26 2C 18 2D 09 2D 14 20 11 3A 09 3A 2C 2C 48 11
2024-09-20 17:09:52,462 - 接收 : 2C 00 00 2C 00 00 00 00 2C 00 00 00 00 2C 00
2024-09-20 17:09:52,478 - 接收 : 00 00 00 2C 00 00 00 00 0D 0A
2024-09-20 17:09:52,574 - 接收 : A9
2024-09-20 17:09:52,590 - 接收 : 9A 34 25 3A CE B8 2C 00 00 3B 27 2C 18 2D 09
2024-09-20 17:09:52,606 - 接收 : 2D 14 20 11 3A 09 3A 2C 2C 48 11 2C 00 00 2C
2024-09-20 17:09:52,622 - 接收 : 00 00 00 00 2C 00 00 00 00 2C 00 00 00 00 2C 00
2024-09-20 17:09:52,638 - 接收 : 00 00 00 0D 0A
2024-09-20 17:09:52,735 - 接收 : A9 9A 34 25 3A
2024-09-20 17:09:52,751 - 接收 : CE C2 2C 00 00 3B 28 2C 18 2D 09 2D 14 20 11 3A
2024-09-20 17:09:52,767 - 接收 : 09 3A 2C 2C 48 11 2C 01 2E 2C 00 00 A2 AB 2C
2024-09-20 17:09:52,783 - 接收 : 00 00 00 00 2C 00 00 00 00 2C 00 00 3A 8F 0D 0A
2024-09-20 17:09:52,894 - 接收 : A9 9A 34 25 3A CE B8 2C 00 00
2024-09-20 17:09:52,910 - 接收 : 3B 29 2C 18 2D 09 2D 14 20 11 3A 09 3A 2C 2C 48
2024-09-20 17:09:52,927 - 接收 : 11 2C 00 00 2C 00 00 00 00 2C 00 00 00 00 2C
2024-09-20 17:09:52,942 - 接收 : 00 00 00 00 2C 00 00 00 00 0D 0A
2024-09-20 17:09:57,118 - 接收 : A9 9A 34 25 3A CE B8 2C
2024-09-20 17:09:57,134 - 接收 : 00 00 3B 2A 2C 18 2D 09 2D 14 20 11 3A 09 3A
2024-09-20 17:09:57,150 - 接收 : 31 2C 48 11 2C 00 00 2C 00 00 00 00 2C 00 00
2024-09-20 17:09:57,166 - 接收 : 00 00 2C 00 00 00 00 2C 00 00 00 00 0D 0A
2024-09-20 17:09:57,278 - 接收 : A9 9A 34 25 3A CE B8 2C 00 00 3B 2B
2024-09-20 17:09:57,294 - 接收 : 2C 18 2D 09 2D 14 20 11 3A 09 3A 31 2C 48 11 2C
2024-09-20 17:09:57,310 - 接收 : 00 00 2C 00 00 00 00 2C 00 00 00 00 2C 00 00
2024-09-20 17:09:57,327 - 接收 : 00 00 2C 00 00 00 00 0D 0A
2024-09-20 17:09:57,422 - 接收 : A9 9A
2024-09-20 17:09:57,438 - 接收 : 34 25 3A CE B8 2C 00 00 3B 2C 2C 18 2D 09 2D
2024-09-20 17:09:57,454 - 接收 : 14 20 11 3A 09 3A 31 2C 48 11 2C 00 00 2C 00 00
2024-09-20 17:09:57,470 - 接收 : 00 00 2C 00 00 00 00 2C 00 00 00 00 2C 00 00
2024-09-20 17:09:57,486 - 接收 : 00 00 0D 0A
2024-09-20 17:09:57,582 - 接收 : A9 9A 34 25 3A CE B8
2024-09-20 17:09:57,598 - 接收 : 2C 00 00 3B 2D 2C 18 2D 09 2D 14 20 11 3A 09
2024-09-20 17:09:57,614 - 接收 : 3A 31 2C 48 11 2C 00 00 2C 00 00 00 00 2C 00
2024-09-20 17:09:57,630 - 接收 : 00 00 00 2C 00 00 00 00 2C 00 00 00 00 0D 0A
2024-09-20 17:09:57,742 - 接收 : A9 9A 34 25 3A CE C2 2C 00 00 3B
2024-09-20 17:09:57,758 - 接收 : 2E 2C 18 2D 09 2D 14 20 11 3A 09 3A 31 2C 48 11
2024-09-20 17:09:57,774 - 接收 : 2C 01 2E 2C 00 00 A2 AA 2C 00 00 00 00 2C 00
2024-09-20 17:09:57,790 - 接收 : 00 00 00 2C 00 00 3A 8F 0D 0A
2024-09-20 17:09:57,886 - 接收 : A9
2024-09-20 17:09:57,902 - 接收 : 9A 34 25 3A CE B8 2C 00 00 3B 2F 2C 18 2D 09
2024-09-20 17:09:57,918 - 接收 : 2D 14 20 11 3A 09 3A 31 2C 48 11 2C 00 00 2C 00
2024-09-20 17:09:57,934 - 接收 : 00 00 00 2C 00 00 00 00 2C 00 00 00 00 2C 00
2024-09-20 17:09:57,950 - 接收 : 00 00 00 0D 0A
2024-09-20 17:10:04,124 - 接收 : A9 9A 34 25 3A CE B8 2C 00 00 3B 30 2C
2024-09-20 17:10:04,140 - 接收 : 18 2D 09 2D 14 20 11 3A 09 3A 38 2C 48 18 2C 00
2024-09-20 17:10:04,156 - 接收 : 00 2C 00 00 00 00 2C 00 00 00 00 2C 00 00 00
2024-09-20 17:10:04,172 - 接收 : 00 2C 00 00 00 00 0D 0A
2024-09-20 17:10:04,269 - 接收 : A9 9A 34
2024-09-20 17:10:04,285 - 接收 : 25 3A CE B8 2C 00 00 3B 31 2C 18 2D 09 2D 14
2024-09-20 17:10:04,301 - 接收 : 20 11 3A 09 3A 38 2C 48 18 2C 00 00 2C 00 00
2024-09-20 17:10:04,317 - 接收 : 00 00 2C 00 00 00 00 2C 00 00 00 00 2C 00 00 00
2024-09-20 17:10:04,332 - 接收 : 00 0D 0A
2024-09-20 17:10:04,429 - 接收 : A9 9A 34 25 3A CE B8
2024-09-20 17:10:04,445 - 接收 : 2C 00 00 3B 32 2C 18 2D 09 2D 14 20 11 3A 09 3A
2024-09-20 17:10:04,460 - 接收 : 38 2C 48 18 2C 00 00 2C 00 00 00 00 2C 00 00
2024-09-20 17:10:04,477 - 接收 : 00 00 2C 00 00 00 00 2C 00 00 00 00 0D 0A
2024-09-20 17:10:04,588 - 接收 : A9 9A 34 25 3A CE B8 2C 00 00 3B 33
2024-09-20 17:10:04,605 - 接收 : 2C 18 2D 09 2D 14 20 11 3A 09 3A 38 2C 48 18 2C
2024-09-20 17:10:04,620 - 接收 : 00 00 2C 00 00 00 00 2C 00 00 00 00 2C 00 00
2024-09-20 17:10:04,637 - 接收 : 00 00 2C 00 00 00 00 0D 0A
2024-09-20 17:10:04,732 - 接收 : A9 9A
2024-09-20 17:10:04,748 - 接收 : 34 25 3A CE C2 2C 00 00 3B 34 2C 18 2D 09 2D
2024-09-20 17:10:04,764 - 接收 : 14 20 11 3A 09 3A 38 2C 48 18 2C 01 2E 2C 00
2024-09-20 17:10:04,780 - 接收 : 00 A2 AA 2C 00 00 00 00 2C 00 00 00 00 2C 00 00
2024-09-20 17:10:04,799 - 接收 : 3A 8F 0D 0A
2024-09-20 17:10:04,892 - 接收 : A9 9A 34 25 3A CE
2024-09-20 17:10:04,908 - 接收 : B8 2C 00 00 3B 35 2C 18 2D 09 2D 14 20 11 3A 09
2024-09-20 17:10:04,924 - 接收 : 3A 38 2C 48 18 2C 00 00 2C 00 00 00 00 2C 00
2024-09-20 17:10:04,940 - 接收 : 00 00 00 2C 00 00 00 00 2C 00 00 00 00 0D 0A
2024-09-20 17:10:09,116 - 接收 : A9 9A 34 25 3A CE B8 2C
2024-09-20 17:10:09,132 - 接收 : 00 00 3B 36 2C 18 2D 09 2D 14 20 11 3A 0A 3A
2024-09-20 17:10:09,148 - 接收 : 01 2C 48 18 2C 00 00 2C 00 00 00 00 2C 00 00
2024-09-20 17:10:09,164 - 接收 : 00 00 2C 00 00 00 00 2C 00 00 00 00 0D 0A
2024-09-20 17:10:09,275 - 接收 : A9 9A 34 25 3A CE B8 2C 00 00 3B 37
2024-09-20 17:10:09,291 - 接收 : 2C 18 2D 09 2D 14 20 11 3A 0A 3A 01 2C 48 18 2C
2024-09-20 17:10:09,307 - 接收 : 00 00 2C 00 00 00 00 2C 00 00 00 00 2C 00 00
2024-09-20 17:10:09,323 - 接收 : 00 00 2C 00 00 00 00 0D 0A
2024-09-20 17:10:09,419 - 接收 : A9 9A
2024-09-20 17:10:09,435 - 接收 : 34 25 3A CE B8 2C 00 00 3B 38 2C 18 2D 09 2D
2024-09-20 17:10:09,451 - 接收 : 14 20 11 3A 0A 3A 01 2C 48 18 2C 00 00 2C 00
2024-09-20 17:10:09,467 - 接收 : 00 00 00 2C 00 00 00 00 2C 00 00 00 00 2C 00 00
2024-09-20 17:10:09,483 - 接收 : 00 00 0D 0A
2024-09-20 17:10:09,579 - 接收 : A9 9A 34 25 3A CE B8
2024-09-20 17:10:09,595 - 接收 : 2C 00 00 3B 39 2C 18 2D 09 2D 14 20 11 3A 0A
2024-09-20 17:10:09,611 - 接收 : 3A 01 2C 48 18 2C 00 00 2C 00 00 00 00 2C 00
2024-09-20 17:10:09,627 - 接收 : 00 00 00 2C 00 00 00 00 2C 00 00 00 00 0D 0A
2024-09-20 17:10:09,739 - 接收 : A9 9A 34 25 3A CE C2 2C 00 00 3B
2024-09-20 17:10:09,755 - 接收 : 3A 2C 18 2D 09 2D 14 20 11 3A 0A 3A 01 2C 48 18
2024-09-20 17:10:09,771 - 接收 : 2C 01 2E 2C 00 00 A2 AB 2C 00 00 00 00 2C 00
2024-09-20 17:10:09,787 - 接收 : 00 00 00 2C 00 00 3A 8F 0D 0A
2024-09-20 17:10:09,884 - 接收 : A9
2024-09-20 17:10:09,900 - 接收 : 9A 34 25 3A CE B8 2C 00 00 3B 3B 2C 18 2D 09
2024-09-20 17:10:09,916 - 接收 : 2D 14 20 11 3A 0A 3A 01 2C 48 18 2C 00 00 2C
2024-09-20 17:10:09,932 - 接收 : 00 00 00 00 2C 00 00 00 00 2C 00 00 00 00 2C 00
2024-09-20 17:10:09,948 - 接收 : 00 00 00 0D 0A
2024-09-20 17:10:16,122 - 接收 : A9 9A 34 25 3A CE B8 2C 00 00 3B 3C 2C 18
2024-09-20 17:10:16,138 - 接收 : 2D 09 2D 14 20 11 3A 0A 3A 08 2C 48 18 2C 00
2024-09-20 17:10:16,155 - 接收 : 00 2C 00 00 00 00 2C 00 00 00 00 2C 00 00 00 00
2024-09-20 17:10:16,170 - 接收 : 2C 00 00 00 00 0D 0A
2024-09-20 17:10:16,266 - 接收 : A9 9A 34
2024-09-20 17:10:16,282 - 接收 : 25 3A CE B8 2C 00 00 3B 3D 2C 18 2D 09 2D 14 20
2024-09-20 17:10:16,298 - 接收 : 11 3A 0A 3A 08 2C 48 18 2C 00 00 2C 00 00 00
2024-09-20 17:10:16,314 - 接收 : 00 2C 00 00 00 00 2C 00 00 00 00 2C 00 00 00 00
2024-09-20 17:10:16,330 - 接收 : 0D 0A
2024-09-20 17:10:16,426 - 接收 : A9 9A 34 25 3A CE B8 2C
2024-09-20 17:10:16,442 - 接收 : 00 00 3B 3E 2C 18 2D 09 2D 14 20 11 3A 0A 3A 08
2024-09-20 17:10:16,458 - 接收 : 2C 48 18 2C 00 00 2C 00 00 00 00 2C 00 00 00
2024-09-20 17:10:16,474 - 接收 : 00 2C 00 00 00 00 2C 00 00 00 00 0D 0A
2024-09-20 17:10:16,586 - 接收 : A9 9A 34 25 3A CE B8 2C 00 00 3B 3F 2C
2024-09-20 17:10:16,602 - 接收 : 18 2D 09 2D 14 20 11 3A 0A 3A 08 2C 48 18 2C
2024-09-20 17:10:16,618 - 接收 : 00 00 2C 00 00 00 00 2C 00 00 00 00 2C 00 00 00
2024-09-20 17:10:16,634 - 接收 : 00 2C 00 00 00 00 0D 0A
2024-09-20 17:10:16,730 - 接收 : A9 9A
2024-09-20 17:10:16,746 - 接收 : 34 25 3A CE C2 2C 00 00 3B 40 2C 18 2D 09 2D 14
2024-09-20 17:10:16,762 - 接收 : 20 11 3A 0A 3A 08 2C 48 18 2C 01 2E 2C 00 00
2024-09-20 17:10:16,778 - 接收 : A2 A9 2C 00 00 00 00 2C 00 00 00 00 2C 00 00
2024-09-20 17:10:16,794 - 接收 : 3A 8E 0D 0A
2024-09-20 17:10:16,890 - 接收 : A9 9A 34 25 3A CE B8
2024-09-20 17:10:16,906 - 接收 : 2C 00 00 3B 41 2C 18 2D 09 2D 14 20 11 3A 0A 3A
2024-09-20 17:10:16,922 - 接收 : 08 2C 48 18 2C 00 00 2C 00 00 00 00 2C 00 00
2024-09-20 17:10:16,938 - 接收 : 00 00 2C 00 00 00 00 2C 00 00 00 00 0D 0A
2024-09-20 17:10:21,114 - 接收 : A9 9A 34 25 3A
2024-09-20 17:10:21,130 - 接收 : CE B8 2C 00 00 3B 42 2C 18 2D 09 2D 14 20 11
2024-09-20 17:10:21,146 - 接收 : 3A 0A 3A 0D 2C 48 18 2C 00 00 2C 00 00 00 00
2024-09-20 17:10:21,162 - 接收 : 2C 00 00 00 00 2C 00 00 00 00 2C 00 00 00 00 0D
2024-09-20 17:10:21,178 - 接收 : 0A
2024-09-20 17:10:21,273 - 接收 : A9 9A 34 25 3A CE B8 2C 00
2024-09-20 17:10:21,289 - 接收 : 00 3B 43 2C 18 2D 09 2D 14 20 11 3A 0A 3A 0D 2C
2024-09-20 17:10:21,305 - 接收 : 48 18 2C 00 00 2C 00 00 00 00 2C 00 00 00 00
2024-09-20 17:10:21,321 - 接收 : 2C 00 00 00 00 2C 00 00 00 00 0D 0A
2024-09-20 17:10:21,433 - 接收 : A9 9A 34 25 3A CE B8 2C 00 00 3B 44 2C 18
2024-09-20 17:10:21,449 - 接收 : 2D 09 2D 14 20 11 3A 0A 3A 0D 2C 48 18 2C 00
2024-09-20 17:10:21,465 - 接收 : 00 2C 00 00 00 00 2C 00 00 00 00 2C 00 00 00 00
2024-09-20 17:10:21,481 - 接收 : 2C 00 00 00 00 0D 0A
2024-09-20 17:10:21,578 - 接收 : A9 9A 34 25
2024-09-20 17:10:21,594 - 接收 : 3A CE B8 2C 00 00 3B 45 2C 18 2D 09 2D 14 20
2024-09-20 17:10:21,610 - 接收 : 11 3A 0A 3A 0D 2C 48 18 2C 00 00 2C 00 00 00
2024-09-20 17:10:21,626 - 接收 : 00 2C 00 00 00 00 2C 00 00 00 00 2C 00 00 00 00
2024-09-20 17:10:21,642 - 接收 : 0D 0A
2024-09-20 17:10:21,737 - 接收 : A9 9A 34 25 3A CE C2 2C
2024-09-20 17:10:21,753 - 接收 : 00 00 3B 46 2C 18 2D 09 2D 14 20 11 3A 0A 3A 0D
2024-09-20 17:10:21,769 - 接收 : 2C 48 18 2C 01 2E 2C 00 00 A2 A8 2C 00 00 00
2024-09-20 17:10:21,785 - 接收 : 00 2C 00 00 00 00 2C 00 00 3A 8E 0D 0A
2024-09-20 17:10:21,897 - 接收 : A9 9A 34 25 3A CE B8 2C 00 00 3B 47 2C
2024-09-20 17:10:21,913 - 接收 : 18 2D 09 2D 14 20 11 3A 0A 3A 0D 2C 48 18 2C
2024-09-20 17:10:21,929 - 接收 : 00 00 2C 00 00 00 00 2C 00 00 00 00 2C 00 00 00
2024-09-20 17:10:21,945 - 接收 : 00 2C 00 00 00 00 0D 0A
2024-09-20 17:10:28,120 - 接收 : A9 9A 34 25 3A CE B8 2C 00 00
2024-09-20 17:10:28,136 - 接收 : 3B 48 2C 18 2D 09 2D 14 20 11 3A 0A 3A 14 2C
2024-09-20 17:10:28,152 - 接收 : 48 11 2C 00 00 2C 00 00 00 00 2C 00 00 00 00 2C
2024-09-20 17:10:28,168 - 接收 : 00 00 00 00 2C 00 00 00 00 0D 0A
2024-09-20 17:10:28,280 - 接收 : A9 9A 34 25 3A CE B8 2C 00 00 3B 49 2C 18 2D
2024-09-20 17:10:28,296 - 接收 : 09 2D 14 20 11 3A 0A 3A 14 2C 48 11 2C 00 00
2024-09-20 17:10:28,312 - 接收 : 2C 00 00 00 00 2C 00 00 00 00 2C 00 00 00 00 2C
2024-09-20 17:10:28,328 - 接收 : 00 00 00 00 0D 0A
2024-09-20 17:10:28,424 - 接收 : A9 9A 34 25
2024-09-20 17:10:28,440 - 接收 : 3A CE B8 2C 00 00 3B 4A 2C 18 2D 09 2D 14 20 11
2024-09-20 17:10:28,456 - 接收 : 3A 0A 3A 14 2C 48 11 2C 00 00 2C 00 00 00 00
2024-09-20 17:10:28,472 - 接收 : 2C 00 00 00 00 2C 00 00 00 00 2C 00 00 00 00
2024-09-20 17:10:28,488 - 接收 : 0D 0A
2024-09-20 17:10:28,584 - 接收 : A9 9A 34 25 3A CE B8 2C 00
2024-09-20 17:10:28,600 - 接收 : 00 3B 4B 2C 18 2D 09 2D 14 20 11 3A 0A 3A 14
2024-09-20 17:10:28,616 - 接收 : 2C 48 11 2C 00 00 2C 00 00 00 00 2C 00 00 00 00
2024-09-20 17:10:28,632 - 接收 : 2C 00 00 00 00 2C 00 00 00 00 0D 0A
2024-09-20 17:10:28,744 - 接收 : A9 9A 34 25 3A CE C2 2C 00 00 3B 4C 2C 18
2024-09-20 17:10:28,760 - 接收 : 2D 09 2D 14 20 11 3A 0A 3A 14 2C 48 11 2C 01
2024-09-20 17:10:28,776 - 接收 : 2E 2C 00 00 A2 A8 2C 00 00 00 00 2C 00 00 00 00
2024-09-20 17:10:28,792 - 接收 : 2C 00 00 3A 8E 0D 0A
2024-09-20 17:10:28,888 - 接收 : A9 9A 34
2024-09-20 17:10:28,904 - 接收 : 25 3A CE B8 2C 00 00 3B 4D 2C 18 2D 09 2D 14 20
2024-09-20 17:10:28,920 - 接收 : 11 3A 0A 3A 14 2C 48 11 2C 00 00 2C 00 00 00
2024-09-20 17:10:28,936 - 接收 : 00 2C 00 00 00 00 2C 00 00 00 00 2C 00 00 00
2024-09-20 17:10:28,952 - 接收 : 00 0D 0A
2024-09-20 17:10:33,127 - 接收 : A9 9A 34 25 3A CE B8 2C 00 00 3B 4E 2C 18
2024-09-20 17:10:33,143 - 接收 : 2D 09 2D 14 20 11 3A 0A 3A 19 2C 48 18 2C 00
2024-09-20 17:10:33,159 - 接收 : 00 2C 00 00 00 00 2C 00 00 00 00 2C 00 00 00 00
2024-09-20 17:10:33,175 - 接收 : 2C 00 00 00 00 0D 0A
2024-09-20 17:10:33,271 - 接收 : A9 9A 34
2024-09-20 17:10:33,287 - 接收 : 25 3A CE B8 2C 00 00 3B 4F 2C 18 2D 09 2D 14 20
2024-09-20 17:10:33,303 - 接收 : 11 3A 0A 3A 19 2C 48 18 2C 00 00 2C 00 00 00
2024-09-20 17:10:33,319 - 接收 : 00 2C 00 00 00 00 2C 00 00 00 00 2C 00 00 00 00
2024-09-20 17:10:33,335 - 接收 : 0D 0A
2024-09-20 17:10:33,431 - 接收 : A9 9A 34 25 3A CE B8 2C
2024-09-20 17:10:33,447 - 接收 : 00 00 3B 50 2C 18 2D 09 2D 14 20 11 3A 0A 3A 19
2024-09-20 17:10:33,463 - 接收 : 2C 48 18 2C 00 00 2C 00 00 00 00 2C 00 00 00
2024-09-20 17:10:33,479 - 接收 : 00 2C 00 00 00 00 2C 00 00 00 00 0D 0A
2024-09-20 17:10:33,591 - 接收 : A9 9A 34 25 3A CE B8 2C 00 00 3B 51 2C
2024-09-20 17:10:33,607 - 接收 : 18 2D 09 2D 14 20 11 3A 0A 3A 19 2C 48 18 2C
2024-09-20 17:10:33,623 - 接收 : 00 00 2C 00 00 00 00 2C 00 00 00 00 2C 00 00 00
2024-09-20 17:10:33,639 - 接收 : 00 2C 00 00 00 00 0D 0A
2024-09-20 17:10:33,735 - 接收 : A9 9A
2024-09-20 17:10:33,751 - 接收 : 34 25 3A CE C2 2C 00 00 3B 52 2C 18 2D 09 2D 14
2024-09-20 17:10:33,767 - 接收 : 20 11 3A 0A 3A 19 2C 48 18 2C 01 2E 2C 00 00
2024-09-20 17:10:33,783 - 接收 : A2 A7 2C 00 00 00 00 2C 00 00 00 00 2C 00 00 3A
2024-09-20 17:10:33,799 - 接收 : 8E 0D 0A
2024-09-20 17:10:33,895 - 接收 : A9 9A 34 25 3A CE B8
2024-09-20 17:10:33,911 - 接收 : 2C 00 00 3B 53 2C 18 2D 09 2D 14 20 11 3A 0A 3A
2024-09-20 17:10:33,927 - 接收 : 19 2C 48 18 2C 00 00 2C 00 00 00 00 2C 00 00
2024-09-20 17:10:33,943 - 接收 : 00 00 2C 00 00 00 00 2C 00 00 00 00 0D 0A
2024-09-20 17:10:40,117 - 接收 : A9 9A 34 25 3A CE B8
2024-09-20 17:10:40,133 - 接收 : 2C 00 00 3B 54 2C 18 2D 09 2D 14 20 11 3A 0A
2024-09-20 17:10:40,149 - 接收 : 3A 20 2C 48 11 2C 00 00 2C 00 00 00 00 2C 00 00
2024-09-20 17:10:40,165 - 接收 : 00 00 2C 00 00 00 00 2C 00 00 00 00 0D 0A
2024-09-20 17:10:40,277 - 接收 : A9 9A 34 25 3A CE B8 2C 00 00 3B 55
2024-09-20 17:10:40,293 - 接收 : 2C 18 2D 09 2D 14 20 11 3A 0A 3A 20 2C 48 11
2024-09-20 17:10:40,309 - 接收 : 2C 00 00 2C 00 00 00 00 2C 00 00 00 00 2C 00 00
2024-09-20 17:10:40,325 - 接收 : 00 00 2C 00 00 00 00 0D 0A
2024-09-20 17:10:40,421 - 接收 : A9
2024-09-20 17:10:40,437 - 接收 : 9A 34 25 3A CE B8 2C 00 00 3B 56 2C 18 2D 09 2D
2024-09-20 17:10:40,453 - 接收 : 14 20 11 3A 0A 3A 20 2C 48 11 2C 00 00 2C 00
2024-09-20 17:10:40,470 - 接收 : 00 00 00 2C 00 00 00 00 2C 00 00 00 00 2C 00
2024-09-20 17:10:40,485 - 接收 : 00 00 00 0D 0A
2024-09-20 17:10:40,581 - 接收 : A9 9A 34 25 3A CE
2024-09-20 17:10:40,597 - 接收 : B8 2C 00 00 3B 57 2C 18 2D 09 2D 14 20 11 3A
2024-09-20 17:10:40,613 - 接收 : 0A 3A 20 2C 48 11 2C 00 00 2C 00 00 00 00 2C 00
2024-09-20 17:10:40,629 - 接收 : 00 00 00 2C 00 00 00 00 2C 00 00 00 00 0D 0A
2024-09-20 17:10:40,741 - 接收 : A9 9A 34 25 3A CE C2 2C 00 00 3B
2024-09-20 17:10:40,757 - 接收 : 58 2C 18 2D 09 2D 14 20 11 3A 0A 3A 20 2C 48
2024-09-20 17:10:40,773 - 接收 : 11 2C 01 2E 2C 00 00 A2 AA 2C 00 00 00 00 2C 00
2024-09-20 17:10:40,789 - 接收 : 00 00 00 2C 00 00 3A 8F 0D 0A
2024-09-20 17:10:40,901 - 接收 : A9 9A 34 25 3A CE B8 2C 00 00 3B 59 2C 18 2D 09
2024-09-20 17:10:40,917 - 接收 : 2D 14 20 11 3A 0A 3A 20 2C 48 11 2C 00 00 2C
2024-09-20 17:10:40,933 - 接收 : 00 00 00 00 2C 00 00 00 00 2C 00 00 00 00 2C
2024-09-20 17:10:40,949 - 接收 : 00 00 00 00 0D 0A
2024-09-20 17:10:45,109 - 接收 : A9 9A
2024-09-20 17:10:45,125 - 接收 : 34 25 3A CE B8 2C 00 00 3B 5A 2C 18 2D 09 2D
2024-09-20 17:10:45,141 - 接收 : 14 20 11 3A 0A 3A 25 2C 48 11 2C 00 00 2C 00
2024-09-20 17:10:45,157 - 接收 : 00 00 00 2C 00 00 00 00 2C 00 00 00 00 2C 00 00
2024-09-20 17:10:45,173 - 接收 : 00 00 0D 0A
2024-09-20 17:10:45,269 - 接收 : A9 9A 34 25 3A CE
2024-09-20 17:10:45,284 - 接收 : B8 2C 00 00 3B 5B 2C 18 2D 09 2D 14 20 11 3A 0A
2024-09-20 17:10:45,300 - 接收 : 3A 25 2C 48 11 2C 00 00 2C 00 00 00 00 2C 00
2024-09-20 17:10:45,316 - 接收 : 00 00 00 2C 00 00 00 00 2C 00 00 00 00 0D 0A
2024-09-20 17:10:45,429 - 接收 : A9 9A 34 25 3A CE B8 2C 00 00 3B
2024-09-20 17:10:45,445 - 接收 : 5C 2C 18 2D 09 2D 14 20 11 3A 0A 3A 25 2C 48
2024-09-20 17:10:45,461 - 接收 : 11 2C 00 00 2C 00 00 00 00 2C 00 00 00 00 2C 00
2024-09-20 17:10:45,477 - 接收 : 00 00 00 2C 00 00 00 00 0D 0A
2024-09-20 17:10:45,588 - 接收 : A9 9A 34 25 3A CE B8 2C 00 00 3B 5D 2C 18 2D 09
2024-09-20 17:10:45,604 - 接收 : 2D 14 20 11 3A 0A 3A 25 2C 48 11 2C 00 00 2C
2024-09-20 17:10:45,620 - 接收 : 00 00 00 00 2C 00 00 00 00 2C 00 00 00 00 2C 00
2024-09-20 17:10:45,636 - 接收 : 00 00 00 0D 0A
2024-09-20 17:10:45,733 - 接收 : A9 9A 34 25 3A
2024-09-20 17:10:45,749 - 接收 : CE C2 2C 00 00 3B 5E 2C 18 2D 09 2D 14 20 11 3A
2024-09-20 17:10:45,765 - 接收 : 0A 3A 25 2C 48 11 2C 01 2E 2C 00 00 A2 AA 2C
2024-09-20 17:10:45,781 - 接收 : 00 00 00 00 2C 00 00 00 00 2C 00 00 3A 8F 0D
2024-09-20 17:10:45,797 - 接收 : 0A
2024-09-20 17:10:45,892 - 接收 : A9 9A 34 25 3A CE B8 2C 00 00
2024-09-20 17:10:45,909 - 接收 : 3B 5F 2C 18 2D 09 2D 14 20 11 3A 0A 3A 25 2C
2024-09-20 17:10:45,925 - 接收 : 48 11 2C 00 00 2C 00 00 00 00 2C 00 00 00 00 2C
2024-09-20 17:10:45,941 - 接收 : 00 00 00 00 2C 00 00 00 00 0D 0A
2024-09-20 17:10:52,115 - 接收 : A9 9A 34 25 3A CE B8 2C
2024-09-20 17:10:52,132 - 接收 : 00 00 3B 60 2C 18 2D 09 2D 14 20 11 3A 0A 3A
2024-09-20 17:10:52,147 - 接收 : 2C 2C 48 11 2C 00 00 2C 00 00 00 00 2C 00 00 00
2024-09-20 17:10:52,163 - 接收 : 00 2C 00 00 00 00 2C 00 00 00 00 0D 0A
2024-09-20 17:10:52,275 - 接收 : A9 9A 34 25 3A CE B8 2C 00 00 3B 61 2C
2024-09-20 17:10:52,291 - 接收 : 18 2D 09 2D 14 20 11 3A 0A 3A 2C 2C 48 11 2C
2024-09-20 17:10:52,307 - 接收 : 00 00 2C 00 00 00 00 2C 00 00 00 00 2C 00 00 00
2024-09-20 17:10:52,324 - 接收 : 00 2C 00 00 00 00 0D 0A
2024-09-20 17:10:52,419 - 接收 : A9 9A
2024-09-20 17:10:52,435 - 接收 : 34 25 3A CE B8 2C 00 00 3B 62 2C 18 2D 09 2D 14
2024-09-20 17:10:52,451 - 接收 : 20 11 3A 0A 3A 2C 2C 48 11 2C 00 00 2C 00 00
2024-09-20 17:10:52,468 - 接收 : 00 00 2C 00 00 00 00 2C 00 00 00 00 2C 00 00
2024-09-20 17:10:52,484 - 接收 : 00 00 0D 0A
2024-09-20 17:10:52,580 - 接收 : A9 9A 34 25 3A CE B8
2024-09-20 17:10:52,596 - 接收 : 2C 00 00 3B 63 2C 18 2D 09 2D 14 20 11 3A 0A
2024-09-20 17:10:52,611 - 接收 : 3A 2C 2C 48 11 2C 00 00 2C 00 00 00 00 2C 00 00
2024-09-20 17:10:52,627 - 接收 : 00 00 2C 00 00 00 00 2C 00 00 00 00 0D 0A
2024-09-20 17:10:52,740 - 接收 : A9 9A 34 25 3A CE C2 2C 00 00 3B 64
2024-09-20 17:10:52,756 - 接收 : 2C 18 2D 09 2D 14 20 11 3A 0A 3A 2C 2C 48 11
2024-09-20 17:10:52,771 - 接收 : 2C 01 2E 2C 00 00 A2 A7 2C 00 00 00 00 2C 00
2024-09-20 17:10:52,787 - 接收 : 00 00 00 2C 00 00 3A 8E 0D 0A
2024-09-20 17:10:52,883 - 接收 : A9
2024-09-20 17:10:52,899 - 接收 : 9A 34 25 3A CE B8 2C 00 00 3B 65 2C 18 2D 09 2D
2024-09-20 17:10:52,916 - 接收 : 14 20 11 3A 0A 3A 2C 2C 48 11 2C 00 00 2C 00
2024-09-20 17:10:52,931 - 接收 : 00 00 00 2C 00 00 00 00 2C
2024-09-20 17:10:52,931 - 接收 : 00 00 00 00 2C 00
2024-09-20 17:10:52,947 - 接收 : 00 00 00 0D 0A
2024-09-20 17:10:57,123 - 接收 : A9 9A 34 25 3A CE B8 2C 00 00 3B 66 2C 18
2024-09-20 17:10:57,139 - 接收 : 2D 09 2D 14 20 11 3A 0A 3A 31 2C 48 11 2C 00
2024-09-20 17:10:57,155 - 接收 : 00 2C 00 00 00 00 2C 00 00 00 00 2C 00 00 00 00
2024-09-20 17:10:57,170 - 接收 : 2C 00 00 00 00 0D 0A
2024-09-20 17:10:57,267 - 接收 : A9 9A 34
2024-09-20 17:10:57,282 - 接收 : 25 3A CE B8 2C 00 00 3B 67 2C 18 2D 09 2D 14 20
2024-09-20 17:10:57,298 - 接收 : 11 3A 0A 3A 31 2C 48 11 2C 00 00 2C 00 00 00
2024-09-20 17:10:57,314 - 接收 : 00 2C 00 00 00 00 2C 00 00 00 00 2C 00 00 00
2024-09-20 17:10:57,330 - 接收 : 00 0D 0A
2024-09-20 17:10:57,426 - 接收 : A9 9A 34 25 3A CE B8 2C
2024-09-20 17:10:57,442 - 接收 : 00 00 3B 68 2C 18 2D 09 2D 14 20 11 3A 0A 3A
2024-09-20 17:10:57,458 - 接收 : 31 2C 48 11 2C 00 00 2C 00 00 00 00 2C 00 00 00
2024-09-20 17:10:57,474 - 接收 : 00 2C 00 00 00 00 2C 00 00 00 00 0D 0A
2024-09-20 17:10:57,586 - 接收 : A9 9A 34 25 3A CE B8 2C 00 00 3B 69 2C
2024-09-20 17:10:57,602 - 接收 : 18 2D 09 2D 14 20 11 3A 0A 3A 31 2C 48 11 2C
2024-09-20 17:10:57,618 - 接收 : 00 00 2C 00 00 00 00 2C 00 00 00 00 2C 00 00 00
2024-09-20 17:10:57,634 - 接收 : 00 2C 00 00 00 00 0D 0A
2024-09-20 17:10:57,730 - 接收 : A9 9A
2024-09-20 17:10:57,746 - 接收 : 34 25 3A CE C2 2C 00 00 3B 6A 2C 18 2D 09 2D 14
2024-09-20 17:10:57,762 - 接收 : 20 11 3A 0A 3A 31 2C 48 11 2C 01 2E 2C 00 00
2024-09-20 17:10:57,778 - 接收 : A2 A8 2C 00 00 00 00 2C 00 00 00 00 2C 00 00
2024-09-20 17:10:57,794 - 接收 : 3A 8E 0D 0A
2024-09-20 17:10:57,891 - 接收 : A9 9A 34 25 3A CE B8
2024-09-20 17:10:57,907 - 接收 : 2C 00 00 3B 6B 2C 18 2D 09 2D 14 20 11 3A 0A
2024-09-20 17:10:57,923 - 接收 : 3A 31 2C 48 11 2C 00 00 2C 00 00 00 00 2C 00 00
2024-09-20 17:10:57,939 - 接收 : 00 00 2C 00 00 00 00 2C 00 00 00 00 0D 0A
2024-09-20 17:11:04,113 - 接收 : A9 9A 34 25
2024-09-20 17:11:04,129 - 接收 : 3A CE B8 2C 00 00 3B 6C 2C 18 2D 09 2D 14 20
2024-09-20 17:11:04,145 - 接收 : 11 3A 0A 3A 38 2C 48 18 2C 00 00 2C 00 00 00 00
2024-09-20 17:11:04,161 - 接收 : 2C 00 00 00 00 2C 00 00 00 00 2C 00 00 00 00
2024-09-20 17:11:04,177 - 接收 : 0D 0A
2024-09-20 17:11:04,273 - 接收 : A9 9A 34 25 3A CE B8 2C 00
2024-09-20 17:11:04,289 - 接收 : 00 3B 6D 2C 18 2D 09 2D 14 20 11 3A 0A 3A 38
2024-09-20 17:11:04,305 - 接收 : 2C 48 18 2C 00 00 2C 00 00 00 00 2C 00 00 00 00
2024-09-20 17:11:04,321 - 接收 : 2C 00 00 00 00 2C 00 00 00 00 0D 0A
2024-09-20 17:11:04,433 - 接收 : A9 9A 34 25 3A CE B8 2C 00 00 3B 6E 2C 18
2024-09-20 17:11:04,449 - 接收 : 2D 09 2D 14 20 11 3A 0A 3A 38 2C 48 18 2C 00
2024-09-20 17:11:04,465 - 接收 : 00 2C 00 00 00 00 2C 00 00 00 00 2C 00 00 00
2024-09-20 17:11:04,481 - 接收 : 00 2C 00 00 00 00 0D 0A
2024-09-20 17:11:04,577 - 接收 : A9 9A 34
2024-09-20 17:11:04,593 - 接收 : 25 3A CE B8 2C 00 00 3B 6F 2C 18 2D 09 2D 14
2024-09-20 17:11:04,609 - 接收 : 20 11 3A 0A 3A 38 2C 48 18 2C 00 00 2C 00 00 00
2024-09-20 17:11:04,625 - 接收 : 00 2C 00 00 00 00 2C 00 00 00 00 2C 00 00 00
2024-09-20 17:11:04,641 - 接收 : 00 0D 0A
2024-09-20 17:11:04,738 - 接收 : A9 9A 34 25 3A CE C2 2C
2024-09-20 17:11:04,753 - 接收 : 00 00 3B 70 2C 18 2D 09 2D 14 20 11 3A 0A 3A
2024-09-20 17:11:04,769 - 接收 : 38 2C 48 18 2C 01 2E 2C 00 00 A2 A3 2C 00 00 00
2024-09-20 17:11:04,785 - 接收 : 00 2C 00 00 00 00 2C 00 00 3A 8C 0D 0A
2024-09-20 17:11:04,897 - 接收 : A9 9A 34 25 3A CE B8 2C 00 00 3B 71 2C
2024-09-20 17:11:04,913 - 接收 : 18 2D 09 2D 14 20 11 3A 0A 3A 38 2C 48 18 2C
2024-09-20 17:11:04,929 - 接收 : 00 00 2C 00 00 00 00 2C 00 00 00 00 2C 00 00
2024-09-20 17:11:04,945 - 接收 : 00 00 2C 00 00 00 00 0D 0A
2024-09-20 17:11:09,120 - 接收 : A9 9A 34 25 3A CE B8 2C
2024-09-20 17:11:09,136 - 接收 : 00 00 3B 72 2C 18 2D 09 2D 14 20 11 3A 0B 3A
2024-09-20 17:11:09,152 - 接收 : 01 2C 48 11 2C 00 00 2C 00 00 00 00 2C 00 00 00
2024-09-20 17:11:09,168 - 接收 : 00 2C 00 00 00 00 2C 00 00 00 00 0D 0A
2024-09-20 17:11:09,280 - 接收 : A9 9A 34 25 3A CE B8 2C 00 00 3B 73 2C
2024-09-20 17:11:09,296 - 接收 : 18 2D 09 2D 14 20 11 3A 0B 3A 01 2C 48 11 2C
2024-09-20 17:11:09,312 - 接收 : 00 00 2C 00 00 00 00 2C 00 00 00 00 2C 00 00
2024-09-20 17:11:09,328 - 接收 : 00 00 2C 00 00 00 00 0D 0A
2024-09-20 17:11:09,424 - 接收 : A9 9A
2024-09-20 17:11:09,440 - 接收 : 34 25 3A CE B8 2C 00 00 3B 74 2C 18 2D 09 2D 14
2024-09-20 17:11:09,456 - 接收 : 20 11 3A 0B 3A 01 2C 48 11 2C 00 00 2C 00 00
2024-09-20 17:11:09,472 - 接收 : 00 00 2C 00 00 00 00 2C 00 00 00 00 2C 00 00
2024-09-20 17:11:09,488 - 接收 : 00 00 0D 0A
2024-09-20 17:11:09,584 - 接收 : A9 9A 34 25 3A CE B8
2024-09-20 17:11:09,600 - 接收 : 2C 00 00 3B 75 2C 18 2D 09 2D 14 20 11 3A 0B
2024-09-20 17:11:09,616 - 接收 : 3A 01 2C 48 11 2C 00 00 2C 00 00 00 00 2C 00 00
2024-09-20 17:11:09,632 - 接收 : 00 00 2C 00 00 00 00 2C 00 00 00 00 0D 0A
2024-09-20 17:11:09,744 - 接收 : A9 9A 34 25 3A CE C2 2C 00 00 3B 76
2024-09-20 17:11:09,760 - 接收 : 2C 18 2D 09 2D 14 20 11 3A 0B 3A 01 2C 48 11
2024-09-20 17:11:09,776 - 接收 : 2C 01 2E 2C 00 00 A2 AA 2C 00 00 00 00 2C 00
2024-09-20 17:11:09,792 - 接收 : 00 00 00 2C 00 00 3A 8F 0D 0A
2024-09-20 17:11:09,888 - 接收 : A9
2024-09-20 17:11:09,904 - 接收 : 9A 34 25 3A CE B8 2C 00 00 3B 77 2C 18 2D 09 2D
2024-09-20 17:11:09,920 - 接收 : 14 20 11 3A 0B 3A 01 2C 48 11 2C 00 00 2C 00
2024-09-20 17:11:09,936 - 接收 : 00 00 00 2C 00 00 00 00 2C 00 00 00 00 2C 00
2024-09-20 17:11:09,952 - 接收 : 00 00 00 0D 0A
2024-09-20 17:11:16,111 - 接收 : A9
2024-09-20 17:11:16,127 - 接收 : 9A 34 25 3A CE B8 2C 00 00 3B 78 2C 18 2D 09
2024-09-20 17:11:16,143 - 接收 : 2D 14 20 11 3A 0B 3A 08 2C 48 11 2C 00 00 2C 00
2024-09-20 17:11:16,159 - 接收 : 00 00 00 2C 00 00 00 00 2C 00 00 00 00 2C 00
2024-09-20 17:11:16,175 - 接收 : 00 00 00 0D 0A
2024-09-20 17:11:16,271 - 接收 : A9 9A 34 25 3A CE
2024-09-20 17:11:16,287 - 接收 : B8 2C 00 00 3B 79 2C 18 2D 09 2D 14 20 11 3A
2024-09-20 17:11:16,303 - 接收 : 0B 3A 08 2C 48 11 2C 00 00 2C 00 00 00 00 2C 00
2024-09-20 17:11:16,319 - 接收 : 00 00 00 2C 00 00 00 00 2C 00 00 00 00 0D 0A
2024-09-20 17:11:16,431 - 接收 : A9 9A 34 25 3A CE B8 2C 00 00 3B
2024-09-20 17:11:16,447 - 接收 : 7A 2C 18 2D 09 2D 14 20 11 3A 0B 3A 08 2C 48
2024-09-20 17:11:16,463 - 接收 : 11 2C 00 00 2C 00 00 00 00 2C 00 00 00 00 2C
2024-09-20 17:11:16,479 - 接收 : 00 00 00 00 2C 00 00 00 00 0D 0A
2024-09-20 17:11:16,591 - 接收 : A9 9A 34 25 3A CE B8 2C 00 00 3B 7B 2C 18 2D
2024-09-20 17:11:16,607 - 接收 : 09 2D 14 20 11 3A 0B 3A 08 2C 48 11 2C 00 00 2C
2024-09-20 17:11:16,622 - 接收 : 00 00 00 00 2C 00 00 00 00 2C 00 00 00 00 2C
2024-09-20 17:11:16,638 - 接收 : 00 00 00 00 0D 0A
2024-09-20 17:11:16,735 - 接收 : A9 9A 34 25 3A
2024-09-20 17:11:16,751 - 接收 : CE C2 2C 00 00 3B 7C 2C 18 2D 09 2D 14 20 11
2024-09-20 17:11:16,767 - 接收 : 3A 0B 3A 08 2C 48 11 2C 01 2E 2C 00 00 A2 AA
2024-09-20 17:11:16,783 - 接收 : 2C 00 00 00 00 2C 00 00 00 00 2C 00 00 3A 8F 0D
2024-09-20 17:11:16,799 - 接收 : 0A
2024-09-20 17:11:16,895 - 接收 : A9 9A 34 25 3A CE B8 2C 00 00
2024-09-20 17:11:16,911 - 接收 : 3B 7D 2C 18 2D 09 2D 14 20 11 3A 0B 3A 08 2C
2024-09-20 17:11:16,927 - 接收 : 48 11 2C 00 00 2C 00 00 00 00 2C 00 00 00 00
2024-09-20 17:11:16,943 - 接收 : 2C 00 00 00 00 2C 00 00 00 00 0D 0A
2024-09-20 17:11:21,118 - 接收 : A9 9A 34 25 3A CE B8 2C 00 00 3B
2024-09-20 17:11:21,134 - 接收 : 7E 2C 18 2D 09 2D 14 20 11 3A 0B 3A 0D 2C 48
2024-09-20 17:11:21,150 - 接收 : 11 2C 00 00 2C 00 00 00 00 2C 00 00 00 00 2C
2024-09-20 17:11:21,166 - 接收 : 00 00 00 00 2C 00 00 00 00 0D 0A
2024-09-20 17:11:21,278 - 接收 : A9 9A 34 25 3A CE B8 2C 00 00 3B 7F 2C 18 2D 09
2024-09-20 17:11:21,294 - 接收 : 2D 14 20 11 3A 0B 3A 0D 2C 48 11 2C 00 00 2C
2024-09-20 17:11:21,310 - 接收 : 00 00 00 00 2C 00 00 00 00 2C 00 00 00 00 2C
2024-09-20 17:11:21,325 - 接收 : 00 00 00 00 0D 0A
2024-09-20 17:11:21,421 - 接收 : A9 9A 34 25 3A
2024-09-20 17:11:21,437 - 接收 : CE B8 2C 00 00 3B 80 2C 18 2D 09 2D 14 20 11
2024-09-20 17:11:21,453 - 接收 : 3A 0B 3A 0D 2C 48 11 2C 00 00 2C 00 00 00 00 2C
2024-09-20 17:11:21,470 - 接收 : 00 00 00 00 2C 00 00 00 00 2C 00 00 00 00 0D
2024-09-20 17:11:21,485 - 接收 : 0A
2024-09-20 17:11:21,581 - 接收 : A9 9A 34 25 3A CE B8 2C 00 00
2024-09-20 17:11:21,597 - 接收 : 3B 81 2C 18 2D 09 2D 14 20 11 3A 0B 3A 0D 2C
2024-09-20 17:11:21,613 - 接收 : 48 11 2C 00 00 2C 00 00 00 00 2C 00 00 00 00
2024-09-20 17:11:21,629 - 接收 : 2C 00 00 00 00 2C 00 00 00 00 0D 0A
2024-09-20 17:11:21,742 - 接收 : A9 9A 34 25 3A CE C2 2C 00 00 3B 82 2C 18
2024-09-20 17:11:21,758 - 接收 : 2D 09 2D 14 20 11 3A 0B 3A 0D 2C 48 11 2C 01 2E
2024-09-20 17:11:21,774 - 接收 : 2C 00 00 A2 A8 2C 00 00 00 00 2C 00 00 00 00
2024-09-20 17:11:21,790 - 接收 : 2C 00 00 3A 8E 0D 0A
2024-09-20 17:11:21,886 - 接收 : A9 9A 34 25
2024-09-20 17:11:21,902 - 接收 : 3A CE B8 2C 00 00 3B 83 2C 18 2D 09 2D 14 20
2024-09-20 17:11:21,918 - 接收 : 11 3A 0B 3A 0D 2C 48 11 2C 00 00 2C 00 00 00 00
2024-09-20 17:11:21,934 - 接收 : 2C 00 00 00 00 2C 00 00 00 00 2C 00 00 00 00
2024-09-20 17:11:21,950 - 接收 : 0D 0A
2024-09-20 17:11:28,109 - 接收 : A9
2024-09-20 17:11:28,125 - 接收 : 9A 34 25 3A CE B8 2C 00 00 3B 84 2C 18 2D 09
2024-09-20 17:11:28,141 - 接收 : 2D 14 20 11 3A 0B 3A 14 2C 48 11 2C 00 00 2C 00
2024-09-20 17:11:28,157 - 接收 : 00 00 00 2C 00 00 00 00 2C 00 00 00 00 2C 00
2024-09-20 17:11:28,173 - 接收 : 00 00 00 0D 0A
2024-09-20 17:11:28,269 - 接收 : A9 9A 34 25 3A CE
2024-09-20 17:11:28,285 - 接收 : B8 2C 00 00 3B 85 2C 18 2D 09 2D 14 20 11 3A
2024-09-20 17:11:28,300 - 接收 : 0B 3A 14 2C 48 11 2C 00 00 2C 00 00 00 00 2C
2024-09-20 17:11:28,317 - 接收 : 00 00 00 00 2C 00 00 00 00 2C 00 00 00 00 0D 0A
2024-09-20 17:11:28,429 - 接收 : A9 9A 34 25 3A CE B8 2C 00 00
2024-09-20 17:11:28,445 - 接收 : 3B 86 2C 18 2D 09 2D 14 20 11 3A 0B 3A 14 2C 48
2024-09-20 17:11:28,461 - 接收 : 11 2C 00 00 2C 00 00 00 00 2C 00 00 00 00 2C
2024-09-20 17:11:28,477 - 接收 : 00 00 00 00 2C 00 00 00 00 0D 0A
2024-09-20 17:11:28,589 - 接收 : A9 9A 34 25 3A CE B8 2C 00 00 3B 87 2C 18 2D
2024-09-20 17:11:28,605 - 接收 : 09 2D 14 20 11 3A 0B 3A 14 2C 48 11 2C 00 00 2C
2024-09-20 17:11:28,621 - 接收 : 00 00 00 00 2C 00 00 00 00 2C 00 00 00 00 2C
2024-09-20 17:11:28,637 - 接收 : 00 00 00 00 0D 0A
2024-09-20 17:11:28,733 - 接收 : A9 9A 34 25 3A
2024-09-20 17:11:28,749 - 接收 : CE C2 2C 00 00 3B 88 2C 18 2D 09 2D 14 20 11
2024-09-20 17:11:28,765 - 接收 : 3A 0B 3A 14 2C 48 11 2C 01 2E 2C 00 00 A2 A9
2024-09-20 17:11:28,781 - 接收 : 2C 00 00 00 00 2C 00 00 00 00 2C 00 00 3A 8E 0D
2024-09-20 17:11:28,797 - 接收 : 0A
2024-09-20 17:11:28,893 - 接收 : A9 9A 34 25 3A CE B8 2C 00
2024-09-20 17:11:28,909 - 接收 : 00 3B 89 2C 18 2D 09 2D 14 20 11 3A 0B 3A 14 2C
2024-09-20 17:11:28,925 - 接收 : 48 11 2C 00 00 2C 00 00 00 00 2C 00 00 00 00
2024-09-20 17:11:28,941 - 接收 : 2C 00 00 00 00 2C 00 00 00 00 0D 0A
2024-09-20 17:11:33,116 - 接收 : A9 9A 34 25 3A
2024-09-20 17:11:33,131 - 接收 : CE B8 2C 00 00 3B 8A 2C 18 2D 09 2D 14 20 11
2024-09-20 17:11:33,147 - 接收 : 3A 0B 3A 19 2C 48 11 2C 00 00 2C 00 00 00 00 2C
2024-09-20 17:11:33,164 - 接收 : 00 00 00 00 2C 00 00 00 00 2C 00 00 00 00 0D
2024-09-20 17:11:33,180 - 接收 : 0A
2024-09-20 17:11:33,276 - 接收 : A9 9A 34 25 3A CE B8 2C 00 00
2024-09-20 17:11:33,292 - 接收 : 3B 8B 2C 18 2D 09 2D 14 20 11 3A 0B 3A 19 2C
2024-09-20 17:11:33,308 - 接收 : 48 11 2C 00 00 2C 00 00 00 00 2C 00 00 00 00
2024-09-20 17:11:33,323 - 接收 : 2C 00 00 00 00 2C 00 00 00 00 0D 0A
2024-09-20 17:11:33,435 - 接收 : A9 9A 34 25 3A CE B8 2C 00 00 3B 8C 2C 18
2024-09-20 17:11:33,451 - 接收 : 2D 09 2D 14 20 11 3A 0B 3A 19 2C 48 11 2C 00 00
2024-09-20 17:11:33,467 - 接收 : 2C 00 00 00 00 2C 00 00 00 00 2C 00 00 00 00
2024-09-20 17:11:33,483 - 接收 : 2C 00 00 00 00 0D 0A
2024-09-20 17:11:33,579 - 接收 : A9 9A 34 25
2024-09-20 17:11:33,595 - 接收 : 3A CE B8 2C 00 00 3B 8D 2C 18 2D 09 2D 14 20
2024-09-20 17:11:33,611 - 接收 : 11 3A 0B 3A 19 2C 48 11 2C 00 00 2C 00 00 00 00
2024-09-20 17:11:33,627 - 接收 : 2C 00 00 00 00 2C 00 00 00 00 2C 00 00 00 00
2024-09-20 17:11:33,643 - 接收 : 0D 0A
2024-09-20 17:11:33,739 - 接收 : A9 9A 34 25 3A CE C2 2C 00
2024-09-20 17:11:33,755 - 接收 : 00 3B 8E 2C 18 2D 09 2D 14 20 11 3A 0B 3A 19
2024-09-20 17:11:33,771 - 接收 : 2C 48 11 2C 01 2E 2C 00 00 A2 A8 2C 00 00 00
2024-09-20 17:11:33,787 - 接收 : 00 2C 00 00 00 00 2C 00 00 3A 8E 0D 0A
2024-09-20 17:11:33,899 - 接收 : A9 9A 34 25 3A CE B8 2C 00 00 3B 8F 2C
2024-09-20 17:11:33,915 - 接收 : 18 2D 09 2D 14 20 11 3A 0B 3A 19 2C 48 11 2C 00
2024-09-20 17:11:33,931 - 接收 : 00 2C 00 00 00 00 2C 00 00 00 00 2C 00 00 00
2024-09-20 17:11:33,947 - 接收 : 00 2C 00 00 00 00 0D 0A
2024-09-20 17:11:40,122 - 接收 : A9 9A 34 25 3A CE B8 2C 00 00 3B 90 2C
2024-09-20 17:11:40,138 - 接收 : 18 2D 09 2D 14 20 11 3A 0B 3A 20 2C 48 11 2C 00
2024-09-20 17:11:40,154 - 接收 : 00 2C 00 00 00 00 2C 00 00 00 00 2C 00 00 00
2024-09-20 17:11:40,170 - 接收 : 00 2C 00 00 00 00 0D 0A
2024-09-20 17:11:40,266 - 接收 : A9 9A 34
2024-09-20 17:11:40,282 - 接收 : 25 3A CE B8 2C 00 00 3B 91 2C 18 2D 09 2D 14
2024-09-20 17:11:40,299 - 接收 : 20 11 3A 0B 3A 20 2C 48 11 2C 00 00 2C 00 00
2024-09-20 17:11:40,314 - 接收 : 00 00 2C 00 00 00 00 2C 00 00 00 00 2C 00 00 00
2024-09-20 17:11:40,331 - 接收 : 00 0D 0A
2024-09-20 17:11:40,427 - 接收 : A9 9A 34 25 3A CE B8
2024-09-20 17:11:40,442 - 接收 : 2C 00 00 3B 92 2C 18 2D 09 2D 14 20 11 3A 0B 3A
2024-09-20 17:11:40,458 - 接收 : 20 2C 48 11 2C 00 00 2C 00 00 00 00 2C 00 00
2024-09-20 17:11:40,474 - 接收 : 00 00 2C 00 00 00 00 2C 00 00 00 00 0D 0A
2024-09-20 17:11:40,586 - 接收 : A9 9A 34 25 3A CE B8 2C 00 00 3B 93
2024-09-20 17:11:40,602 - 接收 : 2C 18 2D 09 2D 14 20 11 3A 0B 3A 20 2C 48 11 2C
2024-09-20 17:11:40,618 - 接收 : 00 00 2C 00 00 00 00 2C 00 00 00 00 2C 00 00
2024-09-20 17:11:40,634 - 接收 : 00 00 2C 00 00 00 00 0D 0A
2024-09-20 17:11:40,730 - 接收 : A9 9A
2024-09-20 17:11:40,746 - 接收 : 34 25 3A CE C2 2C 00 00 3B 94 2C 18 2D 09 2D
2024-09-20 17:11:40,762 - 接收 : 14 20 11 3A 0B 3A 20 2C 48 11 2C 01 2E 2C 00
2024-09-20 17:11:40,778 - 接收 : 00 A2 A9 2C 00 00 00 00 2C 00 00 00 00 2C 00 00
2024-09-20 17:11:40,794 - 接收 : 3A 8F 0D 0A
2024-09-20 17:11:40,890 - 接收 : A9 9A 34 25 3A CE
2024-09-20 17:11:40,906 - 接收 : B8 2C 00 00 3B 95 2C 18 2D 09 2D 14 20 11 3A 0B
2024-09-20 17:11:40,922 - 接收 : 3A 20 2C 48 11 2C 00 00 2C 00 00 00 00 2C 00
2024-09-20 17:11:40,938 - 接收 : 00 00 00 2C 00 00 00 00 2C 00 00 00 00 0D 0A
2024-09-20 17:11:45,113 - 接收 : A9 9A
2024-09-20 17:11:45,129 - 接收 : 34 25 3A CE B8 2C 00 00 3B 96 2C 18 2D 09 2D
2024-09-20 17:11:45,145 - 接收 : 14 20 11 3A 0B 3A 25 2C 48 11 2C 00 00 2C 00 00
2024-09-20 17:11:45,161 - 接收 : 00 00 2C 00 00 00 00 2C 00 00 00 00 2C 00 00
2024-09-20 17:11:45,177 - 接收 : 00 00 0D 0A
2024-09-20 17:11:45,273 - 接收 : A9 9A 34 25 3A CE B8
2024-09-20 17:11:45,289 - 接收 : 2C 00 00 3B 97 2C 18 2D 09 2D 14 20 11 3A 0B
2024-09-20 17:11:45,305 - 接收 : 3A 25 2C 48 11 2C 00 00 2C 00 00 00 00 2C 00
2024-09-20 17:11:45,321 - 接收 : 00 00 00 2C 00 00 00 00 2C 00 00 00 00 0D 0A
2024-09-20 17:11:45,433 - 接收 : A9 9A 34 25 3A CE B8 2C 00 00 3B
2024-09-20 17:11:45,449 - 接收 : 98 2C 18 2D 09 2D 14 20 11 3A 0B 3A 25 2C 48 11
2024-09-20 17:11:45,465 - 接收 : 2C 00 00 2C 00 00 00 00 2C 00 00 00 00 2C 00
2024-09-20 17:11:45,481 - 接收 : 00 00 00 2C 00 00 00 00 0D 0A
2024-09-20 17:11:45,578 - 接收 : A9
2024-09-20 17:11:45,594 - 接收 : 9A 34 25 3A CE B8 2C 00 00 3B 99 2C 18 2D 09
2024-09-20 17:11:45,610 - 接收 : 2D 14 20 11 3A 0B 3A 25 2C 48 11 2C 00 00 2C 00
2024-09-20 17:11:45,626 - 接收 : 00 00 00 2C 00 00 00 00 2C 00 00 00 00 2C 00
2024-09-20 17:11:45,642 - 接收 : 00 00 00 0D 0A
2024-09-20 17:11:45,738 - 接收 : A9 9A 34 25 3A CE
2024-09-20 17:11:45,754 - 接收 : C2 2C 00 00 3B 9A 2C 18 2D 09 2D 14 20 11 3A
2024-09-20 17:11:45,770 - 接收 : 0B 3A 25 2C 48 11 2C 01 2E 2C 00 00 A2 A6 2C
2024-09-20 17:11:45,786 - 接收 : 00 00 00 00 2C 00 00 00 00 2C 00 00 3A 8D 0D 0A
2024-09-20 17:11:45,898 - 接收 : A9 9A 34 25 3A CE B8 2C 00 00
2024-09-20 17:11:45,914 - 接收 : 3B 9B 2C 18 2D 09 2D 14 20 11 3A 0B 3A 25 2C 48
2024-09-20 17:11:45,930 - 接收 : 11 2C 00 00 2C 00 00 00 00 2C 00 00 00 00 2C
2024-09-20 17:11:45,946 - 接收 : 00 00 00 00 2C 00 00 00 00 0D 0A
2024-09-20 17:11:52,120 - 接收 : A9 9A 34 25 3A CE B8 2C 00 00
2024-09-20 17:11:52,136 - 接收 : 3B 9C 2C 18 2D 09 2D 14 20 11 3A 0B 3A 2C 2C 48
2024-09-20 17:11:52,152 - 接收 : 11 2C 00 00 2C 00 00 00 00 2C 00 00 00 00 2C
2024-09-20 17:11:52,168 - 接收 : 00 00 00 00 2C 00 00 00 00 0D 0A
2024-09-20 17:11:52,280 - 接收 : A9 9A 34 25 3A CE B8 2C 00 00 3B 9D 2C 18 2D
2024-09-20 17:11:52,296 - 接收 : 09 2D 14 20 11 3A 0B 3A 2C 2C 48 11 2C 00 00
2024-09-20 17:11:52,312 - 接收 : 2C 00 00 00 00 2C 00 00 00 00 2C 00 00 00 00 2C
2024-09-20 17:11:52,328 - 接收 : 00 00 00 00 0D 0A
2024-09-20 17:11:52,424 - 接收 : A9 9A 34 25
2024-09-20 17:11:52,440 - 接收 : 3A CE B8 2C 00 00 3B 9E 2C 18 2D 09 2D 14 20 11
2024-09-20 17:11:52,456 - 接收 : 3A 0B 3A 2C 2C 48 11 2C 00 00 2C 00 00 00 00
2024-09-20 17:11:52,472 - 接收 : 2C 00 00 00 00 2C 00 00 00 00 2C 00 00 00 00 0D
2024-09-20 17:11:52,488 - 接收 : 0A
2024-09-20 17:11:52,584 - 接收 : A9 9A 34 25 3A CE B8 2C 00
2024-09-20 17:11:52,600 - 接收 : 00 3B 9F 2C 18 2D 09 2D 14 20 11 3A 0B 3A 2C 2C
2024-09-20 17:11:52,616 - 接收 : 48 11 2C 00 00 2C 00 00 00 00 2C 00 00 00 00
2024-09-20 17:11:52,632 - 接收 : 2C 00 00 00 00 2C 00 00 00 00 0D 0A
2024-09-20 17:11:52,744 - 接收 : A9 9A 34 25 3A CE C2 2C 00 00 3B A0 2C 18
2024-09-20 17:11:52,760 - 接收 : 2D 09 2D 14 20 11 3A 0B 3A 2C 2C 48 11 2C 01
2024-09-20 17:11:52,776 - 接收 : 2E 2C 00 00 A2 A7 2C 00 00 00 00 2C 00 00 00 00
2024-09-20 17:11:52,794 - 接收 : 2C 00 00 3A 8E 0D 0A
2024-09-20 17:11:52,888 - 接收 : A9 9A 34
2024-09-20 17:11:52,904 - 接收 : 25 3A CE B8 2C 00 00 3B A1 2C 18 2D 09 2D 14 20
2024-09-20 17:11:52,920 - 接收 : 11 3A 0B 3A 2C 2C 48 11 2C 00 00 2C 00 00 00
2024-09-20 17:11:52,936 - 接收 : 00 2C 00 00 00 00 2C 00 00 00 00 2C 00 00 00 00
2024-09-20 17:11:52,952 - 接收 : 0D 0A
2024-09-20 17:11:57,111 - 接收 : A9 9A 34 25 3A
2024-09-20 17:11:57,127 - 接收 : CE B8 2C 00 00 3B A2 2C 18 2D 09 2D 14 20 11
2024-09-20 17:11:57,143 - 接收 : 3A 0B 3A 31 2C 48 11 2C 00 00 2C 00 00 00 00
2024-09-20 17:11:57,159 - 接收 : 2C 00 00 00 00 2C 00 00 00 00 2C 00 00 00 00 0D
2024-09-20 17:11:57,175 - 接收 : 0A
2024-09-20 17:11:57,271 - 接收 : A9 9A 34 25 3A CE B8 2C 00
2024-09-20 17:11:57,287 - 接收 : 00 3B A3 2C 18 2D 09 2D 14 20 11 3A 0B 3A 31 2C
2024-09-20 17:11:57,303 - 接收 : 48 11 2C 00 00 2C 00 00 00 00 2C 00 00 00 00
2024-09-20 17:11:57,319 - 接收 : 2C 00 00 00 00 2C 00 00 00 00 0D 0A
2024-09-20 17:11:57,431 - 接收 : A9 9A 34 25 3A CE B8 2C 00 00 3B A4 2C 18
2024-09-20 17:11:57,447 - 接收 : 2D 09 2D 14 20 11 3A 0B 3A 31 2C 48 11 2C 00 00
2024-09-20 17:11:57,463 - 接收 : 2C 00 00 00 00 2C 00 00 00 00 2C 00 00 00 00
2024-09-20 17:11:57,479 - 接收 : 2C 00 00 00 00 0D 0A
2024-09-20 17:11:57,575 - 接收 : A9 9A 34 25
2024-09-20 17:11:57,591 - 接收 : 3A CE B8 2C 00 00 3B A5 2C 18 2D 09 2D 14 20
2024-09-20 17:11:57,607 - 接收 : 11 3A 0B 3A 31 2C 48 11 2C 00 00 2C 00 00 00
2024-09-20 17:11:57,623 - 接收 : 00 2C 00 00 00 00 2C 00 00 00 00 2C 00 00 00 00
2024-09-20 17:11:57,639 - 接收 : 0D 0A
2024-09-20 17:11:57,735 - 接收 : A9 9A 34 25 3A CE C2 2C
2024-09-20 17:11:57,751 - 接收 : 00 00 3B A6 2C 18 2D 09 2D 14 20 11 3A 0B 3A 31
2024-09-20 17:11:57,767 - 接收 : 2C 48 11 2C 01 2E 2C 00 00 A2 A9 2C 00 00 00
2024-09-20 17:11:57,783 - 接收 : 00 2C 00 00 00 00 2C 00 00 3A 8E 0D 0A
2024-09-20 17:11:57,895 - 接收 : A9 9A 34 25 3A CE B8 2C 00 00 3B A7 2C
2024-09-20 17:11:57,911 - 接收 : 18 2D 09 2D 14 20 11 3A 0B 3A 31 2C 48 11 2C 00
2024-09-20 17:11:57,927 - 接收 : 00 2C 00 00 00 00 2C 00 00 00 00 2C 00 00 00
2024-09-20 17:11:57,943 - 接收 : 00 2C 00 00 00 00 0D 0A
2024-09-20 17:12:04,118 - 接收 : A9 9A 34 25 3A CE B8 2C 00 00
2024-09-20 17:12:04,134 - 接收 : 3B A8 2C 18 2D 09 2D 14 20 11 3A 0B 3A 38 2C 48
2024-09-20 17:12:04,150 - 接收 : 11 2C 00 00 2C 00 00 00 00 2C 00 00 00 00 2C
2024-09-20 17:12:04,166 - 接收 : 00 00 00 00 2C 00 00 00 00 0D 0A
2024-09-20 17:12:04,278 - 接收 : A9 9A 34 25 3A CE B8 2C 00 00 3B A9 2C 18 2D
2024-09-20 17:12:04,294 - 接收 : 09 2D 14 20 11 3A 0B 3A 38 2C 48 11 2C 00 00
2024-09-20 17:12:04,310 - 接收 : 2C 00 00 00 00 2C 00 00 00 00 2C 00 00 00 00 2C
2024-09-20 17:12:04,326 - 接收 : 00 00 00 00 0D 0A
2024-09-20 17:12:04,421 - 接收 : A9 9A 34 25
2024-09-20 17:12:04,437 - 接收 : 3A CE B8 2C 00 00 3B AA 2C 18 2D 09 2D 14 20 11
2024-09-20 17:12:04,453 - 接收 : 3A 0B 3A 38 2C 48 11 2C 00 00 2C 00 00 00 00
2024-09-20 17:12:04,469 - 接收 : 2C 00 00 00 00 2C 00 00 00 00 2C 00 00 00 00
2024-09-20 17:12:04,485 - 接收 : 0D 0A
2024-09-20 17:12:04,581 - 接收 : A9 9A 34 25 3A CE B8 2C 00
2024-09-20 17:12:04,597 - 接收 : 00 3B AB 2C 18 2D 09 2D 14 20 11 3A 0B 3A 38
2024-09-20 17:12:04,613 - 接收 : 2C 48 11 2C 00 00 2C 00 00 00 00 2C 00 00 00 00
2024-09-20 17:12:04,629 - 接收 : 2C 00 00 00 00 2C 00 00 00 00 0D 0A
2024-09-20 17:12:04,741 - 接收 : A9 9A 34 25 3A CE C2 2C 00 00 3B AC 2C 18
2024-09-20 17:12:04,757 - 接收 : 2D 09 2D 14 20 11 3A 0B 3A 38 2C 48 11 2C 01
2024-09-20 17:12:04,773 - 接收 : 2E 2C 00 00 A2 A8 2C 00 00 00 00 2C 00 00 00 00
2024-09-20 17:12:04,789 - 接收 : 2C 00 00 3A 8E 0D 0A
2024-09-20 17:12:04,886 - 接收 : A9 9A 34
2024-09-20 17:12:04,901 - 接收 : 25 3A CE B8 2C 00 00 3B AD 2C 18 2D 09 2D 14 20
2024-09-20 17:12:04,918 - 接收 : 11 3A 0B 3A 38 2C 48 11 2C 00 00 2C 00 00 00
2024-09-20 17:12:04,934 - 接收 : 00 2C 00 00 00 00 2C 00 00 00 00 2C 00 00 00
2024-09-20 17:12:04,950 - 接收 : 00 0D 0A
2024-09-20 17:12:09,125 - 接收 : A9 9A 34 25 3A CE B8 2C 00 00 3B AE 2C 18
2024-09-20 17:12:09,141 - 接收 : 2D 09 2D 14 20 11 3A 0C 3A 01 2C 48 11 2C 00
2024-09-20 17:12:09,157 - 接收 : 00 2C 00 00 00 00 2C 00 00 00 00 2C 00 00 00 00
2024-09-20 17:12:09,173 - 接收 : 2C 00 00 00 00 0D 0A
2024-09-20 17:12:09,269 - 接收 : A9 9A 34 25
2024-09-20 17:12:09,285 - 接收 : 3A CE B8 2C 00 00 3B AF 2C 18 2D 09 2D 14 20
2024-09-20 17:12:09,301 - 接收 : 11 3A 0C 3A 01 2C 48 11 2C 00 00 2C 00 00 00
2024-09-20 17:12:09,317 - 接收 : 00 2C 00 00 00 00 2C 00 00 00 00 2C 00 00 00 00
2024-09-20 17:12:09,333 - 接收 : 0D 0A
2024-09-20 17:12:09,429 - 接收 : A9 9A 34 25 3A CE B8 2C
2024-09-20 17:12:09,445 - 接收 : 00 00 3B B0 2C 18 2D 09 2D 14 20 11 3A 0C 3A 01
2024-09-20 17:12:09,461 - 接收 : 2C 48 11 2C 00 00 2C 00 00 00 00 2C 00 00 00
2024-09-20 17:12:09,477 - 接收 : 00 2C 00 00 00 00 2C 00 00 00 00 0D 0A
2024-09-20 17:12:09,589 - 接收 : A9 9A 34 25 3A CE B8 2C 00 00 3B B1 2C
2024-09-20 17:12:09,605 - 接收 : 18 2D 09 2D 14 20 11 3A 0C 3A 01 2C 48 11 2C
2024-09-20 17:12:09,621 - 接收 : 00 00 2C 00 00 00 00 2C 00 00 00 00 2C 00 00 00
2024-09-20 17:12:09,637 - 接收 : 00 2C 00 00 00 00 0D 0A
2024-09-20 17:12:09,733 - 接收 : A9 9A 34
2024-09-20 17:12:09,748 - 接收 : 25 3A CE C2 2C 00 00 3B B2 2C 18 2D 09 2D 14
2024-09-20 17:12:09,765 - 接收 : 20 11 3A 0C 3A 01 2C 48 11 2C 01 2E 2C 00 00
2024-09-20 17:12:09,781 - 接收 : A2 A7 2C 00 00 00 00 2C 00 00 00 00 2C 00 00 3A
2024-09-20 17:12:09,797 - 接收 : 8E 0D 0A
2024-09-20 17:12:09,893 - 接收 : A9 9A 34 25 3A CE B8
2024-09-20 17:12:09,909 - 接收 : 2C 00 00 3B B3 2C 18 2D 09 2D 14 20 11 3A 0C 3A
2024-09-20 17:12:09,925 - 接收 : 01 2C 48 11 2C 00 00 2C 00 00 00 00 2C 00 00
2024-09-20 17:12:09,941 - 接收 : 00 00 2C 00 00 00 00 2C 00 00 00 00 0D 0A
2024-09-20 17:12:16,116 - 接收 : A9 9A 34 25 3A CE B8
2024-09-20 17:12:16,132 - 接收 : 2C 00 00 3B B4 2C 18 2D 09 2D 14 20 11 3A 0C 3A
2024-09-20 17:12:16,148 - 接收 : 08 2C 48 18 2C 00 00 2C 00 00 00 00 2C 00 00
2024-09-20 17:12:16,164 - 接收 : 00 00 2C 00 00 00 00 2C 00 00 00 00 0D 0A
2024-09-20 17:12:16,276 - 接收 : A9 9A 34 25 3A CE B8 2C 00 00 3B B5
2024-09-20 17:12:16,292 - 接收 : 2C 18 2D 09 2D 14 20 11 3A 0C 3A 08 2C 48 18
2024-09-20 17:12:16,308 - 接收 : 2C 00 00 2C 00 00 00 00 2C 00 00 00 00 2C 00 00
2024-09-20 17:12:16,324 - 接收 : 00 00 2C 00 00 00 00 0D 0A
2024-09-20 17:12:16,419 - 接收 : A9
2024-09-20 17:12:16,435 - 接收 : 9A 34 25 3A CE B8 2C 00 00 3B B6 2C 18 2D 09 2D
2024-09-20 17:12:16,451 - 接收 : 14 20 11 3A 0C 3A 08 2C 48 18 2C 00 00 2C 00
2024-09-20 17:12:16,467 - 接收 : 00 00 00 2C 00 00 00 00 2C 00 00 00 00 2C 00
2024-09-20 17:12:16,483 - 接收 : 00 00 00 0D 0A
2024-09-20 17:12:16,579 - 接收 : A9 9A 34 25 3A CE
2024-09-20 17:12:16,595 - 接收 : B8 2C 00 00 3B B7 2C 18 2D 09 2D 14 20 11 3A
2024-09-20 17:12:16,612 - 接收 : 0C 3A 08 2C 48 18 2C 00 00 2C 00 00 00 00 2C 00
2024-09-20 17:12:16,628 - 接收 : 00 00 00 2C 00 00 00 00 2C 00 00 00 00 0D 0A
2024-09-20 17:12:16,740 - 接收 : A9 9A 34 25 3A CE C2 2C 00 00 3B
2024-09-20 17:12:16,756 - 接收 : B8 2C 18 2D 09 2D 14 20 11 3A 0C 3A 08 2C 48
2024-09-20 17:12:16,772 - 接收 : 18 2C 01 2E 2C 00 00 A2 A8 2C 00 00 00 00 2C 00
2024-09-20 17:12:16,788 - 接收 : 00 00 00 2C 00 00 3A 8E 0D 0A
2024-09-20 17:12:16,899 - 接收 : A9 9A 34 25 3A CE B8 2C 00 00 3B B9 2C 18 2D 09
2024-09-20 17:12:16,915 - 接收 : 2D 14 20 11 3A 0C 3A 08 2C 48 18 2C 00 00 2C
2024-09-20 17:12:16,931 - 接收 : 00 00 00 00 2C 00 00 00 00 2C 00 00 00 00 2C
2024-09-20 17:12:16,947 - 接收 : 00 00 00 00 0D 0A
2024-09-20 17:12:21,122 - 接收 : A9 9A 34 25 3A CE B8 2C 00 00 3B
2024-09-20 17:12:21,138 - 接收 : BA 2C 18 2D 09 2D 14 20 11 3A 0C 3A 0D 2C 48
2024-09-20 17:12:21,154 - 接收 : 11 2C 00 00 2C 00 00 00 00 2C 00 00 00 00 2C 00
2024-09-20 17:12:21,170 - 接收 : 00 00 00 2C 00 00 00 00 0D 0A
2024-09-20 17:12:21,267 - 接收 : A9
2024-09-20 17:12:21,283 - 接收 : 9A 34 25 3A CE B8 2C 00 00 3B BB 2C 18 2D 09
2024-09-20 17:12:21,298 - 接收 : 2D 14 20 11 3A 0C 3A 0D 2C 48 11 2C 00 00 2C
2024-09-20 17:12:21,314 - 接收 : 00 00 00 00 2C 00 00 00 00 2C 00 00 00 00 2C 00
2024-09-20 17:12:21,330 - 接收 : 00 00 00 0D 0A
2024-09-20 17:12:21,426 - 接收 : A9 9A 34 25 3A
2024-09-20 17:12:21,442 - 接收 : CE B8 2C 00 00 3B BC 2C 18 2D 09 2D 14 20 11 3A
2024-09-20 17:12:21,458 - 接收 : 0C 3A 0D 2C 48 11 2C 00 00 2C 00 00 00 00 2C
2024-09-20 17:12:21,474 - 接收 : 00 00 00 00 2C 00 00 00 00 2C 00 00 00 00 0D
2024-09-20 17:12:21,491 - 接收 : 0A
2024-09-20 17:12:21,587 - 接收 : A9 9A 34 25 3A CE B8 2C 00 00
2024-09-20 17:12:21,603 - 接收 : 3B BD 2C 18 2D 09 2D 14 20 11 3A 0C 3A 0D 2C
2024-09-20 17:12:21,618 - 接收 : 48 11 2C 00 00 2C 00 00 00 00 2C 00 00 00 00 2C
2024-09-20 17:12:21,634 - 接收 : 00 00 00 00 2C 00 00 00 00 0D 0A
2024-09-20 17:12:21,747 - 接收 : A9 9A 34 25 3A CE C2 2C 00 00 3B BE 2C 18 2D
2024-09-20 17:12:21,763 - 接收 : 09 2D 14 20 11 3A 0C 3A 0D 2C 48 11 2C 01 2E
2024-09-20 17:12:21,778 - 接收 : 2C 00 00 A2 A7 2C 00 00 00 00 2C 00 00 00 00 2C
2024-09-20 17:12:21,794 - 接收 : 00 00 3A 8E 0D 0A
2024-09-20 17:12:21,890 - 接收 : A9 9A 34 25
2024-09-20 17:12:21,907 - 接收 : 3A CE B8 2C 00 00 3B BF 2C 18 2D 09 2D 14 20 11
2024-09-20 17:12:21,922 - 接收 : 3A 0C 3A 0D 2C 48 11 2C 00 00 2C 00 00 00 00
2024-09-20 17:12:21,938 - 接收 : 2C 00 00 00 00 2C 00 00 00 00 2C 00 00 00 00
2024-09-20 17:12:21,954 - 接收 : 0D 0A
2024-09-20 17:12:28,113 - 接收 : A9 9A 34 25 3A CE B8
2024-09-20 17:12:28,130 - 接收 : 2C 00 00 3B C0 2C 18 2D 09 2D 14 20 11 3A 0C
2024-09-20 17:12:28,145 - 接收 : 3A 14 2C 48 11 2C 00 00 2C 00 00 00 00 2C 00 00
2024-09-20 17:12:28,161 - 接收 : 00 00 2C 00 00 00 00 2C 00 00 00 00 0D 0A
2024-09-20 17:12:28,273 - 接收 : A9 9A 34 25 3A CE B8 2C 00 00 3B C1
2024-09-20 17:12:28,289 - 接收 : 2C 18 2D 09 2D 14 20 11 3A 0C 3A 14 2C 48 11
2024-09-20 17:12:28,305 - 接收 : 2C 00 00 2C 00 00 00 00 2C 00 00 00 00 2C 00 00
2024-09-20 17:12:28,321 - 接收 : 00 00 2C 00 00 00 00 0D 0A
