2024-09-20 17:22:21,107 - 接收 : A9 9A 34 25 3A
2024-09-20 17:22:21,122 - 接收 : CE B8 2C 00 00 3E 12 2C 18 2D 09 2D 14 20 11 3A
2024-09-20 17:22:21,138 - 接收 : 16 3A 0D 2C 48 11 2C 00 00 2C 00 00 00 00 2C
2024-09-20 17:22:21,154 - 接收 : 00 00 00 00 2C 00 00 00 00 2C 00 00 00 00 0D
2024-09-20 17:22:21,170 - 接收 : 0A
2024-09-20 17:22:21,265 - 接收 : A9 9A 34 25 3A CE B8 2C 00 00
2024-09-20 17:22:21,281 - 接收 : 3E 13 2C 18 2D 09 2D 14 20 11 3A 16 3A 0D 2C
2024-09-20 17:22:21,297 - 接收 : 48 11 2C 00 00 2C 00 00 00 00 2C 00 00 00 00 2C
2024-09-20 17:22:21,313 - 接收 : 00 00 00 00 2C 00 00 00 00 0D 0A
2024-09-20 17:22:21,425 - 接收 : A9 9A 34 25 3A CE B8 2C 00 00 3E 14 2C 18 2D
2024-09-20 17:22:21,441 - 接收 : 09 2D 14 20 11 3A 16 3A 0D 2C 48 11 2C 00 00
2024-09-20 17:22:21,458 - 接收 : 2C 00 00 00 00 2C 00 00 00 00 2C 00 00 00 00
2024-09-20 17:22:21,474 - 接收 : 2C 00 00 00 00 0D 0A
2024-09-20 17:22:21,570 - 接收 : A9 9A 34 25
2024-09-20 17:22:21,586 - 接收 : 3A CE B9 2C 00 00 3E 15 2C 18 2D 09 2D 14 20
2024-09-20 17:22:21,602 - 接收 : 11 3A 16 3A 0D 2C 48 11 2C 01 33 2C 00 01 04 B0
2024-09-20 17:22:21,618 - 接收 : 2C FF FF FE 47 2C 00 00 02 85 2C 00 00 5D D9
2024-09-20 17:22:21,636 - 接收 : 0D 0A
2024-09-20 17:22:21,730 - 接收 : A9 9A 34 25 3A CE B8 2C 00
2024-09-20 17:22:21,745 - 接收 : 00 3E 16 2C 18 2D 09 2D 14 20 11 3A 16 3A 0D
2024-09-20 17:22:21,762 - 接收 : 2C 48 11 2C 00 00 2C 00 00 00 00 2C 00 00 00
2024-09-20 17:22:21,778 - 接收 : 00 2C 00 00 00 00 2C 00 00 00 00 0D 0A
2024-09-20 17:22:21,889 - 接收 : A9 9A 34 25 3A CE B8 2C 00 00 3E 17 2C
2024-09-20 17:22:21,905 - 接收 : 18 2D 09 2D 14 20 11 3A 16 3A 0D 2C 48 11 2C 00
2024-09-20 17:22:21,921 - 接收 : 00 2C 00 00 00 00 2C 00 00 00 00 2C 00 00 00
2024-09-20 17:22:21,937 - 接收 : 00 2C 00 00 00 00 0D 0A
2024-09-20 17:22:28,108 - 接收 : A9 9A 34 25 3A CE B8
2024-09-20 17:22:28,124 - 接收 : 2C 00 00 3E 18 2C 18 2D 09 2D 14 20 11 3A 16
2024-09-20 17:22:28,140 - 接收 : 3A 14 2C 48 11 2C 00 00 2C 00 00 00 00 2C 00 00
2024-09-20 17:22:28,156 - 接收 : 00 00 2C 00 00 00 00 2C 00 00 00 00 0D 0A
2024-09-20 17:22:28,268 - 接收 : A9 9A 34 25 3A CE B8 2C 00 00 3E 19
2024-09-20 17:22:28,284 - 接收 : 2C 18 2D 09 2D 14 20 11 3A 16 3A 14 2C 48 11
2024-09-20 17:22:28,300 - 接收 : 2C 00 00 2C 00 00 00 00 2C 00 00 00 00 2C 00
2024-09-20 17:22:28,316 - 接收 : 00 00 00 2C 00 00 00 00 0D 0A
2024-09-20 17:22:28,412 - 接收 : A9
2024-09-20 17:22:28,428 - 接收 : 9A 34 25 3A CE B8 2C 00 00 3E 1A 2C 18 2D 09
2024-09-20 17:22:28,444 - 接收 : 2D 14 20 11 3A 16 3A 14 2C 48 11 2C 00 00 2C 00
2024-09-20 17:22:28,460 - 接收 : 00 00 00 2C 00 00 00 00 2C 00 00 00 00
2024-09-20 17:22:28,460 - 接收 : 2C 00
2024-09-20 17:22:28,476 - 接收 : 00 00 00 0D 0A
2024-09-20 17:22:28,572 - 接收 : A9 9A 34 25 3A CE
2024-09-20 17:22:28,588 - 接收 : B9 2C 00 00 3E 1B 2C 18 2D 09 2D 14 20 11 3A
2024-09-20 17:22:28,604 - 接收 : 16 3A 14 2C 48 11 2C 01 33 2C 00 01 04 B0 2C
2024-09-20 17:22:28,620 - 接收 : FF FF FE 47 2C 00 00 02 85 2C 00 00 5D D9 0D 0A
2024-09-20 17:22:28,732 - 接收 : A9 9A 34 25 3A CE B8 2C 00 00
2024-09-20 17:22:28,748 - 接收 : 3E 1C 2C 18 2D 09 2D 14 20 11 3A 16 3A 14 2C 48
2024-09-20 17:22:28,764 - 接收 : 11 2C 00 00 2C 00 00 00 00 2C 00 00 00 00 2C
2024-09-20 17:22:28,780 - 接收 : 00 00 00 00 2C 00 00 00 00 0D 0A
2024-09-20 17:22:28,892 - 接收 : A9 9A 34 25 3A CE B8 2C 00 00 3E 1D 2C 18 2D
2024-09-20 17:22:28,908 - 接收 : 09 2D 14 20 11 3A 16 3A 14 2C 48 11 2C 00 00
2024-09-20 17:22:28,924 - 接收 : 2C 00 00 00 00 2C 00 00 00 00 2C 00 00 00 00 2C
2024-09-20 17:22:28,940 - 接收 : 00 00 00 00 0D 0A
2024-09-20 17:22:33,112 - 接收 : A9 9A 34 25 3A CE B8 2C 00 00 3E 1E 2C 18
2024-09-20 17:22:33,128 - 接收 : 2D 09 2D 14 20 11 3A 16 3A 19 2C 48 11 2C 00
2024-09-20 17:22:33,144 - 接收 : 00 2C 00 00 00 00 2C 00 00 00 00 2C 00 00 00
2024-09-20 17:22:33,160 - 接收 : 00 2C 00 00 00 00 0D 0A
2024-09-20 17:22:33,256 - 接收 : A9 9A 34
2024-09-20 17:22:33,272 - 接收 : 25 3A CE B8 2C 00 00 3E 1F 2C 18 2D 09 2D 14
2024-09-20 17:22:33,288 - 接收 : 20 11 3A 16 3A 19 2C 48 11 2C 00 00 2C 00 00 00
2024-09-20 17:22:33,304 - 接收 : 00 2C 00 00 00 00 2C 00 00 00 00 2C 00 00 00
2024-09-20 17:22:33,321 - 接收 : 00 0D 0A
2024-09-20 17:22:33,416 - 接收 : A9 9A 34 25 3A CE B8 2C
2024-09-20 17:22:33,432 - 接收 : 00 00 3E 20 2C 18 2D 09 2D 14 20 11 3A 16 3A
2024-09-20 17:22:33,448 - 接收 : 19 2C 48 11 2C 00 00 2C 00 00 00 00 2C 00 00
2024-09-20 17:22:33,464 - 接收 : 00 00 2C 00 00 00 00 2C 00 00 00 00 0D 0A
2024-09-20 17:22:33,576 - 接收 : A9 9A 34 25 3A CE B9 2C 00 00 3E 21 2C
2024-09-20 17:22:33,592 - 接收 : 18 2D 09 2D 14 20 11 3A 16 3A 19 2C 48 11 2C
2024-09-20 17:22:33,608 - 接收 : 01 33 2C 00 01 04 AE 2C FF FF FE 45 2C 00 00
2024-09-20 17:22:33,624 - 接收 : 02 88 2C 00 00 5D D8 0D 0A
2024-09-20 17:22:33,720 - 接收 : A9 9A
2024-09-20 17:22:33,736 - 接收 : 34 25 3A CE B8 2C 00 00 3E 22 2C 18 2D 09 2D
2024-09-20 17:22:33,752 - 接收 : 14 20 11 3A 16 3A 19 2C 48 11 2C 00 00 2C 00 00
2024-09-20 17:22:33,768 - 接收 : 00 00 2C 00 00 00 00 2C 00 00 00 00 2C 00 00
2024-09-20 17:22:33,784 - 接收 : 00 00 0D 0A
2024-09-20 17:22:33,880 - 接收 : A9 9A 34 25 3A CE B8
2024-09-20 17:22:33,896 - 接收 : 2C 00 00 3E 23 2C 18 2D 09 2D 14 20 11 3A 16
2024-09-20 17:22:33,912 - 接收 : 3A 19 2C 48 11 2C 00 00 2C 00 00 00 00 2C 00
2024-09-20 17:22:33,928 - 接收 : 00 00 00 2C 00 00 00 00 2C 00 00 00 00 0D 0A
2024-09-20 17:22:40,103 - 接收 : A9 9A 34 25 3A
2024-09-20 17:22:40,119 - 接收 : CE B8 2C 00 00 3E 24 2C 18 2D 09 2D 14 20 11
2024-09-20 17:22:40,136 - 接收 : 3A 16 3A 20 2C 48 11 2C 00 00 2C 00 00 00 00
2024-09-20 17:22:40,152 - 接收 : 2C 00 00 00 00 2C 00 00 00 00 2C 00 00 00 00 0D
2024-09-20 17:22:40,168 - 接收 : 0A
2024-09-20 17:22:40,264 - 接收 : A9 9A 34 25 3A CE B8 2C 00
2024-09-20 17:22:40,280 - 接收 : 00 3E 25 2C 18 2D 09 2D 14 20 11 3A 16 3A 20 2C
2024-09-20 17:22:40,296 - 接收 : 48 11 2C 00 00 2C 00 00 00 00 2C 00 00 00 00
2024-09-20 17:22:40,311 - 接收 : 2C 00 00 00 00 2C 00 00 00 00 0D 0A
2024-09-20 17:22:40,423 - 接收 : A9 9A 34 25 3A CE B8 2C 00 00 3E 26 2C 18
2024-09-20 17:22:40,439 - 接收 : 2D 09 2D 14 20 11 3A 16 3A 20 2C 48 11 2C 00 00
2024-09-20 17:22:40,455 - 接收 : 2C 00 00 00 00 2C 00 00 00 00 2C 00 00 00 00
2024-09-20 17:22:40,471 - 接收 : 2C 00 00 00 00 0D 0A
2024-09-20 17:22:40,567 - 接收 : A9 9A 34 25
2024-09-20 17:22:40,583 - 接收 : 3A CE B9 2C 00 00 3E 27 2C 18 2D 09 2D 14 20
2024-09-20 17:22:40,599 - 接收 : 11 3A 16 3A 20 2C 48 11 2C 01 33 2C 00 01 04
2024-09-20 17:22:40,615 - 接收 : AE 2C FF FF FE 45 2C 00 00 02 88 2C 00 00 5D D8
2024-09-20 17:22:40,631 - 接收 : 0D 0A
2024-09-20 17:22:40,727 - 接收 : A9 9A 34 25 3A CE B8 2C
2024-09-20 17:22:40,743 - 接收 : 00 00 3E 28 2C 18 2D 09 2D 14 20 11 3A 16 3A 20
2024-09-20 17:22:40,759 - 接收 : 2C 48 11 2C 00 00 2C 00 00 00 00 2C 00 00 00
2024-09-20 17:22:40,775 - 接收 : 00 2C 00 00 00 00 2C 00 00 00 00 0D 0A
2024-09-20 17:22:40,887 - 接收 : A9 9A 34 25 3A CE B8 2C 00 00 3E 29 2C
2024-09-20 17:22:40,903 - 接收 : 18 2D 09 2D 14 20 11 3A 16 3A 20 2C 48 11 2C 00
2024-09-20 17:22:40,919 - 接收 : 00 2C 00 00 00 00 2C 00 00 00 00 2C 00 00 00
2024-09-20 17:22:40,935 - 接收 : 00 2C 00 00 00 00 0D 0A
2024-09-20 17:22:45,110 - 接收 : A9 9A 34 25 3A CE B8 2C 00 00 3E
2024-09-20 17:22:45,126 - 接收 : 2A 2C 18 2D 09 2D 14 20 11 3A 16 3A 25 2C 48
2024-09-20 17:22:45,142 - 接收 : 11 2C 00 00 2C 00 00 00 00 2C 00 00 00 00 2C
2024-09-20 17:22:45,158 - 接收 : 00 00 00 00 2C 00 00 00 00 0D 0A
2024-09-20 17:22:45,270 - 接收 : A9 9A 34 25 3A CE B8 2C 00 00 3E 2B 2C 18 2D
2024-09-20 17:22:45,286 - 接收 : 09 2D 14 20 11 3A 16 3A 25 2C 48 11 2C 00 00 2C
2024-09-20 17:22:45,302 - 接收 : 00 00 00 00 2C 00 00 00 00 2C 00 00 00 00 2C
2024-09-20 17:22:45,318 - 接收 : 00 00 00 00 0D 0A
2024-09-20 17:22:45,414 - 接收 : A9 9A 34 25 3A
2024-09-20 17:22:45,430 - 接收 : CE B8 2C 00 00 3E 2C 2C 18 2D 09 2D 14 20 11
2024-09-20 17:22:45,446 - 接收 : 3A 16 3A 25 2C 48 11 2C 00 00 2C 00 00 00 00
2024-09-20 17:22:45,462 - 接收 : 2C 00 00 00 00 2C 00 00 00 00 2C 00 00 00 00 0D
2024-09-20 17:22:45,478 - 接收 : 0A
2024-09-20 17:22:45,574 - 接收 : A9 9A 34 25 3A CE B9 2C 00 00
2024-09-20 17:22:45,590 - 接收 : 3E 2D 2C 18 2D 09 2D 14 20 11 3A 16 3A 25 2C
2024-09-20 17:22:45,606 - 接收 : 48 11 2C 01 33 2C 00 01 04 AF 2C FF FF FE 46
2024-09-20 17:22:45,622 - 接收 : 2C 00 00 02 86 2C 00 00 5D D8 0D 0A
2024-09-20 17:22:45,734 - 接收 : A9 9A 34 25 3A CE B8 2C 00 00 3E 2E 2C 18
2024-09-20 17:22:45,750 - 接收 : 2D 09 2D 14 20 11 3A 16 3A 25 2C 48 11 2C 00 00
2024-09-20 17:22:45,766 - 接收 : 2C 00 00 00 00 2C 00 00 00 00 2C 00 00 00 00
2024-09-20 17:22:45,782 - 接收 : 2C 00 00 00 00 0D 0A
2024-09-20 17:22:45,878 - 接收 : A9 9A 34 25
2024-09-20 17:22:45,894 - 接收 : 3A CE B8 2C 00 00 3E 2F 2C 18 2D 09 2D 14 20
2024-09-20 17:22:45,910 - 接收 : 11 3A 16 3A 25 2C 48 11 2C 00 00 2C 00 00 00
2024-09-20 17:22:45,926 - 接收 : 00 2C 00 00 00 00 2C 00 00 00 00 2C 00 00 00 00
2024-09-20 17:22:45,941 - 接收 : 0D 0A
2024-09-20 17:22:52,101 - 接收 : A9 9A
2024-09-20 17:22:52,117 - 接收 : 34 25 3A CE B8 2C 00 00 3E 30 2C 18 2D 09 2D
2024-09-20 17:22:52,133 - 接收 : 14 20 11 3A 16 3A 2C 2C 48 11 2C 00 00 2C 00
2024-09-20 17:22:52,149 - 接收 : 00 00 00 2C 00 00 00 00 2C 00 00 00 00 2C 00 00
2024-09-20 17:22:52,165 - 接收 : 00 00 0D 0A
2024-09-20 17:22:52,261 - 接收 : A9 9A 34 25 3A CE
2024-09-20 17:22:52,277 - 接收 : B8 2C 00 00 3E 31 2C 18 2D 09 2D 14 20 11 3A 16
2024-09-20 17:22:52,293 - 接收 : 3A 2C 2C 48 11 2C 00 00 2C 00 00 00 00 2C 00
2024-09-20 17:22:52,309 - 接收 : 00 00 00 2C 00 00 00 00 2C 00 00 00 00 0D 0A
2024-09-20 17:22:52,421 - 接收 : A9 9A 34 25 3A CE B8 2C 00 00 3E
2024-09-20 17:22:52,437 - 接收 : 32 2C 18 2D 09 2D 14 20 11 3A 16 3A 2C 2C 48 11
2024-09-20 17:22:52,453 - 接收 : 2C 00 00 2C 00 00 00 00 2C 00 00 00 00 2C 00
2024-09-20 17:22:52,469 - 接收 : 00 00 00 2C 00 00 00 00 0D 0A
2024-09-20 17:22:52,565 - 接收 : A9
2024-09-20 17:22:52,581 - 接收 : 9A 34 25 3A CE B9 2C 00 00 3E 33 2C 18 2D 09
2024-09-20 17:22:52,597 - 接收 : 2D 14 20 11 3A 16 3A 2C 2C 48 11 2C 01 33 2C
2024-09-20 17:22:52,612 - 接收 : 00 01 04 AD 2C FF FF FE 44 2C 00 00 02 89 2C 00
2024-09-20 17:22:52,628 - 接收 : 00 5D D7 0D 0A
2024-09-20 17:22:52,725 - 接收 : A9 9A 34 25 3A
2024-09-20 17:22:52,741 - 接收 : CE B8 2C 00 00 3E 34 2C 18 2D 09 2D 14 20 11 3A
2024-09-20 17:22:52,757 - 接收 : 16 3A 2C 2C 48 11 2C 00 00 2C 00 00 00 00 2C
2024-09-20 17:22:52,773 - 接收 : 00 00 00 00 2C 00 00 00 00 2C 00 00 00 00 0D 0A
2024-09-20 17:22:52,885 - 接收 : A9 9A 34 25 3A CE B8 2C 00 00
2024-09-20 17:22:52,901 - 接收 : 3E 35 2C 18 2D 09 2D 14 20 11 3A 16 3A 2C 2C 48
2024-09-20 17:22:52,917 - 接收 : 11 2C 00 00 2C 00 00 00 00 2C 00 00 00 00 2C
2024-09-20 17:22:52,933 - 接收 : 00 00 00 00 2C 00 00 00 00 0D 0A
2024-09-20 17:22:57,108 - 接收 : A9 9A 34 25 3A CE B8 2C
2024-09-20 17:22:57,124 - 接收 : 00 00 3E 36 2C 18 2D 09 2D 14 20 11 3A 16 3A
2024-09-20 17:22:57,140 - 接收 : 31 2C 48 11 2C 00 00 2C 00 00 00 00 2C 00 00
2024-09-20 17:22:57,156 - 接收 : 00 00 2C 00 00 00 00 2C 00 00 00 00 0D 0A
2024-09-20 17:22:57,268 - 接收 : A9 9A 34 25 3A CE B8 2C 00 00 3E 37
2024-09-20 17:22:57,284 - 接收 : 2C 18 2D 09 2D 14 20 11 3A 16 3A 31 2C 48 11 2C
2024-09-20 17:22:57,300 - 接收 : 00 00 2C 00 00 00 00 2C 00 00 00 00 2C 00 00
2024-09-20 17:22:57,316 - 接收 : 00 00 2C 00 00 00 00 0D 0A
2024-09-20 17:22:57,412 - 接收 : A9 9A
2024-09-20 17:22:57,428 - 接收 : 34 25 3A CE B8 2C 00 00 3E 38 2C 18 2D 09 2D
2024-09-20 17:22:57,444 - 接收 : 14 20 11 3A 16 3A 31 2C 48 11 2C 00 00 2C 00
2024-09-20 17:22:57,460 - 接收 : 00 00 00 2C 00 00 00 00 2C 00 00 00 00 2C 00 00
2024-09-20 17:22:57,476 - 接收 : 00 00 0D 0A
2024-09-20 17:22:57,572 - 接收 : A9 9A 34 25 3A CE
2024-09-20 17:22:57,588 - 接收 : B9 2C 00 00 3E 39 2C 18 2D 09 2D 14 20 11 3A 16
2024-09-20 17:22:57,604 - 接收 : 3A 31 2C 48 11 2C 01 33 2C 00 01 04 AE 2C FF
2024-09-20 17:22:57,620 - 接收 : FF FE 45 2C 00 00 02 88 2C 00 00 5D D8 0D 0A
2024-09-20 17:22:57,732 - 接收 : A9 9A 34 25 3A CE B8 2C 00 00 3E
2024-09-20 17:22:57,748 - 接收 : 3A 2C 18 2D 09 2D 14 20 11 3A 16 3A 31 2C 48 11
2024-09-20 17:22:57,764 - 接收 : 2C 00 00 2C 00 00 00 00 2C 00 00 00 00 2C 00
2024-09-20 17:22:57,780 - 接收 : 00 00 00 2C 00 00 00 00 0D 0A
2024-09-20 17:22:57,876 - 接收 : A9
2024-09-20 17:22:57,892 - 接收 : 9A 34 25 3A CE B8 2C 00 00 3E 3B 2C 18 2D 09
2024-09-20 17:22:57,908 - 接收 : 2D 14 20 11 3A 16 3A 31 2C 48 11 2C 00 00 2C
2024-09-20 17:22:57,924 - 接收 : 00 00 00 00 2C 00 00 00 00 2C 00 00 00 00 2C 00
2024-09-20 17:22:57,940 - 接收 : 00 00 00 0D 0A
2024-09-20 17:23:04,115 - 接收 : A9 9A 34 25 3A CE B8 2C 00 00 3E 3C 2C
2024-09-20 17:23:04,131 - 接收 : 18 2D 09 2D 14 20 11 3A 16 3A 38 2C 48 18 2C
2024-09-20 17:23:04,146 - 接收 : 00 00 2C 00 00 00 00 2C 00 00 00 00 2C 00 00 00
2024-09-20 17:23:04,163 - 接收 : 00 2C 00 00 00 00 0D 0A
2024-09-20 17:23:04,259 - 接收 : A9 9A 34
2024-09-20 17:23:04,275 - 接收 : 25 3A CE B8 2C 00 00 3E 3D 2C 18 2D 09 2D 14
2024-09-20 17:23:04,291 - 接收 : 20 11 3A 16 3A 38 2C 48 18 2C 00 00 2C 00 00
2024-09-20 17:23:04,307 - 接收 : 00 00 2C 00 00 00 00 2C 00 00 00 00 2C 00 00 00
2024-09-20 17:23:04,323 - 接收 : 00 0D 0A
2024-09-20 17:23:04,419 - 接收 : A9 9A 34 25 3A CE B8
2024-09-20 17:23:04,435 - 接收 : 2C 00 00 3E 3E 2C 18 2D 09 2D 14 20 11 3A 16 3A
2024-09-20 17:23:04,451 - 接收 : 38 2C 48 18 2C 00 00 2C 00 00 00 00 2C 00 00
2024-09-20 17:23:04,466 - 接收 : 00 00 2C 00 00 00 00 2C 00 00 00 00 0D 0A
2024-09-20 17:23:04,579 - 接收 : A9 9A 34 25 3A CE B9 2C 00 00 3E 3F
2024-09-20 17:23:04,595 - 接收 : 2C 18 2D 09 2D 14 20 11 3A 16 3A 38 2C 48 18
2024-09-20 17:23:04,611 - 接收 : 2C 01 33 2C 00 01 04 AE 2C FF FF FE 45 2C 00 00
2024-09-20 17:23:04,627 - 接收 : 02 88 2C 00 00 5D D8 0D 0A
2024-09-20 17:23:04,723 - 接收 : A9
2024-09-20 17:23:04,739 - 接收 : 9A 34 25 3A CE B8 2C 00 00 3E 40 2C 18 2D 09 2D
2024-09-20 17:23:04,755 - 接收 : 14 20 11 3A 16 3A 38 2C 48 18 2C 00 00 2C 00
2024-09-20 17:23:04,771 - 接收 : 00 00 00 2C 00 00 00 00 2C 00 00 00 00 2C 00 00
2024-09-20 17:23:04,787 - 接收 : 00 00 0D 0A
2024-09-20 17:23:04,883 - 接收 : A9 9A 34 25 3A CE
2024-09-20 17:23:04,899 - 接收 : B8 2C 00 00 3E 41 2C 18 2D 09 2D 14 20 11 3A 16
2024-09-20 17:23:04,914 - 接收 : 3A 38 2C 48 18 2C 00 00 2C 00 00 00 00 2C 00
2024-09-20 17:23:04,931 - 接收 : 00 00 00 2C 00 00 00 00 2C 00 00 00 00 0D 0A
2024-09-20 17:23:09,105 - 接收 : A9 9A 34 25 3A CE B8
2024-09-20 17:23:09,121 - 接收 : 2C 00 00 3E 42 2C 18 2D 09 2D 14 20 11 3A 17 3A
2024-09-20 17:23:09,137 - 接收 : 01 2C 48 11 2C 00 00 2C 00 00 00 00 2C 00 00
2024-09-20 17:23:09,154 - 接收 : 00 00 2C 00 00 00 00 2C 00 00 00 00 0D 0A
2024-09-20 17:23:09,266 - 接收 : A9 9A 34 25 3A CE B8 2C 00 00 3E 43
2024-09-20 17:23:09,282 - 接收 : 2C 18 2D 09 2D 14 20 11 3A 17 3A 01 2C 48 11 2C
2024-09-20 17:23:09,298 - 接收 : 00 00 2C 00 00 00 00 2C 00 00 00 00 2C 00 00
2024-09-20 17:23:09,314 - 接收 : 00 00 2C 00 00 00 00 0D 0A
2024-09-20 17:23:09,410 - 接收 : A9 9A
2024-09-20 17:23:09,426 - 接收 : 34 25 3A CE B8 2C 00 00 3E 44 2C 18 2D 09 2D
2024-09-20 17:23:09,442 - 接收 : 14 20 11 3A 17 3A 01 2C 48 11 2C 00 00 2C 00
2024-09-20 17:23:09,458 - 接收 : 00 00 00 2C 00 00 00 00 2C 00 00 00 00 2C 00 00
2024-09-20 17:23:09,474 - 接收 : 00 00 0D 0A
2024-09-20 17:23:09,570 - 接收 : A9 9A 34 25 3A CE
2024-09-20 17:23:09,586 - 接收 : B9 2C 00 00 3E 45 2C 18 2D 09 2D 14 20 11 3A 17
2024-09-20 17:23:09,602 - 接收 : 3A 01 2C 48 11 2C 01 33 2C 00 01 04 AE 2C FF
2024-09-20 17:23:09,618 - 接收 : FF FE 45 2C 00 00 02 88 2C 00 00 5D D8 0D 0A
2024-09-20 17:23:09,729 - 接收 : A9 9A 34 25 3A CE B8 2C 00 00 3E
2024-09-20 17:23:09,746 - 接收 : 46 2C 18 2D 09 2D 14 20 11 3A 17 3A 01 2C 48 11
2024-09-20 17:23:09,761 - 接收 : 2C 00 00 2C 00 00 00 00 2C 00 00 00 00 2C 00
2024-09-20 17:23:09,777 - 接收 : 00 00 00 2C 00 00 00 00 0D 0A
2024-09-20 17:23:09,873 - 接收 : A9
2024-09-20 17:23:09,889 - 接收 : 9A 34 25 3A CE B8 2C 00 00 3E 47 2C 18 2D 09
2024-09-20 17:23:09,905 - 接收 : 2D 14 20 11 3A 17 3A 01 2C 48 11 2C 00 00 2C
2024-09-20 17:23:09,921 - 接收 : 00 00 00 00 2C 00 00 00 00 2C 00 00 00 00 2C 00
2024-09-20 17:23:09,937 - 接收 : 00 00 00 0D 0A
2024-09-20 17:23:16,112 - 接收 : A9 9A 34 25 3A CE B8 2C 00 00 3E 48 2C 18
2024-09-20 17:23:16,128 - 接收 : 2D 09 2D 14 20 11 3A 17 3A 08 2C 48 18 2C 00
2024-09-20 17:23:16,144 - 接收 : 00 2C 00 00 00 00 2C 00 00 00 00 2C 00 00 00 00
2024-09-20 17:23:16,161 - 接收 : 2C 00 00 00 00 0D 0A
2024-09-20 17:23:16,256 - 接收 : A9 9A 34
2024-09-20 17:23:16,273 - 接收 : 25 3A CE B8 2C 00 00 3E 49 2C 18 2D 09 2D 14 20
2024-09-20 17:23:16,289 - 接收 : 11 3A 17 3A 08 2C 48 18 2C 00 00 2C 00 00 00
2024-09-20 17:23:16,305 - 接收 : 00 2C 00 00 00 00 2C 00 00 00 00 2C 00 00 00
2024-09-20 17:23:16,321 - 接收 : 00 0D 0A
2024-09-20 17:23:16,417 - 接收 : A9 9A 34 25 3A CE B8 2C
2024-09-20 17:23:16,432 - 接收 : 00 00 3E 4A 2C 18 2D 09 2D 14 20 11 3A 17 3A 08
2024-09-20 17:23:16,448 - 接收 : 2C 48 18 2C 00 00 2C 00 00 00 00 2C 00 00 00
2024-09-20 17:23:16,464 - 接收 : 00 2C 00 00 00 00 2C 00 00 00 00 0D 0A
2024-09-20 17:23:16,576 - 接收 : A9 9A 34 25 3A CE B9 2C 00 00 3E 4B 2C
2024-09-20 17:23:16,592 - 接收 : 18 2D 09 2D 14 20 11 3A 17 3A 08 2C 48 18 2C
2024-09-20 17:23:16,608 - 接收 : 01 33 2C 00 01 04 AC 2C FF FF FE 43 2C 00 00 02
2024-09-20 17:23:16,624 - 接收 : 8B 2C 00 00 5D D7 0D 0A
2024-09-20 17:23:16,720 - 接收 : A9 9A
2024-09-20 17:23:16,736 - 接收 : 34 25 3A CE B8 2C 00 00 3E 4C 2C 18 2D 09 2D 14
2024-09-20 17:23:16,752 - 接收 : 20 11 3A 17 3A 08 2C 48 18 2C 00 00 2C 00 00
2024-09-20 17:23:16,769 - 接收 : 00 00 2C 00 00 00 00 2C 00 00 00 00 2C 00 00
2024-09-20 17:23:16,784 - 接收 : 00 00 0D 0A
2024-09-20 17:23:16,880 - 接收 : A9 9A 34 25 3A CE B8
2024-09-20 17:23:16,896 - 接收 : 2C 00 00 3E 4D 2C 18 2D 09 2D 14 20 11 3A 17
2024-09-20 17:23:16,912 - 接收 : 3A 08 2C 48 18 2C 00 00 2C 00 00 00 00 2C 00 00
2024-09-20 17:23:16,928 - 接收 : 00 00 2C 00 00 00 00 2C 00 00 00 00 0D 0A
2024-09-20 17:23:21,103 - 接收 : A9 9A 34 25 3A
2024-09-20 17:23:21,119 - 接收 : CE B8 2C 00 00 3E 4E 2C 18 2D 09 2D 14 20 11
2024-09-20 17:23:21,135 - 接收 : 3A 17 3A 0D 2C 48 11 2C 00 00 2C 00 00 00 00
2024-09-20 17:23:21,151 - 接收 : 2C 00 00 00 00 2C 00 00 00 00 2C 00 00 00 00 0D
2024-09-20 17:23:21,167 - 接收 : 0A
2024-09-20 17:23:21,263 - 接收 : A9 9A 34 25 3A CE B8 2C 00
2024-09-20 17:23:21,279 - 接收 : 00 3E 4F 2C 18 2D 09 2D 14 20 11 3A 17 3A 0D 2C
2024-09-20 17:23:21,295 - 接收 : 48 11 2C 00 00 2C 00 00 00 00 2C 00 00 00 00
2024-09-20 17:23:21,311 - 接收 : 2C 00 00 00 00 2C 00 00 00 00 0D 0A
2024-09-20 17:23:21,423 - 接收 : A9 9A 34 25 3A CE B8 2C 00 00 3E 50 2C 18
2024-09-20 17:23:21,439 - 接收 : 2D 09 2D 14 20 11 3A 17 3A 0D 2C 48 11 2C 00
2024-09-20 17:23:21,455 - 接收 : 00 2C 00 00 00 00 2C 00 00 00 00 2C 00 00 00 00
2024-09-20 17:23:21,471 - 接收 : 2C 00 00 00 00 0D 0A
2024-09-20 17:23:21,567 - 接收 : A9 9A 34
2024-09-20 17:23:21,583 - 接收 : 25 3A CE B9 2C 00 00 3E 51 2C 18 2D 09 2D 14 20
2024-09-20 17:23:21,599 - 接收 : 11 3A 17 3A 0D 2C 48 11 2C 01 33 2C 00 01 04
2024-09-20 17:23:21,616 - 接收 : AA 2C FF FF FE 41 2C 00 00 02 8E 2C 00 00 5D D6
2024-09-20 17:23:21,632 - 接收 : 0D 0A
2024-09-20 17:23:21,728 - 接收 : A9 9A 34 25 3A CE B8 2C
2024-09-20 17:23:21,744 - 接收 : 00 00 3E 52 2C 18 2D 09 2D 14 20 11 3A 17 3A 0D
2024-09-20 17:23:21,759 - 接收 : 2C 48 11 2C 00 00 2C 00 00 00 00 2C 00 00 00
2024-09-20 17:23:21,775 - 接收 : 00 2C 00 00 00 00 2C 00 00 00 00 0D 0A
2024-09-20 17:23:21,887 - 接收 : A9 9A 34 25 3A CE B8 2C 00 00 3E 53 2C
2024-09-20 17:23:21,903 - 接收 : 18 2D 09 2D 14 20 11 3A 17 3A 0D 2C 48 11 2C
2024-09-20 17:23:21,919 - 接收 : 00 00 2C 00 00 00 00 2C 00 00 00 00 2C 00 00 00
2024-09-20 17:23:21,935 - 接收 : 00 2C 00 00 00 00 0D 0A
2024-09-20 17:23:28,110 - 接收 : A9 9A 34 25 3A CE B8 2C 00 00
2024-09-20 17:23:28,126 - 接收 : 3E 54 2C 18 2D 09 2D 14 20 11 3A 17 3A 14 2C
2024-09-20 17:23:28,142 - 接收 : 48 11 2C 00 00 2C 00 00 00 00 2C 00 00 00 00 2C
2024-09-20 17:23:28,158 - 接收 : 00 00 00 00 2C 00 00 00 00 0D 0A
2024-09-20 17:23:28,270 - 接收 : A9 9A 34 25 3A CE B8 2C 00 00 3E 55 2C 18 2D
2024-09-20 17:23:28,286 - 接收 : 09 2D 14 20 11 3A 17 3A 14 2C 48 11 2C 00 00
2024-09-20 17:23:28,302 - 接收 : 2C 00 00 00 00 2C 00 00 00 00 2C 00 00 00 00 2C
2024-09-20 17:23:28,318 - 接收 : 00 00 00 00 0D 0A
2024-09-20 17:23:28,414 - 接收 : A9 9A 34 25
2024-09-20 17:23:28,430 - 接收 : 3A CE B8 2C 00 00 3E 56 2C 18 2D 09 2D 14 20 11
2024-09-20 17:23:28,447 - 接收 : 3A 17 3A 14 2C 48 11 2C 00 00 2C 00 00 00 00
2024-09-20 17:23:28,462 - 接收 : 2C 00 00 00 00 2C 00 00 00 00 2C 00 00 00 00
2024-09-20 17:23:28,478 - 接收 : 0D 0A
2024-09-20 17:23:28,574 - 接收 : A9 9A 34 25 3A CE B9 2C 00
2024-09-20 17:23:28,590 - 接收 : 00 3E 57 2C 18 2D 09 2D 14 20 11 3A 17 3A 14
2024-09-20 17:23:28,606 - 接收 : 2C 48 11 2C 01 33 2C 00 01 04 AB 2C FF FF FE 42
2024-09-20 17:23:28,622 - 接收 : 2C 00 00 02 8C 2C 00 00 5D D7 0D 0A
2024-09-20 17:23:28,734 - 接收 : A9 9A 34 25 3A CE B8 2C 00 00 3E 58 2C 18
2024-09-20 17:23:28,750 - 接收 : 2D 09 2D 14 20 11 3A 17 3A 14 2C 48 11 2C 00
2024-09-20 17:23:28,766 - 接收 : 00 2C 00 00 00 00 2C 00 00 00 00 2C 00 00 00
2024-09-20 17:23:28,782 - 接收 : 00 2C 00 00 00 00 0D 0A
2024-09-20 17:23:28,878 - 接收 : A9 9A 34
2024-09-20 17:23:28,894 - 接收 : 25 3A CE B8 2C 00 00 3E 59 2C 18 2D 09 2D 14 20
2024-09-20 17:23:28,910 - 接收 : 11 3A 17 3A 14 2C 48 11 2C 00 00 2C 00 00 00
2024-09-20 17:23:28,926 - 接收 : 00 2C 00 00 00 00 2C 00 00 00 00 2C 00 00 00
2024-09-20 17:23:28,942 - 接收 : 00 0D 0A
2024-09-20 17:23:33,101 - 接收 : A9
2024-09-20 17:23:33,117 - 接收 : 9A 34 25 3A CE B8 2C 00 00 3E 5A 2C 18 2D 09
2024-09-20 17:23:33,133 - 接收 : 2D 14 20 11 3A 17 3A 19 2C 48 11 2C 00 00 2C
2024-09-20 17:23:33,149 - 接收 : 00 00 00 00 2C 00 00 00 00 2C 00 00 00 00 2C 00
2024-09-20 17:23:33,165 - 接收 : 00 00 00 0D 0A
2024-09-20 17:23:33,261 - 接收 : A9 9A 34 25 3A
2024-09-20 17:23:33,277 - 接收 : CE B8 2C 00 00 3E 5B 2C 18 2D 09 2D 14 20 11 3A
2024-09-20 17:23:33,293 - 接收 : 17 3A 19 2C 48 11 2C 00 00 2C 00 00 00 00 2C
2024-09-20 17:23:33,309 - 接收 : 00 00 00 00 2C 00 00 00 00 2C 00 00 00 00 0D
2024-09-20 17:23:33,325 - 接收 : 0A
2024-09-20 17:23:33,421 - 接收 : A9 9A 34 25 3A CE B8 2C 00 00
2024-09-20 17:23:33,437 - 接收 : 3E 5C 2C 18 2D 09 2D 14 20 11 3A 17 3A 19 2C
2024-09-20 17:23:33,453 - 接收 : 48 11 2C 00 00 2C 00 00 00 00 2C 00 00 00 00 2C
2024-09-20 17:23:33,469 - 接收 : 00 00 00 00 2C 00 00 00 00 0D 0A
2024-09-20 17:23:33,581 - 接收 : A9 9A 34 25 3A CE B9 2C 00 00 3E 5D 2C 18 2D
2024-09-20 17:23:33,597 - 接收 : 09 2D 14 20 11 3A 17 3A 19 2C 48 11 2C 01 33
2024-09-20 17:23:33,613 - 接收 : 2C 00 01 04 AA 2C FF FF FE 41 2C 00 00 02 8E 2C
2024-09-20 17:23:33,630 - 接收 : 00 00 5D D7 0D 0A
2024-09-20 17:23:33,725 - 接收 : A9 9A 34 25
2024-09-20 17:23:33,741 - 接收 : 3A CE B8 2C 00 00 3E 5E 2C 18 2D 09 2D 14 20 11
2024-09-20 17:23:33,757 - 接收 : 3A 17 3A 19 2C 48 11 2C 00 00 2C 00 00 00 00
2024-09-20 17:23:33,773 - 接收 : 2C 00 00 00 00 2C 00 00 00 00 2C 00 00 00 00
2024-09-20 17:23:33,789 - 接收 : 0D 0A
2024-09-20 17:23:33,885 - 接收 : A9 9A 34 25 3A CE B8 2C 00
2024-09-20 17:23:33,901 - 接收 : 00 3E 5F 2C 18 2D 09 2D 14 20 11 3A 17 3A 19
2024-09-20 17:23:33,917 - 接收 : 2C 48 11 2C 00 00 2C 00 00 00 00 2C 00 00 00 00
2024-09-20 17:23:33,933 - 接收 : 2C 00 00 00 00 2C 00 00 00 00 0D 0A
2024-09-20 17:23:40,108 - 接收 : A9 9A 34 25 3A CE B8
2024-09-20 17:23:40,123 - 接收 : 2C 00 00 3E 60 2C 18 2D 09 2D 14 20 11 3A 17
2024-09-20 17:23:40,139 - 接收 : 3A 20 2C 48 11 2C 00 00 2C 00 00 00 00 2C 00 00
2024-09-20 17:23:40,156 - 接收 : 00 00 2C 00 00 00 00 2C 00 00 00 00 0D 0A
2024-09-20 17:23:40,268 - 接收 : A9 9A 34 25 3A CE B8 2C 00 00 3E 61
2024-09-20 17:23:40,284 - 接收 : 2C 18 2D 09 2D 14 20 11 3A 17 3A 20 2C 48 11
2024-09-20 17:23:40,300 - 接收 : 2C 00 00 2C 00 00 00 00 2C 00 00 00 00 2C 00 00
2024-09-20 17:23:40,316 - 接收 : 00 00 2C 00 00 00 00 0D 0A
2024-09-20 17:23:40,412 - 接收 : A9
2024-09-20 17:23:40,428 - 接收 : 9A 34 25 3A CE B8 2C 00 00 3E 62 2C 18 2D 09 2D
2024-09-20 17:23:40,444 - 接收 : 14 20 11 3A 17 3A 20 2C 48 11 2C 00 00 2C 00
2024-09-20 17:23:40,460 - 接收 : 00 00 00 2C 00 00 00 00 2C 00 00 00 00 2C 00
2024-09-20 17:23:40,476 - 接收 : 00 00 00 0D 0A
2024-09-20 17:23:40,572 - 接收 : A9 9A 34 25 3A CE
2024-09-20 17:23:40,588 - 接收 : B9 2C 00 00 3E 63 2C 18 2D 09 2D 14 20 11 3A
2024-09-20 17:23:40,604 - 接收 : 17 3A 20 2C 48 11 2C 01 33 2C 00 01 04 AB 2C FF
2024-09-20 17:23:40,620 - 接收 : FF FE 42 2C 00 00 02 8C 2C 00 00 5D D7 0D 0A
2024-09-20 17:23:40,732 - 接收 : A9 9A 34 25 3A CE B8 2C 00 00 3E
2024-09-20 17:23:40,748 - 接收 : 64 2C 18 2D 09 2D 14 20 11 3A 17 3A 20 2C 48
2024-09-20 17:23:40,764 - 接收 : 11 2C 00 00 2C 00 00 00 00 2C 00 00 00 00 2C
2024-09-20 17:23:40,780 - 接收 : 00 00 00 00 2C 00 00 00 00 0D 0A
2024-09-20 17:23:40,891 - 接收 : A9 9A 34 25 3A CE B8 2C 00 00 3E 65 2C 18 2D 09
2024-09-20 17:23:40,907 - 接收 : 2D 14 20 11 3A 17 3A 20 2C 48 11 2C 00 00 2C
2024-09-20 17:23:40,924 - 接收 : 00 00 00 00 2C 00 00 00 00 2C 00 00 00 00 2C
2024-09-20 17:23:40,940 - 接收 : 00 00 00 00 0D 0A
2024-09-20 17:23:45,099 - 接收 : A9
2024-09-20 17:23:45,115 - 接收 : 9A 34 25 3A CE B8 2C 00 00 3E 66 2C 18 2D 09 2D
2024-09-20 17:23:45,131 - 接收 : 14 20 11 3A 17 3A 25 2C 48 11 2C 00 00 2C 00
2024-09-20 17:23:45,147 - 接收 : 00 00 00 2C 00 00 00 00 2C 00 00 00 00 2C 00
2024-09-20 17:23:45,162 - 接收 : 00 00 00 0D 0A
2024-09-20 17:23:45,259 - 接收 : A9 9A 34 25 3A CE
2024-09-20 17:23:45,275 - 接收 : B8 2C 00 00 3E 67 2C 18 2D 09 2D 14 20 11 3A 17
2024-09-20 17:23:45,291 - 接收 : 3A 25 2C 48 11 2C 00 00 2C 00 00 00 00 2C 00
2024-09-20 17:23:45,307 - 接收 : 00 00 00 2C 00 00 00 00 2C 00 00 00 00 0D 0A
2024-09-20 17:23:45,419 - 接收 : A9 9A 34 25 3A CE B8 2C 00 00 3E
2024-09-20 17:23:45,435 - 接收 : 68 2C 18 2D 09 2D 14 20 11 3A 17 3A 25 2C 48
2024-09-20 17:23:45,451 - 接收 : 11 2C 00 00 2C 00 00 00 00 2C 00 00 00 00 2C 00
2024-09-20 17:23:45,467 - 接收 : 00 00 00 2C 00 00 00 00 0D 0A
2024-09-20 17:23:45,579 - 接收 : A9 9A 34 25 3A CE B9 2C 00 00 3E 69 2C 18 2D 09
2024-09-20 17:23:45,595 - 接收 : 2D 14 20 11 3A 17 3A 25 2C 48 11 2C 01 33 2C
2024-09-20 17:23:45,611 - 接收 : 00 01 04 A9 2C FF FF FE 40 2C 00 00 02 8F 2C
2024-09-20 17:23:45,627 - 接收 : 00 00 5D D6 0D 0A
2024-09-20 17:23:45,723 - 接收 : A9 9A 34 25 3A
2024-09-20 17:23:45,739 - 接收 : CE B8 2C 00 00 3E 6A 2C 18 2D 09 2D 14 20 11
2024-09-20 17:23:45,755 - 接收 : 3A 17 3A 25 2C 48 11 2C 00 00 2C 00 00 00 00 2C
2024-09-20 17:23:45,771 - 接收 : 00 00 00 00 2C 00 00 00 00 2C 00 00 00 00 0D
2024-09-20 17:23:45,787 - 接收 : 0A
2024-09-20 17:23:45,883 - 接收 : A9 9A 34 25 3A CE B8 2C 00 00
2024-09-20 17:23:45,899 - 接收 : 3E 6B 2C 18 2D 09 2D 14 20 11 3A 17 3A 25 2C
2024-09-20 17:23:45,915 - 接收 : 48 11 2C 00 00 2C 00 00 00 00 2C 00 00 00 00 2C
2024-09-20 17:23:45,931 - 接收 : 00 00 00 00 2C 00 00 00 00 0D 0A
2024-09-20 17:23:52,106 - 接收 : A9 9A 34 25 3A CE B8 2C
2024-09-20 17:23:52,122 - 接收 : 00 00 3E 6C 2C 18 2D 09 2D 14 20 11 3A 17 3A
2024-09-20 17:23:52,138 - 接收 : 2C 2C 48 11 2C 00 00 2C 00 00 00 00 2C 00 00 00
2024-09-20 17:23:52,154 - 接收 : 00 2C 00 00 00 00 2C 00 00 00 00 0D 0A
2024-09-20 17:23:52,266 - 接收 : A9 9A 34 25 3A CE B8 2C 00 00 3E 6D 2C
2024-09-20 17:23:52,282 - 接收 : 18 2D 09 2D 14 20 11 3A 17 3A 2C 2C 48 11 2C
2024-09-20 17:23:52,298 - 接收 : 00 00 2C 00 00 00 00 2C 00 00 00 00 2C 00 00
2024-09-20 17:23:52,313 - 接收 : 00 00 2C 00 00 00 00 0D 0A
2024-09-20 17:23:52,410 - 接收 : A9 9A
2024-09-20 17:23:52,426 - 接收 : 34 25 3A CE B8 2C 00 00 3E 6E 2C 18 2D 09 2D
2024-09-20 17:23:52,442 - 接收 : 14 20 11 3A 17 3A 2C 2C 48 11 2C 00 00 2C 00 00
2024-09-20 17:23:52,458 - 接收 : 00 00 2C 00 00 00 00 2C 00 00 00 00 2C 00 00
2024-09-20 17:23:52,474 - 接收 : 00 00 0D 0A
2024-09-20 17:23:52,570 - 接收 : A9 9A 34 25 3A CE B9
2024-09-20 17:23:52,586 - 接收 : 2C 00 00 3E 6F 2C 18 2D 09 2D 14 20 11 3A 17
2024-09-20 17:23:52,602 - 接收 : 3A 2C 2C 48 11 2C 01 33 2C 00 01 04 A8 2C FF FF
2024-09-20 17:23:52,618 - 接收 : FE 3F 2C 00 00 02 91 2C 00 00 5D D6 0D 0A
2024-09-20 17:23:52,730 - 接收 : A9 9A 34 25 3A CE B8 2C 00 00 3E 70
2024-09-20 17:23:52,746 - 接收 : 2C 18 2D 09 2D 14 20 11 3A 17 3A 2C 2C 48 11
2024-09-20 17:23:52,762 - 接收 : 2C 00 00 2C 00 00 00 00 2C 00 00 00 00 2C 00
2024-09-20 17:23:52,778 - 接收 : 00 00 00 2C 00 00 00 00 0D 0A
2024-09-20 17:23:52,874 - 接收 : A9
2024-09-20 17:23:52,890 - 接收 : 9A 34 25 3A CE B8 2C 00 00 3E 71 2C 18 2D 09
2024-09-20 17:23:52,906 - 接收 : 2D 14 20 11 3A 17 3A 2C 2C 48 11 2C 00 00 2C 00
2024-09-20 17:23:52,922 - 接收 : 00 00 00 2C 00 00 00 00 2C 00 00 00 00 2C 00
2024-09-20 17:23:52,938 - 接收 : 00 00 00 0D 0A
2024-09-20 17:23:57,112 - 接收 : A9 9A 34 25 3A CE B8 2C 00 00 3E 72 2C 18
2024-09-20 17:23:57,128 - 接收 : 2D 09 2D 14 20 11 3A 17 3A 31 2C 48 0A 2C 00
2024-09-20 17:23:57,144 - 接收 : 00 2C 00 00 00 00 2C 00 00 00 00 2C 00 00 00
2024-09-20 17:23:57,160 - 接收 : 00 2C 00 00 00 00 0D 0A
2024-09-20 17:23:57,256 - 接收 : A9 9A 34
2024-09-20 17:23:57,273 - 接收 : 25 3A CE B8 2C 00 00 3E 73 2C 18 2D 09 2D 14 20
2024-09-20 17:23:57,289 - 接收 : 11 3A 17 3A 31 2C 48 0A 2C 00 00 2C 00 00 00
2024-09-20 17:23:57,305 - 接收 : 00 2C 00 00 00 00 2C 00 00 00 00 2C 00 00 00
2024-09-20 17:23:57,322 - 接收 : 00 0D 0A
2024-09-20 17:23:57,416 - 接收 : A9 9A 34 25 3A CE B8 2C
2024-09-20 17:23:57,432 - 接收 : 00 00 3E 74 2C 18 2D 09 2D 14 20 11 3A 17 3A
2024-09-20 17:23:57,449 - 接收 : 31 2C 48 0A 2C 00 00 2C 00 00 00 00 2C 00 00 00
2024-09-20 17:23:57,465 - 接收 : 00 2C 00 00 00 00 2C 00 00 00 00 0D 0A
2024-09-20 17:23:57,577 - 接收 : A9 9A 34 25 3A CE B9 2C 00 00 3E 75 2C
2024-09-20 17:23:57,593 - 接收 : 18 2D 09 2D 14 20 11 3A 17 3A 31 2C 48 0A 2C
2024-09-20 17:23:57,609 - 接收 : 01 33 2C 00 01 04 A9 2C FF FF FE 40 2C 00 00
2024-09-20 17:23:57,625 - 接收 : 02 8F 2C 00 00 5D D6 0D 0A
2024-09-20 17:23:57,720 - 接收 : A9 9A
2024-09-20 17:23:57,736 - 接收 : 34 25 3A CE B8 2C 00 00 3E 76 2C 18 2D 09 2D
2024-09-20 17:23:57,752 - 接收 : 14 20 11 3A 17 3A 31 2C 48 0A 2C 00 00 2C 00 00
2024-09-20 17:23:57,769 - 接收 : 00 00 2C 00 00 00 00 2C 00 00 00 00 2C 00 00
2024-09-20 17:23:57,784 - 接收 : 00 00 0D 0A
2024-09-20 17:23:57,880 - 接收 : A9 9A 34 25 3A CE B8
2024-09-20 17:23:57,897 - 接收 : 2C 00 00 3E 77 2C 18 2D 09 2D 14 20 11 3A 17
2024-09-20 17:23:57,913 - 接收 : 3A 31 2C 48 0A 2C 00 00 2C 00 00 00 00 2C 00 00
2024-09-20 17:23:57,929 - 接收 : 00 00 2C 00 00 00 00 2C 00 00 00 00 0D 0A
2024-09-20 17:24:04,103 - 接收 : A9 9A 34 25
2024-09-20 17:24:04,119 - 接收 : 3A CE B8 2C 00 00 3E 78 2C 18 2D 09 2D 14 20
2024-09-20 17:24:04,135 - 接收 : 11 3A 17 3A 38 2C 48 11 2C 00 00 2C 00 00 00 00
2024-09-20 17:24:04,151 - 接收 : 2C 00 00 00 00 2C 00 00 00 00 2C 00 00 00 00
2024-09-20 17:24:04,166 - 接收 : 0D 0A
2024-09-20 17:24:04,263 - 接收 : A9 9A 34 25 3A CE B8 2C 00
2024-09-20 17:24:04,279 - 接收 : 00 3E 79 2C 18 2D 09 2D 14 20 11 3A 17 3A 38
2024-09-20 17:24:04,295 - 接收 : 2C 48 11 2C 00 00 2C 00 00 00 00 2C 00 00 00
2024-09-20 17:24:04,311 - 接收 : 00 2C 00 00 00 00 2C 00 00 00 00 0D 0A
2024-09-20 17:24:04,423 - 接收 : A9 9A 34 25 3A CE B8 2C 00 00 3E 7A 2C
2024-09-20 17:24:04,439 - 接收 : 18 2D 09 2D 14 20 11 3A 17 3A 38 2C 48 11 2C 00
2024-09-20 17:24:04,455 - 接收 : 00 2C 00 00 00 00 2C 00 00 00 00 2C 00 00 00
2024-09-20 17:24:04,471 - 接收 : 00 2C 00 00 00 00 0D 0A
2024-09-20 17:24:04,567 - 接收 : A9 9A 34
2024-09-20 17:24:04,583 - 接收 : 25 3A CE B9 2C 00 00 3E 7B 2C 18 2D 09 2D 14
2024-09-20 17:24:04,600 - 接收 : 20 11 3A 17 3A 38 2C 48 11 2C 01 33 2C 00 01 04
2024-09-20 17:24:04,616 - 接收 : A9 2C FF FF FE 40 2C 00 00 02 8F 2C 00 00 5D
2024-09-20 17:24:04,632 - 接收 : D6 0D 0A
2024-09-20 17:24:04,727 - 接收 : A9 9A 34 25 3A CE B8 2C
2024-09-20 17:24:04,743 - 接收 : 00 00 3E 7C 2C 18 2D 09 2D 14 20 11 3A 17 3A
2024-09-20 17:24:04,759 - 接收 : 38 2C 48 11 2C 00 00 2C 00 00 00 00 2C 00 00
2024-09-20 17:24:04,775 - 接收 : 00 00 2C 00 00 00 00 2C 00 00 00 00 0D 0A
2024-09-20 17:24:04,887 - 接收 : A9 9A 34 25 3A CE B8 2C 00 00 3E 7D
2024-09-20 17:24:04,903 - 接收 : 2C 18 2D 09 2D 14 20 11 3A 17 3A 38 2C 48 11 2C
2024-09-20 17:24:04,919 - 接收 : 00 00 2C 00 00 00 00 2C 00 00 00 00 2C 00 00
2024-09-20 17:24:04,935 - 接收 : 00 00 2C 00 00 00 00 0D 0A
2024-09-20 17:24:09,110 - 接收 : A9 9A 34 25 3A CE B8 2C 00 00
2024-09-20 17:24:09,126 - 接收 : 3E 7E 2C 18 2D 09 2D 14 20 11 3A 18 3A 01 2C
2024-09-20 17:24:09,143 - 接收 : 48 0A 2C 00 00 2C 00 00 00 00 2C 00 00 00 00
2024-09-20 17:24:09,158 - 接收 : 2C 00 00 00 00 2C 00 00 00 00 0D 0A
2024-09-20 17:24:09,270 - 接收 : A9 9A 34 25 3A CE B8 2C 00 00 3E 7F 2C 18 2D
2024-09-20 17:24:09,286 - 接收 : 09 2D 14 20 11 3A 18 3A 01 2C 48 0A 2C 00 00
2024-09-20 17:24:09,302 - 接收 : 2C 00 00 00 00 2C 00 00 00 00 2C 00 00 00 00
2024-09-20 17:24:09,318 - 接收 : 2C 00 00 00 00 0D 0A
2024-09-20 17:24:09,414 - 接收 : A9 9A 34 25
2024-09-20 17:24:09,430 - 接收 : 3A CE B8 2C 00 00 3E 80 2C 18 2D 09 2D 14 20
2024-09-20 17:24:09,446 - 接收 : 11 3A 18 3A 01 2C 48 0A 2C 00 00 2C 00 00 00 00
2024-09-20 17:24:09,463 - 接收 : 2C 00 00 00 00 2C 00 00 00 00 2C 00 00 00 00
2024-09-20 17:24:09,478 - 接收 : 0D 0A
2024-09-20 17:24:09,574 - 接收 : A9 9A 34 25 3A CE B9 2C 00
2024-09-20 17:24:09,590 - 接收 : 00 3E 81 2C 18 2D 09 2D 14 20 11 3A 18 3A 01
2024-09-20 17:24:09,607 - 接收 : 2C 48 0A 2C 01 33 2C 00 01 04 A6 2C FF FF FE
2024-09-20 17:24:09,623 - 接收 : 3D 2C 00 00 02 93 2C 00 00 5D D5 0D 0A
2024-09-20 17:24:09,735 - 接收 : A9 9A 34 25 3A CE B8 2C 00 00 3E 82 2C 18
2024-09-20 17:24:09,751 - 接收 : 2D 09 2D 14 20 11 3A 18 3A 01 2C 48 0A 2C 00
2024-09-20 17:24:09,767 - 接收 : 00 2C 00 00 00 00 2C 00 00 00 00 2C 00 00 00
2024-09-20 17:24:09,782 - 接收 : 00 2C 00 00 00 00 0D 0A
2024-09-20 17:24:09,878 - 接收 : A9 9A 34
2024-09-20 17:24:09,894 - 接收 : 25 3A CE B8 2C 00 00 3E 83 2C 18 2D 09 2D 14
2024-09-20 17:24:09,910 - 接收 : 20 11 3A 18 3A 01 2C 48 0A 2C 00 00 2C 00 00 00
2024-09-20 17:24:09,926 - 接收 : 00 2C 00 00 00 00 2C 00 00 00 00 2C 00 00 00
2024-09-20 17:24:09,942 - 接收 : 00 0D 0A
2024-09-20 17:24:16,101 - 接收 : A9
2024-09-20 17:24:16,117 - 接收 : 9A 34 25 3A CE B8 2C 00 00 3E 84 2C 18 2D 09
2024-09-20 17:24:16,133 - 接收 : 2D 14 20 11 3A 18 3A 08 2C 48 11 2C 00 00 2C 00
2024-09-20 17:24:16,149 - 接收 : 00 00 00 2C 00 00 00 00 2C 00 00 00 00 2C 00
2024-09-20 17:24:16,165 - 接收 : 00 00 00 0D 0A
2024-09-20 17:24:16,261 - 接收 : A9 9A 34 25 3A CE
2024-09-20 17:24:16,277 - 接收 : B8 2C 00 00 3E 85 2C 18 2D 09 2D 14 20 11 3A
2024-09-20 17:24:16,293 - 接收 : 18 3A 08 2C 48 11 2C 00 00 2C 00 00 00 00 2C
2024-09-20 17:24:16,309 - 接收 : 00 00 00 00 2C 00 00 00 00 2C 00 00 00 00 0D 0A
2024-09-20 17:24:16,421 - 接收 : A9 9A 34 25 3A CE B8 2C 00 00
2024-09-20 17:24:16,438 - 接收 : 3E 86 2C 18 2D 09 2D 14 20 11 3A 18 3A 08 2C 48
2024-09-20 17:24:16,453 - 接收 : 11 2C 00 00 2C 00 00 00 00 2C 00 00 00 00 2C
2024-09-20 17:24:16,469 - 接收 : 00 00 00 00 2C 00 00 00 00 0D 0A
2024-09-20 17:24:16,581 - 接收 : A9 9A 34 25 3A CE B9 2C 00 00 3E 87 2C 18 2D
2024-09-20 17:24:16,597 - 接收 : 09 2D 14 20 11 3A 18 3A 08 2C 48 11 2C 01 33 2C
2024-09-20 17:24:16,613 - 接收 : 00 01 04 A5 2C FF FF FE 3C 2C 00 00 02 95 2C
2024-09-20 17:24:16,629 - 接收 : 00 00 5D D5 0D 0A
2024-09-20 17:24:16,725 - 接收 : A9 9A 34 25 3A
2024-09-20 17:24:16,741 - 接收 : CE B8 2C 00 00 3E 88 2C 18 2D 09 2D 14 20 11
2024-09-20 17:24:16,757 - 接收 : 3A 18 3A 08 2C 48 11 2C 00 00 2C 00 00 00 00
2024-09-20 17:24:16,773 - 接收 : 2C 00 00 00 00 2C 00 00 00 00 2C 00 00 00 00 0D
2024-09-20 17:24:16,789 - 接收 : 0A
2024-09-20 17:24:16,885 - 接收 : A9 9A 34 25 3A CE B8 2C 00
2024-09-20 17:24:16,901 - 接收 : 00 3E 89 2C 18 2D 09 2D 14 20 11 3A 18 3A 08 2C
2024-09-20 17:24:16,917 - 接收 : 48 11 2C 00 00 2C 00 00 00 00 2C 00 00 00 00
2024-09-20 17:24:16,933 - 接收 : 2C 00 00 00 00 2C 00 00 00 00 0D 0A
2024-09-20 17:24:21,108 - 接收 : A9 9A 34 25 3A CE B8 2C 00 00 3E
2024-09-20 17:24:21,124 - 接收 : 8A 2C 18 2D 09 2D 14 20 11 3A 18 3A 0D 2C 48
2024-09-20 17:24:21,140 - 接收 : 11 2C 00 00 2C 00 00 00 00 2C 00 00 00 00 2C
2024-09-20 17:24:21,156 - 接收 : 00 00 00 00 2C 00 00 00 00 0D 0A
2024-09-20 17:24:21,268 - 接收 : A9 9A 34 25 3A CE B8 2C 00 00 3E 8B 2C 18 2D
2024-09-20 17:24:21,284 - 接收 : 09 2D 14 20 11 3A 18 3A 0D 2C 48 11 2C 00 00 2C
2024-09-20 17:24:21,300 - 接收 : 00 00 00 00 2C 00 00 00 00 2C 00 00 00 00 2C
2024-09-20 17:24:21,316 - 接收 : 00 00 00 00 0D 0A
2024-09-20 17:24:21,412 - 接收 : A9 9A 34 25 3A
2024-09-20 17:24:21,428 - 接收 : CE B8 2C 00 00 3E 8C 2C 18 2D 09 2D 14 20 11
2024-09-20 17:24:21,444 - 接收 : 3A 18 3A 0D 2C 48 11 2C 00 00 2C 00 00 00 00 2C
2024-09-20 17:24:21,460 - 接收 : 00 00 00 00 2C 00 00 00 00 2C 00 00 00 00 0D
2024-09-20 17:24:21,476 - 接收 : 0A
2024-09-20 17:24:21,572 - 接收 : A9 9A 34 25 3A CE B9 2C 00 00
2024-09-20 17:24:21,588 - 接收 : 3E 8D 2C 18 2D 09 2D 14 20 11 3A 18 3A 0D 2C
2024-09-20 17:24:21,604 - 接收 : 48 11 2C 01 33 2C 00 01 04 A8 2C FF FF FE 3F
2024-09-20 17:24:21,619 - 接收 : 2C 00 00 02 91 2C 00 00 5D D6 0D 0A
2024-09-20 17:24:21,732 - 接收 : A9 9A 34 25 3A CE B8 2C 00 00 3E 8E 2C 18
2024-09-20 17:24:21,747 - 接收 : 2D 09 2D 14 20 11 3A 18 3A 0D 2C 48 11 2C 00 00
2024-09-20 17:24:21,764 - 接收 : 2C 00 00 00 00 2C 00 00 00 00 2C 00 00 00 00
2024-09-20 17:24:21,782 - 接收 : 2C 00 00 00 00 0D 0A
2024-09-20 17:24:21,876 - 接收 : A9 9A 34 25
2024-09-20 17:24:21,892 - 接收 : 3A CE B8 2C 00 00 3E 8F 2C 18 2D 09 2D 14 20
2024-09-20 17:24:21,908 - 接收 : 11 3A 18 3A 0D 2C 48 11 2C 00 00 2C 00 00 00 00
2024-09-20 17:24:21,924 - 接收 : 2C 00 00 00 00 2C 00 00 00 00 2C 00 00 00 00
2024-09-20 17:24:21,940 - 接收 : 0D 0A
2024-09-20 17:24:28,099 - 接收 : A9
2024-09-20 17:24:28,115 - 接收 : 9A 34 25 3A CE B8 2C 00 00 3E 90 2C 18 2D 09
2024-09-20 17:24:28,131 - 接收 : 2D 14 20 11 3A 18 3A 14 2C 48 11 2C 00 00 2C 00
2024-09-20 17:24:28,147 - 接收 : 00 00 00 2C 00 00 00 00 2C 00 00 00 00 2C 00
2024-09-20 17:24:28,163 - 接收 : 00 00 00 0D 0A
2024-09-20 17:24:28,259 - 接收 : A9 9A 34 25 3A CE
2024-09-20 17:24:28,275 - 接收 : B8 2C 00 00 3E 91 2C 18 2D 09 2D 14 20 11 3A
2024-09-20 17:24:28,291 - 接收 : 18 3A 14 2C 48 11 2C 00 00 2C 00 00 00 00 2C
2024-09-20 17:24:28,307 - 接收 : 00 00 00 00 2C 00 00 00 00 2C 00 00 00 00 0D 0A
2024-09-20 17:24:28,419 - 接收 : A9 9A 34 25 3A CE B8 2C 00 00
2024-09-20 17:24:28,435 - 接收 : 3E 92 2C 18 2D 09 2D 14 20 11 3A 18 3A 14 2C 48
2024-09-20 17:24:28,450 - 接收 : 11 2C 00 00 2C 00 00 00 00 2C 00 00 00 00 2C
2024-09-20 17:24:28,466 - 接收 : 00 00 00 00 2C 00 00 00 00 0D 0A
2024-09-20 17:24:28,579 - 接收 : A9 9A 34 25 3A CE B9 2C 00 00 3E 93 2C 18 2D
2024-09-20 17:24:28,595 - 接收 : 09 2D 14 20 11 3A 18 3A 14 2C 48 11 2C 01 33 2C
2024-09-20 17:24:28,610 - 接收 : 00 01 04 A6 2C FF FF FE 3D 2C 00 00 02 93 2C
2024-09-20 17:24:28,626 - 接收 : 00 00 5D D5 0D 0A
2024-09-20 17:24:28,722 - 接收 : A9 9A 34 25 3A
2024-09-20 17:24:28,739 - 接收 : CE B8 2C 00 00 3E 94 2C 18 2D 09 2D 14 20 11
2024-09-20 17:24:28,755 - 接收 : 3A 18 3A 14 2C 48 11 2C 00 00 2C 00 00 00 00
2024-09-20 17:24:28,771 - 接收 : 2C 00 00 00 00 2C 00 00 00 00 2C 00 00 00 00 0D
2024-09-20 17:24:28,787 - 接收 : 0A
2024-09-20 17:24:28,883 - 接收 : A9 9A 34 25 3A CE B8 2C 00
2024-09-20 17:24:28,899 - 接收 : 00 3E 95 2C 18 2D 09 2D 14 20 11 3A 18 3A 14 2C
2024-09-20 17:24:28,914 - 接收 : 48 11 2C 00 00 2C 00 00 00 00 2C 00 00 00 00
2024-09-20 17:24:28,930 - 接收 : 2C 00 00 00 00 2C 00 00 00 00 0D 0A
2024-09-20 17:24:33,105 - 接收 : A9 9A 34 25 3A CE B8
2024-09-20 17:24:33,121 - 接收 : 2C 00 00 3E 96 2C 18 2D 09 2D 14 20 11 3A 18
2024-09-20 17:24:33,137 - 接收 : 3A 19 2C 48 11 2C 00 00 2C 00 00 00 00 2C 00
2024-09-20 17:24:33,153 - 接收 : 00 00 00 2C 00 00 00 00 2C 00 00 00 00 0D 0A
2024-09-20 17:24:33,265 - 接收 : A9 9A 34 25 3A CE B8 2C 00 00 3E
2024-09-20 17:24:33,281 - 接收 : 97 2C 18 2D 09 2D 14 20 11 3A 18 3A 19 2C 48 11
2024-09-20 17:24:33,297 - 接收 : 2C 00 00 2C 00 00 00 00 2C 00 00 00 00 2C 00
2024-09-20 17:24:33,313 - 接收 : 00 00 00 2C 00 00 00 00 0D 0A
2024-09-20 17:24:33,410 - 接收 : A9
2024-09-20 17:24:33,426 - 接收 : 9A 34 25 3A CE B8 2C 00 00 3E 98 2C 18 2D 09
2024-09-20 17:24:33,442 - 接收 : 2D 14 20 11 3A 18 3A 19 2C 48 11 2C 00 00 2C 00
2024-09-20 17:24:33,458 - 接收 : 00 00 00 2C 00 00 00 00 2C 00 00 00 00 2C 00
2024-09-20 17:24:33,474 - 接收 : 00 00 00 0D 0A
2024-09-20 17:24:33,570 - 接收 : A9 9A 34 25 3A CE
2024-09-20 17:24:33,586 - 接收 : B9 2C 00 00 3E 99 2C 18 2D 09 2D 14 20 11 3A
2024-09-20 17:24:33,602 - 接收 : 18 3A 19 2C 48 11 2C 01 33 2C 00 01 04 A6 2C
2024-09-20 17:24:33,618 - 接收 : FF FF FE 3D 2C 00 00 02 93 2C 00 00 5D D5 0D 0A
2024-09-20 17:24:33,730 - 接收 : A9 9A 34 25 3A CE B8 2C 00 00
2024-09-20 17:24:33,746 - 接收 : 3E 9A 2C 18 2D 09 2D 14 20 11 3A 18 3A 19 2C 48
2024-09-20 17:24:33,761 - 接收 : 11 2C 00 00 2C 00 00 00 00 2C 00 00 00 00 2C
2024-09-20 17:24:33,777 - 接收 : 00 00 00 00 2C 00 00 00 00 0D 0A
2024-09-20 17:24:33,889 - 接收 : A9 9A 34 25 3A CE B8 2C 00 00 3E 9B 2C 18 2D
2024-09-20 17:24:33,905 - 接收 : 09 2D 14 20 11 3A 18 3A 19 2C 48 11 2C 00 00 2C
2024-09-20 17:24:33,921 - 接收 : 00 00 00 00 2C 00 00 00 00 2C 00 00 00 00 2C
2024-09-20 17:24:33,937 - 接收 : 00 00 00 00 0D 0A
2024-09-20 17:24:40,112 - 接收 : A9 9A 34 25 3A CE B8 2C 00 00 3E 9C 2C
2024-09-20 17:24:40,128 - 接收 : 18 2D 09 2D 14 20 11 3A 18 3A 20 2C 48 18 2C 00
2024-09-20 17:24:40,144 - 接收 : 00 2C 00 00 00 00 2C 00 00 00 00 2C 00 00 00
2024-09-20 17:24:40,160 - 接收 : 00 2C 00 00 00 00 0D 0A
2024-09-20 17:24:40,257 - 接收 : A9 9A 34
2024-09-20 17:24:40,273 - 接收 : 25 3A CE B8 2C 00 00 3E 9D 2C 18 2D 09 2D 14
2024-09-20 17:24:40,288 - 接收 : 20 11 3A 18 3A 20 2C 48 18 2C 00 00 2C 00 00
2024-09-20 17:24:40,305 - 接收 : 00 00 2C 00 00 00 00 2C 00 00 00 00 2C 00 00 00
2024-09-20 17:24:40,320 - 接收 : 00 0D 0A
2024-09-20 17:24:40,417 - 接收 : A9 9A 34 25 3A CE B8
2024-09-20 17:24:40,433 - 接收 : 2C 00 00 3E 9E 2C 18 2D 09 2D 14 20 11 3A 18 3A
2024-09-20 17:24:40,449 - 接收 : 20 2C 48 18 2C 00 00 2C 00 00 00 00 2C 00 00
2024-09-20 17:24:40,465 - 接收 : 00 00 2C 00 00 00 00 2C 00 00 00 00 0D 0A
2024-09-20 17:24:40,577 - 接收 : A9 9A 34 25 3A CE B9 2C 00 00 3E 9F
2024-09-20 17:24:40,593 - 接收 : 2C 18 2D 09 2D 14 20 11 3A 18 3A 20 2C 48 18 2C
2024-09-20 17:24:40,608 - 接收 : 01 33 2C 00 01 04 A3 2C FF FF FE 3A 2C 00 00
2024-09-20 17:24:40,625 - 接收 : 02 98 2C 00 00 5D D4 0D 0A
2024-09-20 17:24:40,720 - 接收 : A9 9A
2024-09-20 17:24:40,736 - 接收 : 34 25 3A CE B8 2C 00 00 3E A0 2C 18 2D 09 2D
2024-09-20 17:24:40,752 - 接收 : 14 20 11 3A 18 3A 20 2C 48 18 2C 00 00 2C 00
2024-09-20 17:24:40,768 - 接收 : 00 00 00 2C 00 00 00 00 2C 00 00 00 00 2C 00 00
2024-09-20 17:24:40,784 - 接收 : 00 00 0D 0A
2024-09-20 17:24:40,881 - 接收 : A9 9A 34 25 3A CE
2024-09-20 17:24:40,896 - 接收 : B8 2C 00 00 3E A1 2C 18 2D 09 2D 14 20 11 3A 18
2024-09-20 17:24:40,913 - 接收 : 3A 20 2C 48 18 2C 00 00 2C 00 00 00 00 2C 00
2024-09-20 17:24:40,929 - 接收 : 00 00 00 2C 00 00 00 00 2C 00 00 00 00 0D 0A
2024-09-20 17:24:45,103 - 接收 : A9 9A 34 25
2024-09-20 17:24:45,119 - 接收 : 3A CE B8 2C 00 00 3E A2 2C 18 2D 09 2D 14 20
2024-09-20 17:24:45,135 - 接收 : 11 3A 18 3A 25 2C 48 0A 2C 00 00 2C 00 00 00
2024-09-20 17:24:45,151 - 接收 : 00 2C 00 00 00 00 2C 00 00 00 00 2C 00 00 00 00
2024-09-20 17:24:45,167 - 接收 : 0D 0A
2024-09-20 17:24:45,263 - 接收 : A9 9A 34 25 3A CE B8 2C
2024-09-20 17:24:45,280 - 接收 : 00 00 3E A3 2C 18 2D 09 2D 14 20 11 3A 18 3A 25
2024-09-20 17:24:45,296 - 接收 : 2C 48 0A 2C 00 00 2C 00 00 00 00 2C 00 00 00
2024-09-20 17:24:45,312 - 接收 : 00 2C 00 00 00 00 2C 00 00 00 00 0D 0A
2024-09-20 17:24:45,424 - 接收 : A9 9A 34 25 3A CE B8 2C 00 00 3E A4 2C
2024-09-20 17:24:45,440 - 接收 : 18 2D 09 2D 14 20 11 3A 18 3A 25 2C 48 0A 2C 00
2024-09-20 17:24:45,456 - 接收 : 00 2C 00 00 00 00 2C 00 00 00 00 2C 00 00 00
2024-09-20 17:24:45,471 - 接收 : 00 2C 00 00 00 00 0D 0A
2024-09-20 17:24:45,568 - 接收 : A9 9A 34
2024-09-20 17:24:45,584 - 接收 : 25 3A CE B9 2C 00 00 3E A5 2C 18 2D 09 2D 14
2024-09-20 17:24:45,600 - 接收 : 20 11 3A 18 3A 25 2C 48 0A 2C 01 33 2C 00 01
2024-09-20 17:24:45,616 - 接收 : 04 A4 2C FF FF FE 3B 2C 00 00 02 96 2C 00 00 5D
2024-09-20 17:24:45,632 - 接收 : D4 0D 0A
2024-09-20 17:24:45,727 - 接收 : A9 9A 34 25 3A CE B8
2024-09-20 17:24:45,743 - 接收 : 2C 00 00 3E A6 2C 18 2D 09 2D 14 20 11 3A 18 3A
2024-09-20 17:24:45,759 - 接收 : 25 2C 48 0A 2C 00 00 2C 00 00 00 00 2C 00 00
2024-09-20 17:24:45,775 - 接收 : 00 00 2C 00 00 00 00 2C 00 00 00 00 0D 0A
2024-09-20 17:24:45,887 - 接收 : A9 9A 34 25 3A CE B8 2C 00 00 3E A7
2024-09-20 17:24:45,903 - 接收 : 2C 18 2D 09 2D 14 20 11 3A 18 3A 25 2C 48 0A 2C
2024-09-20 17:24:45,919 - 接收 : 00 00 2C 00 00 00 00 2C 00 00 00 00 2C 00 00
2024-09-20 17:24:45,935 - 接收 : 00 00 2C 00 00 00 00 0D 0A
2024-09-20 17:24:52,110 - 接收 : A9 9A 34 25 3A CE B8 2C 00 00
2024-09-20 17:24:52,126 - 接收 : 3E A8 2C 18 2D 09 2D 14 20 11 3A 18 3A 2C 2C 48
2024-09-20 17:24:52,142 - 接收 : 11 2C 00 00 2C 00 00 00 00 2C 00 00 00 00 2C
2024-09-20 17:24:52,158 - 接收 : 00 00 00 00 2C 00 00 00 00 0D 0A
2024-09-20 17:24:52,270 - 接收 : A9 9A 34 25 3A CE B8 2C 00 00 3E A9 2C 18 2D
2024-09-20 17:24:52,286 - 接收 : 09 2D 14 20 11 3A 18 3A 2C 2C 48 11 2C 00 00
2024-09-20 17:24:52,302 - 接收 : 2C 00 00 00 00 2C 00 00 00 00 2C 00 00 00 00 2C
2024-09-20 17:24:52,318 - 接收 : 00 00 00 00 0D 0A
2024-09-20 17:24:52,414 - 接收 : A9 9A 34 25
2024-09-20 17:24:52,434 - 接收 : 3A CE B8 2C 00 00 3E AA 2C 18 2D 09 2D 14 20 11
2024-09-20 17:24:52,451 - 接收 : 3A 18 3A 2C 2C 48 11 2C 00 00 2C 00 00 00 00
2024-09-20 17:24:52,469 - 接收 : 2C 00 00 00 00 2C 00 00 00 00 2C 00 00 00 00
2024-09-20 17:24:52,479 - 接收 : 0D 0A
2024-09-20 17:24:52,574 - 接收 : A9 9A 34 25 3A CE B9 2C 00
2024-09-20 17:24:52,590 - 接收 : 00 3E AB 2C 18 2D 09 2D 14 20 11 3A 18 3A 2C 2C
2024-09-20 17:24:52,606 - 接收 : 48 11 2C 01 33 2C 00 01 04 A4 2C FF FF FE 3B
2024-09-20 17:24:52,623 - 接收 : 2C 00 00 02 96 2C 00 00 5D D4 0D 0A
2024-09-20 17:24:52,734 - 接收 : A9 9A 34 25 3A CE B8 2C 00 00 3E AC 2C 18
2024-09-20 17:24:52,750 - 接收 : 2D 09 2D 14 20 11 3A 18 3A 2C 2C 48 11 2C 00
2024-09-20 17:24:52,766 - 接收 : 00 2C 00 00 00 00 2C 00 00 00 00 2C 00 00 00 00
2024-09-20 17:24:52,782 - 接收 : 2C 00 00 00 00 0D 0A
2024-09-20 17:24:52,878 - 接收 : A9 9A 34
2024-09-20 17:24:52,894 - 接收 : 25 3A CE B8 2C 00 00 3E AD 2C 18 2D 09 2D 14 20
2024-09-20 17:24:52,910 - 接收 : 11 3A 18 3A 2C 2C 48 11 2C 00 00 2C 00 00 00
2024-09-20 17:24:52,927 - 接收 : 00 2C 00 00 00 00 2C 00 00 00 00 2C 00 00 00
2024-09-20 17:24:52,942 - 接收 : 00 0D 0A
2024-09-20 17:24:57,101 - 接收 : A9 9A 34 25 3A
2024-09-20 17:24:57,118 - 接收 : CE B8 2C 00 00 3E AE 2C 18 2D 09 2D 14 20 11
2024-09-20 17:24:57,133 - 接收 : 3A 18 3A 31 2C 48 11 2C 00 00 2C 00 00 00 00
2024-09-20 17:24:57,149 - 接收 : 2C 00 00 00 00 2C 00 00 00 00 2C 00 00 00 00 0D
2024-09-20 17:24:57,165 - 接收 : 0A
2024-09-20 17:24:57,262 - 接收 : A9 9A 34 25 3A CE B8 2C 00
2024-09-20 17:24:57,278 - 接收 : 00 3E AF 2C 18 2D 09 2D 14 20 11 3A 18 3A 31 2C
2024-09-20 17:24:57,294 - 接收 : 48 11 2C 00 00 2C 00 00 00 00 2C 00 00 00 00
2024-09-20 17:24:57,310 - 接收 : 2C 00 00 00 00 2C 00 00 00 00 0D 0A
2024-09-20 17:24:57,421 - 接收 : A9 9A 34 25 3A CE B8 2C 00 00 3E B0 2C 18
2024-09-20 17:24:57,438 - 接收 : 2D 09 2D 14 20 11 3A 18 3A 31 2C 48 11 2C 00
2024-09-20 17:24:57,454 - 接收 : 00 2C 00 00 00 00 2C 00 00 00 00 2C 00 00 00 00
2024-09-20 17:24:57,470 - 接收 : 2C 00 00 00 00 0D 0A
2024-09-20 17:24:57,565 - 接收 : A9 9A 34 25
2024-09-20 17:24:57,581 - 接收 : 3A CE B9 2C 00 00 3E B1 2C 18 2D 09 2D 14 20
2024-09-20 17:24:57,597 - 接收 : 11 3A 18 3A 31 2C 48 11 2C 01 33 2C 00 01 04
2024-09-20 17:24:57,613 - 接收 : A6 2C FF FF FE 3D 2C 00 00 02 93 2C 00 00 5D D5
2024-09-20 17:24:57,629 - 接收 : 0D 0A
2024-09-20 17:24:57,725 - 接收 : A9 9A 34 25 3A CE B8 2C
2024-09-20 17:24:57,741 - 接收 : 00 00 3E B2 2C 18 2D 09 2D 14 20 11 3A 18 3A 31
2024-09-20 17:24:57,757 - 接收 : 2C 48 11 2C 00 00 2C 00 00 00 00 2C 00 00 00
2024-09-20 17:24:57,774 - 接收 : 00 2C 00 00 00 00 2C 00 00 00 00 0D 0A
2024-09-20 17:24:57,885 - 接收 : A9 9A 34 25 3A CE B8 2C 00 00 3E B3 2C
2024-09-20 17:24:57,901 - 接收 : 18 2D 09 2D 14 20 11 3A 18 3A 31 2C 48 11 2C
2024-09-20 17:24:57,917 - 接收 : 00 00 2C 00 00 00 00 2C 00 00 00 00 2C 00 00 00
2024-09-20 17:24:57,933 - 接收 : 00 2C 00 00 00 00 0D 0A
2024-09-20 17:25:04,108 - 接收 : A9 9A 34 25 3A CE B8 2C 00 00
2024-09-20 17:25:04,124 - 接收 : 3E B4 2C 18 2D 09 2D 14 20 11 3A 18 3A 38 2C
2024-09-20 17:25:04,140 - 接收 : 48 11 2C 00 00 2C 00 00 00 00 2C 00 00 00 00 2C
2024-09-20 17:25:04,156 - 接收 : 00 00 00 00 2C 00 00 00 00 0D 0A
2024-09-20 17:25:04,268 - 接收 : A9 9A 34 25 3A CE B8 2C 00 00 3E B5 2C 18 2D
2024-09-20 17:25:04,284 - 接收 : 09 2D 14 20 11 3A 18 3A 38 2C 48 11 2C 00 00
2024-09-20 17:25:04,300 - 接收 : 2C 00 00 00 00 2C 00 00 00 00 2C 00 00 00 00 2C
2024-09-20 17:25:04,316 - 接收 : 00 00 00 00 0D 0A
2024-09-20 17:25:04,412 - 接收 : A9 9A 34 25
2024-09-20 17:25:04,428 - 接收 : 3A CE B8 2C 00 00 3E B6 2C 18 2D 09 2D 14 20 11
2024-09-20 17:25:04,444 - 接收 : 3A 18 3A 38 2C 48 11 2C 00 00 2C 00 00 00 00
2024-09-20 17:25:04,460 - 接收 : 2C 00 00 00 00 2C 00 00 00 00 2C 00 00 00 00
2024-09-20 17:25:04,476 - 接收 : 0D 0A
2024-09-20 17:25:04,572 - 接收 : A9 9A 34 25 3A CE B9 2C 00
2024-09-20 17:25:04,588 - 接收 : 00 3E B7 2C 18 2D 09 2D 14 20 11 3A 18 3A 38
2024-09-20 17:25:04,604 - 接收 : 2C 48 11 2C 01 33 2C 00 01 04 A3 2C FF FF FE 3A
2024-09-20 17:25:04,620 - 接收 : 2C 00 00 02 98 2C 00 00 5D D4 0D 0A
2024-09-20 17:25:04,732 - 接收 : A9 9A 34 25 3A CE B8 2C 00 00 3E B8 2C 18
2024-09-20 17:25:04,748 - 接收 : 2D 09 2D 14 20 11 3A 18 3A 38 2C 48 11 2C 00
2024-09-20 17:25:04,764 - 接收 : 00 2C 00 00 00 00 2C 00 00 00 00 2C 00 00 00 00
2024-09-20 17:25:04,781 - 接收 : 2C 00 00 00 00 0D 0A
2024-09-20 17:25:04,876 - 接收 : A9 9A 34
2024-09-20 17:25:04,892 - 接收 : 25 3A CE B8 2C 00 00 3E B9 2C 18 2D 09 2D 14 20
2024-09-20 17:25:04,908 - 接收 : 11 3A 18 3A 38 2C 48 11 2C 00 00 2C 00 00 00
2024-09-20 17:25:04,924 - 接收 : 00 2C 00 00 00 00 2C 00 00 00 00 2C 00 00 00
2024-09-20 17:25:04,940 - 接收 : 00 0D 0A
2024-09-20 17:25:09,099 - 接收 : A9
2024-09-20 17:25:09,115 - 接收 : 9A 34 25 3A CE B8 2C 00 00 3E BA 2C 18 2D 09
2024-09-20 17:25:09,131 - 接收 : 2D 14 20 11 3A 19 3A 01 2C 48 11 2C 00 00 2C
2024-09-20 17:25:09,147 - 接收 : 00 00 00 00 2C 00 00 00 00 2C 00 00 00 00 2C 00
2024-09-20 17:25:09,163 - 接收 : 00 00 00 0D 0A
2024-09-20 17:25:09,259 - 接收 : A9 9A 34 25 3A
2024-09-20 17:25:09,275 - 接收 : CE B8 2C 00 00 3E BB 2C 18 2D 09 2D 14 20 11 3A
2024-09-20 17:25:09,291 - 接收 : 19 3A 01 2C 48 11 2C 00 00 2C 00 00 00 00 2C
2024-09-20 17:25:09,306 - 接收 : 00 00 00 00 2C 00 00 00 00 2C 00 00 00 00 0D 0A
2024-09-20 17:25:09,419 - 接收 : A9 9A 34 25 3A CE B8 2C 00 00
2024-09-20 17:25:09,435 - 接收 : 3E BC 2C 18 2D 09 2D 14 20 11 3A 19 3A 01 2C 48
2024-09-20 17:25:09,451 - 接收 : 11 2C 00 00 2C 00 00 00 00 2C 00 00 00 00 2C
2024-09-20 17:25:09,467 - 接收 : 00 00 00 00 2C 00 00 00 00 0D 0A
2024-09-20 17:25:09,579 - 接收 : A9 9A 34 25 3A CE B9 2C 00 00 3E BD 2C 18 2D
2024-09-20 17:25:09,595 - 接收 : 09 2D 14 20 11 3A 19 3A 01 2C 48 11 2C 01 33
2024-09-20 17:25:09,611 - 接收 : 2C 00 01 04 A4 2C FF FF FE 3B 2C 00 00 02 96 2C
2024-09-20 17:25:09,627 - 接收 : 00 00 5D D4 0D 0A
2024-09-20 17:25:09,723 - 接收 : A9 9A 34 25
2024-09-20 17:25:09,739 - 接收 : 3A CE B8 2C 00 00 3E BE 2C 18 2D 09 2D 14 20 11
2024-09-20 17:25:09,755 - 接收 : 3A 19 3A 01 2C 48 11 2C 00 00 2C 00 00 00 00
2024-09-20 17:25:09,771 - 接收 : 2C 00 00 00 00 2C 00 00 00 00 2C 00 00 00 00
2024-09-20 17:25:09,787 - 接收 : 0D 0A
2024-09-20 17:25:09,883 - 接收 : A9 9A 34 25 3A CE B8 2C 00
2024-09-20 17:25:09,899 - 接收 : 00 3E BF 2C 18 2D 09 2D 14 20 11 3A 19 3A 01 2C
2024-09-20 17:25:09,915 - 接收 : 48 11 2C 00 00 2C 00 00 00 00 2C 00 00 00 00
2024-09-20 17:25:09,931 - 接收 : 2C 00 00 00 00 2C 00 00 00 00 0D 0A
2024-09-20 17:25:16,105 - 接收 : A9 9A 34 25 3A CE B8
2024-09-20 17:25:16,121 - 接收 : 2C 00 00 3E C0 2C 18 2D 09 2D 14 20 11 3A 19 3A
2024-09-20 17:25:16,137 - 接收 : 08 2C 48 11 2C 00 00 2C 00 00 00 00 2C 00 00
2024-09-20 17:25:16,153 - 接收 : 00 00 2C 00 00 00 00 2C 00 00 00 00 0D 0A
2024-09-20 17:25:16,266 - 接收 : A9 9A 34 25 3A CE B8 2C 00 00 3E C1
2024-09-20 17:25:16,282 - 接收 : 2C 18 2D 09 2D 14 20 11 3A 19 3A 08 2C 48 11
2024-09-20 17:25:16,297 - 接收 : 2C 00 00 2C 00 00 00 00 2C 00 00 00 00 2C 00 00
2024-09-20 17:25:16,313 - 接收 : 00 00 2C 00 00 00 00 0D 0A
2024-09-20 17:25:16,410 - 接收 : A9
2024-09-20 17:25:16,426 - 接收 : 9A 34 25 3A CE B8 2C 00 00 3E C2 2C 18 2D 09 2D
2024-09-20 17:25:16,442 - 接收 : 14 20 11 3A 19 3A 08 2C 48 11 2C 00 00 2C 00
2024-09-20 17:25:16,458 - 接收 : 00 00 00 2C 00 00 00 00 2C 00 00 00 00 2C 00
2024-09-20 17:25:16,474 - 接收 : 00 00 00 0D 0A
2024-09-20 17:25:16,569 - 接收 : A9 9A 34 25 3A CE
2024-09-20 17:25:16,586 - 接收 : B9 2C 00 00 3E C3 2C 18 2D 09 2D 14 20 11 3A
2024-09-20 17:25:16,602 - 接收 : 19 3A 08 2C 48 11 2C 01 33 2C 00 01 04 A3 2C FF
2024-09-20 17:25:16,618 - 接收 : FF FE 3A 2C 00 00 02 98 2C 00 00 5D D4 0D 0A
2024-09-20 17:25:16,730 - 接收 : A9 9A 34 25 3A CE B8 2C 00 00 3E
2024-09-20 17:25:16,746 - 接收 : C4 2C 18 2D 09 2D 14 20 11 3A 19 3A 08 2C 48
2024-09-20 17:25:16,762 - 接收 : 11 2C 00 00 2C 00 00 00 00 2C 00 00 00 00 2C 00
2024-09-20 17:25:16,778 - 接收 : 00 00 00 2C 00 00 00 00 0D 0A
2024-09-20 17:25:16,890 - 接收 : A9 9A 34 25 3A CE B8 2C 00 00 3E C5 2C 18 2D 09
2024-09-20 17:25:16,906 - 接收 : 2D 14 20 11 3A 19 3A 08 2C 48 11 2C 00 00 2C
2024-09-20 17:25:16,922 - 接收 : 00 00 00 00 2C 00 00 00 00 2C 00 00 00 00 2C
2024-09-20 17:25:16,938 - 接收 : 00 00 00 00 0D 0A
2024-09-20 17:25:21,112 - 接收 : A9 9A 34 25 3A CE B8 2C 00 00 3E C6 2C
2024-09-20 17:25:21,128 - 接收 : 18 2D 09 2D 14 20 11 3A 19 3A 0D 2C 48 11 2C
2024-09-20 17:25:21,144 - 接收 : 00 00 2C 00 00 00 00 2C 00 00 00 00 2C 00 00 00
2024-09-20 17:25:21,160 - 接收 : 00 2C 00 00 00 00 0D 0A
2024-09-20 17:25:21,257 - 接收 : A9 9A
2024-09-20 17:25:21,273 - 接收 : 34 25 3A CE B8 2C 00 00 3E C7 2C 18 2D 09 2D 14
2024-09-20 17:25:21,289 - 接收 : 20 11 3A 19 3A 0D 2C 48 11 2C 00 00 2C 00 00
2024-09-20 17:25:21,305 - 接收 : 00 00 2C 00 00 00 00 2C 00 00 00 00 2C 00 00 00
2024-09-20 17:25:21,321 - 接收 : 00 0D 0A
2024-09-20 17:25:21,417 - 接收 : A9 9A 34 25 3A CE B8
2024-09-20 17:25:21,433 - 接收 : 2C 00 00 3E C8 2C 18 2D 09 2D 14 20 11 3A 19 3A
2024-09-20 17:25:21,449 - 接收 : 0D 2C 48 11 2C 00 00 2C 00 00 00 00 2C 00 00
2024-09-20 17:25:21,465 - 接收 : 00 00 2C 00 00 00 00 2C 00 00 00 00 0D 0A
2024-09-20 17:25:21,577 - 接收 : A9 9A 34 25 3A CE B9 2C 00 00 3E C9
2024-09-20 17:25:21,593 - 接收 : 2C 18 2D 09 2D 14 20 11 3A 19 3A 0D 2C 48 11
2024-09-20 17:25:21,609 - 接收 : 2C 01 33 2C 00 01 04 A3 2C FF FF FE 3A 2C 00 00
2024-09-20 17:25:21,624 - 接收 : 02 98 2C 00 00 5D D4 0D 0A
2024-09-20 17:25:21,721 - 接收 : A9
2024-09-20 17:25:21,737 - 接收 : 9A 34 25 3A CE B8 2C 00 00 3E CA 2C 18 2D 09 2D
2024-09-20 17:25:21,753 - 接收 : 14 20 11 3A 19 3A 0D 2C 48 11 2C 00 00 2C 00
2024-09-20 17:25:21,769 - 接收 : 00 00 00 2C 00 00 00 00 2C 00 00 00 00 2C 00
2024-09-20 17:25:21,785 - 接收 : 00 00 00 0D 0A
2024-09-20 17:25:21,881 - 接收 : A9 9A 34 25 3A CE
2024-09-20 17:25:21,897 - 接收 : B8 2C 00 00 3E CB 2C 18 2D 09 2D 14 20 11 3A 19
2024-09-20 17:25:21,913 - 接收 : 3A 0D 2C 48 11 2C 00 00 2C 00 00 00 00 2C 00
2024-09-20 17:25:21,929 - 接收 : 00 00 00 2C 00 00 00 00 2C 00 00 00 00 0D 0A
2024-09-20 17:25:28,103 - 接收 : A9 9A 34 25 3A CE B8
2024-09-20 17:25:28,119 - 接收 : 2C 00 00 3E CC 2C 18 2D 09 2D 14 20 11 3A 19
2024-09-20 17:25:28,135 - 接收 : 3A 14 2C 48 11 2C 00 00 2C 00 00 00 00 2C 00 00
2024-09-20 17:25:28,151 - 接收 : 00 00 2C 00 00 00 00 2C 00 00 00 00 0D 0A
2024-09-20 17:25:28,263 - 接收 : A9 9A 34 25 3A CE B8 2C 00 00 3E CD
2024-09-20 17:25:28,279 - 接收 : 2C 18 2D 09 2D 14 20 11 3A 19 3A 14 2C 48 11
2024-09-20 17:25:28,295 - 接收 : 2C 00 00 2C 00 00 00 00 2C 00 00 00 00 2C 00 00
2024-09-20 17:25:28,311 - 接收 : 00 00 2C 00 00 00 00 0D 0A
2024-09-20 17:25:28,407 - 接收 : A9
2024-09-20 17:25:28,423 - 接收 : 9A 34 25 3A CE B8 2C 00 00 3E CE 2C 18 2D 09 2D
2024-09-20 17:25:28,439 - 接收 : 14 20 11 3A 19 3A 14 2C 48 11 2C 00 00 2C 00
2024-09-20 17:25:28,455 - 接收 : 00 00 00 2C 00 00 00 00 2C 00 00 00 00 2C 00
2024-09-20 17:25:28,471 - 接收 : 00 00 00 0D 0A
2024-09-20 17:25:28,567 - 接收 : A9 9A 34 25 3A CE
2024-09-20 17:25:28,584 - 接收 : B9 2C 00 00 3E CF 2C 18 2D 09 2D 14 20 11 3A
2024-09-20 17:25:28,600 - 接收 : 19 3A 14 2C 48 11 2C 01 33 2C 00 01 04 A4 2C FF
2024-09-20 17:25:28,616 - 接收 : FF FE 3B 2C 00 00 02 96 2C 00 00 5D D4 0D 0A
2024-09-20 17:25:28,727 - 接收 : A9 9A 34 25 3A CE B8 2C 00 00 3E
2024-09-20 17:25:28,743 - 接收 : D0 2C 18 2D 09 2D 14 20 11 3A 19 3A 14 2C 48
2024-09-20 17:25:28,759 - 接收 : 11 2C 00 00 2C 00 00 00 00 2C 00 00 00 00 2C 00
2024-09-20 17:25:28,775 - 接收 : 00 00 00 2C 00 00 00 00 0D 0A
2024-09-20 17:25:28,888 - 接收 : A9 9A 34 25 3A CE B8 2C 00 00 3E D1 2C 18 2D 09
2024-09-20 17:25:28,904 - 接收 : 2D 14 20 11 3A 19 3A 14 2C 48 11 2C 00 00 2C
2024-09-20 17:25:28,919 - 接收 : 00 00 00 00 2C 00 00 00 00 2C 00 00 00 00 2C
2024-09-20 17:25:28,936 - 接收 : 00 00 00 00 0D 0A
2024-09-20 17:25:33,110 - 接收 : A9 9A 34 25 3A CE B8 2C 00 00 3E D2 2C
2024-09-20 17:25:33,126 - 接收 : 18 2D 09 2D 14 20 11 3A 19 3A 19 2C 48 0A 2C
2024-09-20 17:25:33,142 - 接收 : 00 00 2C 00 00 00 00 2C 00 00 00 00 2C 00 00 00
2024-09-20 17:25:33,158 - 接收 : 00 2C 00 00 00 00 0D 0A
2024-09-20 17:25:33,254 - 接收 : A9 9A
2024-09-20 17:25:33,270 - 接收 : 34 25 3A CE B8 2C 00 00 3E D3 2C 18 2D 09 2D 14
2024-09-20 17:25:33,286 - 接收 : 20 11 3A 19 3A 19 2C 48 0A 2C 00 00 2C 00 00
2024-09-20 17:25:33,302 - 接收 : 00 00 2C 00 00 00 00 2C 00 00 00 00 2C 00 00
2024-09-20 17:25:33,318 - 接收 : 00 00 0D 0A
2024-09-20 17:25:33,414 - 接收 : A9 9A 34 25 3A CE B8
2024-09-20 17:25:33,430 - 接收 : 2C 00 00 3E D4 2C 18 2D 09 2D 14 20 11 3A 19 3A
2024-09-20 17:25:33,446 - 接收 : 19 2C 48 0A 2C 00 00 2C 00 00 00 00 2C 00 00
2024-09-20 17:25:33,462 - 接收 : 00 00 2C 00 00 00 00 2C 00 00 00 00 0D 0A
2024-09-20 17:25:33,575 - 接收 : A9 9A 34 25 3A CE B9 2C 00 00 3E D5
2024-09-20 17:25:33,591 - 接收 : 2C 18 2D 09 2D 14 20 11 3A 19 3A 19 2C 48 0A
2024-09-20 17:25:33,607 - 接收 : 2C 01 33 2C 00 01 04 A2 2C FF FF FE 39 2C 00 00
2024-09-20 17:25:33,622 - 接收 : 02 99 2C 00 00 5D D4 0D 0A
2024-09-20 17:25:33,718 - 接收 : A9
2024-09-20 17:25:33,734 - 接收 : 9A 34 25 3A CE B8 2C 00 00 3E D6 2C 18 2D 09 2D
2024-09-20 17:25:33,750 - 接收 : 14 20 11 3A 19 3A 19 2C 48 0A 2C 00 00 2C 00
2024-09-20 17:25:33,766 - 接收 : 00 00 00 2C 00 00 00 00 2C 00 00 00 00 2C 00
2024-09-20 17:25:33,782 - 接收 : 00 00 00 0D 0A
2024-09-20 17:25:33,879 - 接收 : A9 9A 34 25 3A CE
2024-09-20 17:25:33,895 - 接收 : B8 2C 00 00 3E D7 2C 18 2D 09 2D 14 20 11 3A
2024-09-20 17:25:33,911 - 接收 : 19 3A 19 2C 48 0A 2C 00 00 2C 00 00 00 00 2C 00
2024-09-20 17:25:33,926 - 接收 : 00 00 00 2C 00 00 00 00 2C 00 00 00 00 0D 0A
2024-09-20 17:25:40,101 - 接收 : A9 9A 34 25
2024-09-20 17:25:40,117 - 接收 : 3A CE B8 2C 00 00 3E D8 2C 18 2D 09 2D 14 20
2024-09-20 17:25:40,133 - 接收 : 11 3A 19 3A 20 2C 48 11 2C 00 00 2C 00 00 00 00
2024-09-20 17:25:40,149 - 接收 : 2C 00 00 00 00 2C 00 00 00 00 2C 00 00 00 00
2024-09-20 17:25:40,165 - 接收 : 0D 0A
2024-09-20 17:25:40,261 - 接收 : A9 9A 34 25 3A CE B8 2C 00
2024-09-20 17:25:40,277 - 接收 : 00 3E D9 2C 18 2D 09 2D 14 20 11 3A 19 3A 20
2024-09-20 17:25:40,293 - 接收 : 2C 48 11 2C 00 00 2C 00 00 00 00 2C 00 00 00 00
2024-09-20 17:25:40,309 - 接收 : 2C 00 00 00 00 2C 00 00 00 00 0D 0A
2024-09-20 17:25:40,421 - 接收 : A9 9A 34 25 3A CE B8 2C 00 00 3E DA 2C 18
2024-09-20 17:25:40,437 - 接收 : 2D 09 2D 14 20 11 3A 19 3A 20 2C 48 11 2C 00
2024-09-20 17:25:40,453 - 接收 : 00 2C 00 00 00 00 2C 00 00 00 00 2C 00 00 00
2024-09-20 17:25:40,469 - 接收 : 00 2C 00 00 00 00 0D 0A
2024-09-20 17:25:40,565 - 接收 : A9 9A 34
2024-09-20 17:25:40,581 - 接收 : 25 3A CE B9 2C 00 00 3E DB 2C 18 2D 09 2D 14
2024-09-20 17:25:40,597 - 接收 : 20 11 3A 19 3A 20 2C 48 11 2C 01 33 2C 00 01 04
2024-09-20 17:25:40,613 - 接收 : A2 2C FF FF FE 39 2C 00 00 02 99 2C 00 00 5D
2024-09-20 17:25:40,629 - 接收 : D4 0D 0A
2024-09-20 17:25:40,725 - 接收 : A9 9A 34 25 3A CE B8 2C
2024-09-20 17:25:40,741 - 接收 : 00 00 3E DC 2C 18 2D 09 2D 14 20 11 3A 19 3A
2024-09-20 17:25:40,757 - 接收 : 20 2C 48 11 2C 00 00 2C 00 00 00 00 2C 00 00 00
2024-09-20 17:25:40,773 - 接收 : 00 2C 00 00 00 00 2C 00 00 00 00 0D 0A
2024-09-20 17:25:40,885 - 接收 : A9 9A 34 25 3A CE B8 2C 00 00 3E DD 2C
2024-09-20 17:25:40,901 - 接收 : 18 2D 09 2D 14 20 11 3A 19 3A 20 2C 48 11 2C
2024-09-20 17:25:40,917 - 接收 : 00 00 2C 00 00 00 00 2C 00 00 00 00 2C 00 00
2024-09-20 17:25:40,932 - 接收 : 00 00 2C 00 00 00 00 0D 0A
2024-09-20 17:25:45,108 - 接收 : A9 9A 34 25 3A CE B8 2C 00
2024-09-20 17:25:45,123 - 接收 : 00 3E DE 2C 18 2D 09 2D 14 20 11 3A 19 3A 25 2C
2024-09-20 17:25:45,139 - 接收 : 48 11 2C 00 00 2C 00 00 00 00 2C 00 00 00 00
2024-09-20 17:25:45,155 - 接收 : 2C 00 00 00 00 2C 00 00 00 00 0D 0A
2024-09-20 17:25:45,268 - 接收 : A9 9A 34 25 3A CE B8 2C 00 00 3E DF 2C 18
2024-09-20 17:25:45,283 - 接收 : 2D 09 2D 14 20 11 3A 19 3A 25 2C 48 11 2C 00
2024-09-20 17:25:45,299 - 接收 : 00 2C 00 00 00 00 2C 00 00 00 00 2C 00 00 00 00
2024-09-20 17:25:45,316 - 接收 : 2C 00 00 00 00 0D 0A
2024-09-20 17:25:45,422 - 接收 : A9 9A 34
2024-09-20 17:25:45,427 - 接收 : 25 3A CE B8 2C 00 00 3E E0 2C 18 2D 09 2D 14 20
2024-09-20 17:25:45,443 - 接收 : 11 3A 19 3A 25 2C 48 11 2C 00 00 2C 00 00 00
2024-09-20 17:25:45,459 - 接收 : 00 2C 00 00 00 00 2C 00 00 00 00 2C 00 00 00
2024-09-20 17:25:45,475 - 接收 : 00 0D 0A
2024-09-20 17:25:45,571 - 接收 : A9 9A 34 25 3A CE B9 2C
2024-09-20 17:25:45,587 - 接收 : 00 00 3E E1 2C 18 2D 09 2D 14 20 11 3A 19 3A
2024-09-20 17:25:45,603 - 接收 : 25 2C 48 11 2C 01 33 2C 00 01 04 A2 2C FF FF FE
2024-09-20 17:25:45,619 - 接收 : 39 2C 00 00 02 99 2C 00 00 5D D4 0D 0A
2024-09-20 17:25:45,731 - 接收 : A9 9A 34 25 3A CE B8 2C 00 00 3E E2 2C
2024-09-20 17:25:45,747 - 接收 : 18 2D 09 2D 14 20 11 3A 19 3A 25 2C 48 11 2C
2024-09-20 17:25:45,763 - 接收 : 00 00 2C 00 00 00 00 2C 00 00 00 00 2C 00 00
2024-09-20 17:25:45,779 - 接收 : 00 00 2C 00 00 00 00 0D 0A
2024-09-20 17:25:45,875 - 接收 : A9 9A
2024-09-20 17:25:45,891 - 接收 : 34 25 3A CE B8 2C 00 00 3E E3 2C 18 2D 09 2D
2024-09-20 17:25:45,907 - 接收 : 14 20 11 3A 19 3A 25 2C 48 11 2C 00 00 2C 00 00
2024-09-20 17:25:45,923 - 接收 : 00 00 2C 00 00 00 00 2C 00 00 00 00 2C 00 00
2024-09-20 17:25:45,939 - 接收 : 00 00 0D 0A
2024-09-20 17:25:52,113 - 接收 : A9 9A 34 25 3A CE B8 2C 00 00 3E E4 2C 18
2024-09-20 17:25:52,129 - 接收 : 2D 09 2D 14 20 11 3A 19 3A 2C 2C 48 11 2C 00 00
2024-09-20 17:25:52,145 - 接收 : 2C 00 00 00 00 2C 00 00 00 00 2C 00 00 00 00
2024-09-20 17:25:52,161 - 接收 : 2C 00 00 00 00 0D 0A
2024-09-20 17:25:52,257 - 接收 : A9 9A 34 25
2024-09-20 17:25:52,273 - 接收 : 3A CE B8 2C 00 00 3E E5 2C 18 2D 09 2D 14 20
2024-09-20 17:25:52,289 - 接收 : 11 3A 19 3A 2C 2C 48 11 2C 00 00 2C 00 00 00
2024-09-20 17:25:52,305 - 接收 : 00 2C 00 00 00 00 2C 00 00 00 00 2C 00 00 00 00
2024-09-20 17:25:52,321 - 接收 : 0D 0A
2024-09-20 17:25:52,417 - 接收 : A9 9A 34 25 3A CE B8 2C
2024-09-20 17:25:52,433 - 接收 : 00 00 3E E6 2C 18 2D 09 2D 14 20 11 3A 19 3A 2C
2024-09-20 17:25:52,449 - 接收 : 2C 48 11 2C 00 00 2C 00 00 00 00 2C 00 00 00
2024-09-20 17:25:52,465 - 接收 : 00 2C 00 00 00 00 2C 00 00 00 00 0D 0A
2024-09-20 17:25:52,576 - 接收 : A9 9A 34 25 3A CE B9 2C 00 00 3E E7 2C
2024-09-20 17:25:52,592 - 接收 : 18 2D 09 2D 14 20 11 3A 19 3A 2C 2C 48 11 2C 01
2024-09-20 17:25:52,608 - 接收 : 33 2C 00 01 04 A1 2C FF FF FE 38 2C 00 00 02
2024-09-20 17:25:52,624 - 接收 : 9B 2C 00 00 5D D3 0D 0A
2024-09-20 17:25:52,720 - 接收 : A9 9A 34
2024-09-20 17:25:52,736 - 接收 : 25 3A CE B8 2C 00 00 3E E8 2C 18 2D 09 2D 14
2024-09-20 17:25:52,752 - 接收 : 20 11 3A 19 3A 2C 2C 48 11 2C 00 00 2C 00 00
2024-09-20 17:25:52,768 - 接收 : 00 00 2C 00 00 00 00 2C 00 00 00 00 2C 00 00 00
2024-09-20 17:25:52,784 - 接收 : 00 0D 0A
2024-09-20 17:25:52,880 - 接收 : A9 9A 34 25 3A CE B8
2024-09-20 17:25:52,896 - 接收 : 2C 00 00 3E E9 2C 18 2D 09 2D 14 20 11 3A 19 3A
2024-09-20 17:25:52,912 - 接收 : 2C 2C 48 11 2C 00 00 2C 00 00 00 00 2C 00 00
2024-09-20 17:25:52,928 - 接收 : 00 00 2C 00 00 00 00 2C 00 00 00 00 0D 0A
2024-09-20 17:25:57,103 - 接收 : A9 9A 34 25 3A
2024-09-20 17:25:57,119 - 接收 : CE B8 2C 00 00 3E EA 2C 18 2D 09 2D 14 20 11
2024-09-20 17:25:57,135 - 接收 : 3A 19 3A 31 2C 48 11 2C 00 00 2C 00 00 00 00
2024-09-20 17:25:57,151 - 接收 : 2C 00 00 00 00 2C 00 00 00 00 2C 00 00 00 00 0D
2024-09-20 17:25:57,167 - 接收 : 0A
2024-09-20 17:25:57,264 - 接收 : A9 9A 34 25 3A CE B8 2C 00
2024-09-20 17:25:57,280 - 接收 : 00 3E EB 2C 18 2D 09 2D 14 20 11 3A 19 3A 31 2C
2024-09-20 17:25:57,296 - 接收 : 48 11 2C 00 00 2C 00 00 00 00 2C 00 00 00 00
2024-09-20 17:25:57,312 - 接收 : 2C 00 00 00 00 2C 00 00 00 00 0D 0A
2024-09-20 17:25:57,423 - 接收 : A9 9A 34 25 3A CE B8 2C 00 00 3E EC 2C 18
2024-09-20 17:25:57,439 - 接收 : 2D 09 2D 14 20 11 3A 19 3A 31 2C 48 11 2C 00 00
2024-09-20 17:25:57,455 - 接收 : 2C 00 00 00 00 2C 00 00 00 00 2C 00 00 00 00
2024-09-20 17:25:57,471 - 接收 : 2C 00 00 00 00 0D 0A
2024-09-20 17:25:57,567 - 接收 : A9 9A 34 25
2024-09-20 17:25:57,583 - 接收 : 3A CE B9 2C 00 00 3E ED 2C 18 2D 09 2D 14 20
2024-09-20 17:25:57,600 - 接收 : 11 3A 19 3A 31 2C 48 11 2C 01 33 2C 00 01 04
2024-09-20 17:25:57,616 - 接收 : A1 2C FF FF FE 38 2C 00 00 02 9B 2C 00 00 5D D3
2024-09-20 17:25:57,631 - 接收 : 0D 0A
2024-09-20 17:25:57,727 - 接收 : A9 9A 34 25 3A CE B8 2C
2024-09-20 17:25:57,743 - 接收 : 00 00 3E EE 2C 18 2D 09 2D 14 20 11 3A 19 3A 31
2024-09-20 17:25:57,759 - 接收 : 2C 48 11 2C 00 00 2C 00 00 00 00 2C 00 00 00
2024-09-20 17:25:57,775 - 接收 : 00 2C 00 00 00 00 2C 00 00 00 00 0D 0A
2024-09-20 17:25:57,888 - 接收 : A9 9A 34 25 3A CE B8 2C 00 00 3E EF 2C
2024-09-20 17:25:57,904 - 接收 : 18 2D 09 2D 14 20 11 3A 19 3A 31 2C 48 11 2C 00
2024-09-20 17:25:57,919 - 接收 : 00 2C 00 00 00 00 2C 00 00 00 00 2C 00 00 00
2024-09-20 17:25:57,935 - 接收 : 00 2C 00 00 00 00 0D 0A
2024-09-20 17:26:04,110 - 接收 : A9 9A 34 25 3A CE B8 2C 00 00 3E F0 2C 18
2024-09-20 17:26:04,126 - 接收 : 2D 09 2D 14 20 11 3A 19 3A 38 2C 48 11 2C 00
2024-09-20 17:26:04,142 - 接收 : 00 2C 00 00 00 00 2C 00 00 00 00 2C 00 00 00 00
2024-09-20 17:26:04,158 - 接收 : 2C 00 00 00 00 0D 0A
2024-09-20 17:26:04,255 - 接收 : A9 9A 34
2024-09-20 17:26:04,270 - 接收 : 25 3A CE B8 2C 00 00 3E F1 2C 18 2D 09 2D 14 20
2024-09-20 17:26:04,286 - 接收 : 11 3A 19 3A 38 2C 48 11 2C 00 00 2C 00 00 00
2024-09-20 17:26:04,302 - 接收 : 00 2C 00 00 00 00 2C 00 00 00 00 2C 00 00 00 00
2024-09-20 17:26:04,318 - 接收 : 0D 0A
2024-09-20 17:26:04,414 - 接收 : A9 9A 34 25 3A CE B8 2C
2024-09-20 17:26:04,430 - 接收 : 00 00 3E F2 2C 18 2D 09 2D 14 20 11 3A 19 3A 38
2024-09-20 17:26:04,446 - 接收 : 2C 48 11 2C 00 00 2C 00 00 00 00 2C 00 00 00
2024-09-20 17:26:04,462 - 接收 : 00 2C 00 00 00 00 2C 00 00 00 00 0D 0A
2024-09-20 17:26:04,574 - 接收 : A9 9A 34 25 3A CE B9 2C 00 00 3E F3 2C
2024-09-20 17:26:04,590 - 接收 : 18 2D 09 2D 14 20 11 3A 19 3A 38 2C 48 11 2C
2024-09-20 17:26:04,606 - 接收 : 01 33 2C 00 01 04 A0 2C FF FF FE 37 2C 00 00 02
2024-09-20 17:26:04,622 - 接收 : 9C 2C 00 00 5D D3 0D 0A
2024-09-20 17:26:04,718 - 接收 : A9 9A
2024-09-20 17:26:04,734 - 接收 : 34 25 3A CE B8 2C 00 00 3E F4 2C 18 2D 09 2D 14
2024-09-20 17:26:04,750 - 接收 : 20 11 3A 19 3A 38 2C 48 11 2C 00 00 2C 00 00
2024-09-20 17:26:04,766 - 接收 : 00 00 2C 00 00 00 00 2C 00 00 00 00 2C 00 00 00
2024-09-20 17:26:04,782 - 接收 : 00 0D 0A
2024-09-20 17:26:04,878 - 接收 : A9 9A 34 25 3A CE B8
2024-09-20 17:26:04,895 - 接收 : 2C 00 00 3E F5 2C 18 2D 09 2D 14 20 11 3A 19 3A
2024-09-20 17:26:04,911 - 接收 : 38 2C 48 11 2C 00 00 2C 00 00 00 00 2C 00 00
2024-09-20 17:26:04,927 - 接收 : 00 00 2C 00 00 00 00 2C 00 00 00 00 0D 0A
2024-09-20 17:26:09,101 - 接收 : A9 9A 34 25 3A
2024-09-20 17:26:09,117 - 接收 : CE B8 2C 00 00 3E F6 2C 18 2D 09 2D 14 20 11
2024-09-20 17:26:09,133 - 接收 : 3A 1A 3A 01 2C 48 11 2C 00 00 2C 00 00 00 00
2024-09-20 17:26:09,149 - 接收 : 2C 00 00 00 00 2C 00 00 00 00 2C 00 00 00 00 0D
2024-09-20 17:26:09,165 - 接收 : 0A
2024-09-20 17:26:09,261 - 接收 : A9 9A 34 25 3A CE B8 2C 00
2024-09-20 17:26:09,278 - 接收 : 00 3E F7 2C 18 2D 09 2D 14 20 11 3A 1A 3A 01 2C
2024-09-20 17:26:09,294 - 接收 : 48 11 2C 00 00 2C 00 00 00 00 2C 00 00 00 00
2024-09-20 17:26:09,310 - 接收 : 2C 00 00 00 00 2C 00 00 00 00 0D 0A
2024-09-20 17:26:09,421 - 接收 : A9 9A 34 25 3A CE B8 2C 00 00 3E F8 2C 18
2024-09-20 17:26:09,437 - 接收 : 2D 09 2D 14 20 11 3A 1A 3A 01 2C 48 11 2C 00
2024-09-20 17:26:09,453 - 接收 : 00 2C 00 00 00 00 2C 00 00 00 00 2C 00 00 00 00
2024-09-20 17:26:09,469 - 接收 : 2C 00 00 00 00 0D 0A
2024-09-20 17:26:09,565 - 接收 : A9 9A 34 25
2024-09-20 17:26:09,581 - 接收 : 3A CE B9 2C 00 00 3E F9 2C 18 2D 09 2D 14 20
2024-09-20 17:26:09,597 - 接收 : 11 3A 1A 3A 01 2C 48 11 2C 01 33 2C 00 01 04
2024-09-20 17:26:09,613 - 接收 : A1 2C FF FF FE 38 2C 00 00 02 9B 2C 00 00 5D D3
2024-09-20 17:26:09,629 - 接收 : 0D 0A
2024-09-20 17:26:09,726 - 接收 : A9 9A 34 25 3A CE B8 2C
2024-09-20 17:26:09,741 - 接收 : 00 00 3E FA 2C 18 2D 09 2D 14 20 11 3A 1A 3A 01
2024-09-20 17:26:09,757 - 接收 : 2C 48 11 2C 00 00 2C 00 00 00 00 2C 00 00 00
2024-09-20 17:26:09,773 - 接收 : 00 2C 00 00 00 00 2C 00 00 00 00 0D 0A
2024-09-20 17:26:09,886 - 接收 : A9 9A 34 25 3A CE B8 2C 00 00 3E FB 2C
2024-09-20 17:26:09,902 - 接收 : 18 2D 09 2D 14 20 11 3A 1A 3A 01 2C 48 11 2C
2024-09-20 17:26:09,918 - 接收 : 00 00 2C 00 00 00 00 2C 00 00 00 00 2C 00
2024-09-20 17:26:09,918 - 接收 : 00 00
2024-09-20 17:26:09,934 - 接收 : 00 2C 00 00 00 00 0D 0A
2024-09-20 17:26:16,108 - 接收 : A9 9A 34 25 3A CE B8 2C 00 00 3E
2024-09-20 17:26:16,124 - 接收 : FC 2C 18 2D 09 2D 14 20 11 3A 1A 3A 08 2C 48
2024-09-20 17:26:16,140 - 接收 : 11 2C 00 00 2C 00 00 00 00 2C 00 00 00 00 2C 00
2024-09-20 17:26:16,155 - 接收 : 00 00 00 2C 00 00 00 00 0D 0A
2024-09-20 17:26:16,267 - 接收 : A9 9A 34 25 3A CE B8 2C 00 00 3E FD 2C 18 2D 09
2024-09-20 17:26:16,284 - 接收 : 2D 14 20 11 3A 1A 3A 08 2C 48 11 2C 00 00 2C
2024-09-20 17:26:16,300 - 接收 : 00 00 00 00 2C 00 00 00 00 2C 00 00 00 00 2C 00
2024-09-20 17:26:16,316 - 接收 : 00 00 00 0D 0A
2024-09-20 17:26:16,412 - 接收 : A9 9A 34 25 3A
2024-09-20 17:26:16,428 - 接收 : CE B8 2C 00 00 3E FE 2C 18 2D 09 2D 14 20 11 3A
2024-09-20 17:26:16,444 - 接收 : 1A 3A 08 2C 48 11 2C 00 00 2C 00 00 00 00 2C
2024-09-20 17:26:16,460 - 接收 : 00 00 00 00 2C 00 00 00 00 2C 00 00 00 00 0D
2024-09-20 17:26:16,476 - 接收 : 0A
2024-09-20 17:26:16,572 - 接收 : A9 9A 34 25 3A CE B9 2C 00 00
2024-09-20 17:26:16,588 - 接收 : 3E FF 2C 18 2D 09 2D 14 20 11 3A 1A 3A 08 2C
2024-09-20 17:26:16,604 - 接收 : 48 11 2C 01 33 2C 00 01 04 A0 2C FF FF FE 37 2C
2024-09-20 17:26:16,620 - 接收 : 00 00 02 9C 2C 00 00 5D D3 0D 0A
2024-09-20 17:26:16,732 - 接收 : A9 9A 34 25 3A CE B8 2C 00 00 3F 00 2C 18 2D
2024-09-20 17:26:16,748 - 接收 : 09 2D 14 20 11 3A 1A 3A 08 2C 48 11 2C 00 00
2024-09-20 17:26:16,764 - 接收 : 2C 00 00 00 00 2C 00 00 00 00 2C 00 00 00 00 2C
2024-09-20 17:26:16,780 - 接收 : 00 00 00 00 0D 0A
2024-09-20 17:26:16,876 - 接收 : A9 9A 34 25
2024-09-20 17:26:16,892 - 接收 : 3A CE B8 2C 00 00 3F 01 2C 18 2D 09 2D 14 20 11
2024-09-20 17:26:16,908 - 接收 : 3A 1A 3A 08 2C 48 11 2C 00 00 2C 00 00 00 00
2024-09-20 17:26:16,924 - 接收 : 2C 00 00 00 00 2C 00 00 00 00 2C 00 00 00 00
2024-09-20 17:26:16,941 - 接收 : 0D 0A
2024-09-20 17:26:21,100 - 接收 : A9 9A
2024-09-20 17:26:21,115 - 接收 : 34 25 3A CE B8 2C 00 00 3F 02 2C 18 2D 09 2D
2024-09-20 17:26:21,131 - 接收 : 14 20 11 3A 1A 3A 0D 2C 48 11 2C 00 00 2C 00
2024-09-20 17:26:21,147 - 接收 : 00 00 00 2C 00 00 00 00 2C 00 00 00 00 2C 00 00
2024-09-20 17:26:21,164 - 接收 : 00 00 0D 0A
2024-09-20 17:26:21,259 - 接收 : A9 9A 34 25 3A CE
2024-09-20 17:26:21,275 - 接收 : B8 2C 00 00 3F 03 2C 18 2D 09 2D 14 20 11 3A 1A
2024-09-20 17:26:21,291 - 接收 : 3A 0D 2C 48 11 2C 00 00 2C 00 00 00 00 2C 00
2024-09-20 17:26:21,307 - 接收 : 00 00 00 2C 00 00 00 00 2C 00 00 00 00 0D 0A
2024-09-20 17:26:21,419 - 接收 : A9 9A 34 25 3A CE B8 2C 00 00 3F
2024-09-20 17:26:21,435 - 接收 : 04 2C 18 2D 09 2D 14 20 11 3A 1A 3A 0D 2C 48
2024-09-20 17:26:21,451 - 接收 : 11 2C 00 00 2C 00 00 00 00 2C 00 00 00 00 2C 00
2024-09-20 17:26:21,467 - 接收 : 00 00 00 2C 00 00 00 00 0D 0A
2024-09-20 17:26:21,563 - 接收 : A9
2024-09-20 17:26:21,579 - 接收 : 9A 34 25 3A CE B9 2C 00 00 3F 05 2C 18 2D 09
2024-09-20 17:26:21,595 - 接收 : 2D 14 20 11 3A 1A 3A 0D 2C 48 11 2C 01 33 2C
2024-09-20 17:26:21,611 - 接收 : 00 01 04 A0 2C FF FF FE 37 2C 00 00 02 9C 2C 00
2024-09-20 17:26:21,627 - 接收 : 00 5D D3 0D 0A
2024-09-20 17:26:21,723 - 接收 : A9 9A 34 25 3A
2024-09-20 17:26:21,739 - 接收 : CE B8 2C 00 00 3F 06 2C 18 2D 09 2D 14 20 11 3A
2024-09-20 17:26:21,754 - 接收 : 1A 3A 0D 2C 48 11 2C 00 00 2C 00 00 00 00 2C
2024-09-20 17:26:21,770 - 接收 : 00 00 00 00 2C 00 00 00 00 2C 00 00 00 00 0D
2024-09-20 17:26:21,786 - 接收 : 0A
2024-09-20 17:26:21,883 - 接收 : A9 9A 34 25 3A CE B8 2C 00 00
2024-09-20 17:26:21,899 - 接收 : 3F 07 2C 18 2D 09 2D 14 20 11 3A 1A 3A 0D 2C
2024-09-20 17:26:21,915 - 接收 : 48 11 2C 00 00 2C 00 00 00 00 2C 00 00 00 00 2C
2024-09-20 17:26:21,931 - 接收 : 00 00 00 00 2C 00 00 00 00 0D 0A
2024-09-20 17:26:28,105 - 接收 : A9 9A 34 25 3A CE B8
2024-09-20 17:26:28,121 - 接收 : 2C 00 00 3F 08 2C 18 2D 09 2D 14 20 11 3A 1A
2024-09-20 17:26:28,137 - 接收 : 3A 14 2C 48 11 2C 00 00 2C 00 00 00 00 2C 00 00
2024-09-20 17:26:28,153 - 接收 : 00 00 2C 00 00 00 00 2C 00 00 00 00 0D 0A
2024-09-20 17:26:28,266 - 接收 : A9 9A 34 25 3A CE B8 2C 00 00 3F 09
2024-09-20 17:26:28,282 - 接收 : 2C 18 2D 09 2D 14 20 11 3A 1A 3A 14 2C 48 11
2024-09-20 17:26:28,297 - 接收 : 2C 00 00 2C 00 00 00 00 2C 00 00 00 00 2C 00 00
2024-09-20 17:26:28,313 - 接收 : 00 00 2C 00 00 00 00 0D 0A
2024-09-20 17:26:28,410 - 接收 : A9
2024-09-20 17:26:28,426 - 接收 : 9A 34 25 3A CE B8 2C 00 00 3F 0A 2C 18 2D 09 2D
2024-09-20 17:26:28,441 - 接收 : 14 20 11 3A 1A 3A 14 2C 48 11 2C 00 00 2C 00
2024-09-20 17:26:28,457 - 接收 : 00 00 00 2C 00 00 00 00 2C 00 00 00 00 2C 00
2024-09-20 17:26:28,473 - 接收 : 00 00 00 0D 0A
2024-09-20 17:26:28,569 - 接收 : A9 9A 34 25 3A CE
2024-09-20 17:26:28,585 - 接收 : B9 2C 00 00 3F 0B 2C 18 2D 09 2D 14 20 11 3A
2024-09-20 17:26:28,601 - 接收 : 1A 3A 14 2C 48 11 2C 01 33 2C 00 01 04 A0 2C FF
2024-09-20 17:26:28,617 - 接收 : FF FE 37 2C 00 00 02 9C 2C 00 00 5D D3 0D 0A
2024-09-20 17:26:28,730 - 接收 : A9 9A 34 25 3A CE B8 2C 00 00 3F
2024-09-20 17:26:28,746 - 接收 : 0C 2C 18 2D 09 2D 14 20 11 3A 1A 3A 14 2C 48
2024-09-20 17:26:28,762 - 接收 : 11 2C 00 00 2C 00 00 00 00 2C 00 00 00 00 2C 00
2024-09-20 17:26:28,778 - 接收 : 00 00 00 2C 00 00 00 00 0D 0A
2024-09-20 17:26:28,889 - 接收 : A9 9A 34 25 3A CE B8 2C 00 00 3F 0D 2C 18 2D 09
2024-09-20 17:26:28,905 - 接收 : 2D 14 20 11 3A 1A 3A 14 2C 48 11 2C 00 00 2C
2024-09-20 17:26:28,921 - 接收 : 00 00 00 00 2C 00 00 00 00 2C 00 00 00 00 2C
2024-09-20 17:26:28,938 - 接收 : 00 00 00 00 0D 0A
2024-09-20 17:26:33,096 - 接收 : A9
2024-09-20 17:26:33,112 - 接收 : 9A 34 25 3A CE B8 2C 00 00 3F 0E 2C 18 2D 09 2D
2024-09-20 17:26:33,128 - 接收 : 14 20 11 3A 1A 3A 19 2C 48 11 2C 00 00 2C 00
2024-09-20 17:26:33,144 - 接收 : 00 00 00 2C 00 00 00 00 2C 00 00 00 00 2C 00
2024-09-20 17:26:33,160 - 接收 : 00 00 00 0D 0A
2024-09-20 17:26:33,256 - 接收 : A9 9A 34 25 3A CE
2024-09-20 17:26:33,272 - 接收 : B8 2C 00 00 3F 0F 2C 18 2D 09 2D 14 20 11 3A 1A
2024-09-20 17:26:33,288 - 接收 : 3A 19 2C 48 11 2C 00 00 2C 00 00 00 00 2C 00
2024-09-20 17:26:33,305 - 接收 : 00 00 00 2C 00 00 00 00 2C 00 00 00 00 0D 0A
2024-09-20 17:26:33,417 - 接收 : A9 9A 34 25 3A CE B8 2C 00 00 3F
2024-09-20 17:26:33,433 - 接收 : 10 2C 18 2D 09 2D 14 20 11 3A 1A 3A 19 2C 48
2024-09-20 17:26:33,449 - 接收 : 11 2C 00 00 2C 00 00 00 00 2C 00 00 00 00 2C 00
2024-09-20 17:26:33,465 - 接收 : 00 00 00 2C 00 00 00 00 0D 0A
2024-09-20 17:26:33,577 - 接收 : A9 9A 34 25 3A CE B9 2C 00 00 3F 11 2C 18 2D 09
2024-09-20 17:26:33,593 - 接收 : 2D 14 20 11 3A 1A 3A 19 2C 48 11 2C 01 33 2C
2024-09-20 17:26:33,609 - 接收 : 00 01 04 9E 2C FF FF FE 35 2C 00 00 02 9F 2C
2024-09-20 17:26:33,625 - 接收 : 00 00 5D D2 0D 0A
2024-09-20 17:26:33,721 - 接收 : A9 9A 34 25 3A
2024-09-20 17:26:33,737 - 接收 : CE B8 2C 00 00 3F 12 2C 18 2D 09 2D 14 20 11 3A
2024-09-20 17:26:33,752 - 接收 : 1A 3A 19 2C 48 11 2C 00 00 2C 00 00 00 00 2C
2024-09-20 17:26:33,768 - 接收 : 00 00 00 00 2C 00 00 00 00 2C 00 00 00 00 0D
2024-09-20 17:26:33,784 - 接收 : 0A
2024-09-20 17:26:33,880 - 接收 : A9 9A 34 25 3A CE B8 2C 00 00
2024-09-20 17:26:33,897 - 接收 : 3F 13 2C 18 2D 09 2D 14 20 11 3A 1A 3A 19 2C
2024-09-20 17:26:33,913 - 接收 : 48 11 2C 00 00 2C 00 00 00 00 2C 00 00 00 00 2C
2024-09-20 17:26:33,929 - 接收 : 00 00 00 00 2C 00 00 00 00 0D 0A
2024-09-20 17:26:40,104 - 接收 : A9 9A 34 25 3A CE B8 2C
2024-09-20 17:26:40,119 - 接收 : 00 00 3F 14 2C 18 2D 09 2D 14 20 11 3A 1A 3A
2024-09-20 17:26:40,135 - 接收 : 20 2C 48 11 2C 00 00 2C 00 00 00 00 2C 00 00 00
2024-09-20 17:26:40,151 - 接收 : 00 2C 00 00 00 00 2C 00 00 00 00 0D 0A
2024-09-20 17:26:40,264 - 接收 : A9 9A 34 25 3A CE B8 2C 00 00 3F 15 2C
2024-09-20 17:26:40,280 - 接收 : 18 2D 09 2D 14 20 11 3A 1A 3A 20 2C 48 11 2C
2024-09-20 17:26:40,296 - 接收 : 00 00 2C 00 00 00 00 2C 00 00 00 00 2C 00 00
2024-09-20 17:26:40,311 - 接收 : 00 00 2C 00 00 00 00 0D 0A
2024-09-20 17:26:40,408 - 接收 : A9 9A
2024-09-20 17:26:40,424 - 接收 : 34 25 3A CE B8 2C 00 00 3F 16 2C 18 2D 09 2D
2024-09-20 17:26:40,439 - 接收 : 14 20 11 3A 1A 3A 20 2C 48 11 2C 00 00 2C 00 00
2024-09-20 17:26:40,456 - 接收 : 00 00 2C 00 00 00 00 2C 00 00 00 00 2C 00 00
2024-09-20 17:26:40,472 - 接收 : 00 00 0D 0A
2024-09-20 17:26:40,567 - 接收 : A9 9A 34 25 3A CE B9
2024-09-20 17:26:40,584 - 接收 : 2C 00 00 3F 17 2C 18 2D 09 2D 14 20 11 3A 1A
2024-09-20 17:26:40,599 - 接收 : 3A 20 2C 48 11 2C 01 33 2C 00 01 04 A1 2C FF FF
2024-09-20 17:26:40,615 - 接收 : FE 38 2C 00 00 02 9B 2C 00 00 5D D3 0D 0A
2024-09-20 17:26:40,727 - 接收 : A9 9A 34 25 3A CE B8 2C 00 00 3F 18
2024-09-20 17:26:40,743 - 接收 : 2C 18 2D 09 2D 14 20 11 3A 1A 3A 20 2C 48 11
2024-09-20 17:26:40,760 - 接收 : 2C 00 00 2C 00 00 00 00 2C 00 00 00 00 2C 00
2024-09-20 17:26:40,775 - 接收 : 00 00 00 2C 00 00 00 00 0D 0A
2024-09-20 17:26:40,871 - 接收 : A9
2024-09-20 17:26:40,887 - 接收 : 9A 34 25 3A CE B8 2C 00 00 3F 19 2C 18 2D 09
2024-09-20 17:26:40,903 - 接收 : 2D 14 20 11 3A 1A 3A 20 2C 48 11 2C 00 00 2C 00
2024-09-20 17:26:40,919 - 接收 : 00 00 00 2C 00 00 00 00 2C 00 00 00 00 2C 00
2024-09-20 17:26:40,935 - 接收 : 00 00 00 0D 0A
2024-09-20 17:26:45,111 - 接收 : A9 9A 34 25 3A CE B8 2C 00 00 3F 1A 2C 18
2024-09-20 17:26:45,127 - 接收 : 2D 09 2D 14 20 11 3A 1A 3A 25 2C 48 11 2C 00
2024-09-20 17:26:45,143 - 接收 : 00 2C 00 00 00 00 2C 00 00 00 00 2C 00 00 00
2024-09-20 17:26:45,159 - 接收 : 00 2C 00 00 00 00 0D 0A
2024-09-20 17:26:45,254 - 接收 : A9 9A 34
2024-09-20 17:26:45,270 - 接收 : 25 3A CE B8 2C 00 00 3F 1B 2C 18 2D 09 2D 14 20
2024-09-20 17:26:45,286 - 接收 : 11 3A 1A 3A 25 2C 48 11 2C 00 00 2C 00 00 00
2024-09-20 17:26:45,302 - 接收 : 00 2C 00 00 00 00 2C 00 00 00 00 2C 00 00 00
2024-09-20 17:26:45,318 - 接收 : 00 0D 0A
2024-09-20 17:26:45,414 - 接收 : A9 9A 34 25 3A CE B8 2C
2024-09-20 17:26:45,443 - 接收 : 00 00 3F 1C 2C 18 2D 09 2D 14 20 11 3A 1A 3A
2024-09-20 17:26:45,447 - 接收 : 25 2C 48 11 2C 00 00 2C 00 00 00 00 2C 00 00 00
2024-09-20 17:26:45,462 - 接收 : 00 2C 00 00 00 00 2C 00 00 00 00 0D 0A
2024-09-20 17:26:45,574 - 接收 : A9 9A 34 25 3A CE B9 2C 00 00 3F 1D 2C
2024-09-20 17:26:45,590 - 接收 : 18 2D 09 2D 14 20 11 3A 1A 3A 25 2C 48 11 2C
2024-09-20 17:26:45,606 - 接收 : 01 33 2C 00 01 04 9E 2C FF FF FE 35 2C 00 00
2024-09-20 17:26:45,622 - 接收 : 02 9F 2C 00 00 5D D2 0D 0A
2024-09-20 17:26:45,718 - 接收 : A9 9A
2024-09-20 17:26:45,734 - 接收 : 34 25 3A CE B8 2C 00 00 3F 1E 2C 18 2D 09 2D 14
2024-09-20 17:26:45,750 - 接收 : 20 11 3A 1A 3A 25 2C 48 11 2C 00 00 2C 00 00
2024-09-20 17:26:45,766 - 接收 : 00 00 2C 00 00 00 00 2C 00 00 00 00 2C 00 00
2024-09-20 17:26:45,782 - 接收 : 00 00 0D 0A
2024-09-20 17:26:45,879 - 接收 : A9 9A 34 25 3A CE B8
2024-09-20 17:26:45,895 - 接收 : 2C 00 00 3F 1F 2C 18 2D 09 2D 14 20 11 3A 1A
2024-09-20 17:26:45,910 - 接收 : 3A 25 2C 48 11 2C 00 00 2C 00 00 00 00 2C 00 00
2024-09-20 17:26:45,926 - 接收 : 00 00 2C 00 00 00 00 2C 00 00 00 00 0D 0A
2024-09-20 17:26:52,101 - 接收 : A9 9A 34 25 3A
2024-09-20 17:26:52,117 - 接收 : CE B8 2C 00 00 3F 20 2C 18 2D 09 2D 14 20 11
2024-09-20 17:26:52,133 - 接收 : 3A 1A 3A 2C 2C 48 11 2C 00 00 2C 00 00 00 00 2C
2024-09-20 17:26:52,149 - 接收 : 00 00 00 00 2C 00 00 00 00 2C 00 00 00 00 0D
2024-09-20 17:26:52,165 - 接收 : 0A
2024-09-20 17:26:52,261 - 接收 : A9 9A 34 25 3A CE B8 2C 00 00
2024-09-20 17:26:52,277 - 接收 : 3F 21 2C 18 2D 09 2D 14 20 11 3A 1A 3A 2C 2C
2024-09-20 17:26:52,293 - 接收 : 48 11 2C 00 00 2C 00 00 00 00 2C 00 00 00 00
2024-09-20 17:26:52,308 - 接收 : 2C 00 00 00 00 2C 00 00 00 00 0D 0A
2024-09-20 17:26:52,421 - 接收 : A9 9A 34 25 3A CE B8 2C 00 00 3F 22 2C 18
2024-09-20 17:26:52,437 - 接收 : 2D 09 2D 14 20 11 3A 1A 3A 2C 2C 48 11 2C 00 00
2024-09-20 17:26:52,453 - 接收 : 2C 00 00 00 00 2C 00 00 00 00 2C 00 00 00 00
2024-09-20 17:26:52,469 - 接收 : 2C 00 00 00 00 0D 0A
2024-09-20 17:26:52,565 - 接收 : A9 9A 34 25
2024-09-20 17:26:52,581 - 接收 : 3A CE B9 2C 00 00 3F 23 2C 18 2D 09 2D 14 20
2024-09-20 17:26:52,598 - 接收 : 11 3A 1A 3A 2C 2C 48 11 2C 01 33 2C 00 01 04 A1
2024-09-20 17:26:52,613 - 接收 : 2C FF FF FE 38 2C 00 00 02 9B 2C 00 00 5D D3
2024-09-20 17:26:52,630 - 接收 : 0D 0A
2024-09-20 17:26:52,725 - 接收 : A9 9A 34 25 3A CE B8 2C 00
2024-09-20 17:26:52,741 - 接收 : 00 3F 24 2C 18 2D 09 2D 14 20 11 3A 1A 3A 2C
2024-09-20 17:26:52,757 - 接收 : 2C 48 11 2C 00 00 2C 00 00 00 00 2C 00 00 00
2024-09-20 17:26:52,773 - 接收 : 00 2C 00 00 00 00 2C 00 00 00 00 0D 0A
2024-09-20 17:26:52,885 - 接收 : A9 9A 34 25 3A CE B8 2C 00 00 3F 25 2C
2024-09-20 17:26:52,901 - 接收 : 18 2D 09 2D 14 20 11 3A 1A 3A 2C 2C 48 11 2C 00
2024-09-20 17:26:52,917 - 接收 : 00 2C 00 00 00 00 2C 00 00 00 00 2C 00 00 00
2024-09-20 17:26:52,933 - 接收 : 00 2C 00 00 00 00 0D 0A
2024-09-20 17:26:57,108 - 接收 : A9 9A 34 25 3A CE B8 2C 00 00 3F
2024-09-20 17:26:57,124 - 接收 : 26 2C 18 2D 09 2D 14 20 11 3A 1A 3A 31 2C 48
2024-09-20 17:26:57,140 - 接收 : 0A 2C 00 00 2C 00 00 00 00 2C 00 00 00 00 2C
2024-09-20 17:26:57,156 - 接收 : 00 00 00 00 2C 00 00 00 00 0D 0A
2024-09-20 17:26:57,269 - 接收 : A9 9A 34 25 3A CE B8 2C 00 00 3F 27 2C 18 2D 09
2024-09-20 17:26:57,285 - 接收 : 2D 14 20 11 3A 1A 3A 31 2C 48 0A 2C 00 00 2C
2024-09-20 17:26:57,300 - 接收 : 00 00 00 00 2C 00 00 00 00 2C 00 00 00 00 2C
2024-09-20 17:26:57,316 - 接收 : 00 00 00 00 0D 0A
2024-09-20 17:26:57,412 - 接收 : A9 9A 34 25 3A
2024-09-20 17:26:57,428 - 接收 : CE B8 2C 00 00 3F 28 2C 18 2D 09 2D 14 20 11
2024-09-20 17:26:57,444 - 接收 : 3A 1A 3A 31 2C 48 0A 2C 00 00 2C 00 00 00 00 2C
2024-09-20 17:26:57,460 - 接收 : 00 00 00 00 2C 00 00 00 00 2C 00 00 00 00 0D
2024-09-20 17:26:57,476 - 接收 : 0A
2024-09-20 17:26:57,572 - 接收 : A9 9A 34 25 3A CE B9 2C 00 00
2024-09-20 17:26:57,589 - 接收 : 3F 29 2C 18 2D 09 2D 14 20 11 3A 1A 3A 31 2C
2024-09-20 17:26:57,605 - 接收 : 48 0A 2C 01 33 2C 00 01 04 A1 2C FF FF FE 38
2024-09-20 17:26:57,621 - 接收 : 2C 00 00 02 9B 2C 00 00 5D D3 0D 0A
2024-09-20 17:26:57,732 - 接收 : A9 9A 34 25 3A CE B8 2C 00 00 3F 2A 2C 18 2D
2024-09-20 17:26:57,748 - 接收 : 09 2D 14 20 11 3A 1A 3A 31 2C 48 0A 2C 00 00
2024-09-20 17:26:57,764 - 接收 : 2C 00 00 00 00 2C 00 00 00 00 2C 00 00 00 00
2024-09-20 17:26:57,779 - 接收 : 2C 00 00 00 00 0D 0A
2024-09-20 17:26:57,876 - 接收 : A9 9A 34 25
2024-09-20 17:26:57,892 - 接收 : 3A CE B8 2C 00 00 3F 2B 2C 18 2D 09 2D 14 20
2024-09-20 17:26:57,908 - 接收 : 11 3A 1A 3A 31 2C 48 0A 2C 00 00 2C 00 00 00 00
2024-09-20 17:26:57,924 - 接收 : 2C 00 00 00 00 2C 00 00 00 00 2C 00 00 00 00
2024-09-20 17:26:57,940 - 接收 : 0D 0A
2024-09-20 17:27:04,099 - 接收 : A9
2024-09-20 17:27:04,115 - 接收 : 9A 34 25 3A CE B8 2C 00 00 3F 2C 2C 18 2D 09
2024-09-20 17:27:04,131 - 接收 : 2D 14 20 11 3A 1A 3A 38 2C 48 0A 2C 00 00 2C 00
2024-09-20 17:27:04,147 - 接收 : 00 00 00 2C 00 00 00 00 2C 00 00 00 00 2C 00
2024-09-20 17:27:04,163 - 接收 : 00 00 00 0D 0A
2024-09-20 17:27:04,258 - 接收 : A9 9A 34 25 3A CE
2024-09-20 17:27:04,274 - 接收 : B8 2C 00 00 3F 2D 2C 18 2D 09 2D 14 20
2024-09-20 17:27:04,275 - 接收 : 11 3A
2024-09-20 17:27:04,290 - 接收 : 1A 3A 38 2C 48 0A 2C 00 00 2C 00 00 00 00 2C
2024-09-20 17:27:04,306 - 接收 : 00 00 00 00 2C 00 00 00 00 2C 00 00 00 00 0D 0A
2024-09-20 17:27:04,419 - 接收 : A9 9A 34 25 3A CE B8 2C 00 00
2024-09-20 17:27:04,434 - 接收 : 3F 2E 2C 18 2D 09 2D 14 20 11 3A 1A 3A 38 2C 48
2024-09-20 17:27:04,450 - 接收 : 0A 2C 00 00 2C 00 00 00 00 2C 00 00 00 00 2C
2024-09-20 17:27:04,467 - 接收 : 00 00 00 00 2C 00 00 00 00 0D 0A
2024-09-20 17:27:04,579 - 接收 : A9 9A 34 25 3A CE B9 2C 00 00 3F 2F 2C 18 2D
2024-09-20 17:27:04,594 - 接收 : 09 2D 14 20 11 3A 1A 3A 38 2C 48 0A 2C 01 33 2C
2024-09-20 17:27:04,610 - 接收 : 00 01 04 9F 2C FF FF FE 36 2C 00 00 02 9E 2C
2024-09-20 17:27:04,626 - 接收 : 00 00 5D D3 0D 0A
2024-09-20 17:27:04,723 - 接收 : A9 9A 34 25 3A
2024-09-20 17:27:04,739 - 接收 : CE B8 2C 00 00 3F 30 2C 18 2D 09 2D 14 20 11
2024-09-20 17:27:04,755 - 接收 : 3A 1A 3A 38 2C 48 0A 2C 00 00 2C 00 00 00 00
2024-09-20 17:27:04,771 - 接收 : 2C 00 00 00 00 2C 00 00 00 00 2C 00 00 00 00 0D
2024-09-20 17:27:04,787 - 接收 : 0A
2024-09-20 17:27:04,882 - 接收 : A9 9A 34 25 3A CE B8 2C 00
2024-09-20 17:27:04,898 - 接收 : 00 3F 31 2C 18 2D 09 2D 14 20 11 3A 1A 3A 38 2C
2024-09-20 17:27:04,914 - 接收 : 48 0A 2C 00 00 2C 00 00 00 00 2C 00 00 00 00
2024-09-20 17:27:04,930 - 接收 : 2C 00 00 00 00 2C 00 00 00 00 0D 0A
2024-09-20 17:27:09,106 - 接收 : A9 9A 34 25 3A CE B8 2C 00 00 3F
2024-09-20 17:27:09,122 - 接收 : 32 2C 18 2D 09 2D 14 20 11 3A 1B 3A 01 2C 48
2024-09-20 17:27:09,138 - 接收 : 11 2C 00 00 2C 00 00 00 00 2C 00 00 00 00 2C
2024-09-20 17:27:09,154 - 接收 : 00 00 00 00 2C 00 00 00 00 0D 0A
2024-09-20 17:27:09,266 - 接收 : A9 9A 34 25 3A CE B8 2C 00 00 3F 33 2C 18 2D
2024-09-20 17:27:09,282 - 接收 : 09 2D 14 20 11 3A 1B 3A 01 2C 48 11 2C 00 00 2C
2024-09-20 17:27:09,298 - 接收 : 00 00 00 00 2C 00 00 00 00 2C 00 00 00 00 2C
2024-09-20 17:27:09,314 - 接收 : 00 00 00 00 0D 0A
2024-09-20 17:27:09,409 - 接收 : A9 9A 34 25 3A
2024-09-20 17:27:09,426 - 接收 : CE B8 2C 00 00 3F 34 2C 18 2D 09 2D 14 20 11
2024-09-20 17:27:09,441 - 接收 : 3A 1B 3A 01 2C 48 11 2C 00 00 2C 00 00 00 00 2C
2024-09-20 17:27:09,457 - 接收 : 00 00 00 00 2C 00 00 00 00 2C 00 00 00 00 0D
2024-09-20 17:27:09,474 - 接收 : 0A
2024-09-20 17:27:09,570 - 接收 : A9 9A 34 25 3A CE B9 2C 00 00
2024-09-20 17:27:09,586 - 接收 : 3F 35 2C 18 2D 09 2D 14 20 11 3A 1B 3A 01 2C
2024-09-20 17:27:09,602 - 接收 : 48 11 2C 01 33 2C 00 01 04 A1 2C FF FF FE 38
2024-09-20 17:27:09,618 - 接收 : 2C 00 00 02 9B 2C 00 00 5D D3 0D 0A
2024-09-20 17:27:09,730 - 接收 : A9 9A 34 25 3A CE B8 2C 00 00 3F 36 2C 18
2024-09-20 17:27:09,746 - 接收 : 2D 09 2D 14 20 11 3A 1B 3A 01 2C 48 11 2C 00 00
2024-09-20 17:27:09,761 - 接收 : 2C 00 00 00 00 2C 00 00 00 00 2C 00 00 00 00
2024-09-20 17:27:09,777 - 接收 : 2C 00 00 00 00 0D 0A
2024-09-20 17:27:09,874 - 接收 : A9 9A 34 25
2024-09-20 17:27:09,890 - 接收 : 3A CE B8 2C 00 00 3F 37 2C 18 2D 09 2D 14 20
2024-09-20 17:27:09,906 - 接收 : 11 3A 1B 3A 01 2C 48 11 2C 00 00 2C 00 00 00 00
2024-09-20 17:27:09,922 - 接收 : 2C 00 00 00 00 2C 00 00 00 00 2C 00 00 00 00
2024-09-20 17:27:09,938 - 接收 : 0D 0A
2024-09-20 17:27:16,097 - 接收 : A9 9A
2024-09-20 17:27:16,113 - 接收 : 34 25 3A CE B8 2C 00 00 3F 38 2C 18 2D 09 2D
2024-09-20 17:27:16,129 - 接收 : 14 20 11 3A 1B 3A 08 2C 48 11 2C 00 00 2C 00 00
2024-09-20 17:27:16,145 - 接收 : 00 00 2C 00 00 00 00 2C 00 00 00 00 2C 00 00
2024-09-20 17:27:16,161 - 接收 : 00 00 0D 0A
2024-09-20 17:27:16,257 - 接收 : A9 9A 34 25 3A CE B8
2024-09-20 17:27:16,273 - 接收 : 2C 00 00 3F 39 2C 18 2D 09 2D 14 20 11 3A 1B
2024-09-20 17:27:16,289 - 接收 : 3A 08 2C 48 11 2C 00 00 2C 00 00 00 00 2C 00
2024-09-20 17:27:16,305 - 接收 : 00 00 00 2C 00 00 00 00 2C 00 00 00 00 0D 0A
2024-09-20 17:27:16,417 - 接收 : A9 9A 34 25 3A CE B8 2C 00 00 3F
2024-09-20 17:27:16,433 - 接收 : 3A 2C 18 2D 09 2D 14 20 11 3A 1B 3A 08 2C 48 11
2024-09-20 17:27:16,449 - 接收 : 2C 00 00 2C 00 00 00 00 2C 00 00 00 00 2C 00
2024-09-20 17:27:16,465 - 接收 : 00 00 00 2C 00 00 00 00 0D 0A
2024-09-20 17:27:16,561 - 接收 : A9
2024-09-20 17:27:16,577 - 接收 : 9A 34 25 3A CE B9 2C 00 00 3F 3B 2C 18 2D 09
2024-09-20 17:27:16,593 - 接收 : 2D 14 20 11 3A 1B 3A 08 2C 48 11 2C 01 33 2C
2024-09-20 17:27:16,609 - 接收 : 00 01 04 A1 2C FF FF FE 38 2C 00 00 02 9B 2C 00
2024-09-20 17:27:16,625 - 接收 : 00 5D D3 0D 0A
2024-09-20 17:27:16,721 - 接收 : A9 9A 34 25 3A CE
2024-09-20 17:27:16,736 - 接收 : B8 2C 00 00 3F 3C 2C 18 2D 09 2D 14 20 11 3A
2024-09-20 17:27:16,752 - 接收 : 1B 3A 08 2C 48 11 2C 00 00 2C 00 00 00 00 2C
2024-09-20 17:27:16,768 - 接收 : 00 00 00 00 2C 00 00 00 00 2C 00 00 00 00 0D 0A
2024-09-20 17:27:16,881 - 接收 : A9 9A 34 25 3A CE B8 2C 00 00
2024-09-20 17:27:16,896 - 接收 : 3F 3D 2C 18 2D 09 2D 14 20 11 3A 1B 3A 08 2C 48
2024-09-20 17:27:16,912 - 接收 : 11 2C 00 00 2C 00 00 00 00 2C 00 00 00 00 2C
2024-09-20 17:27:16,928 - 接收 : 00 00 00 00 2C 00 00 00 00 0D 0A
2024-09-20 17:27:21,103 - 接收 : A9 9A 34 25 3A CE B8 2C
2024-09-20 17:27:21,119 - 接收 : 00 00 3F 3E 2C 18 2D 09 2D 14 20 11 3A 1B 3A
2024-09-20 17:27:21,135 - 接收 : 0D 2C 48 11 2C 00 00 2C 00 00 00 00 2C 00 00
2024-09-20 17:27:21,152 - 接收 : 00 00 2C 00 00 00 00 2C 00 00 00 00 0D 0A
2024-09-20 17:27:21,264 - 接收 : A9 9A 34 25 3A CE B8 2C 00 00 3F 3F
2024-09-20 17:27:21,280 - 接收 : 2C 18 2D 09 2D 14 20 11 3A 1B 3A 0D 2C 48 11 2C
2024-09-20 17:27:21,296 - 接收 : 00 00 2C 00 00 00 00 2C 00 00 00 00 2C 00 00
2024-09-20 17:27:21,312 - 接收 : 00 00 2C 00 00 00 00 0D 0A
