2024-09-20 17:28:21,107 - 接收 : A9 9A 34 25 3A CE B8 2C 00 00 3F 7A 2C
2024-09-20 17:28:21,123 - 接收 : 18 2D 09 2D 14 20 11 3A 1C 3A 0D 2C 48 11 2C
2024-09-20 17:28:21,139 - 接收 : 00 00 2C 00 00 00 00 2C 00 00 00 00 2C 00 00
2024-09-20 17:28:21,155 - 接收 : 00 00 2C 00 00 00 00 0D 0A
2024-09-20 17:28:21,251 - 接收 : A9 9A
2024-09-20 17:28:21,267 - 接收 : 34 25 3A CE B8 2C 00 00 3F 7B 2C 18 2D 09 2D
2024-09-20 17:28:21,283 - 接收 : 14 20 11 3A 1C 3A 0D 2C 48 11 2C 00 00 2C 00 00
2024-09-20 17:28:21,299 - 接收 : 00 00 2C 00 00 00 00 2C 00 00 00 00 2C 00 00
2024-09-20 17:28:21,315 - 接收 : 00 00 0D 0A
2024-09-20 17:28:21,411 - 接收 : A9 9A 34 25 3A CE B8
2024-09-20 17:28:21,427 - 接收 : 2C 00 00 3F 7C 2C 18 2D 09 2D 14 20 11 3A 1C
2024-09-20 17:28:21,443 - 接收 : 3A 0D 2C 48 11 2C 00 00 2C 00 00 00 00 2C 00
2024-09-20 17:28:21,459 - 接收 : 00 00 00 2C 00 00 00 00 2C 00 00 00 00 0D 0A
2024-09-20 17:28:21,571 - 接收 : A9 9A 34 25 3A CE B8 2C 00 00 3F
2024-09-20 17:28:21,587 - 接收 : 7D 2C 18 2D 09 2D 14 20 11 3A 1C 3A 0D 2C 48 11
2024-09-20 17:28:21,603 - 接收 : 2C 00 00 2C 00 00 00 00 2C 00 00 00 00 2C 00
2024-09-20 17:28:21,619 - 接收 : 00 00 00 2C 00 00 00 00 0D 0A
2024-09-20 17:28:21,714 - 接收 : A9
2024-09-20 17:28:21,730 - 接收 : 9A 34 25 3A CE B8 2C 00 00 3F 7E 2C 18 2D 09
2024-09-20 17:28:21,746 - 接收 : 2D 14 20 11 3A 1C 3A 0D 2C 48 11 2C 00 00 2C
2024-09-20 17:28:21,762 - 接收 : 00 00 00 00 2C 00 00 00 00 2C 00 00 00 00 2C 00
2024-09-20 17:28:21,778 - 接收 : 00 00 00 0D 0A
2024-09-20 17:28:21,874 - 接收 : A9 9A 34 25 3A
2024-09-20 17:28:21,890 - 接收 : CE BA 2C 00 00 3F 7F 2C 18 2D 09 2D 14 20 11 3A
2024-09-20 17:28:21,906 - 接收 : 1C 3A 0D 2C 48 11 2C 01 2E 2C 00 00 FB C0 2C
2024-09-20 17:28:21,922 - 接收 : 00 00 00 00 2C 00 00 00 00 2C 00 00 5A A1 0D
2024-09-20 17:28:21,938 - 接收 : 0A
2024-09-20 17:28:28,110 - 接收 : A9 9A 34 25 3A CE B8 2C 00 00 3F 80 2C 18
2024-09-20 17:28:28,125 - 接收 : 2D 09 2D 14 20 11 3A 1C 3A 14 2C 48 0A 2C 00
2024-09-20 17:28:28,141 - 接收 : 00 2C 00 00 00 00 2C 00 00 00 00 2C 00 00 00 00
2024-09-20 17:28:28,157 - 接收 : 2C 00 00 00 00 0D 0A
2024-09-20 17:28:28,254 - 接收 : A9 9A 34
2024-09-20 17:28:28,270 - 接收 : 25 3A CE B8 2C 00 00 3F 81 2C 18 2D 09 2D 14 20
2024-09-20 17:28:28,286 - 接收 : 11 3A 1C 3A 14 2C 48 0A 2C 00 00 2C 00 00 00
2024-09-20 17:28:28,302 - 接收 : 00 2C 00 00 00 00 2C 00 00 00 00 2C 00 00 00 00
2024-09-20 17:28:28,318 - 接收 : 0D 0A
2024-09-20 17:28:28,414 - 接收 : A9 9A 34 25 3A CE B8 2C
2024-09-20 17:28:28,429 - 接收 : 00 00 3F 82 2C 18 2D 09 2D 14 20 11 3A 1C 3A
2024-09-20 17:28:28,445 - 接收 : 14 2C 48 0A 2C 00 00 2C 00 00 00 00 2C 00 00 00
2024-09-20 17:28:28,461 - 接收 : 00 2C 00 00 00 00 2C 00 00 00 00 0D 0A
2024-09-20 17:28:28,573 - 接收 : A9 9A 34 25 3A CE B8 2C 00 00 3F 83 2C
2024-09-20 17:28:28,589 - 接收 : 18 2D 09 2D 14 20 11 3A 1C 3A 14 2C 48 0A 2C
2024-09-20 17:28:28,605 - 接收 : 00 00 2C 00 00 00 00 2C 00 00 00 00 2C 00 00
2024-09-20 17:28:28,621 - 接收 : 00 00 2C 00 00 00 00 0D 0A
2024-09-20 17:28:28,717 - 接收 : A9 9A
2024-09-20 17:28:28,734 - 接收 : 34 25 3A CE B8 2C 00 00 3F 84 2C 18 2D 09 2D
2024-09-20 17:28:28,749 - 接收 : 14 20 11 3A 1C 3A 14 2C 48 0A 2C 00 00 2C 00 00
2024-09-20 17:28:28,765 - 接收 : 00 00 2C 00 00 00 00 2C 00 00 00 00 2C 00 00
2024-09-20 17:28:28,781 - 接收 : 00 00 0D 0A
2024-09-20 17:28:28,877 - 接收 : A9 9A 34 25 3A CE BA
2024-09-20 17:28:28,893 - 接收 : 2C 00 00 3F 85 2C 18 2D 09 2D 14 20 11 3A 1C
2024-09-20 17:28:28,909 - 接收 : 3A 14 2C 48 0A 2C 01 2E 2C 00 00 FB C6 2C 00
2024-09-20 17:28:28,925 - 接收 : 00 00 CD 2C FF FF FE F3 2C 00 00 5A A3 0D 0A
2024-09-20 17:28:33,115 - 接收 : A9 9A 34 25 3A CE B8 2C 00 00 3F 86 2C 18 2D 09
2024-09-20 17:28:33,130 - 接收 : 2D 14 20 11 3A 1C 3A 19 2C 48 0A 2C 00 00 2C
2024-09-20 17:28:33,147 - 接收 : 00 00 00 00 2C 00 00 00 00 2C 00 00 00 00 2C
2024-09-20 17:28:33,162 - 接收 : 00 00 00 00 0D 0A
2024-09-20 17:28:33,259 - 接收 : A9 9A 34 25 3A
2024-09-20 17:28:33,275 - 接收 : CE B8 2C 00 00 3F 87 2C 18 2D 09 2D 14 20 11
2024-09-20 17:28:33,290 - 接收 : 3A 1C 3A 19 2C 48 0A 2C 00 00 2C 00 00 00 00 2C
2024-09-20 17:28:33,306 - 接收 : 00 00 00 00 2C 00 00 00 00 2C 00 00 00 00 0D
2024-09-20 17:28:33,322 - 接收 : 0A
2024-09-20 17:28:33,418 - 接收 : A9 9A 34 25 3A CE B8 2C 00 00
2024-09-20 17:28:33,434 - 接收 : 3F 88 2C 18 2D 09 2D 14 20 11 3A 1C 3A 19 2C
2024-09-20 17:28:33,450 - 接收 : 48 0A 2C 00 00 2C 00 00 00 00 2C 00 00 00 00 2C
2024-09-20 17:28:33,466 - 接收 : 00 00 00 00 2C 00 00 00 00 0D 0A
2024-09-20 17:28:33,578 - 接收 : A9 9A 34 25 3A CE B8 2C 00 00 3F 89 2C 18 2D
2024-09-20 17:28:33,594 - 接收 : 09 2D 14 20 11 3A 1C 3A 19 2C 48 0A 2C 00 00
2024-09-20 17:28:33,610 - 接收 : 2C 00 00 00 00 2C 00 00 00 00 2C 00 00 00 00
2024-09-20 17:28:33,626 - 接收 : 2C 00 00 00 00 0D 0A
2024-09-20 17:28:33,722 - 接收 : A9 9A 34 25
2024-09-20 17:28:33,738 - 接收 : 3A CE B8 2C 00 00 3F 8A 2C 18 2D 09 2D 14 20
2024-09-20 17:28:33,754 - 接收 : 11 3A 1C 3A 19 2C 48 0A 2C 00 00 2C 00 00 00 00
2024-09-20 17:28:33,770 - 接收 : 2C 00 00 00 00 2C 00 00 00 00 2C 00 00 00 00
2024-09-20 17:28:33,786 - 接收 : 0D 0A
2024-09-20 17:28:33,882 - 接收 : A9 9A 34 25 3A CE BA 2C 00
2024-09-20 17:28:33,898 - 接收 : 00 3F 8B 2C 18 2D 09 2D 14 20 11 3A 1C 3A 19
2024-09-20 17:28:33,914 - 接收 : 2C 48 0A 2C 01 2E 2C 00 00 FB C3 2C 00 00 00 CA
2024-09-20 17:28:33,930 - 接收 : 2C FF FF FE F7 2C 00 00 5A A2 0D 0A
2024-09-20 17:28:40,105 - 接收 : A9 9A 34 25 3A CE B8 2C 00
2024-09-20 17:28:40,121 - 接收 : 00 3F 8C 2C 18 2D 09 2D 14 20 11 3A 1C 3A 20
2024-09-20 17:28:40,137 - 接收 : 2C 48 11 2C 00 00 2C 00 00 00 00 2C 00 00 00
2024-09-20 17:28:40,153 - 接收 : 00 2C 00 00 00 00 2C 00 00 00 00 0D 0A
2024-09-20 17:28:40,264 - 接收 : A9 9A 34 25 3A CE B8 2C 00 00 3F 8D 2C
2024-09-20 17:28:40,281 - 接收 : 18 2D 09 2D 14 20 11 3A 1C 3A 20 2C 48 11 2C 00
2024-09-20 17:28:40,297 - 接收 : 00 2C 00 00 00 00 2C 00 00 00 00 2C 00 00 00
2024-09-20 17:28:40,312 - 接收 : 00 2C 00 00 00 00 0D 0A
2024-09-20 17:28:40,409 - 接收 : A9 9A 34
2024-09-20 17:28:40,426 - 接收 : 25 3A CE B8 2C 00 00 3F 8E 2C 18 2D 09 2D 14
2024-09-20 17:28:40,440 - 接收 : 20 11 3A 1C 3A 20 2C 48 11 2C 00 00 2C 00 00 00
2024-09-20 17:28:40,457 - 接收 : 00 2C 00 00 00 00 2C 00 00 00 00 2C 00 00 00
2024-09-20 17:28:40,473 - 接收 : 00 0D 0A
2024-09-20 17:28:40,568 - 接收 : A9 9A 34 25 3A CE B8 2C
2024-09-20 17:28:40,585 - 接收 : 00 00 3F 8F 2C 18 2D 09 2D 14 20 11 3A 1C 3A
2024-09-20 17:28:40,601 - 接收 : 20 2C 48 11 2C 00 00 2C 00 00 00 00 2C 00 00
2024-09-20 17:28:40,616 - 接收 : 00 00 2C 00 00 00 00 2C 00 00 00 00 0D 0A
2024-09-20 17:28:40,728 - 接收 : A9 9A 34 25 3A CE B8 2C 00 00 3F 90
2024-09-20 17:28:40,744 - 接收 : 2C 18 2D 09 2D 14 20 11 3A 1C 3A 20 2C 48 11 2C
2024-09-20 17:28:40,760 - 接收 : 00 00 2C 00 00 00 00 2C 00 00 00 00 2C 00 00
2024-09-20 17:28:40,776 - 接收 : 00 00 2C 00 00 00 00 0D 0A
2024-09-20 17:28:40,872 - 接收 : A9 9A
2024-09-20 17:28:40,888 - 接收 : 34 25 3A CE BA 2C 00 00 3F 91 2C 18 2D 09 2D
2024-09-20 17:28:40,904 - 接收 : 14 20 11 3A 1C 3A 20 2C 48 11 2C 01 2E 2C 00 00
2024-09-20 17:28:40,920 - 接收 : FB C6 2C 00 00 00 CD 2C FF FF FE F3 2C 00 00
2024-09-20 17:28:40,937 - 接收 : 5A A3 0D 0A
2024-09-20 17:28:45,112 - 接收 : A9 9A 34 25 3A CE B8 2C 00 00 3F 92 2C
2024-09-20 17:28:45,127 - 接收 : 18 2D 09 2D 14 20 11 3A 1C 3A 25 2C 48 11 2C
2024-09-20 17:28:45,143 - 接收 : 00 00 2C 00 00 00 00 2C 00 00 00 00 2C 00 00
2024-09-20 17:28:45,160 - 接收 : 00 00 2C 00 00 00 00 0D 0A
2024-09-20 17:28:45,256 - 接收 : A9 9A
2024-09-20 17:28:45,272 - 接收 : 34 25 3A CE B8 2C 00 00 3F 93 2C 18 2D 09 2D
2024-09-20 17:28:45,288 - 接收 : 14 20 11 3A 1C 3A 25 2C 48 11 2C 00 00 2C 00 00
2024-09-20 17:28:45,303 - 接收 : 00 00 2C 00 00 00 00 2C 00 00 00 00 2C 00 00
2024-09-20 17:28:45,319 - 接收 : 00 00 0D 0A
2024-09-20 17:28:45,416 - 接收 : A9 9A 34 25 3A CE B8
2024-09-20 17:28:45,432 - 接收 : 2C 00 00 3F 94 2C 18 2D 09 2D 14 20 11 3A 1C
2024-09-20 17:28:45,448 - 接收 : 3A 25 2C 48 11 2C 00 00 2C 00 00 00 00 2C 00 00
2024-09-20 17:28:45,465 - 接收 : 00 00 2C 00 00 00 00 2C 00 00 00 00 0D 0A
2024-09-20 17:28:45,576 - 接收 : A9 9A 34 25 3A CE B8 2C 00 00 3F 95
2024-09-20 17:28:45,592 - 接收 : 2C 18 2D 09 2D 14 20 11 3A 1C 3A 25 2C 48 11
2024-09-20 17:28:45,608 - 接收 : 2C 00 00 2C 00 00 00 00 2C 00 00 00 00 2C 00
2024-09-20 17:28:45,624 - 接收 : 00 00 00 2C 00 00 00 00 0D 0A
2024-09-20 17:28:45,720 - 接收 : A9
2024-09-20 17:28:45,736 - 接收 : 9A 34 25 3A CE B8 2C 00 00 3F 96 2C 18 2D 09
2024-09-20 17:28:45,752 - 接收 : 2D 14 20 11 3A 1C 3A 25 2C 48 11 2C 00 00 2C 00
2024-09-20 17:28:45,768 - 接收 : 00 00 00 2C 00 00 00 00 2C 00 00 00 00 2C 00
2024-09-20 17:28:45,784 - 接收 : 00 00 00 0D 0A
2024-09-20 17:28:45,880 - 接收 : A9 9A 34 25 3A CE
2024-09-20 17:28:45,896 - 接收 : BA 2C 00 00 3F 97 2C 18 2D 09 2D 14 20 11 3A
2024-09-20 17:28:45,912 - 接收 : 1C 3A 25 2C 48 11 2C 01 2E 2C 00 00 FB C1 2C 00
2024-09-20 17:28:45,928 - 接收 : 00 00 C8 2C FF FF FE FA 2C 00 00 5A A1 0D 0A
2024-09-20 17:28:52,101 - 接收 : A9 9A 34 25 3A
2024-09-20 17:28:52,117 - 接收 : CE B8 2C 00 00 3F 98 2C 18 2D 09 2D 14 20 11
2024-09-20 17:28:52,133 - 接收 : 3A 1C 3A 2C 2C 48 11 2C 00 00 2C 00 00 00 00
2024-09-20 17:28:52,149 - 接收 : 2C 00 00 00 00 2C 00 00 00 00 2C 00 00 00 00 0D
2024-09-20 17:28:52,165 - 接收 : 0A
2024-09-20 17:28:52,261 - 接收 : A9 9A 34 25 3A CE B8 2C 00
2024-09-20 17:28:52,277 - 接收 : 00 3F 99 2C 18 2D 09 2D 14 20 11 3A 1C 3A 2C 2C
2024-09-20 17:28:52,293 - 接收 : 48 11 2C 00 00 2C 00 00 00 00 2C 00 00 00 00
2024-09-20 17:28:52,309 - 接收 : 2C 00 00 00 00 2C 00 00 00 00 0D 0A
2024-09-20 17:28:52,421 - 接收 : A9 9A 34 25 3A CE B8 2C 00 00 3F 9A 2C 18
2024-09-20 17:28:52,437 - 接收 : 2D 09 2D 14 20 11 3A 1C 3A 2C 2C 48 11 2C 00
2024-09-20 17:28:52,453 - 接收 : 00 2C 00 00 00 00 2C 00 00 00 00 2C 00 00 00 00
2024-09-20 17:28:52,469 - 接收 : 2C 00 00 00 00 0D 0A
2024-09-20 17:28:52,565 - 接收 : A9 9A 34 25
2024-09-20 17:28:52,581 - 接收 : 3A CE B8 2C 00 00 3F 9B 2C 18 2D 09 2D 14 20
2024-09-20 17:28:52,598 - 接收 : 11 3A 1C 3A 2C 2C 48 11 2C 00 00 2C 00 00 00
2024-09-20 17:28:52,614 - 接收 : 00 2C 00 00 00 00 2C 00 00 00 00 2C 00 00 00 00
2024-09-20 17:28:52,629 - 接收 : 0D 0A
2024-09-20 17:28:52,726 - 接收 : A9 9A 34 25 3A CE B8 2C
2024-09-20 17:28:52,742 - 接收 : 00 00 3F 9C 2C 18 2D 09 2D 14 20 11 3A 1C 3A 2C
2024-09-20 17:28:52,758 - 接收 : 2C 48 11 2C 00 00 2C 00 00 00 00 2C 00 00 00
2024-09-20 17:28:52,773 - 接收 : 00 2C 00 00 00 00 2C 00 00 00 00 0D 0A
2024-09-20 17:28:52,885 - 接收 : A9 9A 34 25 3A CE BA 2C 00 00 3F 9D 2C
2024-09-20 17:28:52,901 - 接收 : 18 2D 09 2D 14 20 11 3A 1C 3A 2C 2C 48 11 2C
2024-09-20 17:28:52,917 - 接收 : 01 2E 2C 00 00 FB C1 2C 00 00 00 C8 2C FF FF FE
2024-09-20 17:28:52,933 - 接收 : FA 2C 00 00 5A A1 0D 0A
2024-09-20 17:28:57,109 - 接收 : A9 9A 34 25 3A CE B8 2C 00 00 3F 9E 2C 18
2024-09-20 17:28:57,124 - 接收 : 2D 09 2D 14 20 11 3A 1C 3A 31 2C 48 0A 2C 00 00
2024-09-20 17:28:57,140 - 接收 : 2C 00 00 00 00 2C 00 00 00 00 2C 00 00 00 00
2024-09-20 17:28:57,156 - 接收 : 2C 00 00 00 00 0D 0A
2024-09-20 17:28:57,252 - 接收 : A9 9A 34 25
2024-09-20 17:28:57,268 - 接收 : 3A CE B8 2C 00 00 3F 9F 2C 18 2D 09 2D 14 20
2024-09-20 17:28:57,284 - 接收 : 11 3A 1C 3A 31 2C 48 0A 2C 00 00 2C 00 00 00
2024-09-20 17:28:57,300 - 接收 : 00 2C 00 00 00 00 2C 00 00 00 00 2C 00 00 00 00
2024-09-20 17:28:57,316 - 接收 : 0D 0A
2024-09-20 17:28:57,412 - 接收 : A9 9A 34 25 3A CE B8 2C
2024-09-20 17:28:57,429 - 接收 : 00 00 3F A0 2C 18 2D 09 2D 14 20 11 3A 1C 3A 31
2024-09-20 17:28:57,444 - 接收 : 2C 48 0A 2C 00 00 2C 00 00 00 00 2C 00 00 00
2024-09-20 17:28:57,460 - 接收 : 00 2C 00 00 00 00 2C 00 00 00 00 0D 0A
2024-09-20 17:28:57,572 - 接收 : A9 9A 34 25 3A CE B8 2C 00 00 3F A1 2C
2024-09-20 17:28:57,588 - 接收 : 18 2D 09 2D 14 20 11 3A 1C 3A 31 2C 48 0A 2C 00
2024-09-20 17:28:57,604 - 接收 : 00 2C 00 00 00 00 2C 00 00 00 00 2C 00 00 00
2024-09-20 17:28:57,620 - 接收 : 00 2C 00 00 00 00 0D 0A
2024-09-20 17:28:57,716 - 接收 : A9 9A 34
2024-09-20 17:28:57,732 - 接收 : 25 3A CE B8 2C 00 00 3F A2 2C 18 2D 09 2D 14
2024-09-20 17:28:57,748 - 接收 : 20 11 3A 1C 3A 31 2C 48 0A 2C 00 00 2C 00 00
2024-09-20 17:28:57,764 - 接收 : 00 00 2C 00 00 00 00 2C 00 00 00 00 2C 00 00 00
2024-09-20 17:28:57,780 - 接收 : 00 0D 0A
2024-09-20 17:28:57,876 - 接收 : A9 9A 34 25 3A CE BA
2024-09-20 17:28:57,892 - 接收 : 2C 00 00 3F A3 2C 18 2D 09 2D 14 20 11 3A 1C 3A
2024-09-20 17:28:57,908 - 接收 : 31 2C 48 0A 2C 01 2E 2C 00 00 FB C3 2C 00 00
2024-09-20 17:28:57,924 - 接收 : 00 CA 2C FF FF FE F7 2C 00 00 5A A2 0D 0A
2024-09-20 17:29:04,099 - 接收 : A9 9A 34 25
2024-09-20 17:29:04,115 - 接收 : 3A CE B8 2C 00 00 3F A4 2C 18 2D 09 2D 14 20 11
2024-09-20 17:29:04,131 - 接收 : 3A 1C 3A 38 2C 48 11 2C 00 00 2C 00 00 00 00
2024-09-20 17:29:04,147 - 接收 : 2C 00 00 00 00 2C 00 00 00 00 2C 00 00 00 00 0D
2024-09-20 17:29:04,163 - 接收 : 0A
2024-09-20 17:29:04,259 - 接收 : A9 9A 34 25 3A CE B8 2C 00
2024-09-20 17:29:04,275 - 接收 : 00 3F A5 2C 18 2D 09 2D 14 20 11 3A 1C 3A 38 2C
2024-09-20 17:29:04,291 - 接收 : 48 11 2C 00 00 2C 00 00 00 00 2C 00 00 00 00
2024-09-20 17:29:04,307 - 接收 : 2C 00 00 00 00 2C 00 00 00 00 0D 0A
2024-09-20 17:29:04,419 - 接收 : A9 9A 34 25 3A CE B8 2C 00 00 3F A6 2C 18
2024-09-20 17:29:04,435 - 接收 : 2D 09 2D 14 20 11 3A 1C 3A 38 2C 48
2024-09-20 17:29:04,435 - 接收 : 11 2C 00
2024-09-20 17:29:04,451 - 接收 : 00 2C 00 00 00 00 2C 00 00 00 00 2C 00 00 00 00
2024-09-20 17:29:04,467 - 接收 : 2C 00 00 00 00 0D 0A
2024-09-20 17:29:04,562 - 接收 : A9 9A 34
2024-09-20 17:29:04,579 - 接收 : 25 3A CE B8 2C 00 00 3F A7 2C 18 2D 09 2D 14 20
2024-09-20 17:29:04,595 - 接收 : 11 3A 1C 3A 38 2C 48 11 2C 00 00 2C 00 00 00
2024-09-20 17:29:04,611 - 接收 : 00 2C 00 00 00 00 2C 00 00 00 00 2C 00 00 00
2024-09-20 17:29:04,627 - 接收 : 00 0D 0A
2024-09-20 17:29:04,723 - 接收 : A9 9A 34 25 3A CE B8 2C
2024-09-20 17:29:04,739 - 接收 : 00 00 3F A8 2C 18 2D 09 2D 14 20 11 3A 1C 3A 38
2024-09-20 17:29:04,754 - 接收 : 2C 48 11 2C 00 00 2C 00 00 00 00 2C 00 00 00
2024-09-20 17:29:04,771 - 接收 : 00 2C 00 00 00 00 2C 00 00 00 00 0D 0A
2024-09-20 17:29:04,883 - 接收 : A9 9A 34 25 3A CE BA 2C 00 00 3F A9 2C
2024-09-20 17:29:04,899 - 接收 : 18 2D 09 2D 14 20 11 3A 1C 3A 38 2C 48 11 2C
2024-09-20 17:29:04,915 - 接收 : 01 2E 2C 00 00 FB C3 2C 00 00 00 CA 2C FF FF FE
2024-09-20 17:29:04,931 - 接收 : F7 2C 00 00 5A A2 0D 0A
2024-09-20 17:29:09,107 - 接收 : A9 9A 34 25 3A CE B8 2C
2024-09-20 17:29:09,122 - 接收 : 00 00 3F AA 2C 18 2D 09 2D 14 20 11 3A 1D 3A 01
2024-09-20 17:29:09,138 - 接收 : 2C 48 11 2C 00 00 2C 00 00 00 00 2C 00 00 00
2024-09-20 17:29:09,154 - 接收 : 00 2C 00 00 00 00 2C 00 00 00 00 0D 0A
2024-09-20 17:29:09,266 - 接收 : A9 9A 34 25 3A CE B8 2C 00 00 3F AB 2C
2024-09-20 17:29:09,282 - 接收 : 18 2D 09 2D 14 20 11 3A 1D 3A 01 2C 48 11 2C 00
2024-09-20 17:29:09,298 - 接收 : 00 2C 00 00 00 00 2C 00 00 00 00 2C 00 00 00
2024-09-20 17:29:09,314 - 接收 : 00 2C 00 00 00 00 0D 0A
2024-09-20 17:29:09,410 - 接收 : A9 9A 34
2024-09-20 17:29:09,426 - 接收 : 25 3A CE B8 2C 00 00 3F AC 2C 18 2D 09 2D 14
2024-09-20 17:29:09,442 - 接收 : 20 11 3A 1D 3A 01 2C 48 11 2C 00 00 2C 00 00
2024-09-20 17:29:09,458 - 接收 : 00 00 2C 00 00 00 00 2C 00 00 00 00 2C 00 00 00
2024-09-20 17:29:09,474 - 接收 : 00 0D 0A
2024-09-20 17:29:09,570 - 接收 : A9 9A 34 25 3A CE B8
2024-09-20 17:29:09,586 - 接收 : 2C 00 00 3F AD 2C 18 2D 09 2D 14 20 11 3A 1D 3A
2024-09-20 17:29:09,602 - 接收 : 01 2C 48 11 2C 00 00 2C 00 00 00 00 2C 00 00
2024-09-20 17:29:09,618 - 接收 : 00 00 2C 00 00 00 00 2C 00 00 00 00 0D 0A
2024-09-20 17:29:09,730 - 接收 : A9 9A 34 25 3A CE B8 2C 00 00 3F AE
2024-09-20 17:29:09,746 - 接收 : 2C 18 2D 09 2D 14 20 11 3A 1D 3A 01 2C 48 11 2C
2024-09-20 17:29:09,762 - 接收 : 00 00 2C 00 00 00 00 2C 00 00 00 00 2C 00 00
2024-09-20 17:29:09,778 - 接收 : 00 00 2C 00 00 00 00 0D 0A
2024-09-20 17:29:09,874 - 接收 : A9 9A
2024-09-20 17:29:09,890 - 接收 : 34 25 3A CE BA 2C 00 00 3F AF 2C 18 2D 09 2D
2024-09-20 17:29:09,906 - 接收 : 14 20 11 3A 1D 3A 01 2C 48 11 2C 01 2E 2C 00
2024-09-20 17:29:09,922 - 接收 : 00 FB BF 2C 00 00 00 00 2C 00 00 00 00 2C 00 00
2024-09-20 17:29:09,938 - 接收 : 5A A1 0D 0A
2024-09-20 17:29:16,097 - 接收 : A9
2024-09-20 17:29:16,113 - 接收 : 9A 34 25 3A CE B8 2C 00 00 3F B0 2C 18 2D 09 2D
2024-09-20 17:29:16,129 - 接收 : 14 20 11 3A 1D 3A 08 2C 48 11 2C 00 00 2C 00
2024-09-20 17:29:16,145 - 接收 : 00 00 00 2C 00 00 00 00 2C 00 00 00 00 2C 00 00
2024-09-20 17:29:16,161 - 接收 : 00 00 0D 0A
2024-09-20 17:29:16,257 - 接收 : A9 9A 34 25 3A CE
2024-09-20 17:29:16,273 - 接收 : B8 2C 00 00 3F B1 2C 18 2D 09 2D 14 20 11 3A 1D
2024-09-20 17:29:16,289 - 接收 : 3A 08 2C 48 11 2C 00 00 2C 00 00 00 00 2C 00
2024-09-20 17:29:16,305 - 接收 : 00 00 00 2C 00 00 00 00 2C 00 00 00 00 0D 0A
2024-09-20 17:29:16,417 - 接收 : A9 9A 34 25 3A CE B8 2C 00 00 3F
2024-09-20 17:29:16,433 - 接收 : B2 2C 18 2D 09 2D 14 20 11 3A 1D 3A 08 2C 48
2024-09-20 17:29:16,449 - 接收 : 11 2C 00 00 2C 00 00 00 00 2C 00 00 00 00 2C 00
2024-09-20 17:29:16,465 - 接收 : 00 00 00 2C 00 00 00 00 0D 0A
2024-09-20 17:29:16,577 - 接收 : A9 9A 34 25 3A CE B8 2C 00 00 3F B3 2C 18 2D 09
2024-09-20 17:29:16,593 - 接收 : 2D 14 20 11 3A 1D 3A 08 2C 48 11 2C 00 00 2C
2024-09-20 17:29:16,609 - 接收 : 00 00 00 00 2C 00 00 00 00 2C 00 00 00 00 2C 00
2024-09-20 17:29:16,625 - 接收 : 00 00 00 0D 0A
2024-09-20 17:29:16,720 - 接收 : A9 9A 34 25 3A
2024-09-20 17:29:16,737 - 接收 : CE B8 2C 00 00 3F B4 2C 18 2D 09 2D 14 20 11 3A
2024-09-20 17:29:16,753 - 接收 : 1D 3A 08 2C 48 11 2C 00 00 2C 00 00 00 00 2C
2024-09-20 17:29:16,769 - 接收 : 00 00 00 00 2C 00 00 00 00 2C 00 00 00 00 0D
2024-09-20 17:29:16,784 - 接收 : 0A
2024-09-20 17:29:16,880 - 接收 : A9 9A 34 25 3A CE BA 2C 00 00
2024-09-20 17:29:16,896 - 接收 : 3F B5 2C 18 2D 09 2D 14 20 11 3A 1D 3A 08 2C
2024-09-20 17:29:16,912 - 接收 : 48 11 2C 01 2E 2C 00 00 FB C0 2C 00 00 00 00 2C
2024-09-20 17:29:16,928 - 接收 : 00 00 00 00 2C 00 00 5A A1 0D 0A
2024-09-20 17:29:21,104 - 接收 : A9 9A 34 25 3A
2024-09-20 17:29:21,120 - 接收 : CE B8 2C 00 00 3F B6 2C 18 2D 09 2D 14 20 11 3A
2024-09-20 17:29:21,136 - 接收 : 1D 3A 0D 2C 48 11 2C 00 00 2C 00 00 00 00 2C
2024-09-20 17:29:21,152 - 接收 : 00 00 00 00 2C 00 00 00 00 2C 00 00 00 00 0D 0A
2024-09-20 17:29:21,263 - 接收 : A9 9A 34 25 3A CE B8 2C 00 00
2024-09-20 17:29:21,279 - 接收 : 3F B7 2C 18 2D 09 2D 14 20 11 3A 1D 3A 0D 2C 48
2024-09-20 17:29:21,296 - 接收 : 11 2C 00 00 2C 00 00 00 00 2C 00 00 00 00 2C
2024-09-20 17:29:21,311 - 接收 : 00 00 00 00 2C 00 00 00 00 0D 0A
2024-09-20 17:29:21,423 - 接收 : A9 9A 34 25 3A CE B8 2C 00 00 3F B8 2C 18 2D
2024-09-20 17:29:21,440 - 接收 : 09 2D 14 20 11 3A 1D 3A 0D 2C 48 11 2C 00 00
2024-09-20 17:29:21,456 - 接收 : 2C 00 00 00 00 2C 00 00 00 00 2C 00 00 00 00 2C
2024-09-20 17:29:21,472 - 接收 : 00 00 00 00 0D 0A
2024-09-20 17:29:21,568 - 接收 : A9 9A 34 25
2024-09-20 17:29:21,583 - 接收 : 3A CE B8 2C 00 00 3F B9 2C 18 2D 09 2D 14 20 11
2024-09-20 17:29:21,599 - 接收 : 3A 1D 3A 0D 2C 48 11 2C 00 00 2C 00 00 00 00
2024-09-20 17:29:21,616 - 接收 : 2C 00 00 00 00 2C 00 00 00 00 2C 00 00 00 00
2024-09-20 17:29:21,631 - 接收 : 0D 0A
2024-09-20 17:29:21,727 - 接收 : A9 9A 34 25 3A CE B8 2C 00
2024-09-20 17:29:21,743 - 接收 : 00 3F BA 2C 18 2D 09 2D 14 20 11 3A 1D 3A 0D 2C
2024-09-20 17:29:21,759 - 接收 : 48 11 2C 00 00 2C 00 00 00 00 2C 00 00 00 00
2024-09-20 17:29:21,775 - 接收 : 2C 00 00 00 00 2C 00 00 00 00 0D 0A
2024-09-20 17:29:21,887 - 接收 : A9 9A 34 25 3A CE BA 2C 00 00 3F BB 2C 18
2024-09-20 17:29:21,903 - 接收 : 2D 09 2D 14 20 11 3A 1D 3A 0D 2C 48 11 2C 01
2024-09-20 17:29:21,919 - 接收 : 2E 2C 00 00 FB C0 2C 00 00 00 00 2C 00 00 00 00
2024-09-20 17:29:21,935 - 接收 : 2C 00 00 5A A1 0D 0A
2024-09-20 17:29:28,095 - 接收 : A9
2024-09-20 17:29:28,111 - 接收 : 9A 34 25 3A CE B8 2C 00 00 3F BC 2C 18 2D 09 2D
2024-09-20 17:29:28,127 - 接收 : 14 20 11 3A 1D 3A 14 2C 48 11 2C 00 00 2C 00
2024-09-20 17:29:28,143 - 接收 : 00 00 00 2C 00 00 00 00 2C 00 00 00 00 2C 00
2024-09-20 17:29:28,158 - 接收 : 00 00 00 0D 0A
2024-09-20 17:29:28,254 - 接收 : A9 9A 34 25 3A CE
2024-09-20 17:29:28,270 - 接收 : B8 2C 00 00 3F BD 2C 18 2D 09 2D 14 20 11 3A 1D
2024-09-20 17:29:28,286 - 接收 : 3A 14 2C 48 11 2C 00 00 2C 00 00 00 00 2C 00
2024-09-20 17:29:28,302 - 接收 : 00 00 00 2C 00 00 00 00 2C 00 00 00 00 0D 0A
2024-09-20 17:29:28,414 - 接收 : A9 9A 34 25 3A CE B8 2C 00 00 3F
2024-09-20 17:29:28,430 - 接收 : BE 2C 18 2D 09 2D 14 20 11 3A 1D 3A 14 2C 48
2024-09-20 17:29:28,446 - 接收 : 11 2C 00 00 2C 00 00 00 00 2C 00 00 00 00 2C 00
2024-09-20 17:29:28,462 - 接收 : 00 00 00 2C 00 00 00 00 0D 0A
2024-09-20 17:29:28,574 - 接收 : A9 9A 34 25 3A CE B8 2C 00 00 3F BF 2C 18 2D 09
2024-09-20 17:29:28,590 - 接收 : 2D 14 20 11 3A 1D 3A 14 2C 48 11 2C 00 00 2C
2024-09-20 17:29:28,606 - 接收 : 00 00 00 00 2C 00 00 00 00 2C 00 00 00 00 2C
2024-09-20 17:29:28,622 - 接收 : 00 00 00 00 0D 0A
2024-09-20 17:29:28,718 - 接收 : A9 9A 34 25 3A
2024-09-20 17:29:28,734 - 接收 : CE B8 2C 00 00 3F C0 2C 18 2D 09 2D 14 20 11
2024-09-20 17:29:28,750 - 接收 : 3A 1D 3A 14 2C 48 11 2C 00 00 2C 00 00 00 00 2C
2024-09-20 17:29:28,766 - 接收 : 00 00 00 00 2C 00 00 00 00 2C 00 00 00 00 0D
2024-09-20 17:29:28,782 - 接收 : 0A
2024-09-20 17:29:28,879 - 接收 : A9 9A 34 25 3A CE BA 2C 00 00
2024-09-20 17:29:28,894 - 接收 : 3F C1 2C 18 2D 09 2D 14 20 11 3A 1D 3A 14 2C
2024-09-20 17:29:28,910 - 接收 : 48 11 2C 01 2E 2C 00 00 FB C1 2C 00 00 00 C8 2C
2024-09-20 17:29:28,926 - 接收 : FF FF FE FA 2C 00 00 5A A1 0D 0A
2024-09-20 17:29:33,102 - 接收 : A9 9A 34 25 3A
2024-09-20 17:29:33,118 - 接收 : CE B8 2C 00 00 3F C2 2C 18 2D 09 2D 14 20 11 3A
2024-09-20 17:29:33,134 - 接收 : 1D 3A 19 2C 48 11 2C 00 00 2C 00 00 00 00 2C
2024-09-20 17:29:33,149 - 接收 : 00 00 00 00 2C 00 00 00 00 2C 00 00 00 00 0D
2024-09-20 17:29:33,165 - 接收 : 0A
2024-09-20 17:29:33,261 - 接收 : A9 9A 34 25 3A CE B8 2C 00 00
2024-09-20 17:29:33,277 - 接收 : 3F C3 2C 18 2D 09 2D 14 20 11 3A 1D 3A 19 2C
2024-09-20 17:29:33,293 - 接收 : 48 11 2C 00 00 2C 00 00 00 00 2C 00 00 00 00 2C
2024-09-20 17:29:33,309 - 接收 : 00 00 00 00 2C 00 00 00 00 0D 0A
2024-09-20 17:29:33,422 - 接收 : A9 9A 34 25 3A CE B8 2C 00 00 3F C4 2C 18 2D
2024-09-20 17:29:33,438 - 接收 : 09 2D 14 20 11 3A 1D 3A 19 2C 48 11 2C 00 00
2024-09-20 17:29:33,454 - 接收 : 2C 00 00 00 00 2C 00 00 00 00 2C 00 00 00 00 2C
2024-09-20 17:29:33,470 - 接收 : 00 00 00 00 0D 0A
2024-09-20 17:29:33,565 - 接收 : A9 9A 34 25
2024-09-20 17:29:33,582 - 接收 : 3A CE B8 2C 00 00 3F C5 2C 18 2D 09 2D 14 20 11
2024-09-20 17:29:33,598 - 接收 : 3A 1D 3A 19 2C 48 11 2C 00 00 2C 00 00 00 00
2024-09-20 17:29:33,614 - 接收 : 2C 00 00 00 00 2C 00 00 00 00 2C 00 00 00 00
2024-09-20 17:29:33,630 - 接收 : 0D 0A
2024-09-20 17:29:33,725 - 接收 : A9 9A 34 25 3A CE B8 2C 00
2024-09-20 17:29:33,741 - 接收 : 00 3F C6 2C 18 2D 09 2D 14 20 11 3A 1D 3A 19
2024-09-20 17:29:33,757 - 接收 : 2C 48 11 2C 00 00 2C 00 00 00 00 2C 00 00 00 00
2024-09-20 17:29:33,773 - 接收 : 2C 00 00 00 00 2C 00 00 00 00 0D 0A
2024-09-20 17:29:33,891 - 接收 : A9 9A 34 25 3A CE BA 2C 00 00 3F C7 2C 18
2024-09-20 17:29:33,901 - 接收 : 2D 09 2D 14 20 11 3A 1D 3A 19 2C 48 11 2C 01
2024-09-20 17:29:33,917 - 接收 : 2E 2C 00 00 FB C3 2C 00 00 00 CA 2C FF FF FE F7
2024-09-20 17:29:33,934 - 接收 : 2C 00 00 5A A2 0D 0A
2024-09-20 17:29:40,109 - 接收 : A9 9A 34 25 3A CE B8 2C 00 00 3F C8 2C 18
2024-09-20 17:29:40,125 - 接收 : 2D 09 2D 14 20 11 3A 1D 3A 20 2C 48 11 2C 00
2024-09-20 17:29:40,140 - 接收 : 00 2C 00 00 00 00 2C 00 00 00 00 2C 00 00 00
2024-09-20 17:29:40,156 - 接收 : 00 2C 00 00 00 00 0D 0A
2024-09-20 17:29:40,252 - 接收 : A9 9A 34
2024-09-20 17:29:40,268 - 接收 : 25 3A CE B8 2C 00 00 3F C9 2C 18 2D 09 2D 14 20
2024-09-20 17:29:40,284 - 接收 : 11 3A 1D 3A 20 2C 48 11 2C 00 00 2C 00 00 00
2024-09-20 17:29:40,300 - 接收 : 00 2C 00 00 00 00 2C 00 00 00 00 2C 00 00 00
2024-09-20 17:29:40,316 - 接收 : 00 0D 0A
2024-09-20 17:29:40,412 - 接收 : A9 9A 34 25 3A CE B8 2C
2024-09-20 17:29:40,428 - 接收 : 00 00 3F CA 2C 18 2D 09 2D 14 20 11 3A 1D 3A
2024-09-20 17:29:40,444 - 接收 : 20 2C 48 11 2C 00 00 2C 00 00 00 00 2C 00 00 00
2024-09-20 17:29:40,460 - 接收 : 00 2C 00 00 00 00 2C 00 00 00 00 0D 0A
2024-09-20 17:29:40,573 - 接收 : A9 9A 34 25 3A CE B8 2C 00 00 3F CB 2C
2024-09-20 17:29:40,588 - 接收 : 18 2D 09 2D 14 20 11 3A 1D 3A 20 2C 48 11 2C
2024-09-20 17:29:40,604 - 接收 : 00 00 2C 00 00 00 00 2C 00 00 00 00 2C 00 00
2024-09-20 17:29:40,620 - 接收 : 00 00 2C 00 00 00 00 0D 0A
2024-09-20 17:29:40,718 - 接收 : A9 9A
2024-09-20 17:29:40,732 - 接收 : 34 25 3A CE B8 2C 00 00 3F CC 2C 18 2D 09 2D
2024-09-20 17:29:40,748 - 接收 : 14 20 11 3A 1D 3A 20 2C 48 11 2C 00 00 2C 00 00
2024-09-20 17:29:40,764 - 接收 : 00 00 2C 00 00 00 00 2C 00 00 00 00 2C 00 00
2024-09-20 17:29:40,780 - 接收 : 00 00 0D 0A
2024-09-20 17:29:40,876 - 接收 : A9 9A 34 25 3A CE BA
2024-09-20 17:29:40,892 - 接收 : 2C 00 00 3F CD 2C 18 2D 09 2D 14 20 11 3A 1D
2024-09-20 17:29:40,908 - 接收 : 3A 20 2C 48 11 2C 01 2E 2C 00 00 FB C2 2C 00 00
2024-09-20 17:29:40,924 - 接收 : 00 C9 2C FF FF FE F8 2C 00 00 5A A2 0D 0A
2024-09-20 17:29:45,100 - 接收 : A9 9A
2024-09-20 17:29:45,116 - 接收 : 34 25 3A CE B8 2C 00 00 3F CE 2C 18 2D 09 2D 14
2024-09-20 17:29:45,132 - 接收 : 20 11 3A 1D 3A 25 2C 48 11 2C 00 00 2C 00 00
2024-09-20 17:29:45,147 - 接收 : 00 00 2C 00 00 00 00 2C 00 00 00 00 2C 00 00
2024-09-20 17:29:45,163 - 接收 : 00 00 0D 0A
2024-09-20 17:29:45,259 - 接收 : A9 9A 34 25 3A CE B8
2024-09-20 17:29:45,275 - 接收 : 2C 00 00 3F CF 2C 18 2D 09 2D 14 20 11 3A 1D
2024-09-20 17:29:45,291 - 接收 : 3A 25 2C 48 11 2C 00 00 2C 00 00 00 00 2C 00 00
2024-09-20 17:29:45,307 - 接收 : 00 00 2C 00 00 00 00 2C 00 00 00 00 0D 0A
2024-09-20 17:29:45,418 - 接收 : A9 9A 34 25 3A CE B8 2C 00 00 3F D0
2024-09-20 17:29:45,435 - 接收 : 2C 18 2D 09 2D 14 20 11 3A 1D 3A 25 2C 48 11
2024-09-20 17:29:45,451 - 接收 : 2C 00 00 2C 00 00 00 00 2C 00 00 00 00 2C 00 00
2024-09-20 17:29:45,467 - 接收 : 00 00 2C 00 00 00 00 0D 0A
2024-09-20 17:29:45,563 - 接收 : A9
2024-09-20 17:29:45,579 - 接收 : 9A 34 25 3A CE B8 2C 00 00 3F D1 2C 18 2D 09 2D
2024-09-20 17:29:45,595 - 接收 : 14 20 11 3A 1D 3A 25 2C 48 11 2C 00 00 2C 00
2024-09-20 17:29:45,611 - 接收 : 00 00 00 2C 00 00 00 00 2C 00 00 00 00 2C 00
2024-09-20 17:29:45,627 - 接收 : 00 00 00 0D 0A
2024-09-20 17:29:45,724 - 接收 : A9 9A 34 25 3A CE
2024-09-20 17:29:45,739 - 接收 : B8 2C 00 00 3F D2 2C 18 2D 09 2D 14 20 11 3A
2024-09-20 17:29:45,756 - 接收 : 1D 3A 25 2C 48 11 2C 00 00 2C 00 00 00 00 2C 00
2024-09-20 17:29:45,772 - 接收 : 00 00 00 2C 00 00 00 00 2C 00 00 00 00 0D 0A
2024-09-20 17:29:45,883 - 接收 : A9 9A 34 25 3A CE BA 2C 00 00 3F
2024-09-20 17:29:45,899 - 接收 : D3 2C 18 2D 09 2D 14 20 11 3A 1D 3A 25 2C 48
2024-09-20 17:29:45,915 - 接收 : 11 2C 01 2E 2C 00 00 FB C4 2C 00 00 00 CB 2C FF
2024-09-20 17:29:45,931 - 接收 : FF FE F6 2C 00 00 5A A2 0D 0A
2024-09-20 17:29:52,106 - 接收 : A9 9A 34 25 3A CE B8 2C 00 00 3F
2024-09-20 17:29:52,122 - 接收 : D4 2C 18 2D 09 2D 14 20 11 3A 1D 3A 2C 2C 48
2024-09-20 17:29:52,138 - 接收 : 11 2C 00 00 2C 00 00 00 00 2C 00 00 00 00 2C
2024-09-20 17:29:52,154 - 接收 : 00 00 00 00 2C 00 00 00 00 0D 0A
2024-09-20 17:29:52,266 - 接收 : A9 9A 34 25 3A CE B8 2C 00 00 3F D5 2C 18 2D 09
2024-09-20 17:29:52,282 - 接收 : 2D 14 20 11 3A 1D 3A 2C 2C 48 11 2C 00 00 2C
2024-09-20 17:29:52,298 - 接收 : 00 00 00 00 2C 00 00 00 00 2C 00 00 00 00 2C
2024-09-20 17:29:52,314 - 接收 : 00 00 00 00 0D 0A
2024-09-20 17:29:52,410 - 接收 : A9 9A 34 25 3A
2024-09-20 17:29:52,426 - 接收 : CE B8 2C 00 00 3F D6 2C 18 2D 09 2D 14 20 11
2024-09-20 17:29:52,442 - 接收 : 3A 1D 3A 2C 2C 48 11 2C 00 00 2C 00 00 00 00 2C
2024-09-20 17:29:52,458 - 接收 : 00 00 00 00 2C 00 00 00 00 2C 00 00 00 00 0D
2024-09-20 17:29:52,474 - 接收 : 0A
2024-09-20 17:29:52,569 - 接收 : A9 9A 34 25 3A CE B8 2C 00 00
2024-09-20 17:29:52,585 - 接收 : 3F D7 2C 18 2D 09 2D 14 20 11 3A 1D 3A 2C 2C
2024-09-20 17:29:52,602 - 接收 : 48 11 2C 00 00 2C 00 00 00 00 2C 00 00 00 00
2024-09-20 17:29:52,618 - 接收 : 2C 00 00 00 00 2C 00 00 00 00 0D 0A
2024-09-20 17:29:52,729 - 接收 : A9 9A 34 25 3A CE B8 2C 00 00 3F D8 2C 18
2024-09-20 17:29:52,745 - 接收 : 2D 09 2D 14 20 11 3A 1D 3A 2C 2C 48 11 2C 00 00
2024-09-20 17:29:52,761 - 接收 : 2C 00 00 00 00 2C 00 00 00 00 2C 00 00 00 00
2024-09-20 17:29:52,777 - 接收 : 2C 00 00 00 00 0D 0A
2024-09-20 17:29:52,873 - 接收 : A9 9A 34 25
2024-09-20 17:29:52,889 - 接收 : 3A CE BA 2C 00 00 3F D9 2C 18 2D 09 2D 14 20
2024-09-20 17:29:52,906 - 接收 : 11 3A 1D 3A 2C 2C 48 11 2C 01 2E 2C 00 00 FB BB
2024-09-20 17:29:52,922 - 接收 : 2C 00 00 00 00 2C 00 00 00 00 2C 00 00 5A 9F
2024-09-20 17:29:52,938 - 接收 : 0D 0A
2024-09-20 17:29:57,113 - 接收 : A9 9A 34 25 3A CE B8 2C 00 00 3F DA 2C 18 2D
2024-09-20 17:29:57,129 - 接收 : 09 2D 14 20 11 3A 1D 3A 31 2C 48 11 2C 00 00
2024-09-20 17:29:57,145 - 接收 : 2C 00 00 00 00 2C 00 00 00 00 2C 00 00 00 00
2024-09-20 17:29:57,161 - 接收 : 2C 00 00 00 00 0D 0A
2024-09-20 17:29:57,257 - 接收 : A9 9A 34 25
2024-09-20 17:29:57,273 - 接收 : 3A CE B8 2C 00 00 3F DB 2C 18 2D 09 2D 14 20
2024-09-20 17:29:57,289 - 接收 : 11 3A 1D 3A 31 2C 48 11 2C 00 00 2C 00 00 00 00
2024-09-20 17:29:57,305 - 接收 : 2C 00 00 00 00 2C 00 00 00 00 2C 00 00 00 00
2024-09-20 17:29:57,321 - 接收 : 0D 0A
2024-09-20 17:29:57,417 - 接收 : A9 9A 34 25 3A CE B8 2C 00
2024-09-20 17:29:57,433 - 接收 : 00 3F DC 2C 18 2D 09 2D 14 20 11 3A 1D
2024-09-20 17:29:57,433 - 接收 : 3A 31
2024-09-20 17:29:57,449 - 接收 : 2C 48 11 2C 00 00 2C 00 00 00 00 2C 00 00 00 00
2024-09-20 17:29:57,465 - 接收 : 2C 00 00 00 00 2C 00 00 00 00 0D 0A
2024-09-20 17:29:57,577 - 接收 : A9 9A 34 25 3A CE B8 2C 00 00 3F DD 2C 18
2024-09-20 17:29:57,593 - 接收 : 2D 09 2D 14 20 11 3A 1D 3A 31 2C 48 11 2C 00
2024-09-20 17:29:57,609 - 接收 : 00 2C 00 00 00 00 2C 00 00 00 00 2C 00 00 00
2024-09-20 17:29:57,625 - 接收 : 00 2C 00 00 00 00 0D 0A
2024-09-20 17:29:57,721 - 接收 : A9 9A 34
2024-09-20 17:29:57,737 - 接收 : 25 3A CE B8 2C 00 00 3F DE 2C 18 2D 09 2D 14
2024-09-20 17:29:57,753 - 接收 : 20 11 3A 1D 3A 31 2C 48 11 2C 00 00 2C 00 00 00
2024-09-20 17:29:57,769 - 接收 : 00 2C 00 00 00 00 2C 00 00 00 00 2C 00 00 00
2024-09-20 17:29:57,785 - 接收 : 00 0D 0A
2024-09-20 17:29:57,881 - 接收 : A9 9A 34 25 3A CE BA 2C
2024-09-20 17:29:57,897 - 接收 : 00 00 3F DF 2C 18 2D 09 2D 14 20 11 3A 1D 3A
2024-09-20 17:29:57,913 - 接收 : 31 2C 48 11 2C 01 2E 2C 00 00 FB C1 2C 00 00 00
2024-09-20 17:29:57,929 - 接收 : C8 2C FF FF FE FA 2C 00 00 5A A1 0D 0A
2024-09-20 17:30:04,103 - 接收 : A9 9A 34 25 3A CE B8 2C 00 00 3F
2024-09-20 17:30:04,119 - 接收 : E0 2C 18 2D 09 2D 14 20 11 3A 1D 3A 38 2C 48
2024-09-20 17:30:04,135 - 接收 : 11 2C 00 00 2C 00 00 00 00 2C 00 00 00 00 2C
2024-09-20 17:30:04,151 - 接收 : 00 00 00 00 2C 00 00 00 00 0D 0A
2024-09-20 17:30:04,264 - 接收 : A9 9A 34 25 3A CE B8 2C 00 00 3F E1 2C 18 2D
2024-09-20 17:30:04,280 - 接收 : 09 2D 14 20 11 3A 1D 3A 38 2C 48 11 2C 00 00 2C
2024-09-20 17:30:04,296 - 接收 : 00 00 00 00 2C 00 00 00 00 2C 00 00 00 00 2C
2024-09-20 17:30:04,312 - 接收 : 00 00 00 00 0D 0A
2024-09-20 17:30:04,408 - 接收 : A9 9A 34 25 3A
2024-09-20 17:30:04,424 - 接收 : CE B8 2C 00 00 3F E2 2C 18 2D 09 2D 14 20 11
2024-09-20 17:30:04,440 - 接收 : 3A 1D 3A 38 2C 48 11 2C 00 00 2C 00 00 00 00
2024-09-20 17:30:04,456 - 接收 : 2C 00 00 00 00 2C 00 00 00 00 2C 00 00 00 00 0D
2024-09-20 17:30:04,472 - 接收 : 0A
2024-09-20 17:30:04,568 - 接收 : A9 9A 34 25 3A CE B8 2C 00 00
2024-09-20 17:30:04,584 - 接收 : 3F E3 2C 18 2D 09 2D 14 20 11 3A 1D 3A 38 2C
2024-09-20 17:30:04,600 - 接收 : 48 11 2C 00 00 2C 00 00 00 00 2C 00 00 00 00
2024-09-20 17:30:04,616 - 接收 : 2C 00 00 00 00 2C 00 00 00 00 0D 0A
2024-09-20 17:30:04,728 - 接收 : A9 9A 34 25 3A CE B8 2C 00 00 3F E4 2C 18
2024-09-20 17:30:04,744 - 接收 : 2D 09 2D 14 20 11 3A 1D 3A 38 2C 48 11 2C 00 00
2024-09-20 17:30:04,760 - 接收 : 2C 00 00 00 00 2C 00 00 00 00 2C 00 00 00 00
2024-09-20 17:30:04,775 - 接收 : 2C 00 00 00 00 0D 0A
2024-09-20 17:30:04,872 - 接收 : A9 9A 34 25
2024-09-20 17:30:04,888 - 接收 : 3A CE BA 2C 00 00 3F E5 2C 18 2D 09 2D 14 20
2024-09-20 17:30:04,904 - 接收 : 11 3A 1D 3A 38 2C 48 11 2C 01 2E 2C 00 00 FB
2024-09-20 17:30:04,920 - 接收 : C1 2C 00 00 00 C8 2C FF FF FE FA 2C 00 00 5A A1
2024-09-20 17:30:04,936 - 接收 : 0D 0A
2024-09-20 17:30:09,110 - 接收 : A9 9A 34 25 3A CE B8 2C 00 00 3F E6 2C 18 2D
2024-09-20 17:30:09,127 - 接收 : 09 2D 14 20 11 3A 1E 3A 01 2C 48 11 2C 00 00
2024-09-20 17:30:09,143 - 接收 : 2C 00 00 00 00 2C 00 00 00 00 2C 00 00 00 00
2024-09-20 17:30:09,158 - 接收 : 2C 00 00 00 00 0D 0A
2024-09-20 17:30:09,255 - 接收 : A9 9A 34 25
2024-09-20 17:30:09,271 - 接收 : 3A CE B8 2C 00 00 3F E7 2C 18 2D 09 2D 14 20
2024-09-20 17:30:09,287 - 接收 : 11 3A 1E 3A 01 2C 48 11 2C 00 00 2C 00 00 00 00
2024-09-20 17:30:09,303 - 接收 : 2C 00 00 00 00 2C 00 00 00 00 2C 00 00 00 00
2024-09-20 17:30:09,319 - 接收 : 0D 0A
2024-09-20 17:30:09,415 - 接收 : A9 9A 34 25 3A CE B8 2C 00
2024-09-20 17:30:09,431 - 接收 : 00 3F E8 2C 18 2D 09 2D 14 20 11 3A 1E 3A
2024-09-20 17:30:09,431 - 接收 : 01
2024-09-20 17:30:09,447 - 接收 : 2C 48 11 2C 00 00 2C 00 00 00 00 2C 00 00 00
2024-09-20 17:30:09,463 - 接收 : 00 2C 00 00 00 00 2C 00 00 00 00 0D 0A
2024-09-20 17:30:09,575 - 接收 : A9 9A 34 25 3A CE B8 2C 00 00 3F E9 2C 18
2024-09-20 17:30:09,591 - 接收 : 2D 09 2D 14 20 11 3A 1E 3A 01 2C 48 11 2C 00
2024-09-20 17:30:09,607 - 接收 : 00 2C 00 00 00 00 2C 00 00 00 00 2C 00 00 00
2024-09-20 17:30:09,623 - 接收 : 00 2C 00 00 00 00 0D 0A
2024-09-20 17:30:09,718 - 接收 : A9 9A 34
2024-09-20 17:30:09,734 - 接收 : 25 3A CE B8 2C 00 00 3F EA 2C 18 2D 09 2D 14
2024-09-20 17:30:09,751 - 接收 : 20 11 3A 1E 3A 01 2C 48 11 2C 00 00 2C 00 00 00
2024-09-20 17:30:09,766 - 接收 : 00 2C 00 00 00 00 2C 00 00 00 00 2C 00 00 00
2024-09-20 17:30:09,783 - 接收 : 00 0D 0A
2024-09-20 17:30:09,879 - 接收 : A9 9A 34 25 3A CE BA 2C
2024-09-20 17:30:09,895 - 接收 : 00 00 3F EB 2C 18 2D 09 2D 14 20 11 3A 1E 3A
2024-09-20 17:30:09,911 - 接收 : 01 2C 48 11 2C 01 2E 2C 00 00 FB BF 2C 00 00
2024-09-20 17:30:09,927 - 接收 : 00 00 2C 00 00 00 00 2C 00 00 5A A0 0D 0A
2024-09-20 17:30:16,101 - 接收 : A9 9A 34 25 3A CE B8 2C
2024-09-20 17:30:16,118 - 接收 : 00 00 3F EC 2C 18 2D 09 2D 14 20 11 3A 1E 3A
2024-09-20 17:30:16,133 - 接收 : 08 2C 48 18 2C 00 00 2C 00 00 00 00 2C 00 00
2024-09-20 17:30:16,149 - 接收 : 00 00 2C 00 00 00 00 2C 00 00 00 00 0D 0A
2024-09-20 17:30:16,262 - 接收 : A9 9A 34 25 3A CE B8 2C 00 00 3F ED
2024-09-20 17:30:16,278 - 接收 : 2C 18 2D 09 2D 14 20 11 3A 1E 3A 08 2C 48 18 2C
2024-09-20 17:30:16,294 - 接收 : 00 00 2C 00 00 00 00 2C 00 00 00 00 2C 00 00
2024-09-20 17:30:16,310 - 接收 : 00 00 2C 00 00 00 00 0D 0A
2024-09-20 17:30:16,405 - 接收 : A9 9A
2024-09-20 17:30:16,421 - 接收 : 34 25 3A CE B8 2C 00 00 3F EE 2C 18 2D 09 2D
2024-09-20 17:30:16,437 - 接收 : 14 20 11 3A 1E 3A 08 2C 48 18 2C 00 00 2C 00 00
2024-09-20 17:30:16,453 - 接收 : 00 00 2C 00 00 00 00 2C 00 00 00 00 2C 00 00
2024-09-20 17:30:16,469 - 接收 : 00 00 0D 0A
2024-09-20 17:30:16,565 - 接收 : A9 9A 34 25 3A CE B8
2024-09-20 17:30:16,581 - 接收 : 2C 00 00 3F EF 2C 18 2D 09 2D 14 20 11 3A 1E
2024-09-20 17:30:16,597 - 接收 : 3A 08 2C 48 18 2C 00 00 2C 00 00 00 00 2C 00
2024-09-20 17:30:16,613 - 接收 : 00 00 00 2C 00 00 00 00 2C 00 00 00 00 0D 0A
2024-09-20 17:30:16,725 - 接收 : A9 9A 34 25 3A CE B8 2C 00 00 3F
2024-09-20 17:30:16,741 - 接收 : F0 2C 18 2D 09 2D 14 20 11 3A 1E 3A 08 2C 48 18
2024-09-20 17:30:16,757 - 接收 : 2C 00 00 2C 00 00 00 00 2C 00 00 00 00 2C 00
2024-09-20 17:30:16,773 - 接收 : 00 00 00 2C 00 00 00 00 0D 0A
2024-09-20 17:30:16,870 - 接收 : A9
2024-09-20 17:30:16,885 - 接收 : 9A 34 25 3A CE BA 2C 00 00 3F F1 2C 18 2D 09
2024-09-20 17:30:16,901 - 接收 : 2D 14 20 11 3A 1E 3A 08 2C 48 18 2C 01 2E 2C 00
2024-09-20 17:30:16,917 - 接收 : 00 FB BD 2C 00 00 00 00 2C 00 00 00 00 2C 00
2024-09-20 17:30:16,934 - 接收 : 00 5A A0 0D 0A
2024-09-20 17:30:21,109 - 接收 : A9 9A 34 25 3A CE B8 2C 00 00 3F F2
2024-09-20 17:30:21,124 - 接收 : 2C 18 2D 09 2D 14 20 11 3A 1E 3A 0D 2C 48 11
2024-09-20 17:30:21,140 - 接收 : 2C 00 00 2C 00 00 00 00 2C 00 00 00 00 2C 00
2024-09-20 17:30:21,156 - 接收 : 00 00 00 2C 00 00 00 00 0D 0A
2024-09-20 17:30:21,252 - 接收 : A9
2024-09-20 17:30:21,269 - 接收 : 9A 34 25 3A CE B8 2C 00 00 3F F3 2C 18 2D 09
2024-09-20 17:30:21,285 - 接收 : 2D 14 20 11 3A 1E 3A 0D 2C 48 11 2C 00 00 2C 00
2024-09-20 17:30:21,301 - 接收 : 00 00 00 2C 00 00 00 00 2C 00 00 00 00 2C 00
2024-09-20 17:30:21,317 - 接收 : 00 00 00 0D 0A
2024-09-20 17:30:21,413 - 接收 : A9 9A 34 25 3A CE
2024-09-20 17:30:21,429 - 接收 : B8 2C 00 00 3F F4 2C 18 2D 09 2D 14 20 11 3A
2024-09-20 17:30:21,445 - 接收 : 1E 3A 0D 2C 48 11 2C 00 00 2C 00 00 00 00 2C 00
2024-09-20 17:30:21,461 - 接收 : 00 00 00 2C 00 00 00 00 2C 00 00 00 00 0D 0A
2024-09-20 17:30:21,572 - 接收 : A9 9A 34 25 3A CE B8 2C 00 00 3F
2024-09-20 17:30:21,588 - 接收 : F5 2C 18 2D 09 2D 14 20 11 3A 1E 3A 0D 2C 48
2024-09-20 17:30:21,605 - 接收 : 11 2C 00 00 2C 00 00 00 00 2C 00 00 00 00 2C
2024-09-20 17:30:21,621 - 接收 : 00 00 00 00 2C 00 00 00 00 0D 0A
2024-09-20 17:30:21,732 - 接收 : A9 9A 34 25 3A CE B8 2C 00 00 3F F6 2C 18 2D
2024-09-20 17:30:21,748 - 接收 : 09 2D 14 20 11 3A 1E 3A 0D 2C 48 11 2C 00 00 2C
2024-09-20 17:30:21,764 - 接收 : 00 00 00 00 2C 00 00 00 00 2C 00 00 00 00 2C
2024-09-20 17:30:21,781 - 接收 : 00 00 00 00 0D 0A
2024-09-20 17:30:21,877 - 接收 : A9 9A 34 25 3A
2024-09-20 17:30:21,893 - 接收 : CE BA 2C 00 00 3F F7 2C 18 2D 09 2D 14 20 11
2024-09-20 17:30:21,909 - 接收 : 3A 1E 3A 0D 2C 48 11 2C 01 2E 2C 00 00 FB C1
2024-09-20 17:30:21,925 - 接收 : 2C 00 00 00 C8 2C FF FF FE FA 2C 00 00 5A A1 0D
2024-09-20 17:30:21,940 - 接收 : 0A
2024-09-20 17:30:28,100 - 接收 : A9 9A 34
2024-09-20 17:30:28,115 - 接收 : 25 3A CE B8 2C 00 00 3F F8 2C 18 2D 09 2D 14
2024-09-20 17:30:28,131 - 接收 : 20 11 3A 1E 3A 14 2C 48 11 2C 00 00 2C 00 00 00
2024-09-20 17:30:28,148 - 接收 : 00 2C 00 00 00 00 2C 00 00 00 00 2C 00 00 00
2024-09-20 17:30:28,163 - 接收 : 00 0D 0A
2024-09-20 17:30:28,260 - 接收 : A9 9A 34 25 3A CE B8 2C
2024-09-20 17:30:28,276 - 接收 : 00 00 3F F9 2C 18 2D 09 2D 14 20 11 3A 1E 3A
2024-09-20 17:30:28,292 - 接收 : 14 2C 48 11 2C 00 00 2C 00 00 00 00 2C 00 00
2024-09-20 17:30:28,308 - 接收 : 00 00 2C 00 00 00 00 2C 00 00 00 00 0D 0A
2024-09-20 17:30:28,420 - 接收 : A9 9A 34 25 3A CE B8 2C 00 00 3F FA
2024-09-20 17:30:28,436 - 接收 : 2C 18 2D 09 2D 14 20 11 3A 1E 3A 14 2C 48 11 2C
2024-09-20 17:30:28,452 - 接收 : 00 00 2C 00 00 00 00 2C 00 00 00 00 2C 00 00
2024-09-20 17:30:28,468 - 接收 : 00 00 2C 00 00 00 00 0D 0A
2024-09-20 17:30:28,564 - 接收 : A9 9A
2024-09-20 17:30:28,580 - 接收 : 34 25 3A CE B8 2C 00 00 3F FB 2C 18 2D 09 2D
2024-09-20 17:30:28,596 - 接收 : 14 20 11 3A 1E 3A 14 2C 48 11 2C 00 00 2C 00
2024-09-20 17:30:28,612 - 接收 : 00 00 00 2C 00 00 00 00 2C 00 00 00 00 2C 00 00
2024-09-20 17:30:28,628 - 接收 : 00 00 0D 0A
2024-09-20 17:30:28,724 - 接收 : A9 9A 34 25 3A CE B8
2024-09-20 17:30:28,739 - 接收 : 2C 00 00 3F FC 2C 18 2D 09 2D 14 20 11 3A 1E
2024-09-20 17:30:28,755 - 接收 : 3A 14 2C 48 11 2C 00 00 2C 00 00 00 00 2C 00
2024-09-20 17:30:28,771 - 接收 : 00 00 00 2C 00 00 00 00 2C 00 00 00 00 0D 0A
2024-09-20 17:30:28,883 - 接收 : A9 9A 34 25 3A CE BA 2C 00 00 3F
2024-09-20 17:30:28,900 - 接收 : FD 2C 18 2D 09 2D 14 20 11 3A 1E 3A 14 2C 48 11
2024-09-20 17:30:28,915 - 接收 : 2C 01 2E 2C 00 00 FB C1 2C 00 00 00 C8 2C FF
2024-09-20 17:30:28,931 - 接收 : FF FE FA 2C 00 00 5A A1 0D 0A
2024-09-20 17:30:33,106 - 接收 : A9 9A 34 25 3A CE B8 2C 00 00 3F FE 2C
2024-09-20 17:30:33,122 - 接收 : 18 2D 09 2D 14 20 11 3A 1E 3A 19 2C 48 18 2C
2024-09-20 17:30:33,138 - 接收 : 00 00 2C 00 00 00 00 2C 00 00 00 00 2C 00 00
2024-09-20 17:30:33,154 - 接收 : 00 00 2C 00 00 00 00 0D 0A
2024-09-20 17:30:33,251 - 接收 : A9 9A
2024-09-20 17:30:33,267 - 接收 : 34 25 3A CE B8 2C 00 00 3F FF 2C 18 2D 09 2D
2024-09-20 17:30:33,282 - 接收 : 14 20 11 3A 1E 3A 19 2C 48 18 2C 00 00 2C
2024-09-20 17:30:33,283 - 接收 : 00 00
2024-09-20 17:30:33,298 - 接收 : 00 00 2C 00 00 00 00 2C 00 00 00 00 2C 00 00
2024-09-20 17:30:33,314 - 接收 : 00 00 0D 0A
2024-09-20 17:30:33,410 - 接收 : A9 9A 34 25 3A CE B8
2024-09-20 17:30:33,426 - 接收 : 2C 00 00 40 00 2C 18 2D 09 2D 14 20 11 3A 1E
2024-09-20 17:30:33,442 - 接收 : 3A 19 2C 48 18 2C 00 00 2C 00 00 00 00 2C 00
2024-09-20 17:30:33,458 - 接收 : 00 00 00 2C 00 00 00 00 2C 00 00 00 00 0D 0A
2024-09-20 17:30:33,570 - 接收 : A9 9A 34 25 3A CE B8 2C 00 00 40
2024-09-20 17:30:33,586 - 接收 : 01 2C 18 2D 09 2D 14 20 11 3A 1E 3A 19 2C 48 18
2024-09-20 17:30:33,602 - 接收 : 2C 00 00 2C 00 00 00 00 2C 00 00 00 00 2C 00
2024-09-20 17:30:33,618 - 接收 : 00 00 00 2C 00 00 00 00 0D 0A
2024-09-20 17:30:33,714 - 接收 : A9
2024-09-20 17:30:33,730 - 接收 : 9A 34 25 3A CE B8 2C 00 00 40 02 2C 18 2D 09
2024-09-20 17:30:33,746 - 接收 : 2D 14 20 11 3A 1E 3A 19 2C 48 18 2C 00 00 2C 00
2024-09-20 17:30:33,762 - 接收 : 00 00 00 2C 00 00 00 00 2C 00 00 00 00 2C 00
2024-09-20 17:30:33,778 - 接收 : 00 00 00 0D 0A
2024-09-20 17:30:33,874 - 接收 : A9 9A 34 25 3A CE
2024-09-20 17:30:33,890 - 接收 : BA 2C 00 00 40 03 2C 18 2D 09 2D 14 20 11 3A
2024-09-20 17:30:33,906 - 接收 : 1E 3A 19 2C 48 18 2C 01 2E 2C 00 00 FB BB 2C
2024-09-20 17:30:33,922 - 接收 : 00 00 00 00 2C 00 00 00 00 2C 00 00 5A 9F 0D 0A
2024-09-20 17:30:40,113 - 接收 : A9 9A 34 25 3A CE B8 2C 00 00 40 04 2C 18 2D
2024-09-20 17:30:40,129 - 接收 : 09 2D 14 20 11 3A 1E 3A 20 2C 48 11 2C 00 00
2024-09-20 17:30:40,145 - 接收 : 2C 00 00 00 00 2C 00 00 00 00 2C 00 00 00 00 2C
2024-09-20 17:30:40,161 - 接收 : 00 00 00 00 0D 0A
2024-09-20 17:30:40,257 - 接收 : A9 9A 34 25 3A
2024-09-20 17:30:40,276 - 接收 : CE B8 2C 00 00 40 05 2C 18 2D 09 2D 14 20 11
2024-09-20 17:30:40,289 - 接收 : 3A 1E 3A 20 2C 48 11 2C 00 00 2C 00 00 00 00
2024-09-20 17:30:40,305 - 接收 : 2C 00 00 00 00 2C 00 00 00 00 2C 00 00 00 00 0D
2024-09-20 17:30:40,321 - 接收 : 0A
2024-09-20 17:30:40,417 - 接收 : A9 9A 34 25 3A CE B8 2C 00
2024-09-20 17:30:40,433 - 接收 : 00 40 06 2C 18 2D 09 2D 14 20 11 3A 1E 3A 20 2C
2024-09-20 17:30:40,449 - 接收 : 48 11 2C 00 00 2C 00 00 00 00 2C 00 00 00 00
2024-09-20 17:30:40,465 - 接收 : 2C 00 00 00 00 2C 00 00 00 00 0D 0A
2024-09-20 17:30:40,577 - 接收 : A9 9A 34 25 3A CE B8 2C 00 00 40 07 2C 18
2024-09-20 17:30:40,593 - 接收 : 2D 09 2D 14 20 11 3A 1E 3A 20 2C 48 11 2C 00 00
2024-09-20 17:30:40,609 - 接收 : 2C 00 00 00 00 2C 00 00 00 00 2C 00 00 00 00
2024-09-20 17:30:40,625 - 接收 : 2C 00 00 00 00 0D 0A
2024-09-20 17:30:40,721 - 接收 : A9 9A 34 25
2024-09-20 17:30:40,737 - 接收 : 3A CE B8 2C 00 00 40 08 2C 18 2D 09 2D 14 20
2024-09-20 17:30:40,753 - 接收 : 11 3A 1E 3A 20 2C 48 11 2C 00 00 2C 00 00 00
2024-09-20 17:30:40,769 - 接收 : 00 2C 00 00 00 00 2C 00 00 00 00 2C 00 00 00 00
2024-09-20 17:30:40,785 - 接收 : 0D 0A
2024-09-20 17:30:40,881 - 接收 : A9 9A 34 25 3A CE BA 2C
2024-09-20 17:30:40,896 - 接收 : 00 00 40 09 2C 18 2D 09 2D 14 20 11 3A 1E 3A 20
2024-09-20 17:30:40,912 - 接收 : 2C 48 11 2C 01 2E 2C 00 00 FB BD 2C 00 00 00
2024-09-20 17:30:40,928 - 接收 : 00 2C 00 00 00 00 2C 00 00 5A A0 0D 0A
2024-09-20 17:30:45,104 - 接收 : A9 9A 34 25 3A CE B8 2C 00
2024-09-20 17:30:45,120 - 接收 : 00 40 0A 2C 18 2D 09 2D 14 20 11 3A 1E 3A 25 2C
2024-09-20 17:30:45,136 - 接收 : 48 11 2C 00 00 2C 00 00 00 00 2C 00 00 00 00
2024-09-20 17:30:45,152 - 接收 : 2C 00 00 00 00 2C 00 00 00 00 0D 0A
2024-09-20 17:30:45,264 - 接收 : A9 9A 34 25 3A CE B8 2C 00 00 40 0B 2C 18
2024-09-20 17:30:45,280 - 接收 : 2D 09 2D 14 20 11 3A 1E 3A 25 2C 48 11 2C 00 00
2024-09-20 17:30:45,296 - 接收 : 2C 00 00 00 00 2C 00 00 00 00 2C 00 00 00 00
2024-09-20 17:30:45,312 - 接收 : 2C 00 00 00 00 0D 0A
2024-09-20 17:30:45,408 - 接收 : A9 9A 34 25
2024-09-20 17:30:45,424 - 接收 : 3A CE B8 2C 00 00 40 0C 2C 18 2D 09 2D 14 20
2024-09-20 17:30:45,440 - 接收 : 11 3A 1E 3A 25 2C 48 11 2C 00 00 2C 00 00 00
2024-09-20 17:30:45,456 - 接收 : 00 2C 00 00 00 00 2C 00 00 00 00 2C 00 00 00 00
2024-09-20 17:30:45,472 - 接收 : 0D 0A
2024-09-20 17:30:45,568 - 接收 : A9 9A 34 25 3A CE B8 2C
2024-09-20 17:30:45,583 - 接收 : 00 00 40 0D 2C 18 2D 09 2D 14 20 11 3A 1E 3A 25
2024-09-20 17:30:45,600 - 接收 : 2C 48 11 2C 00 00 2C 00 00 00 00 2C 00 00 00
2024-09-20 17:30:45,615 - 接收 : 00 2C 00 00 00 00 2C 00 00 00 00 0D 0A
2024-09-20 17:30:45,728 - 接收 : A9 9A 34 25 3A CE B8 2C 00 00 40 0E 2C
2024-09-20 17:30:45,744 - 接收 : 18 2D 09 2D 14 20 11 3A 1E 3A 25 2C 48 11 2C 00
2024-09-20 17:30:45,760 - 接收 : 00 2C 00 00 00 00 2C 00 00 00 00 2C 00 00 00
2024-09-20 17:30:45,776 - 接收 : 00 2C 00 00 00 00 0D 0A
2024-09-20 17:30:45,872 - 接收 : A9 9A 34
2024-09-20 17:30:45,888 - 接收 : 25 3A CE BA 2C 00 00 40 0F 2C 18 2D 09 2D 14
2024-09-20 17:30:45,904 - 接收 : 20 11 3A 1E 3A 25 2C 48 11 2C 01 2E 2C 00 00
2024-09-20 17:30:45,920 - 接收 : FB BC 2C 00 00 00 00 2C 00 00 00 00 2C 00 00 5A
2024-09-20 17:30:45,936 - 接收 : A0 0D 0A
2024-09-20 17:30:52,095 - 接收 : A9 9A 34
2024-09-20 17:30:52,111 - 接收 : 25 3A CE B8 2C 00 00 40 10 2C 18 2D 09 2D 14
2024-09-20 17:30:52,127 - 接收 : 20 11 3A 1E 3A 2C 2C 48 11 2C 00 00 2C 00 00
2024-09-20 17:30:52,143 - 接收 : 00 00 2C 00 00 00 00 2C 00 00 00 00 2C 00 00 00
2024-09-20 17:30:52,159 - 接收 : 00 0D 0A
2024-09-20 17:30:52,254 - 接收 : A9 9A 34 25 3A CE B8
2024-09-20 17:30:52,271 - 接收 : 2C 00 00 40 11 2C 18 2D 09 2D 14 20 11 3A 1E 3A
2024-09-20 17:30:52,287 - 接收 : 2C 2C 48 11 2C 00 00 2C 00 00 00 00 2C 00 00
2024-09-20 17:30:52,303 - 接收 : 00 00 2C 00 00 00 00 2C 00 00 00 00 0D 0A
2024-09-20 17:30:52,414 - 接收 : A9 9A 34 25 3A CE B8 2C 00 00 40 12
2024-09-20 17:30:52,430 - 接收 : 2C 18 2D 09 2D 14 20 11 3A 1E 3A 2C 2C 48 11
2024-09-20 17:30:52,446 - 接收 : 2C 00 00 2C 00 00 00 00 2C 00 00 00 00 2C 00 00
2024-09-20 17:30:52,462 - 接收 : 00 00 2C 00 00 00 00 0D 0A
2024-09-20 17:30:52,558 - 接收 : A9 9A
2024-09-20 17:30:52,574 - 接收 : 34 25 3A CE B8 2C 00 00 40 13 2C 18 2D 09 2D
2024-09-20 17:30:52,590 - 接收 : 14 20 11 3A 1E 3A 2C 2C 48 11 2C 00 00 2C 00
2024-09-20 17:30:52,606 - 接收 : 00 00 00 2C 00 00 00 00 2C 00 00 00 00 2C 00 00
2024-09-20 17:30:52,622 - 接收 : 00 00 0D 0A
2024-09-20 17:30:52,719 - 接收 : A9 9A 34 25 3A CE
2024-09-20 17:30:52,735 - 接收 : B8 2C 00 00 40 14 2C 18 2D 09 2D 14 20 11 3A 1E
2024-09-20 17:30:52,751 - 接收 : 3A 2C 2C 48 11 2C 00 00 2C 00 00 00 00 2C 00
2024-09-20 17:30:52,766 - 接收 : 00 00 00 2C 00 00 00 00 2C 00 00 00 00 0D 0A
2024-09-20 17:30:52,878 - 接收 : A9 9A 34 25 3A CE BA 2C 00 00 40
2024-09-20 17:30:52,894 - 接收 : 15 2C 18 2D 09 2D 14 20 11 3A 1E 3A 2C 2C 48
2024-09-20 17:30:52,910 - 接收 : 11 2C 01 2E 2C 00 00 FB BD 2C 00 00 00 00 2C 00
2024-09-20 17:30:52,926 - 接收 : 00 00 00 2C 00 00 5A A0 0D 0A
2024-09-20 17:30:57,102 - 接收 : A9 9A 34 25 3A CE B8
2024-09-20 17:30:57,118 - 接收 : 2C 00 00 40 16 2C 18 2D 09 2D 14 20 11 3A 1E
2024-09-20 17:30:57,134 - 接收 : 3A 31 2C 48 11 2C 00 00 2C 00 00 00 00 2C 00
2024-09-20 17:30:57,150 - 接收 : 00 00 00 2C 00 00 00 00 2C 00 00 00 00 0D 0A
2024-09-20 17:30:57,262 - 接收 : A9 9A 34 25 3A CE B8 2C 00 00 40
2024-09-20 17:30:57,278 - 接收 : 17 2C 18 2D 09 2D 14 20 11 3A 1E 3A 31 2C 48 11
2024-09-20 17:30:57,294 - 接收 : 2C 00 00 2C 00 00 00 00 2C 00 00 00 00 2C 00
2024-09-20 17:30:57,310 - 接收 : 00 00 00 2C 00 00 00 00 0D 0A
2024-09-20 17:30:57,406 - 接收 : A9
2024-09-20 17:30:57,422 - 接收 : 9A 34 25 3A CE B8 2C 00 00 40 18 2C 18 2D 09
2024-09-20 17:30:57,438 - 接收 : 2D 14 20 11 3A 1E 3A 31 2C 48 11 2C 00 00 2C
2024-09-20 17:30:57,454 - 接收 : 00 00 00 00 2C 00 00 00 00 2C 00 00 00 00 2C 00
2024-09-20 17:30:57,470 - 接收 : 00 00 00 0D 0A
2024-09-20 17:30:57,566 - 接收 : A9 9A 34 25 3A
2024-09-20 17:30:57,581 - 接收 : CE B8 2C 00 00 40 19 2C 18 2D 09 2D 14 20 11 3A
2024-09-20 17:30:57,597 - 接收 : 1E 3A 31 2C 48 11 2C 00 00 2C 00 00 00 00 2C
2024-09-20 17:30:57,613 - 接收 : 00 00 00 00 2C 00 00 00 00 2C 00
2024-09-20 17:30:57,614 - 接收 : 00 00 00 0D 0A
2024-09-20 17:30:57,726 - 接收 : A9 9A 34 25 3A CE B8 2C 00 00
2024-09-20 17:30:57,743 - 接收 : 40 1A 2C 18 2D 09 2D 14 20 11 3A 1E 3A 31 2C 48
2024-09-20 17:30:57,758 - 接收 : 11 2C 00 00 2C 00 00 00 00 2C 00 00 00 00 2C
2024-09-20 17:30:57,774 - 接收 : 00 00 00 00 2C 00 00 00 00 0D 0A
2024-09-20 17:30:57,886 - 接收 : A9 9A 34 25 3A CE BA 2C 00 00 40 1B 2C 18 2D
2024-09-20 17:30:57,902 - 接收 : 09 2D 14 20 11 3A 1E 3A 31 2C 48 11 2C 01 2E
2024-09-20 17:30:57,918 - 接收 : 2C 00 00 FB B9 2C 00 00 00 00 2C 00 00 00 00 2C
2024-09-20 17:30:57,934 - 接收 : 00 00 5A 9F 0D 0A
2024-09-20 17:31:04,109 - 接收 : A9 9A 34 25 3A CE B8 2C 00 00 40 1C 2C
2024-09-20 17:31:04,125 - 接收 : 18 2D 09 2D 14 20 11 3A 1E 3A 38 2C 48 11 2C
2024-09-20 17:31:04,141 - 接收 : 00 00 2C 00 00 00 00 2C 00 00 00 00 2C 00 00 00
2024-09-20 17:31:04,157 - 接收 : 00 2C 00 00 00 00 0D 0A
2024-09-20 17:31:04,253 - 接收 : A9 9A
2024-09-20 17:31:04,269 - 接收 : 34 25 3A CE B8 2C 00 00 40 1D 2C 18 2D 09 2D 14
2024-09-20 17:31:04,285 - 接收 : 20 11 3A 1E 3A 38 2C 48 11 2C 00 00 2C 00 00
2024-09-20 17:31:04,301 - 接收 : 00 00 2C 00 00 00 00 2C 00 00 00 00 2C 00 00 00
2024-09-20 17:31:04,317 - 接收 : 00 0D 0A
2024-09-20 17:31:04,413 - 接收 : A9 9A 34 25 3A CE B8
2024-09-20 17:31:04,429 - 接收 : 2C 00 00 40 1E 2C 18 2D 09 2D 14 20 11 3A 1E 3A
2024-09-20 17:31:04,445 - 接收 : 38 2C 48 11 2C 00 00 2C 00 00 00 00 2C 00 00
2024-09-20 17:31:04,461 - 接收 : 00 00 2C 00 00 00 00 2C 00 00 00 00 0D 0A
2024-09-20 17:31:04,573 - 接收 : A9 9A 34 25 3A CE B8 2C 00 00 40 1F
2024-09-20 17:31:04,589 - 接收 : 2C 18 2D 09 2D 14 20 11 3A 1E 3A 38 2C 48 11
2024-09-20 17:31:04,605 - 接收 : 2C 00 00 2C 00 00 00 00 2C 00 00 00 00 2C 00 00
2024-09-20 17:31:04,621 - 接收 : 00 00 2C 00 00 00 00 0D 0A
2024-09-20 17:31:04,717 - 接收 : A9
2024-09-20 17:31:04,733 - 接收 : 9A 34 25 3A CE B8 2C 00 00 40 20 2C 18 2D 09 2D
2024-09-20 17:31:04,749 - 接收 : 14 20 11 3A 1E 3A 38 2C 48 11 2C 00 00 2C 00
2024-09-20 17:31:04,765 - 接收 : 00 00 00 2C 00 00 00 00 2C 00 00 00 00 2C 00
2024-09-20 17:31:04,780 - 接收 : 00 00 00 0D 0A
2024-09-20 17:31:04,876 - 接收 : A9 9A 34 25 3A CE
2024-09-20 17:31:04,893 - 接收 : BA 2C 00 00 40 21 2C 18 2D 09 2D 14 20 11 3A 1E
2024-09-20 17:31:04,908 - 接收 : 3A 38 2C 48 11 2C 01 2E 2C 00 00 FB BC 2C 00
2024-09-20 17:31:04,924 - 接收 : 00 00 00 2C 00 00 00 00 2C 00 00 5A 9F 0D 0A
2024-09-20 17:31:09,100 - 接收 : A9 9A 34 25 3A CE B8
2024-09-20 17:31:09,115 - 接收 : 2C 00 00 40 22 2C 18 2D 09 2D 14 20 11 3A 1F 3A
2024-09-20 17:31:09,131 - 接收 : 01 2C 48 11 2C 00 00 2C 00 00 00 00 2C 00 00
2024-09-20 17:31:09,147 - 接收 : 00 00 2C 00 00 00 00 2C 00 00 00 00 0D 0A
2024-09-20 17:31:09,260 - 接收 : A9 9A 34 25 3A CE B8 2C 00 00 40 23
2024-09-20 17:31:09,276 - 接收 : 2C 18 2D 09 2D 14 20 11 3A 1F 3A 01 2C 48 11
2024-09-20 17:31:09,292 - 接收 : 2C 00 00 2C 00 00 00 00 2C 00 00 00 00 2C 00 00
2024-09-20 17:31:09,308 - 接收 : 00 00 2C 00 00 00 00 0D 0A
2024-09-20 17:31:09,404 - 接收 : A9 9A
2024-09-20 17:31:09,420 - 接收 : 34 25 3A CE B8 2C 00 00 40 24 2C 18 2D 09 2D
2024-09-20 17:31:09,436 - 接收 : 14 20 11 3A 1F 3A 01 2C 48 11 2C 00 00 2C 00
2024-09-20 17:31:09,452 - 接收 : 00 00 00 2C 00 00 00 00 2C 00 00 00 00 2C 00 00
2024-09-20 17:31:09,468 - 接收 : 00 00 0D 0A
2024-09-20 17:31:09,564 - 接收 : A9 9A 34 25 3A CE
2024-09-20 17:31:09,580 - 接收 : B8 2C 00 00 40 25 2C 18 2D 09 2D 14 20 11 3A 1F
2024-09-20 17:31:09,596 - 接收 : 3A 01 2C 48 11 2C 00 00 2C 00 00 00 00 2C 00
2024-09-20 17:31:09,612 - 接收 : 00 00 00 2C 00 00 00 00 2C 00 00 00 00 0D 0A
2024-09-20 17:31:09,723 - 接收 : A9 9A 34 25 3A CE B8 2C 00 00 40
2024-09-20 17:31:09,739 - 接收 : 26 2C 18 2D 09 2D 14 20 11 3A 1F 3A 01 2C 48
2024-09-20 17:31:09,755 - 接收 : 11 2C 00 00 2C 00 00 00 00 2C 00 00 00 00 2C 00
2024-09-20 17:31:09,773 - 接收 : 00 00 00 2C 00 00 00 00 0D 0A
2024-09-20 17:31:09,867 - 接收 : A9
2024-09-20 17:31:09,883 - 接收 : 9A 34 25 3A CE BA 2C 00 00 40 27 2C 18 2D 09
2024-09-20 17:31:09,899 - 接收 : 2D 14 20 11 3A 1F 3A 01 2C 48 11 2C 01 2E 2C
2024-09-20 17:31:09,915 - 接收 : 00 00 FB BC 2C 00 00 00 00 2C 00 00 00 00 2C 00
2024-09-20 17:31:09,931 - 接收 : 00 5A 9F 0D 0A
2024-09-20 17:31:16,106 - 接收 : A9 9A 34 25 3A CE B8 2C 00 00
2024-09-20 17:31:16,122 - 接收 : 40 28 2C 18 2D 09 2D 14 20 11 3A 1F 3A 08 2C
2024-09-20 17:31:16,138 - 接收 : 48 11 2C 00 00 2C 00 00 00 00 2C 00 00 00 00 2C
2024-09-20 17:31:16,154 - 接收 : 00 00 00 00 2C 00 00 00 00 0D 0A
2024-09-20 17:31:16,266 - 接收 : A9 9A 34 25 3A CE B8 2C 00 00 40 29 2C 18 2D
2024-09-20 17:31:16,282 - 接收 : 09 2D 14 20 11 3A 1F 3A 08 2C 48 11 2C 00 00
2024-09-20 17:31:16,298 - 接收 : 2C 00 00 00 00 2C 00 00 00 00 2C 00 00 00 00
2024-09-20 17:31:16,314 - 接收 : 2C 00 00 00 00 0D 0A
2024-09-20 17:31:16,410 - 接收 : A9 9A 34 25
2024-09-20 17:31:16,426 - 接收 : 3A CE B8 2C 00 00 40 2A 2C 18 2D 09 2D 14 20 11
2024-09-20 17:31:16,442 - 接收 : 3A 1F 3A 08 2C 48 11 2C 00 00 2C 00 00 00 00
2024-09-20 17:31:16,458 - 接收 : 2C 00 00 00 00 2C 00 00 00 00 2C 00 00 00 00
2024-09-20 17:31:16,474 - 接收 : 0D 0A
2024-09-20 17:31:16,570 - 接收 : A9 9A 34 25 3A CE B8 2C 00
2024-09-20 17:31:16,586 - 接收 : 00 40 2B 2C 18 2D 09 2D 14 20 11 3A 1F 3A 08
2024-09-20 17:31:16,602 - 接收 : 2C 48 11 2C 00 00 2C 00 00 00 00 2C 00 00 00 00
2024-09-20 17:31:16,618 - 接收 : 2C 00 00 00 00 2C 00 00 00 00 0D 0A
2024-09-20 17:31:16,730 - 接收 : A9 9A 34 25 3A CE B8 2C 00 00 40 2C 2C 18
2024-09-20 17:31:16,746 - 接收 : 2D 09 2D 14 20 11 3A 1F 3A 08 2C 48 11 2C 00
2024-09-20 17:31:16,762 - 接收 : 00 2C 00 00 00 00 2C 00 00 00 00 2C 00 00 00
2024-09-20 17:31:16,778 - 接收 : 00 2C 00 00 00 00 0D 0A
2024-09-20 17:31:16,874 - 接收 : A9 9A 34
2024-09-20 17:31:16,890 - 接收 : 25 3A CE BA 2C 00 00 40 2D 2C 18 2D 09 2D 14
2024-09-20 17:31:16,906 - 接收 : 20 11 3A 1F 3A 08 2C 48 11 2C 01 2E 2C 00 00 FB
2024-09-20 17:31:16,922 - 接收 : BB 2C 00 00 00 00 2C 00 00 00 00 2C 00 00 5A
2024-09-20 17:31:16,938 - 接收 : 9F 0D 0A
2024-09-20 17:31:21,097 - 接收 : A9 9A 34 25
2024-09-20 17:31:21,113 - 接收 : 3A CE B8 2C 00 00 40 2E 2C 18 2D 09 2D 14 20 11
2024-09-20 17:31:21,129 - 接收 : 3A 1F 3A 0D 2C 48 11 2C 00 00 2C 00 00 00 00
2024-09-20 17:31:21,145 - 接收 : 2C 00 00 00 00 2C 00 00 00 00 2C 00 00 00 00
2024-09-20 17:31:21,161 - 接收 : 0D 0A
2024-09-20 17:31:21,258 - 接收 : A9 9A 34 25 3A CE B8 2C 00
2024-09-20 17:31:21,273 - 接收 : 00 40 2F 2C 18 2D 09 2D 14 20 11 3A 1F 3A 0D
2024-09-20 17:31:21,289 - 接收 : 2C 48 11 2C 00 00 2C 00 00 00 00 2C 00 00 00 00
2024-09-20 17:31:21,305 - 接收 : 2C 00 00 00 00 2C 00 00 00 00 0D 0A
2024-09-20 17:31:21,417 - 接收 : A9 9A 34 25 3A CE B8 2C 00 00 40 30 2C 18
2024-09-20 17:31:21,433 - 接收 : 2D 09 2D 14 20 11 3A 1F 3A 0D 2C 48 11 2C 00
2024-09-20 17:31:21,449 - 接收 : 00 2C 00 00 00 00 2C 00 00 00 00 2C 00 00 00 00
2024-09-20 17:31:21,465 - 接收 : 2C 00 00 00 00 0D 0A
2024-09-20 17:31:21,561 - 接收 : A9 9A 34
2024-09-20 17:31:21,577 - 接收 : 25 3A CE B8 2C 00 00 40 31 2C 18 2D 09 2D 14 20
2024-09-20 17:31:21,593 - 接收 : 11 3A 1F 3A 0D 2C 48 11 2C 00 00 2C 00 00 00
2024-09-20 17:31:21,609 - 接收 : 00 2C 00 00 00 00 2C 00 00 00 00 2C 00 00 00
2024-09-20 17:31:21,625 - 接收 : 00 0D 0A
2024-09-20 17:31:21,721 - 接收 : A9 9A 34 25 3A CE B8 2C
2024-09-20 17:31:21,737 - 接收 : 00 00 40 32 2C 18 2D 09 2D 14 20 11 3A 1F 3A
2024-09-20 17:31:21,753 - 接收 : 0D 2C 48 11 2C 00 00 2C 00 00 00 00 2C 00 00 00
2024-09-20 17:31:21,769 - 接收 : 00 2C 00 00 00 00 2C 00 00 00 00 0D 0A
2024-09-20 17:31:21,881 - 接收 : A9 9A 34 25 3A CE BA 2C 00 00 40 33 2C
2024-09-20 17:31:21,896 - 接收 : 18 2D 09 2D 14 20 11 3A 1F 3A 0D 2C 48 11 2C
2024-09-20 17:31:21,912 - 接收 : 01 2E 2C 00 00 FB BE 2C 00 00 00 00 2C 00 00 00
2024-09-20 17:31:21,929 - 接收 : 00 2C 00 00 5A A0 0D 0A
2024-09-20 17:31:28,104 - 接收 : A9 9A 34 25 3A CE B8 2C 00 00 40
2024-09-20 17:31:28,120 - 接收 : 34 2C 18 2D 09 2D 14 20 11 3A 1F 3A 14 2C 48
2024-09-20 17:31:28,136 - 接收 : 11 2C 00 00 2C 00 00 00 00 2C 00 00 00 00 2C 00
2024-09-20 17:31:28,152 - 接收 : 00 00 00 2C 00 00 00 00 0D 0A
2024-09-20 17:31:28,264 - 接收 : A9 9A 34 25 3A CE B8 2C 00 00 40 35 2C 18 2D 09
2024-09-20 17:31:28,280 - 接收 : 2D 14 20 11 3A 1F 3A 14 2C 48 11 2C 00 00 2C
2024-09-20 17:31:28,296 - 接收 : 00 00 00 00 2C 00 00 00 00 2C 00 00 00 00 2C
2024-09-20 17:31:28,312 - 接收 : 00 00 00 00 0D 0A
2024-09-20 17:31:28,408 - 接收 : A9 9A 34 25 3A
2024-09-20 17:31:28,424 - 接收 : CE B8 2C 00 00 40 36 2C 18 2D 09 2D 14 20 11
2024-09-20 17:31:28,440 - 接收 : 3A 1F 3A 14 2C 48 11 2C 00 00 2C 00 00 00 00 2C
2024-09-20 17:31:28,456 - 接收 : 00 00 00 00 2C 00 00 00 00 2C 00 00 00 00 0D
2024-09-20 17:31:28,472 - 接收 : 0A
2024-09-20 17:31:28,568 - 接收 : A9 9A 34 25 3A CE B8 2C 00 00
2024-09-20 17:31:28,584 - 接收 : 40 37 2C 18 2D 09 2D 14 20 11 3A 1F 3A 14 2C
2024-09-20 17:31:28,600 - 接收 : 48 11 2C 00 00 2C 00 00 00 00 2C 00 00 00 00 2C
2024-09-20 17:31:28,616 - 接收 : 00 00 00 00 2C 00 00 00 00 0D 0A
2024-09-20 17:31:28,728 - 接收 : A9 9A 34 25 3A CE B8 2C 00 00 40 38
2024-09-20 17:31:28,728 - 接收 : 2C 18 2D
2024-09-20 17:31:28,744 - 接收 : 09 2D 14 20 11 3A 1F 3A 14 2C 48 11 2C 00 00
2024-09-20 17:31:28,760 - 接收 : 2C 00 00 00 00 2C 00 00 00 00 2C 00 00 00 00
2024-09-20 17:31:28,776 - 接收 : 2C 00 00 00 00 0D 0A
2024-09-20 17:31:28,872 - 接收 : A9 9A 34 25
2024-09-20 17:31:28,888 - 接收 : 3A CE BA 2C 00 00 40 39 2C 18 2D 09 2D 14 20
2024-09-20 17:31:28,904 - 接收 : 11 3A 1F 3A 14 2C 48 11 2C 01 2E 2C 00 00 FB BE
2024-09-20 17:31:28,920 - 接收 : 2C 00 00 00 00 2C 00 00 00 00 2C 00 00 5A A0
2024-09-20 17:31:28,936 - 接收 : 0D 0A
2024-09-20 17:31:33,095 - 接收 : A9
2024-09-20 17:31:33,111 - 接收 : 9A 34 25 3A CE B8 2C 00 00 40 3A 2C 18 2D 09 2D
2024-09-20 17:31:33,127 - 接收 : 14 20 11 3A 1F 3A 19 2C 48 11 2C 00 00 2C 00
2024-09-20 17:31:33,143 - 接收 : 00 00 00 2C 00 00 00 00 2C 00 00 00 00 2C 00
2024-09-20 17:31:33,159 - 接收 : 00 00 00 0D 0A
2024-09-20 17:31:33,255 - 接收 : A9 9A 34 25 3A CE
2024-09-20 17:31:33,271 - 接收 : B8 2C 00 00 40 3B 2C 18 2D 09 2D 14 20 11 3A
2024-09-20 17:31:33,287 - 接收 : 1F 3A 19 2C 48 11 2C 00 00 2C 00 00 00 00 2C 00
2024-09-20 17:31:33,303 - 接收 : 00 00 00 2C 00 00 00 00 2C 00 00 00 00 0D 0A
2024-09-20 17:31:33,415 - 接收 : A9 9A 34 25 3A CE B8 2C 00 00 40
2024-09-20 17:31:33,431 - 接收 : 3C 2C 18 2D 09 2D 14 20 11 3A 1F 3A 19 2C 48
2024-09-20 17:31:33,447 - 接收 : 11 2C 00 00 2C 00 00 00 00 2C 00 00 00 00 2C 00
2024-09-20 17:31:33,463 - 接收 : 00 00 00 2C 00 00 00 00 0D 0A
2024-09-20 17:31:33,575 - 接收 : A9 9A 34 25 3A CE B8 2C 00 00 40 3D 2C 18 2D 09
2024-09-20 17:31:33,591 - 接收 : 2D 14 20 11 3A 1F 3A 19 2C 48 11 2C 00 00 2C
2024-09-20 17:31:33,607 - 接收 : 00 00 00 00 2C 00 00 00 00 2C 00 00 00 00 2C
2024-09-20 17:31:33,623 - 接收 : 00 00 00 00 0D 0A
2024-09-20 17:31:33,719 - 接收 : A9 9A 34 25 3A
2024-09-20 17:31:33,735 - 接收 : CE B8 2C 00 00 40 3E 2C 18 2D 09 2D 14 20 11
2024-09-20 17:31:33,751 - 接收 : 3A 1F 3A 19 2C 48 11 2C 00 00 2C 00 00 00 00 2C
2024-09-20 17:31:33,767 - 接收 : 00 00 00 00 2C 00 00 00 00 2C 00 00 00 00 0D
2024-09-20 17:31:33,783 - 接收 : 0A
2024-09-20 17:31:33,879 - 接收 : A9 9A 34 25 3A CE BA 2C 00 00
2024-09-20 17:31:33,895 - 接收 : 40 3F 2C 18 2D 09 2D 14 20 11 3A 1F 3A 19 2C
2024-09-20 17:31:33,911 - 接收 : 48 11 2C 01 2E 2C 00 00 FB BB 2C 00 00 00 00 2C
2024-09-20 17:31:33,927 - 接收 : 00 00 00 00 2C 00 00 5A 9F 0D 0A
2024-09-20 17:31:40,102 - 接收 : A9 9A 34 25 3A CE B8 2C
2024-09-20 17:31:40,118 - 接收 : 00 00 40 40 2C 18 2D 09 2D 14 20 11 3A 1F 3A
2024-09-20 17:31:40,134 - 接收 : 20 2C 48 11 2C 00 00 2C 00 00 00 00 2C 00 00 00
2024-09-20 17:31:40,150 - 接收 : 00 2C 00 00 00 00 2C 00 00 00 00 0D 0A
2024-09-20 17:31:40,261 - 接收 : A9 9A 34 25 3A CE B8 2C 00 00 40 41 2C
2024-09-20 17:31:40,277 - 接收 : 18 2D 09 2D 14 20 11 3A 1F 3A 20 2C 48 11 2C
2024-09-20 17:31:40,293 - 接收 : 00 00 2C 00 00 00 00 2C 00 00 00 00 2C 00 00
2024-09-20 17:31:40,309 - 接收 : 00 00 2C 00 00 00 00 0D 0A
2024-09-20 17:31:40,405 - 接收 : A9 9A
2024-09-20 17:31:40,421 - 接收 : 34 25 3A CE B8 2C 00 00 40 42 2C 18 2D 09 2D
2024-09-20 17:31:40,437 - 接收 : 14 20 11 3A 1F 3A 20 2C 48 11 2C 00 00 2C 00 00
2024-09-20 17:31:40,453 - 接收 : 00 00 2C 00 00 00 00 2C 00 00 00 00 2C 00 00
2024-09-20 17:31:40,469 - 接收 : 00 00 0D 0A
2024-09-20 17:31:40,565 - 接收 : A9 9A 34 25 3A CE B8
2024-09-20 17:31:40,581 - 接收 : 2C 00 00 40 43 2C 18 2D 09 2D 14 20 11 3A 1F
2024-09-20 17:31:40,597 - 接收 : 3A 20 2C 48 11 2C 00 00 2C 00 00 00 00 2C 00 00
2024-09-20 17:31:40,613 - 接收 : 00 00 2C 00 00 00 00 2C 00 00 00 00 0D 0A
2024-09-20 17:31:40,725 - 接收 : A9 9A 34 25 3A CE B8 2C 00 00 40 44
2024-09-20 17:31:40,741 - 接收 : 2C 18 2D 09 2D 14 20 11 3A 1F 3A 20 2C 48 11
2024-09-20 17:31:40,757 - 接收 : 2C 00 00 2C 00 00 00 00 2C 00 00 00 00 2C 00
2024-09-20 17:31:40,773 - 接收 : 00 00 00 2C 00 00 00 00 0D 0A
2024-09-20 17:31:40,869 - 接收 : A9
2024-09-20 17:31:40,885 - 接收 : 9A 34 25 3A CE BA 2C 00 00 40 45 2C 18 2D 09
2024-09-20 17:31:40,902 - 接收 : 2D 14 20 11 3A 1F 3A 20 2C 48 11 2C 01 2E 2C 00
2024-09-20 17:31:40,917 - 接收 : 00 FB B7 2C 00 00 00 00 2C 00 00 00 00 2C 00
2024-09-20 17:31:40,933 - 接收 : 00 5A 9E 0D 0A
2024-09-20 17:31:45,109 - 接收 : A9 9A 34 25 3A CE B8 2C 00 00 40 46 2C 18
2024-09-20 17:31:45,125 - 接收 : 2D 09 2D 14 20 11 3A 1F 3A 25 2C 48 11 2C 00
2024-09-20 17:31:45,141 - 接收 : 00 2C 00 00 00 00 2C 00 00 00 00 2C 00 00 00
2024-09-20 17:31:45,157 - 接收 : 00 2C 00 00 00 00 0D 0A
2024-09-20 17:31:45,252 - 接收 : A9 9A 34
2024-09-20 17:31:45,268 - 接收 : 25 3A CE B8 2C 00 00 40 47 2C 18 2D 09 2D 14 20
2024-09-20 17:31:45,284 - 接收 : 11 3A 1F 3A 25 2C 48 11 2C 00 00 2C 00 00 00
2024-09-20 17:31:45,300 - 接收 : 00 2C 00 00 00 00 2C 00 00 00 00 2C 00 00 00
2024-09-20 17:31:45,316 - 接收 : 00 0D 0A
2024-09-20 17:31:45,412 - 接收 : A9 9A 34 25 3A CE B8 2C
2024-09-20 17:31:45,428 - 接收 : 00 00 40 48 2C 18 2D 09 2D 14 20 11 3A 1F 3A
2024-09-20 17:31:45,444 - 接收 : 25 2C 48 11 2C 00 00 2C 00 00 00 00 2C 00 00 00
2024-09-20 17:31:45,460 - 接收 : 00 2C 00 00 00 00 2C 00 00 00 00 0D 0A
2024-09-20 17:31:45,572 - 接收 : A9 9A 34 25 3A CE B8 2C 00 00 40 49 2C
2024-09-20 17:31:45,588 - 接收 : 18 2D 09 2D 14 20 11 3A 1F 3A 25 2C 48 11 2C
2024-09-20 17:31:45,604 - 接收 : 00 00 2C 00 00 00 00 2C 00 00 00 00 2C 00 00
2024-09-20 17:31:45,620 - 接收 : 00 00 2C 00 00 00 00 0D 0A
2024-09-20 17:31:45,716 - 接收 : A9 9A
2024-09-20 17:31:45,732 - 接收 : 34 25 3A CE B8 2C 00 00 40 4A 2C 18 2D 09 2D
2024-09-20 17:31:45,748 - 接收 : 14 20 11 3A 1F 3A 25 2C 48 11 2C 00 00 2C 00 00
2024-09-20 17:31:45,764 - 接收 : 00 00 2C 00 00 00 00 2C 00 00 00 00 2C 00 00
2024-09-20 17:31:45,785 - 接收 : 00 00 0D 0A
2024-09-20 17:31:45,876 - 接收 : A9 9A 34 25 3A CE BA
2024-09-20 17:31:45,892 - 接收 : 2C 00 00 40 4B 2C 18 2D 09 2D 14 20 11 3A 1F
2024-09-20 17:31:45,908 - 接收 : 3A 25 2C 48 11 2C 01 2E 2C 00 00 FB BB 2C 00 00
2024-09-20 17:31:45,926 - 接收 : 00 00 2C 00 00 00 00 2C 00 00 5A 9F 0D 0A
2024-09-20 17:31:52,100 - 接收 : A9 9A 34 25 3A
2024-09-20 17:31:52,115 - 接收 : CE B8 2C 00 00 40 4C 2C 18 2D 09 2D 14 20 11
2024-09-20 17:31:52,131 - 接收 : 3A 1F 3A 2C 2C 48 11 2C 00 00 2C 00 00 00 00 2C
2024-09-20 17:31:52,147 - 接收 : 00 00 00 00 2C 00 00 00 00 2C 00 00 00 00 0D
2024-09-20 17:31:52,163 - 接收 : 0A
2024-09-20 17:31:52,260 - 接收 : A9 9A 34 25 3A CE B8 2C 00 00
2024-09-20 17:31:52,276 - 接收 : 40 4D 2C 18 2D 09 2D 14 20 11 3A 1F 3A 2C 2C
2024-09-20 17:31:52,292 - 接收 : 48 11 2C 00 00 2C 00 00 00 00 2C 00 00 00 00
2024-09-20 17:31:52,308 - 接收 : 2C 00 00 00 00 2C 00 00 00 00 0D 0A
2024-09-20 17:31:52,420 - 接收 : A9 9A 34 25 3A CE B8 2C 00 00 40
2024-09-20 17:31:52,420 - 接收 : 4E 2C 18
2024-09-20 17:31:52,436 - 接收 : 2D 09 2D 14 20 11 3A 1F 3A 2C 2C 48 11 2C 00 00
2024-09-20 17:31:52,452 - 接收 : 2C 00 00 00 00 2C 00 00 00 00 2C 00 00 00 00
2024-09-20 17:31:52,468 - 接收 : 2C 00 00 00 00 0D 0A
2024-09-20 17:31:52,564 - 接收 : A9 9A 34 25
2024-09-20 17:31:52,580 - 接收 : 3A CE B8 2C 00 00 40 4F 2C 18 2D 09 2D 14 20
2024-09-20 17:31:52,595 - 接收 : 11 3A 1F 3A 2C 2C 48 11 2C 00 00 2C 00 00 00 00
2024-09-20 17:31:52,612 - 接收 : 2C 00 00 00 00 2C 00 00 00 00 2C 00 00 00 00
2024-09-20 17:31:52,627 - 接收 : 0D 0A
2024-09-20 17:31:52,724 - 接收 : A9 9A 34 25 3A CE B8 2C 00
2024-09-20 17:31:52,740 - 接收 : 00 40 50 2C 18 2D 09 2D 14 20 11 3A 1F 3A 2C
2024-09-20 17:31:52,756 - 接收 : 2C 48 11 2C 00 00 2C 00 00 00 00 2C 00 00 00
2024-09-20 17:31:52,771 - 接收 : 00 2C 00 00 00 00 2C 00 00 00 00 0D 0A
2024-09-20 17:31:52,883 - 接收 : A9 9A 34 25 3A CE BA 2C 00 00 40 51 2C
2024-09-20 17:31:52,900 - 接收 : 18 2D 09 2D 14 20 11 3A 1F 3A 2C 2C 48 11 2C 01
2024-09-20 17:31:52,916 - 接收 : 2E 2C 00 00 FB BC 2C 00 00 00 00 2C 00 00 00
2024-09-20 17:31:52,932 - 接收 : 00 2C 00 00 5A 9F 0D 0A
2024-09-20 17:31:57,107 - 接收 : A9 9A 34 25 3A CE B8 2C 00 00 40 52 2C 18 2D
2024-09-20 17:31:57,123 - 接收 : 09 2D 14 20 11 3A 1F 3A 31 2C 48 0A 2C 00 00
2024-09-20 17:31:57,139 - 接收 : 2C 00 00 00 00 2C 00 00 00 00 2C 00 00 00 00
2024-09-20 17:31:57,155 - 接收 : 2C 00 00 00 00 0D 0A
2024-09-20 17:31:57,250 - 接收 : A9 9A 34 25
2024-09-20 17:31:57,266 - 接收 : 3A CE B8 2C 00 00 40 53 2C 18 2D 09 2D 14 20
2024-09-20 17:31:57,282 - 接收 : 11 3A 1F 3A 31 2C 48 0A 2C 00 00 2C 00 00 00 00
2024-09-20 17:31:57,298 - 接收 : 2C 00 00 00 00 2C 00 00 00 00 2C 00 00 00 00
2024-09-20 17:31:57,314 - 接收 : 0D 0A
2024-09-20 17:31:57,410 - 接收 : A9 9A 34 25 3A CE B8 2C 00
2024-09-20 17:31:57,426 - 接收 : 00 40 54 2C 18 2D 09 2D 14 20 11 3A 1F 3A 31
2024-09-20 17:31:57,442 - 接收 : 2C 48 0A 2C 00 00 2C 00 00 00 00 2C 00 00 00
2024-09-20 17:31:57,458 - 接收 : 00 2C 00 00 00 00 2C 00 00 00 00 0D 0A
2024-09-20 17:31:57,571 - 接收 : A9 9A 34 25 3A CE B8 2C 00 00 40 55 2C 18
2024-09-20 17:31:57,586 - 接收 : 2D 09 2D 14 20 11 3A 1F 3A 31 2C 48 0A 2C 00
2024-09-20 17:31:57,602 - 接收 : 00 2C 00 00 00 00 2C 00 00 00 00 2C 00 00 00
2024-09-20 17:31:57,618 - 接收 : 00 2C 00 00 00 00 0D 0A
2024-09-20 17:31:57,714 - 接收 : A9 9A 34
2024-09-20 17:31:57,730 - 接收 : 25 3A CE B8 2C 00 00 40 56 2C 18 2D 09 2D 14
2024-09-20 17:31:57,746 - 接收 : 20 11 3A 1F 3A 31 2C 48 0A 2C 00 00 2C 00 00 00
2024-09-20 17:31:57,762 - 接收 : 00 2C 00 00 00 00 2C 00 00 00 00 2C 00 00 00
2024-09-20 17:31:57,778 - 接收 : 00 0D 0A
2024-09-20 17:31:57,874 - 接收 : A9 9A 34 25 3A CE BA 2C
2024-09-20 17:31:57,890 - 接收 : 00 00 40 57 2C 18 2D 09 2D 14 20 11 3A 1F 3A
2024-09-20 17:31:57,906 - 接收 : 31 2C 48 0A 2C 01 2E 2C 00 00 FB BC 2C 00 00
2024-09-20 17:31:57,922 - 接收 : 00 00 2C 00 00 00 00 2C 00 00 5A 9F 0D 0A
2024-09-20 17:32:04,097 - 接收 : A9 9A 34 25 3A CE
2024-09-20 17:32:04,113 - 接收 : B8 2C 00 00 40 58 2C 18 2D 09 2D 14 20 11 3A
2024-09-20 17:32:04,129 - 接收 : 1F 3A 38 2C 48 18 2C 00 00 2C 00 00 00 00 2C
2024-09-20 17:32:04,145 - 接收 : 00 00 00 00 2C 00 00 00 00 2C 00 00 00 00 0D 0A
2024-09-20 17:32:04,257 - 接收 : A9 9A 34 25 3A CE B8 2C 00 00 40
2024-09-20 17:32:04,273 - 接收 : 59 2C 18 2D 09 2D 14 20 11 3A 1F 3A 38 2C 48
2024-09-20 17:32:04,289 - 接收 : 18 2C 00 00 2C 00 00 00 00 2C 00 00 00 00 2C
2024-09-20 17:32:04,305 - 接收 : 00 00 00 00 2C 00 00 00 00 0D 0A
2024-09-20 17:32:04,417 - 接收 : A9 9A 34 25 3A CE B8 2C 00 00 40 5A 2C 18 2D
2024-09-20 17:32:04,433 - 接收 : 09 2D 14 20 11 3A 1F 3A 38 2C 48 18 2C 00 00 2C
2024-09-20 17:32:04,449 - 接收 : 00 00 00 00 2C 00 00 00 00 2C 00 00 00 00 2C
2024-09-20 17:32:04,465 - 接收 : 00 00 00 00 0D 0A
2024-09-20 17:32:04,561 - 接收 : A9 9A 34 25 3A
2024-09-20 17:32:04,577 - 接收 : CE B8 2C 00 00 40 5B 2C 18 2D 09 2D 14 20 11
2024-09-20 17:32:04,593 - 接收 : 3A 1F 3A 38 2C 48 18 2C 00 00 2C 00 00 00 00
2024-09-20 17:32:04,609 - 接收 : 2C 00 00 00 00 2C 00 00 00 00 2C 00 00 00 00 0D
2024-09-20 17:32:04,625 - 接收 : 0A
2024-09-20 17:32:04,721 - 接收 : A9 9A 34 25 3A CE B8 2C 00
2024-09-20 17:32:04,737 - 接收 : 00 40 5C 2C 18 2D 09 2D 14 20 11 3A 1F 3A 38 2C
2024-09-20 17:32:04,752 - 接收 : 48 18 2C 00 00 2C 00 00 00 00 2C 00 00 00 00
2024-09-20 17:32:04,769 - 接收 : 2C 00 00 00 00 2C 00 00 00 00 0D 0A
2024-09-20 17:32:04,881 - 接收 : A9 9A 34 25 3A CE BA 2C 00 00 40 5D 2C 18
2024-09-20 17:32:04,897 - 接收 : 2D 09 2D 14 20 11 3A 1F 3A 38 2C 48 18 2C 01 2E
2024-09-20 17:32:04,913 - 接收 : 2C 00 00 FB BB 2C 00 00 00 00 2C 00 00 00
2024-09-20 17:32:04,913 - 接收 : 00
2024-09-20 17:32:04,929 - 接收 : 2C 00 00 5A 9F 0D 0A
2024-09-20 17:32:09,104 - 接收 : A9 9A 34 25 3A CE B8 2C 00 00 40 5E
2024-09-20 17:32:09,120 - 接收 : 2C 18 2D 09 2D 14 20 11 3A 20 3A 01 2C 48 11
2024-09-20 17:32:09,136 - 接收 : 2C 00 00 2C 00 00 00 00 2C 00 00 00 00 2C 00
2024-09-20 17:32:09,152 - 接收 : 00 00 00 2C 00 00 00 00 0D 0A
2024-09-20 17:32:09,248 - 接收 : A9
2024-09-20 17:32:09,264 - 接收 : 9A 34 25 3A CE B8 2C 00 00 40 5F 2C 18 2D 09
2024-09-20 17:32:09,280 - 接收 : 2D 14 20 11 3A 20 3A 01 2C 48 11 2C 00 00 2C 00
2024-09-20 17:32:09,296 - 接收 : 00 00 00 2C 00 00 00 00 2C 00 00 00 00 2C 00
2024-09-20 17:32:09,312 - 接收 : 00 00 00 0D 0A
2024-09-20 17:32:09,408 - 接收 : A9 9A 34 25 3A CE
2024-09-20 17:32:09,424 - 接收 : B8 2C 00 00 40 60 2C 18 2D 09 2D 14 20 11 3A
2024-09-20 17:32:09,440 - 接收 : 20 3A 01 2C 48 11 2C 00 00 2C 00 00 00 00 2C
2024-09-20 17:32:09,456 - 接收 : 00 00 00 00 2C 00 00 00 00 2C 00 00 00 00 0D 0A
2024-09-20 17:32:09,568 - 接收 : A9 9A 34 25 3A CE B8 2C 00 00 40
2024-09-20 17:32:09,584 - 接收 : 61 2C 18 2D 09 2D 14 20 11 3A 20 3A 01 2C 48
2024-09-20 17:32:09,600 - 接收 : 11 2C 00 00 2C 00 00 00 00 2C 00 00 00 00 2C
2024-09-20 17:32:09,616 - 接收 : 00 00 00 00 2C 00 00 00 00 0D 0A
2024-09-20 17:32:09,728 - 接收 : A9 9A 34 25 3A CE B8 2C 00 00 40 62 2C 18 2D
2024-09-20 17:32:09,744 - 接收 : 09 2D 14 20 11 3A 20 3A 01 2C 48 11 2C 00 00 2C
2024-09-20 17:32:09,760 - 接收 : 00 00 00 00 2C 00 00 00 00 2C 00 00 00 00 2C
2024-09-20 17:32:09,777 - 接收 : 00 00 00 00 0D 0A
2024-09-20 17:32:09,872 - 接收 : A9 9A 34 25 3A
2024-09-20 17:32:09,888 - 接收 : CE BA 2C 00 00 40 63 2C 18 2D 09 2D 14 20 11
2024-09-20 17:32:09,904 - 接收 : 3A 20 3A 01 2C 48 11 2C 01 2E 2C 00 00 FB BC
2024-09-20 17:32:09,920 - 接收 : 2C 00 00 00 00 2C 00 00 00 00 2C 00 00 5A 9F 0D
2024-09-20 17:32:09,936 - 接收 : 0A
2024-09-20 17:32:16,095 - 接收 : A9 9A 34
2024-09-20 17:32:16,111 - 接收 : 25 3A CE B8 2C 00 00 40 64 2C 18 2D 09 2D 14
2024-09-20 17:32:16,127 - 接收 : 20 11 3A 20 3A 08 2C 48 11 2C 00 00 2C 00 00
2024-09-20 17:32:16,143 - 接收 : 00 00 2C 00 00 00 00 2C 00 00 00 00 2C 00 00 00
2024-09-20 17:32:16,159 - 接收 : 00 0D 0A
2024-09-20 17:32:16,254 - 接收 : A9 9A 34 25 3A CE B8
2024-09-20 17:32:16,270 - 接收 : 2C 00 00 40 65 2C 18 2D 09 2D 14 20 11 3A 20 3A
2024-09-20 17:32:16,286 - 接收 : 08 2C 48 11 2C 00 00 2C 00 00 00 00 2C 00 00
2024-09-20 17:32:16,302 - 接收 : 00 00 2C 00 00 00 00 2C 00 00 00 00 0D 0A
2024-09-20 17:32:16,414 - 接收 : A9 9A 34 25 3A CE B8 2C 00 00 40 66
2024-09-20 17:32:16,431 - 接收 : 2C 18 2D 09 2D 14 20 11 3A 20 3A 08 2C 48 11 2C
2024-09-20 17:32:16,447 - 接收 : 00 00 2C 00 00 00 00 2C 00 00 00 00 2C 00 00
2024-09-20 17:32:16,463 - 接收 : 00 00 2C 00 00 00 00 0D 0A
2024-09-20 17:32:16,559 - 接收 : A9 9A
2024-09-20 17:32:16,575 - 接收 : 34 25 3A CE B8 2C 00 00 40 67 2C 18 2D 09 2D
2024-09-20 17:32:16,591 - 接收 : 14 20 11 3A 20 3A 08 2C 48 11 2C 00 00 2C 00
2024-09-20 17:32:16,607 - 接收 : 00 00 00 2C 00 00 00 00 2C 00 00 00 00 2C 00 00
2024-09-20 17:32:16,623 - 接收 : 00 00 0D 0A
2024-09-20 17:32:16,719 - 接收 : A9 9A 34 25 3A CE
2024-09-20 17:32:16,735 - 接收 : B8 2C 00 00 40 68 2C 18 2D 09 2D 14 20 11 3A 20
2024-09-20 17:32:16,750 - 接收 : 3A 08 2C 48 11 2C 00 00 2C 00 00 00 00 2C 00
2024-09-20 17:32:16,767 - 接收 : 00 00 00 2C 00 00 00 00 2C 00 00 00 00 0D 0A
2024-09-20 17:32:16,878 - 接收 : A9 9A 34 25 3A CE BA 2C 00 00 40
2024-09-20 17:32:16,894 - 接收 : 69 2C 18 2D 09 2D 14 20 11 3A 20 3A 08 2C 48 11
2024-09-20 17:32:16,910 - 接收 : 2C 01 2E 2C 00 00 FB BF 2C 00 00 00 00 2C 00
2024-09-20 17:32:16,926 - 接收 : 00 00 00 2C 00 00 5A A1 0D 0A
2024-09-20 17:32:21,102 - 接收 : A9 9A 34 25 3A CE B8 2C 00
2024-09-20 17:32:21,119 - 接收 : 00 40 6A 2C 18 2D 09 2D 14 20 11 3A 20 3A 0D
2024-09-20 17:32:21,134 - 接收 : 2C 48 11 2C 00 00 2C 00 00 00 00 2C 00 00 00
2024-09-20 17:32:21,150 - 接收 : 00 2C 00 00 00 00 2C 00 00 00 00 0D 0A
2024-09-20 17:32:21,261 - 接收 : A9 9A 34 25 3A CE B8 2C 00 00 40 6B 2C
2024-09-20 17:32:21,277 - 接收 : 18 2D 09 2D 14 20 11 3A 20 3A 0D 2C 48 11 2C 00
2024-09-20 17:32:21,293 - 接收 : 00 2C 00 00 00 00 2C 00 00 00 00 2C 00 00 00
2024-09-20 17:32:21,309 - 接收 : 00 2C 00 00 00 00 0D 0A
2024-09-20 17:32:21,406 - 接收 : A9 9A 34
2024-09-20 17:32:21,422 - 接收 : 25 3A CE B8 2C 00 00 40 6C 2C 18 2D 09 2D 14
2024-09-20 17:32:21,438 - 接收 : 20 11 3A 20 3A 0D 2C 48 11 2C 00 00 2C 00 00
2024-09-20 17:32:21,454 - 接收 : 00 00 2C 00 00 00 00 2C 00 00 00 00 2C 00 00 00
2024-09-20 17:32:21,470 - 接收 : 00 0D 0A
2024-09-20 17:32:21,566 - 接收 : A9 9A 34 25 3A CE B8
2024-09-20 17:32:21,582 - 接收 : 2C 00 00 40 6D 2C 18 2D 09 2D 14 20 11 3A 20 3A
2024-09-20 17:32:21,598 - 接收 : 0D 2C 48 11 2C 00 00 2C 00 00 00 00 2C 00 00
2024-09-20 17:32:21,613 - 接收 : 00 00 2C 00 00 00 00 2C 00 00 00 00 0D 0A
2024-09-20 17:32:21,725 - 接收 : A9 9A 34 25 3A CE B8 2C 00 00 40 6E
2024-09-20 17:32:21,741 - 接收 : 2C 18 2D 09 2D 14 20 11 3A 20 3A 0D 2C 48 11
2024-09-20 17:32:21,758 - 接收 : 2C 00 00 2C 00 00 00 00 2C 00 00 00 00 2C 00 00
2024-09-20 17:32:21,773 - 接收 : 00 00 2C 00 00 00 00 0D 0A
2024-09-20 17:32:21,869 - 接收 : A9
2024-09-20 17:32:21,885 - 接收 : 9A 34 25 3A CE BA 2C 00 00 40 6F 2C 18 2D 09 2D
2024-09-20 17:32:21,901 - 接收 : 14 20 11 3A 20 3A 0D 2C 48 11 2C 01 2E 2C 00
2024-09-20 17:32:21,917 - 接收 : 00 FB BC 2C 00 00 00 00 2C 00 00 00 00 2C 00
2024-09-20 17:32:21,933 - 接收 : 00 5A 9F 0D 0A
2024-09-20 17:32:28,104 - 接收 : A9 9A 34 25 3A CE B8 2C 00 00 40
2024-09-20 17:32:28,120 - 接收 : 70 2C 18 2D 09 2D 14 20 11 3A 20 3A 14 2C 48
2024-09-20 17:32:28,136 - 接收 : 11 2C 00 00 2C 00 00 00 00 2C 00 00 00 00 2C 00
2024-09-20 17:32:28,152 - 接收 : 00 00 00 2C 00 00 00 00 0D 0A
2024-09-20 17:32:28,264 - 接收 : A9 9A 34 25 3A CE B8 2C 00 00 40 71 2C 18 2D 09
2024-09-20 17:32:28,280 - 接收 : 2D 14 20 11 3A 20 3A 14 2C 48 11 2C 00 00 2C
2024-09-20 17:32:28,296 - 接收 : 00 00 00 00 2C 00 00 00 00 2C 00 00 00 00 2C
2024-09-20 17:32:28,312 - 接收 : 00 00 00 00 0D 0A
2024-09-20 17:32:28,408 - 接收 : A9 9A 34 25 3A
2024-09-20 17:32:28,424 - 接收 : CE B8 2C 00 00 40 72 2C 18 2D 09 2D 14 20 11
2024-09-20 17:32:28,440 - 接收 : 3A 20 3A 14 2C 48 11 2C 00 00 2C 00 00 00 00 2C
2024-09-20 17:32:28,456 - 接收 : 00 00 00 00 2C 00 00 00 00 2C 00 00 00 00 0D
2024-09-20 17:32:28,472 - 接收 : 0A
2024-09-20 17:32:28,568 - 接收 : A9 9A 34 25 3A CE B8 2C 00 00
2024-09-20 17:32:28,584 - 接收 : 40 73 2C 18 2D 09 2D 14 20 11 3A 20 3A 14 2C
2024-09-20 17:32:28,600 - 接收 : 48 11 2C 00 00 2C 00 00 00 00 2C 00 00 00 00
2024-09-20 17:32:28,616 - 接收 : 2C 00 00 00 00 2C 00 00 00 00 0D 0A
2024-09-20 17:32:28,728 - 接收 : A9 9A 34 25 3A CE B8 2C 00 00 40 74 2C 18
2024-09-20 17:32:28,744 - 接收 : 2D 09 2D 14 20 11 3A 20 3A 14 2C 48 11 2C 00 00
2024-09-20 17:32:28,760 - 接收 : 2C 00 00 00 00 2C 00 00 00 00 2C 00 00 00 00
2024-09-20 17:32:28,776 - 接收 : 2C 00 00 00 00 0D 0A
2024-09-20 17:32:28,872 - 接收 : A9 9A 34 25
2024-09-20 17:32:28,888 - 接收 : 3A CE BA 2C 00 00 40 75 2C 18 2D 09 2D 14 20
2024-09-20 17:32:28,904 - 接收 : 11 3A 20 3A 14 2C 48 11 2C 01 2E 2C 00 00 FB
2024-09-20 17:32:28,919 - 接收 : BA 2C 00 00 00 00 2C 00 00 00 00 2C 00 00 5A 9F
2024-09-20 17:32:28,935 - 接收 : 0D 0A
2024-09-20 17:32:33,108 - 接收 : A9 9A 34 25 3A CE B8 2C 00 00 40 76 2C 18
2024-09-20 17:32:33,124 - 接收 : 2D 09 2D 14 20 11 3A 20 3A 19 2C 48 11 2C 00
2024-09-20 17:32:33,140 - 接收 : 00 2C 00 00 00 00 2C 00 00 00 00 2C 00 00 00 00
2024-09-20 17:32:33,156 - 接收 : 2C 00 00 00 00 0D 0A
2024-09-20 17:32:33,252 - 接收 : A9 9A 34
2024-09-20 17:32:33,268 - 接收 : 25 3A CE B8 2C 00 00 40 77 2C 18 2D 09 2D 14 20
2024-09-20 17:32:33,284 - 接收 : 11 3A 20 3A 19 2C 48 11 2C 00 00 2C 00 00 00
2024-09-20 17:32:33,300 - 接收 : 00 2C 00 00 00 00 2C 00 00 00 00 2C 00 00 00
2024-09-20 17:32:33,316 - 接收 : 00 0D 0A
2024-09-20 17:32:33,412 - 接收 : A9 9A 34 25 3A CE B8 2C
2024-09-20 17:32:33,428 - 接收 : 00 00 40 78 2C 18 2D 09 2D 14 20 11 3A 20 3A
2024-09-20 17:32:33,444 - 接收 : 19 2C 48 11 2C 00 00 2C 00 00 00 00 2C 00 00 00
2024-09-20 17:32:33,460 - 接收 : 00 2C 00 00 00 00 2C 00 00 00 00 0D 0A
2024-09-20 17:32:33,572 - 接收 : A9 9A 34 25 3A CE B8 2C 00 00 40 79 2C
2024-09-20 17:32:33,588 - 接收 : 18 2D 09 2D 14 20 11 3A 20 3A 19 2C 48 11 2C
2024-09-20 17:32:33,604 - 接收 : 00 00 2C 00 00 00 00 2C 00 00 00 00 2C 00 00
2024-09-20 17:32:33,620 - 接收 : 00 00 2C 00 00 00 00 0D 0A
2024-09-20 17:32:33,715 - 接收 : A9 9A
2024-09-20 17:32:33,732 - 接收 : 34 25 3A CE B8 2C 00 00 40 7A 2C 18 2D 09 2D
2024-09-20 17:32:33,747 - 接收 : 14 20 11 3A 20 3A 19 2C 48 11 2C 00 00 2C 00 00
2024-09-20 17:32:33,763 - 接收 : 00 00 2C 00 00 00 00 2C 00 00 00 00 2C 00 00
2024-09-20 17:32:33,779 - 接收 : 00 00 0D 0A
2024-09-20 17:32:33,875 - 接收 : A9 9A 34 25 3A CE BA
2024-09-20 17:32:33,892 - 接收 : 2C 00 00 40 7B 2C 18 2D 09 2D 14 20 11 3A 20
2024-09-20 17:32:33,908 - 接收 : 3A 19 2C 48 11 2C 01 2E 2C 00 00 FB B9 2C 00
2024-09-20 17:32:33,924 - 接收 : 00 00 00 2C 00 00 00 00 2C 00 00 5A 9E 0D 0A
2024-09-20 17:32:40,094 - 接收 : A9
2024-09-20 17:32:40,110 - 接收 : 9A 34 25 3A CE B8 2C 00 00 40 7C 2C 18 2D 09
2024-09-20 17:32:40,126 - 接收 : 2D 14 20 11 3A 20 3A 20 2C 48 11 2C 00 00 2C 00
2024-09-20 17:32:40,142 - 接收 : 00 00 00 2C 00 00 00 00 2C 00 00 00 00 2C 00
2024-09-20 17:32:40,158 - 接收 : 00 00 00 0D 0A
2024-09-20 17:32:40,254 - 接收 : A9 9A 34 25 3A CE
2024-09-20 17:32:40,270 - 接收 : B8 2C 00 00 40 7D 2C 18 2D 09 2D 14 20 11 3A
2024-09-20 17:32:40,286 - 接收 : 20 3A 20 2C 48 11 2C 00 00 2C 00 00 00 00 2C
2024-09-20 17:32:40,303 - 接收 : 00 00 00 00 2C 00 00 00 00 2C 00 00 00 00 0D 0A
2024-09-20 17:32:40,415 - 接收 : A9 9A 34 25 3A CE B8 2C 00 00
2024-09-20 17:32:40,431 - 接收 : 40 7E 2C 18 2D 09 2D 14 20 11 3A 20 3A 20 2C 48
2024-09-20 17:32:40,446 - 接收 : 11 2C 00 00 2C 00 00 00 00 2C 00 00 00 00 2C
2024-09-20 17:32:40,462 - 接收 : 00 00 00 00 2C 00 00 00 00 0D 0A
2024-09-20 17:32:40,574 - 接收 : A9 9A 34 25 3A CE B8 2C 00 00 40 7F 2C 18 2D
2024-09-20 17:32:40,590 - 接收 : 09 2D 14 20 11 3A 20 3A 20 2C 48 11 2C 00 00
2024-09-20 17:32:40,606 - 接收 : 2C 00 00 00 00 2C 00 00 00 00 2C 00 00 00 00 2C
2024-09-20 17:32:40,622 - 接收 : 00 00 00 00 0D 0A
2024-09-20 17:32:40,718 - 接收 : A9 9A 34 25
2024-09-20 17:32:40,734 - 接收 : 3A CE B8 2C 00 00 40 80 2C 18 2D 09 2D 14 20 11
2024-09-20 17:32:40,750 - 接收 : 3A 20 3A 20 2C 48 11 2C 00 00 2C 00 00 00 00
2024-09-20 17:32:40,766 - 接收 : 2C 00 00 00 00 2C 00 00 00 00 2C 00 00 00 00
2024-09-20 17:32:40,782 - 接收 : 0D 0A
2024-09-20 17:32:40,878 - 接收 : A9 9A 34 25 3A CE BA 2C 00
2024-09-20 17:32:40,894 - 接收 : 00 40 81 2C 18 2D 09 2D 14 20 11 3A 20 3A 20
2024-09-20 17:32:40,909 - 接收 : 2C 48 11 2C 01 2E 2C 00 00 FB BA 2C 00 00 00 00
2024-09-20 17:32:40,926 - 接收 : 2C 00 00 00 00 2C 00 00 5A 9F 0D 0A
2024-09-20 17:32:45,099 - 接收 : A9 9A 34 25 3A CE B8 2C
2024-09-20 17:32:45,115 - 接收 : 00 00 40 82 2C 18 2D 09 2D 14 20 11 3A 20 3A
2024-09-20 17:32:45,131 - 接收 : 25 2C 48 11 2C 00 00 2C 00 00 00 00 2C 00 00
2024-09-20 17:32:45,147 - 接收 : 00 00 2C 00 00 00 00 2C 00 00 00 00 0D 0A
2024-09-20 17:32:45,259 - 接收 : A9 9A 34 25 3A CE B8 2C 00 00 40 83
2024-09-20 17:32:45,274 - 接收 : 2C 18 2D 09 2D 14 20 11 3A 20 3A 25 2C 48 11 2C
2024-09-20 17:32:45,290 - 接收 : 00 00 2C 00 00 00 00 2C 00 00 00 00 2C 00 00
2024-09-20 17:32:45,306 - 接收 : 00 00 2C 00 00 00 00 0D 0A
2024-09-20 17:32:45,402 - 接收 : A9 9A
2024-09-20 17:32:45,418 - 接收 : 34 25 3A CE B8 2C 00 00 40 84 2C 18 2D 09 2D
2024-09-20 17:32:45,434 - 接收 : 14 20 11 3A 20 3A 25 2C 48 11 2C 00 00 2C 00
2024-09-20 17:32:45,450 - 接收 : 00 00 00 2C 00 00 00 00 2C 00 00 00 00 2C 00 00
2024-09-20 17:32:45,466 - 接收 : 00 00 0D 0A
2024-09-20 17:32:45,562 - 接收 : A9 9A 34 25 3A CE
2024-09-20 17:32:45,578 - 接收 : B8 2C 00 00 40 85 2C 18 2D 09 2D 14 20 11 3A 20
2024-09-20 17:32:45,594 - 接收 : 3A 25 2C 48 11 2C 00 00 2C 00 00 00 00 2C 00
2024-09-20 17:32:45,610 - 接收 : 00 00 00 2C 00 00 00 00 2C 00 00 00 00 0D 0A
2024-09-20 17:32:45,722 - 接收 : A9 9A 34 25 3A CE B8 2C 00 00 40
2024-09-20 17:32:45,738 - 接收 : 86 2C 18 2D 09 2D 14 20 11 3A 20 3A 25 2C 48
2024-09-20 17:32:45,754 - 接收 : 11 2C 00 00 2C 00 00 00 00 2C 00 00 00 00 2C 00
2024-09-20 17:32:45,770 - 接收 : 00 00 00 2C 00 00 00 00 0D 0A
2024-09-20 17:32:45,882 - 接收 : A9 9A 34 25 3A CE BA 2C 00 00 40 87 2C 18 2D 09
2024-09-20 17:32:45,898 - 接收 : 2D 14 20 11 3A 20 3A 25 2C 48 11 2C 01 2E 2C
2024-09-20 17:32:45,914 - 接收 : 00 00 FB B7 2C 00 00 00 00 2C 00 00 00 00 2C
2024-09-20 17:32:45,930 - 接收 : 00 00 5A 9E 0D 0A
2024-09-20 17:32:52,101 - 接收 : A9 9A 34 25 3A CE B8 2C 00 00
2024-09-20 17:32:52,117 - 接收 : 40 88 2C 18 2D 09 2D 14 20 11 3A 20 3A 2C 2C
2024-09-20 17:32:52,133 - 接收 : 48 11 2C 00 00 2C 00 00 00 00 2C 00 00 00 00 2C
2024-09-20 17:32:52,149 - 接收 : 00 00 00 00 2C 00 00 00 00 0D 0A
2024-09-20 17:32:52,261 - 接收 : A9 9A 34 25 3A CE B8 2C 00 00 40 89 2C 18 2D
2024-09-20 17:32:52,277 - 接收 : 09 2D 14 20 11 3A 20 3A 2C 2C 48 11 2C 00 00
2024-09-20 17:32:52,293 - 接收 : 2C 00 00 00 00 2C 00 00 00 00 2C 00 00 00 00
2024-09-20 17:32:52,309 - 接收 : 2C 00 00 00 00 0D 0A
2024-09-20 17:32:52,405 - 接收 : A9 9A 34 25
2024-09-20 17:32:52,421 - 接收 : 3A CE B8 2C 00 00 40 8A 2C 18 2D 09 2D 14 20
2024-09-20 17:32:52,437 - 接收 : 11 3A 20 3A 2C 2C 48 11 2C 00 00 2C 00 00 00 00
2024-09-20 17:32:52,453 - 接收 : 2C 00 00 00 00 2C 00 00 00 00 2C 00 00 00 00
2024-09-20 17:32:52,469 - 接收 : 0D 0A
2024-09-20 17:32:52,565 - 接收 : A9 9A 34 25 3A CE B8 2C 00
2024-09-20 17:32:52,581 - 接收 : 00 40 8B 2C 18 2D 09 2D 14 20 11 3A 20 3A 2C
2024-09-20 17:32:52,597 - 接收 : 2C 48 11 2C 00 00 2C 00 00 00 00 2C 00 00 00
2024-09-20 17:32:52,613 - 接收 : 00 2C 00 00 00 00 2C 00 00 00 00 0D 0A
2024-09-20 17:32:52,724 - 接收 : A9 9A 34 25 3A CE B8 2C 00 00 40 8C
2024-09-20 17:32:52,725 - 接收 : 2C
2024-09-20 17:32:52,740 - 接收 : 18 2D 09 2D 14 20 11 3A 20 3A 2C 2C 48 11 2C 00
2024-09-20 17:32:52,756 - 接收 : 00 2C 00 00 00 00 2C 00 00 00 00 2C 00 00 00
2024-09-20 17:32:52,772 - 接收 : 00 2C 00 00 00 00 0D 0A
2024-09-20 17:32:52,869 - 接收 : A9 9A 34
2024-09-20 17:32:52,885 - 接收 : 25 3A CE BA 2C 00 00 40 8D 2C 18 2D 09 2D 14
2024-09-20 17:32:52,901 - 接收 : 20 11 3A 20 3A 2C 2C 48 11 2C 01 2E 2C 00 00 FB
2024-09-20 17:32:52,917 - 接收 : BA 2C 00 00 00 00 2C 00 00 00 00 2C 00 00 5A
2024-09-20 17:32:52,932 - 接收 : 9F 0D 0A
2024-09-20 17:32:57,105 - 接收 : A9 9A 34 25 3A CE B8 2C 00 00 40 8E 2C
2024-09-20 17:32:57,121 - 接收 : 18 2D 09 2D 14 20 11 3A 20 3A 31 2C 48 11 2C
2024-09-20 17:32:57,137 - 接收 : 00 00 2C 00 00 00 00 2C 00 00 00 00 2C 00 00 00
2024-09-20 17:32:57,153 - 接收 : 00 2C 00 00 00 00 0D 0A
2024-09-20 17:32:57,249 - 接收 : A9 9A
2024-09-20 17:32:57,265 - 接收 : 34 25 3A CE B8 2C 00 00 40 8F 2C 18 2D 09 2D 14
2024-09-20 17:32:57,281 - 接收 : 20 11 3A 20 3A 31 2C 48 11 2C 00 00 2C 00 00
2024-09-20 17:32:57,297 - 接收 : 00 00 2C 00 00 00 00 2C 00 00 00 00 2C 00 00
2024-09-20 17:32:57,313 - 接收 : 00 00 0D 0A
2024-09-20 17:32:57,409 - 接收 : A9 9A 34 25 3A CE B8
2024-09-20 17:32:57,425 - 接收 : 2C 00 00 40 90 2C 18 2D 09 2D 14 20 11 3A 20
2024-09-20 17:32:57,441 - 接收 : 3A 31 2C 48 11 2C 00 00 2C 00 00 00 00 2C 00 00
2024-09-20 17:32:57,457 - 接收 : 00 00 2C 00 00 00 00 2C 00 00 00 00 0D 0A
2024-09-20 17:32:57,569 - 接收 : A9 9A 34 25 3A CE B8 2C 00 00 40 91
2024-09-20 17:32:57,585 - 接收 : 2C 18 2D 09 2D 14 20 11 3A 20 3A 31 2C 48 11
2024-09-20 17:32:57,601 - 接收 : 2C 00 00 2C 00 00 00 00 2C 00 00 00 00 2C 00 00
2024-09-20 17:32:57,616 - 接收 : 00 00 2C 00 00 00 00 0D 0A
2024-09-20 17:32:57,713 - 接收 : A9
2024-09-20 17:32:57,729 - 接收 : 9A 34 25 3A CE B8 2C 00 00 40 92 2C 18 2D 09 2D
2024-09-20 17:32:57,745 - 接收 : 14 20 11 3A 20 3A 31 2C 48 11 2C 00 00 2C 00
2024-09-20 17:32:57,761 - 接收 : 00 00 00 2C 00 00 00 00 2C 00 00 00 00 2C 00
2024-09-20 17:32:57,777 - 接收 : 00 00 00 0D 0A
2024-09-20 17:32:57,873 - 接收 : A9 9A 34 25 3A CE
2024-09-20 17:32:57,889 - 接收 : BA 2C 00 00 40 93 2C 18 2D 09 2D 14 20 11 3A
2024-09-20 17:32:57,905 - 接收 : 20 3A 31 2C 48 11 2C 01 2E 2C 00 00 FB BB 2C 00
2024-09-20 17:32:57,921 - 接收 : 00 00 00 2C 00 00 00 00 2C 00 00 5A 9F 0D 0A
2024-09-20 17:33:04,107 - 接收 : A9 9A 34 25 3A CE B8 2C 00 00 40 94 2C 18 2D 09
2024-09-20 17:33:04,123 - 接收 : 2D 14 20 11 3A 20 3A 38 2C 48 11 2C 00 00 2C
2024-09-20 17:33:04,139 - 接收 : 00 00 00 00 2C 00 00 00 00 2C 00 00 00 00 2C
2024-09-20 17:33:04,155 - 接收 : 00 00 00 00 0D 0A
2024-09-20 17:33:04,251 - 接收 : A9 9A 34 25 3A
2024-09-20 17:33:04,267 - 接收 : CE B8 2C 00 00 40 95 2C 18 2D 09 2D 14 20 11
2024-09-20 17:33:04,283 - 接收 : 3A 20 3A 38 2C 48 11 2C 00 00 2C 00 00 00 00 2C
2024-09-20 17:33:04,300 - 接收 : 00 00 00 00 2C 00 00 00 00 2C 00 00 00 00 0D
2024-09-20 17:33:04,315 - 接收 : 0A
2024-09-20 17:33:04,411 - 接收 : A9 9A 34 25 3A CE B8 2C 00 00
2024-09-20 17:33:04,427 - 接收 : 40 96 2C 18 2D 09 2D 14 20 11 3A 20 3A 38 2C
2024-09-20 17:33:04,443 - 接收 : 48 11 2C 00 00 2C 00 00 00 00 2C 00 00 00 00
2024-09-20 17:33:04,459 - 接收 : 2C 00 00 00 00 2C 00 00 00 00 0D 0A
2024-09-20 17:33:04,571 - 接收 : A9 9A 34 25 3A CE B8 2C 00 00 40 97 2C 18
2024-09-20 17:33:04,587 - 接收 : 2D 09 2D 14 20 11 3A 20 3A 38 2C 48 11 2C 00 00
2024-09-20 17:33:04,603 - 接收 : 2C 00 00 00 00 2C 00 00 00 00 2C 00 00 00 00
2024-09-20 17:33:04,619 - 接收 : 2C 00 00 00 00 0D 0A
2024-09-20 17:33:04,715 - 接收 : A9 9A 34 25
2024-09-20 17:33:04,731 - 接收 : 3A CE B8 2C 00 00 40 98 2C 18 2D 09 2D 14 20
2024-09-20 17:33:04,747 - 接收 : 11 3A 20 3A 38 2C 48 11 2C 00 00 2C 00 00 00
2024-09-20 17:33:04,763 - 接收 : 00 2C 00 00 00 00 2C 00 00 00 00 2C 00 00 00 00
2024-09-20 17:33:04,779 - 接收 : 0D 0A
2024-09-20 17:33:04,875 - 接收 : A9 9A 34 25 3A CE BA 2C
2024-09-20 17:33:04,891 - 接收 : 00 00 40 99 2C 18 2D 09 2D 14 20 11 3A 20 3A 38
2024-09-20 17:33:04,907 - 接收 : 2C 48 11 2C 01 2E 2C 00 00 FB B8 2C 00 00 00
2024-09-20 17:33:04,923 - 接收 : 00 2C 00 00 00 00 2C 00 00 5A 9E 0D 0A
2024-09-20 17:33:09,096 - 接收 : A9 9A 34 25
2024-09-20 17:33:09,112 - 接收 : 3A CE B8 2C 00 00 40 9A 2C 18 2D 09 2D 14 20 11
2024-09-20 17:33:09,128 - 接收 : 3A 21 3A 01 2C 48 0A 2C 00 00 2C 00 00 00 00
2024-09-20 17:33:09,144 - 接收 : 2C 00 00 00 00 2C 00 00 00 00 2C 00 00 00 00
2024-09-20 17:33:09,160 - 接收 : 0D 0A
2024-09-20 17:33:09,256 - 接收 : A9 9A 34 25 3A CE B8 2C 00
2024-09-20 17:33:09,272 - 接收 : 00 40 9B 2C 18 2D 09 2D 14 20 11 3A 21 3A 01
2024-09-20 17:33:09,289 - 接收 : 2C 48 0A 2C 00 00 2C 00 00 00 00 2C 00 00 00 00
2024-09-20 17:33:09,304 - 接收 : 2C 00 00 00 00 2C 00 00 00 00 0D 0A
2024-09-20 17:33:09,416 - 接收 : A9 9A 34 25 3A CE B8 2C 00 00 40 9C 2C 18
2024-09-20 17:33:09,432 - 接收 : 2D 09 2D 14 20 11 3A 21 3A 01 2C 48 0A 2C 00
2024-09-20 17:33:09,448 - 接收 : 00 2C 00 00 00 00 2C 00 00 00 00 2C 00 00 00
2024-09-20 17:33:09,464 - 接收 : 00 2C 00 00 00 00 0D 0A
2024-09-20 17:33:09,560 - 接收 : A9 9A 34
2024-09-20 17:33:09,576 - 接收 : 25 3A CE B8 2C 00 00 40 9D 2C 18 2D 09 2D 14 20
2024-09-20 17:33:09,592 - 接收 : 11 3A 21 3A 01 2C 48 0A 2C 00 00
2024-09-20 17:33:09,593 - 接收 : 2C 00 00 00
2024-09-20 17:33:09,608 - 接收 : 00 2C 00 00 00 00 2C 00 00 00 00 2C 00 00 00
2024-09-20 17:33:09,624 - 接收 : 00 0D 0A
2024-09-20 17:33:09,720 - 接收 : A9 9A 34 25 3A CE B8 2C
2024-09-20 17:33:09,736 - 接收 : 00 00 40 9E 2C 18 2D 09 2D 14 20 11 3A 21 3A
2024-09-20 17:33:09,752 - 接收 : 01 2C 48 0A 2C 00 00 2C 00 00 00 00 2C 00 00 00
2024-09-20 17:33:09,768 - 接收 : 00 2C 00 00 00 00 2C 00 00 00 00 0D 0A
2024-09-20 17:33:09,880 - 接收 : A9 9A 34 25 3A CE BA 2C 00 00 40 9F 2C
2024-09-20 17:33:09,896 - 接收 : 18 2D 09 2D 14 20 11 3A 21 3A 01 2C 48 0A 2C
2024-09-20 17:33:09,912 - 接收 : 01 2E 2C 00 00 FB B6 2C 00 00 00 00 2C 00 00
2024-09-20 17:33:09,928 - 接收 : 00 00 2C 00 00 5A 9D 0D 0A
2024-09-20 17:33:16,104 - 接收 : A9 9A 34 25 3A CE B8 2C 00 00 40
2024-09-20 17:33:16,120 - 接收 : A0 2C 18 2D 09 2D 14 20 11 3A 21 3A 08 2C 48
2024-09-20 17:33:16,136 - 接收 : 11 2C 00 00 2C 00 00 00 00 2C 00 00 00 00 2C
2024-09-20 17:33:16,152 - 接收 : 00 00 00 00 2C 00 00 00 00 0D 0A
2024-09-20 17:33:16,263 - 接收 : A9 9A 34 25 3A CE B8 2C 00 00 40 A1 2C 18 2D
2024-09-20 17:33:16,279 - 接收 : 09 2D 14 20 11 3A 21 3A 08 2C 48 11 2C 00 00 2C
2024-09-20 17:33:16,295 - 接收 : 00 00 00 00 2C 00 00 00 00 2C 00 00 00 00 2C
2024-09-20 17:33:16,311 - 接收 : 00 00 00 00 0D 0A
2024-09-20 17:33:16,408 - 接收 : A9 9A 34 25 3A
2024-09-20 17:33:16,423 - 接收 : CE B8 2C 00 00 40 A2 2C 18 2D 09 2D 14 20 11
2024-09-20 17:33:16,439 - 接收 : 3A 21 3A 08 2C 48 11 2C 00 00 2C 00 00 00 00 2C
2024-09-20 17:33:16,455 - 接收 : 00 00 00 00 2C 00 00 00 00 2C 00 00 00 00 0D
2024-09-20 17:33:16,471 - 接收 : 0A
2024-09-20 17:33:16,567 - 接收 : A9 9A 34 25 3A CE B8 2C 00 00
2024-09-20 17:33:16,583 - 接收 : 40 A3 2C 18 2D 09 2D 14 20 11 3A 21 3A 08 2C
2024-09-20 17:33:16,599 - 接收 : 48 11 2C 00 00 2C 00 00 00 00 2C 00 00 00 00
2024-09-20 17:33:16,615 - 接收 : 2C 00 00 00 00 2C 00 00 00 00 0D 0A
2024-09-20 17:33:16,727 - 接收 : A9 9A 34 25 3A CE B8 2C 00 00 40 A4 2C 18
2024-09-20 17:33:16,743 - 接收 : 2D 09 2D 14 20 11 3A 21 3A 08 2C 48 11 2C 00 00
2024-09-20 17:33:16,759 - 接收 : 2C 00 00 00 00 2C 00 00 00 00 2C 00 00 00 00
2024-09-20 17:33:16,775 - 接收 : 2C 00 00 00 00 0D 0A
2024-09-20 17:33:16,871 - 接收 : A9 9A 34 25
2024-09-20 17:33:16,887 - 接收 : 3A CE BA 2C 00 00 40 A5 2C 18 2D 09 2D 14 20
2024-09-20 17:33:16,903 - 接收 : 11 3A 21 3A 08 2C 48 11 2C 01 2E 2C 00 00 FB B6
2024-09-20 17:33:16,921 - 接收 : 2C 00 00 00 00 2C 00 00 00 00 2C 00 00 5A 9D
2024-09-20 17:33:16,935 - 接收 : 0D 0A
2024-09-20 17:33:21,094 - 接收 : A9
2024-09-20 17:33:21,110 - 接收 : 9A 34 25 3A CE B8 2C 00 00 40 A6 2C 18 2D 09 2D
2024-09-20 17:33:21,126 - 接收 : 14 20 11 3A 21 3A 0D 2C 48 0A 2C 00 00 2C 00
2024-09-20 17:33:21,142 - 接收 : 00 00 00 2C 00 00 00 00 2C 00 00 00 00 2C 00
2024-09-20 17:33:21,158 - 接收 : 00 00 00 0D 0A
2024-09-20 17:33:21,254 - 接收 : A9 9A 34 25 3A CE
2024-09-20 17:33:21,270 - 接收 : B8 2C 00 00 40 A7 2C 18 2D 09 2D 14 20 11 3A
2024-09-20 17:33:21,286 - 接收 : 21 3A 0D 2C 48 0A 2C 00 00 2C 00 00 00 00 2C 00
2024-09-20 17:33:21,302 - 接收 : 00 00 00 2C 00 00 00 00 2C 00 00 00 00 0D 0A
