2024-09-20 16:58:10,937 - 接收 : A9 9A 34 25 3A CE
2024-09-20 16:58:10,953 - 接收 : B8 2C 00 00 38 72 2C 18 2D 09 2D 14 20 10 3A
2024-09-20 16:58:10,968 - 接收 : 3A 3A 03 2C 48 1F 2C 00 00 2C 00 00 00 00 2C
2024-09-20 16:58:10,985 - 接收 : 00 00 00 00 2C 00 00 00 00 2C 00 00 00 00 0D 0A
2024-09-20 16:58:11,097 - 接收 : A9 9A 34 25 3A CE B8 2C 00 00
2024-09-20 16:58:11,112 - 接收 : 38 73 2C 18 2D 09 2D 14 20 10 3A 3A 3A 03 2C 48
2024-09-20 16:58:11,128 - 接收 : 1F 2C 00 00 2C 00 00 00 00 2C 00 00 00 00 2C
2024-09-20 16:58:11,144 - 接收 : 00 00 00 00 2C 00 00 00 00 0D 0A
2024-09-20 16:58:11,256 - 接收 : A9 9A 34 25 3A CE B8 2C 00 00 38 74 2C 18 2D
2024-09-20 16:58:11,272 - 接收 : 09 2D 14 20 10 3A 3A 3A 03 2C 48 1F 2C 00 00
2024-09-20 16:58:11,288 - 接收 : 2C 00 00 00 00 2C 00 00 00 00 2C 00 00 00 00 2C
2024-09-20 16:58:11,304 - 接收 : 00 00 00 00 0D 0A
2024-09-20 16:58:11,400 - 接收 : A9 9A 34 25
2024-09-20 16:58:11,416 - 接收 : 3A CE B8 2C 00 00 38 75 2C 18 2D 09 2D 14 20 10
2024-09-20 16:58:11,432 - 接收 : 3A 3A 3A 03 2C 48 1F 2C 00 00 2C 00 00 00 00
2024-09-20 16:58:11,447 - 接收 : 2C 00 00 00 00 2C 00 00 00 00 2C 00 00 00 00 0D
2024-09-20 16:58:11,463 - 接收 : 0A
2024-09-20 16:58:11,560 - 接收 : A9 9A 34 25 3A CE B8 2C 00
2024-09-20 16:58:11,576 - 接收 : 00 38 76 2C 18 2D 09 2D 14 20 10 3A 3A 3A 03
2024-09-20 16:58:11,592 - 接收 : 2C 48 1F 2C 00 00 2C 00 00 00 00 2C 00 00 00 00
2024-09-20 16:58:11,608 - 接收 : 2C 00 00 00 00 2C 00 00 00 00 0D 0A
2024-09-20 16:58:11,719 - 接收 : A9 9A 34 25 3A CE B8 2C 00 00 38 77 2C 18
2024-09-20 16:58:11,735 - 接收 : 2D 09 2D 14 20 10 3A 3A 3A 03 2C 48 1F 2C 00
2024-09-20 16:58:11,751 - 接收 : 00 2C 00 00 00 00 2C 00 00 00 00 2C 00 00 00 00
2024-09-20 16:58:11,767 - 接收 : 2C 00 00 00 00 0D 0A
2024-09-20 16:58:15,941 - 接收 : A9 9A 34 25 3A CE B8 2C 00 00 38 78 2C
2024-09-20 16:58:15,956 - 接收 : 18 2D 09 2D 14 20 10 3A 3A 3A 08 2C 48 11 2C
2024-09-20 16:58:15,972 - 接收 : 00 00 2C 00 00 00 00 2C 00 00 00 00 2C 00 00
2024-09-20 16:58:15,989 - 接收 : 00 00 2C 00 00 00 00 0D 0A
2024-09-20 16:58:16,084 - 接收 : A9 9A
2024-09-20 16:58:16,100 - 接收 : 34 25 3A CE B8 2C 00 00 38 79 2C 18 2D 09 2D
2024-09-20 16:58:16,116 - 接收 : 14 20 10 3A 3A 3A 08 2C 48 11 2C 00 00 2C 00 00
2024-09-20 16:58:16,132 - 接收 : 00 00 2C 00 00 00 00 2C 00 00 00 00 2C 00 00
2024-09-20 16:58:16,148 - 接收 : 00 00 0D 0A
2024-09-20 16:58:16,243 - 接收 : A9 9A 34 25 3A CE B8
2024-09-20 16:58:16,260 - 接收 : 2C 00 00 38 7A 2C 18 2D 09 2D 14 20 10 3A 3A
2024-09-20 16:58:16,276 - 接收 : 3A 08 2C 48 11 2C 00 00 2C 00 00 00 00 2C 00
2024-09-20 16:58:16,292 - 接收 : 00 00 00 2C 00 00 00 00 2C 00 00 00 00 0D 0A
2024-09-20 16:58:16,404 - 接收 : A9 9A 34 25 3A CE B8 2C 00 00 38
2024-09-20 16:58:16,420 - 接收 : 7B 2C 18 2D 09 2D 14 20 10 3A 3A 3A 08 2C 48 11
2024-09-20 16:58:16,436 - 接收 : 2C 00 00 2C 00 00 00 00 2C 00 00 00 00 2C 00
2024-09-20 16:58:16,452 - 接收 : 00 00 00 2C 00 00 00 00 0D 0A
2024-09-20 16:58:16,548 - 接收 : A9
2024-09-20 16:58:16,564 - 接收 : 9A 34 25 3A CE B8 2C 00 00 38 7C 2C 18 2D 09
2024-09-20 16:58:16,580 - 接收 : 2D 14 20 10 3A 3A 3A 08 2C 48 11 2C 00 00 2C
2024-09-20 16:58:16,596 - 接收 : 00 00 00 00 2C 00 00 00 00 2C 00 00 00 00 2C 00
2024-09-20 16:58:16,612 - 接收 : 00 00 00 0D 0A
2024-09-20 16:58:16,708 - 接收 : A9 9A 34 25 3A
2024-09-20 16:58:16,723 - 接收 : CE B8 2C 00 00 38 7D 2C 18 2D 09 2D 14 20 10 3A
2024-09-20 16:58:16,739 - 接收 : 3A 3A 08 2C 48 11 2C 00 00 2C 00 00 00 00 2C
2024-09-20 16:58:16,755 - 接收 : 00 00 00 00 2C 00 00 00 00 2C 00 00 00 00 0D
2024-09-20 16:58:16,771 - 接收 : 0A
2024-09-20 16:58:22,943 - 接收 : A9 9A 34 25 3A CE B8 2C 00 00 38 7E 2C 18 2D
2024-09-20 16:58:22,959 - 接收 : 09 2D 14 20 10 3A 3A 3A 0F 2C 48 18 2C 00 00
2024-09-20 16:58:22,975 - 接收 : 2C 00 00 00 00 2C 00 00 00 00 2C 00 00 00 00 2C
2024-09-20 16:58:22,991 - 接收 : 00 00 00 00 0D 0A
2024-09-20 16:58:23,087 - 接收 : A9 9A 34 25
2024-09-20 16:58:23,103 - 接收 : 3A CE B8 2C 00 00 38 7F 2C 18 2D 09 2D 14 20 10
2024-09-20 16:58:23,119 - 接收 : 3A 3A 3A 0F 2C 48 18 2C 00 00 2C 00 00 00 00
2024-09-20 16:58:23,134 - 接收 : 2C 00 00 00 00 2C 00 00 00 00 2C 00 00 00 00
2024-09-20 16:58:23,151 - 接收 : 0D 0A
2024-09-20 16:58:23,246 - 接收 : A9 9A 34 25 3A CE B8 2C 00
2024-09-20 16:58:23,263 - 接收 : 00 38 80 2C 18 2D 09 2D 14 20 10 3A 3A 3A 0F
2024-09-20 16:58:23,279 - 接收 : 2C 48 18 2C 00 00 2C 00 00 00 00 2C 00 00 00 00
2024-09-20 16:58:23,294 - 接收 : 2C 00 00 00 00 2C 00 00 00 00 0D 0A
2024-09-20 16:58:23,406 - 接收 : A9 9A 34 25 3A CE B8 2C 00 00 38 81 2C 18
2024-09-20 16:58:23,422 - 接收 : 2D 09 2D 14 20 10 3A 3A 3A 0F 2C 48 18 2C 00
2024-09-20 16:58:23,438 - 接收 : 00 2C 00 00 00 00 2C 00 00 00 00 2C 00 00 00
2024-09-20 16:58:23,454 - 接收 : 00 2C 00 00 00 00 0D 0A
2024-09-20 16:58:23,550 - 接收 : A9 9A 34
2024-09-20 16:58:23,567 - 接收 : 25 3A CE B8 2C 00 00 38 82 2C 18 2D 09 2D 14
2024-09-20 16:58:23,583 - 接收 : 20 10 3A 3A 3A 0F 2C 48 18 2C 00 00 2C 00 00 00
2024-09-20 16:58:23,598 - 接收 : 00 2C 00 00 00 00 2C 00 00 00 00 2C 00 00 00
2024-09-20 16:58:23,614 - 接收 : 00 0D 0A
2024-09-20 16:58:23,710 - 接收 : A9 9A 34 25 3A CE B8 2C
2024-09-20 16:58:23,726 - 接收 : 00 00 38 83 2C 18 2D 09 2D 14 20 10 3A 3A 3A
2024-09-20 16:58:23,742 - 接收 : 0F 2C 48 18 2C 00 00 2C 00 00 00 00 2C 00 00
2024-09-20 16:58:23,758 - 接收 : 00 00 2C 00 00 00 00 2C 00 00 00 00 0D 0A
2024-09-20 16:58:27,933 - 接收 : A9 9A 34 25 3A
2024-09-20 16:58:27,950 - 接收 : CE B8 2C 00 00 38 84 2C 18 2D 09 2D 14 20 10
2024-09-20 16:58:27,966 - 接收 : 3A 3A 3A 14 2C 48 18 2C 00 00 2C 00 00 00 00 2C
2024-09-20 16:58:27,982 - 接收 : 00 00 00 00 2C 00 00 00 00 2C 00 00 00 00 0D
2024-09-20 16:58:27,998 - 接收 : 0A
2024-09-20 16:58:28,093 - 接收 : A9 9A 34 25 3A CE B8 2C 00 00
2024-09-20 16:58:28,109 - 接收 : 38 85 2C 18 2D 09 2D 14 20 10 3A 3A 3A 14 2C
2024-09-20 16:58:28,125 - 接收 : 48 18 2C 00 00 2C 00 00 00 00 2C 00 00 00 00 2C
2024-09-20 16:58:28,141 - 接收 : 00 00 00 00 2C 00 00 00 00 0D 0A
2024-09-20 16:58:28,253 - 接收 : A9 9A 34 25 3A CE B8 2C 00 00 38 86 2C 18 2D
2024-09-20 16:58:28,269 - 接收 : 09 2D 14 20 10 3A 3A 3A 14 2C 48 18 2C 00 00
2024-09-20 16:58:28,285 - 接收 : 2C 00 00 00 00 2C 00 00 00 00 2C 00 00 00 00
2024-09-20 16:58:28,302 - 接收 : 2C 00 00 00 00 0D 0A
2024-09-20 16:58:28,397 - 接收 : A9 9A 34 25
2024-09-20 16:58:28,413 - 接收 : 3A CE B8 2C 00 00 38 87 2C 18 2D 09 2D 14 20
2024-09-20 16:58:28,429 - 接收 : 10 3A 3A 3A 14 2C 48 18 2C 00 00 2C 00 00 00 00
2024-09-20 16:58:28,445 - 接收 : 2C 00 00 00 00 2C 00 00 00 00 2C 00 00 00 00
2024-09-20 16:58:28,461 - 接收 : 0D 0A
2024-09-20 16:58:28,557 - 接收 : A9 9A 34 25 3A CE B8 2C 00
2024-09-20 16:58:28,573 - 接收 : 00 38 88 2C 18 2D 09 2D 14 20 10 3A 3A 3A 14
2024-09-20 16:58:28,589 - 接收 : 2C 48 18 2C 00 00 2C 00 00 00 00 2C 00 00 00 00
2024-09-20 16:58:28,605 - 接收 : 2C 00 00 00 00 2C 00 00 00 00 0D 0A
2024-09-20 16:58:28,718 - 接收 : A9 9A 34 25 3A CE B8 2C 00 00 38 89 2C 18
2024-09-20 16:58:28,733 - 接收 : 2D 09 2D 14 20 10 3A 3A 3A 14 2C 48 18 2C 00
2024-09-20 16:58:28,749 - 接收 : 00 2C 00 00 00 00 2C 00 00 00 00 2C 00 00 00
2024-09-20 16:58:28,765 - 接收 : 00 2C 00 00 00 00 0D 0A
2024-09-20 16:58:34,940 - 接收 : A9 9A 34 25 3A CE B8 2C 00 00 38 8A
2024-09-20 16:58:34,956 - 接收 : 2C 18 2D 09 2D 14 20 10 3A 3A 3A 1B 2C 48 18
2024-09-20 16:58:34,972 - 接收 : 2C 00 00 2C 00 00 00 00 2C 00 00 00 00 2C 00
2024-09-20 16:58:34,988 - 接收 : 00 00 00 2C 00 00 00 00 0D 0A
2024-09-20 16:58:35,084 - 接收 : A9
2024-09-20 16:58:35,100 - 接收 : 9A 34 25 3A CE B8 2C 00 00 38 8B 2C 18 2D 09
2024-09-20 16:58:35,116 - 接收 : 2D 14 20 10 3A 3A 3A 1B 2C 48 18 2C 00 00 2C 00
2024-09-20 16:58:35,132 - 接收 : 00 00 00 2C 00 00 00 00 2C 00 00 00 00 2C 00
2024-09-20 16:58:35,148 - 接收 : 00 00 00 0D 0A
2024-09-20 16:58:35,244 - 接收 : A9 9A 34 25 3A CE
2024-09-20 16:58:35,260 - 接收 : B8 2C 00 00 38 8C 2C 18 2D 09 2D 14 20 10 3A
2024-09-20 16:58:35,276 - 接收 : 3A 3A 1B 2C 48 18 2C 00 00 2C 00 00 00 00 2C
2024-09-20 16:58:35,292 - 接收 : 00 00 00 00 2C 00 00 00 00 2C 00 00 00 00 0D 0A
2024-09-20 16:58:35,404 - 接收 : A9 9A 34 25 3A CE B8 2C 00 00 38
2024-09-20 16:58:35,420 - 接收 : 8D 2C 18 2D 09 2D 14 20 10 3A 3A 3A 1B 2C 48
2024-09-20 16:58:35,436 - 接收 : 18 2C 00 00 2C 00 00 00 00 2C 00 00 00 00 2C
2024-09-20 16:58:35,452 - 接收 : 00 00 00 00 2C 00 00 00 00 0D 0A
2024-09-20 16:58:35,564 - 接收 : A9 9A 34 25 3A CE B8 2C 00 00 38 8E 2C 18 2D
2024-09-20 16:58:35,580 - 接收 : 09 2D 14 20 10 3A 3A 3A 1B 2C 48 18 2C 00 00 2C
2024-09-20 16:58:35,596 - 接收 : 00 00 00 00 2C 00 00 00 00 2C 00 00 00 00 2C
2024-09-20 16:58:35,612 - 接收 : 00 00 00 00 0D 0A
2024-09-20 16:58:35,708 - 接收 : A9 9A 34 25 3A
2024-09-20 16:58:35,724 - 接收 : CE B8 2C 00 00 38 8F 2C 18 2D 09 2D 14 20 10
2024-09-20 16:58:35,740 - 接收 : 3A 3A 3A 1B 2C 48 18 2C 00 00 2C 00 00 00 00
2024-09-20 16:58:35,756 - 接收 : 2C 00 00 00 00 2C 00 00 00 00 2C 00 00 00 00 0D
2024-09-20 16:58:35,771 - 接收 : 0A
2024-09-20 16:58:39,931 - 接收 : A9 9A
2024-09-20 16:58:39,947 - 接收 : 34 25 3A CE B8 2C 00 00 38 90 2C 18 2D 09 2D
2024-09-20 16:58:39,963 - 接收 : 14 20 10 3A 3A 3A 20 2C 48 18 2C 00 00 2C 00 00
2024-09-20 16:58:39,979 - 接收 : 00 00 2C 00 00 00 00 2C 00 00 00 00 2C 00 00
2024-09-20 16:58:39,995 - 接收 : 00 00 0D 0A
2024-09-20 16:58:40,091 - 接收 : A9 9A 34 25 3A CE B8
2024-09-20 16:58:40,107 - 接收 : 2C 00 00 38 91 2C 18 2D 09 2D 14 20 10 3A 3A
2024-09-20 16:58:40,123 - 接收 : 3A 20 2C 48 18 2C 00 00 2C 00 00 00 00 2C 00 00
2024-09-20 16:58:40,139 - 接收 : 00 00 2C 00 00 00 00 2C 00 00 00 00 0D 0A
2024-09-20 16:58:40,251 - 接收 : A9 9A 34 25 3A CE B8 2C 00 00 38 92
2024-09-20 16:58:40,267 - 接收 : 2C 18 2D 09 2D 14 20 10 3A 3A 3A 20 2C 48 18
2024-09-20 16:58:40,283 - 接收 : 2C 00 00 2C 00 00 00 00 2C 00 00 00 00 2C 00
2024-09-20 16:58:40,299 - 接收 : 00 00 00 2C 00 00 00 00 0D 0A
2024-09-20 16:58:40,395 - 接收 : A9
2024-09-20 16:58:40,411 - 接收 : 9A 34 25 3A CE B8 2C 00 00 38 93 2C 18 2D 09
2024-09-20 16:58:40,427 - 接收 : 2D 14 20 10 3A 3A 3A 20 2C 48 18 2C 00 00 2C 00
2024-09-20 16:58:40,443 - 接收 : 00 00 00 2C 00 00 00 00 2C 00 00 00 00 2C 00
2024-09-20 16:58:40,459 - 接收 : 00 00 00 0D 0A
2024-09-20 16:58:40,555 - 接收 : A9 9A 34 25 3A CE
2024-09-20 16:58:40,571 - 接收 : B8 2C 00 00 38 94 2C 18 2D 09 2D 14 20 10 3A
2024-09-20 16:58:40,587 - 接收 : 3A 3A 20 2C 48 18 2C 00 00 2C 00 00 00 00 2C 00
2024-09-20 16:58:40,603 - 接收 : 00 00 00 2C 00 00 00 00 2C 00 00 00 00 0D 0A
2024-09-20 16:58:40,715 - 接收 : A9 9A 34 25 3A CE B8 2C 00 00 38
2024-09-20 16:58:40,731 - 接收 : 95 2C 18 2D 09 2D 14 20 10 3A 3A 3A 20 2C 48
2024-09-20 16:58:40,747 - 接收 : 18 2C 00 00 2C 00 00 00 00 2C 00 00 00 00 2C
2024-09-20 16:58:40,763 - 接收 : 00 00 00 00 2C 00 00 00 00 0D 0A
2024-09-20 16:58:46,938 - 接收 : A9 9A 34 25 3A CE B8 2C 00
2024-09-20 16:58:46,954 - 接收 : 00 38 96 2C 18 2D 09 2D 14 20 10 3A 3A 3A 27
2024-09-20 16:58:46,970 - 接收 : 2C 48 18 2C 00 00 2C 00 00 00 00 2C 00 00 00
2024-09-20 16:58:46,986 - 接收 : 00 2C 00 00 00 00 2C 00 00 00 00 0D 0A
2024-09-20 16:58:47,098 - 接收 : A9 9A 34 25 3A CE B8 2C 00 00 38 97 2C
2024-09-20 16:58:47,114 - 接收 : 18 2D 09 2D 14 20 10 3A 3A 3A 27 2C 48 18 2C 00
2024-09-20 16:58:47,129 - 接收 : 00 2C 00 00 00 00 2C 00 00 00 00 2C 00 00 00
2024-09-20 16:58:47,145 - 接收 : 00 2C 00 00 00 00 0D 0A
2024-09-20 16:58:47,242 - 接收 : A9 9A 34
2024-09-20 16:58:47,258 - 接收 : 25 3A CE B8 2C 00 00 38 98 2C 18 2D 09 2D 14
2024-09-20 16:58:47,273 - 接收 : 20 10 3A 3A 3A 27 2C 48 18 2C 00 00 2C 00 00
2024-09-20 16:58:47,289 - 接收 : 00 00 2C 00 00 00 00 2C 00 00 00 00 2C 00 00 00
2024-09-20 16:58:47,305 - 接收 : 00 0D 0A
2024-09-20 16:58:47,401 - 接收 : A9 9A 34 25 3A CE B8
2024-09-20 16:58:47,417 - 接收 : 2C 00 00 38 99 2C 18 2D 09 2D 14 20 10 3A 3A 3A
2024-09-20 16:58:47,433 - 接收 : 27 2C 48 18 2C 00 00 2C 00 00 00 00 2C 00 00
2024-09-20 16:58:47,449 - 接收 : 00 00 2C 00 00 00 00 2C 00 00 00 00 0D 0A
2024-09-20 16:58:47,561 - 接收 : A9 9A 34 25 3A CE B8 2C 00 00 38 9A
2024-09-20 16:58:47,577 - 接收 : 2C 18 2D 09 2D 14 20 10 3A 3A 3A 27 2C 48 18
2024-09-20 16:58:47,593 - 接收 : 2C 00 00 2C 00 00 00 00 2C 00 00 00 00 2C 00 00
2024-09-20 16:58:47,609 - 接收 : 00 00 2C 00 00 00 00 0D 0A
2024-09-20 16:58:47,705 - 接收 : A9
2024-09-20 16:58:47,721 - 接收 : 9A 34 25 3A CE B8 2C 00 00 38 9B 2C 18 2D 09 2D
2024-09-20 16:58:47,737 - 接收 : 14 20 10 3A 3A 3A 27 2C 48 18 2C 00 00 2C 00
2024-09-20 16:58:47,753 - 接收 : 00 00 00 2C 00 00 00 00 2C 00 00 00 00 2C 00
2024-09-20 16:58:47,769 - 接收 : 00 00 00 0D 0A
2024-09-20 16:58:51,944 - 接收 : A9 9A 34 25 3A CE B8 2C 00 00 38 9C 2C
2024-09-20 16:58:51,960 - 接收 : 18 2D 09 2D 14 20 10 3A 3A 3A 2C 2C 48 11 2C 00
2024-09-20 16:58:51,976 - 接收 : 00 2C 00 00 00 00 2C 00 00 00 00 2C 00 00 00
2024-09-20 16:58:51,992 - 接收 : 00 2C 00 00 00 00 0D 0A
2024-09-20 16:58:52,087 - 接收 : A9 9A 34
2024-09-20 16:58:52,104 - 接收 : 25 3A CE B8 2C 00 00 38 9D 2C 18 2D 09 2D 14
2024-09-20 16:58:52,120 - 接收 : 20 10 3A 3A 3A 2C 2C 48 11 2C 00 00 2C 00 00
2024-09-20 16:58:52,136 - 接收 : 00 00 2C 00 00 00 00 2C 00 00 00 00 2C 00 00 00
2024-09-20 16:58:52,152 - 接收 : 00 0D 0A
2024-09-20 16:58:52,248 - 接收 : A9 9A 34 25 3A CE B8
2024-09-20 16:58:52,263 - 接收 : 2C 00 00 38 9E 2C 18 2D 09 2D 14 20 10 3A 3A 3A
2024-09-20 16:58:52,279 - 接收 : 2C 2C 48 11 2C 00 00 2C 00 00 00 00 2C 00 00
2024-09-20 16:58:52,296 - 接收 : 00 00 2C 00 00 00 00 2C 00 00 00 00 0D 0A
2024-09-20 16:58:52,408 - 接收 : A9 9A 34 25 3A CE B8 2C 00 00 38 9F
2024-09-20 16:58:52,424 - 接收 : 2C 18 2D 09 2D 14 20 10 3A 3A 3A 2C 2C 48 11 2C
2024-09-20 16:58:52,440 - 接收 : 00 00 2C 00 00 00 00 2C 00 00 00 00 2C 00 00
2024-09-20 16:58:52,455 - 接收 : 00 00 2C 00 00 00 00 0D 0A
2024-09-20 16:58:52,552 - 接收 : A9 9A
2024-09-20 16:58:52,567 - 接收 : 34 25 3A CE B8 2C 00 00 38 A0 2C 18 2D 09 2D
2024-09-20 16:58:52,584 - 接收 : 14 20 10 3A 3A 3A 2C 2C 48 11 2C 00 00 2C 00
2024-09-20 16:58:52,599 - 接收 : 00 00 00 2C 00 00 00 00 2C 00 00 00 00 2C 00 00
2024-09-20 16:58:52,615 - 接收 : 00 00 0D 0A
2024-09-20 16:58:52,711 - 接收 : A9 9A 34 25 3A CE
2024-09-20 16:58:52,727 - 接收 : B8 2C 00 00 38 A1 2C 18 2D 09 2D 14 20 10 3A 3A
2024-09-20 16:58:52,743 - 接收 : 3A 2C 2C 48 11 2C 00 00 2C 00 00 00 00 2C 00
2024-09-20 16:58:52,760 - 接收 : 00 00 00 2C 00 00 00 00 2C 00 00 00 00 0D 0A
2024-09-20 16:58:58,947 - 接收 : A9 9A 34 25 3A CE B8 2C 00 00 38 A2 2C 18
2024-09-20 16:58:58,963 - 接收 : 2D 09 2D 14 20 10 3A 3A 3A 33 2C 48 11 2C 00
2024-09-20 16:58:58,980 - 接收 : 00 2C 00 00 00 00 2C 00 00 00 00 2C 00 00 00
2024-09-20 16:58:58,996 - 接收 : 00 2C 00 00 00 00 0D 0A
2024-09-20 16:58:59,092 - 接收 : A9 9A 34
2024-09-20 16:58:59,108 - 接收 : 25 3A CE B8 2C 00 00 38 A3 2C 18 2D 09 2D 14
2024-09-20 16:58:59,124 - 接收 : 20 10 3A 3A 3A 33 2C 48 11 2C 00 00 2C 00 00 00
2024-09-20 16:58:59,140 - 接收 : 00 2C 00 00 00 00 2C 00 00 00 00 2C 00 00 00
2024-09-20 16:58:59,156 - 接收 : 00 0D 0A
2024-09-20 16:58:59,252 - 接收 : A9 9A 34 25 3A CE B8 2C
2024-09-20 16:58:59,268 - 接收 : 00 00 38 A4 2C 18 2D 09 2D 14 20 10 3A 3A 3A
2024-09-20 16:58:59,284 - 接收 : 33 2C 48 11 2C 00 00 2C 00 00 00 00 2C 00 00
2024-09-20 16:58:59,300 - 接收 : 00 00 2C 00 00 00 00 2C 00 00 00 00 0D 0A
2024-09-20 16:58:59,412 - 接收 : A9 9A 34 25 3A CE B8 2C 00 00 38 A5
2024-09-20 16:58:59,428 - 接收 : 2C 18 2D 09 2D 14 20 10 3A 3A 3A 33 2C 48 11 2C
2024-09-20 16:58:59,444 - 接收 : 00 00 2C 00 00 00 00 2C 00 00 00 00 2C 00 00
2024-09-20 16:58:59,460 - 接收 : 00 00 2C 00 00 00 00 0D 0A
2024-09-20 16:58:59,556 - 接收 : A9 9A
2024-09-20 16:58:59,572 - 接收 : 34 25 3A CE B8 2C 00 00 38 A6 2C 18 2D 09 2D
2024-09-20 16:58:59,588 - 接收 : 14 20 10 3A 3A 3A 33 2C 48 11 2C 00 00 2C 00
2024-09-20 16:58:59,604 - 接收 : 00 00 00 2C 00 00 00 00 2C 00 00 00 00 2C 00 00
2024-09-20 16:58:59,620 - 接收 : 00 00 0D 0A
2024-09-20 16:58:59,716 - 接收 : A9 9A 34 25 3A CE
2024-09-20 16:58:59,805 - 接收 : B8 2C 00 00 38 A7 2C 18 2D 09 2D 14 20 10 3A 3A 3A 33 2C 48 11 2C 00 00 2C 00 00 00 00 2C 00 00 00 00 2C 00 00 00 00 2C 00 00 00 00 0D 0A
2024-09-20 16:59:03,936 - 接收 : A9 9A 34 25 3A CE B8 2C 00
2024-09-20 16:59:03,952 - 接收 : 00 38 A8 2C 18 2D 09 2D 14 20 10 3A 3A 3A 38
2024-09-20 16:59:03,968 - 接收 : 2C 48 11 2C 00 00 2C 00 00 00 00 2C 00 00 00 00
2024-09-20 16:59:03,984 - 接收 : 2C 00 00 00 00 2C 00 00 00 00 0D 0A
2024-09-20 16:59:04,096 - 接收 : A9 9A 34 25 3A CE B8 2C 00 00 38 A9 2C 18
2024-09-20 16:59:04,111 - 接收 : 2D 09 2D 14 20 10 3A 3A 3A 38 2C 48 11 2C 00
2024-09-20 16:59:04,128 - 接收 : 00 2C 00 00 00 00 2C 00 00 00 00 2C 00 00 00
2024-09-20 16:59:04,143 - 接收 : 00 2C 00 00 00 00 0D 0A
2024-09-20 16:59:04,239 - 接收 : A9 9A 34
2024-09-20 16:59:04,256 - 接收 : 25 3A CE B8 2C 00 00 38 AA 2C 18 2D 09 2D 14
2024-09-20 16:59:04,272 - 接收 : 20 10 3A 3A 3A 38 2C 48 11 2C 00 00 2C 00 00 00
2024-09-20 16:59:04,287 - 接收 : 00 2C 00 00 00 00 2C 00 00 00 00 2C 00 00 00
2024-09-20 16:59:04,304 - 接收 : 00 0D 0A
2024-09-20 16:59:04,399 - 接收 : A9 9A 34 25 3A CE B8 2C
2024-09-20 16:59:04,415 - 接收 : 00 00 38 AB 2C 18 2D 09 2D 14 20 10 3A 3A 3A
2024-09-20 16:59:04,431 - 接收 : 38 2C 48 11 2C 00 00 2C 00 00 00 00 2C 00 00
2024-09-20 16:59:04,447 - 接收 : 00 00 2C 00 00 00 00 2C 00 00 00 00 0D 0A
2024-09-20 16:59:04,559 - 接收 : A9 9A 34 25 3A CE B8 2C 00 00 38 AC
2024-09-20 16:59:04,575 - 接收 : 2C 18 2D 09 2D 14 20 10 3A 3A 3A 38 2C 48 11 2C
2024-09-20 16:59:04,591 - 接收 : 00 00 2C 00 00 00 00 2C 00 00 00 00 2C 00 00
2024-09-20 16:59:04,607 - 接收 : 00 00 2C 00 00 00 00 0D 0A
2024-09-20 16:59:04,703 - 接收 : A9 9A
2024-09-20 16:59:04,719 - 接收 : 34 25 3A CE B8 2C 00 00 38 AD 2C 18 2D 09 2D
2024-09-20 16:59:04,735 - 接收 : 14 20 10 3A 3A 3A 38 2C 48 11 2C 00 00 2C 00
2024-09-20 16:59:04,751 - 接收 : 00 00 00 2C 00 00 00 00 2C 00 00 00 00 2C 00 00
2024-09-20 16:59:04,767 - 接收 : 00 00 0D 0A
2024-09-20 16:59:10,938 - 接收 : A9 9A 34 25 3A CE B8
2024-09-20 16:59:10,954 - 接收 : 2C 00 00 38 AE 2C 18 2D 09 2D 14 20 10 3A 3B 3A
2024-09-20 16:59:10,970 - 接收 : 03 2C 48 11 2C 00 00 2C 00 00 00 00 2C 00 00
2024-09-20 16:59:10,986 - 接收 : 00 00 2C 00 00 00 00 2C 00 00 00 00 0D 0A
2024-09-20 16:59:11,098 - 接收 : A9 9A 34 25 3A CE B8 2C 00 00 38 AF
2024-09-20 16:59:11,115 - 接收 : 2C 18 2D 09 2D 14 20 10 3A 3B 3A 03 2C 48 11
2024-09-20 16:59:11,130 - 接收 : 2C 00 00 2C 00 00 00 00 2C 00 00 00 00 2C 00 00
2024-09-20 16:59:11,146 - 接收 : 00 00 2C 00 00 00 00 0D 0A
2024-09-20 16:59:11,242 - 接收 : A9
2024-09-20 16:59:11,258 - 接收 : 9A 34 25 3A CE B8 2C 00 00 38 B0 2C 18 2D 09 2D
2024-09-20 16:59:11,274 - 接收 : 14 20 10 3A 3B 3A 03 2C 48 11 2C 00 00 2C 00
2024-09-20 16:59:11,290 - 接收 : 00 00 00 2C 00 00 00 00 2C 00 00 00 00 2C 00
2024-09-20 16:59:11,306 - 接收 : 00 00 00 0D 0A
2024-09-20 16:59:11,401 - 接收 : A9 9A 34 25 3A CE
2024-09-20 16:59:11,418 - 接收 : B8 2C 00 00 38 B1 2C 18 2D 09 2D 14 20 10 3A
2024-09-20 16:59:11,434 - 接收 : 3B 3A 03 2C 48 11 2C 00 00 2C 00 00 00 00 2C 00
2024-09-20 16:59:11,450 - 接收 : 00 00 00 2C 00 00 00 00 2C 00 00 00 00 0D 0A
2024-09-20 16:59:11,561 - 接收 : A9 9A 34 25 3A CE B8 2C 00 00 38
2024-09-20 16:59:11,577 - 接收 : B2 2C 18 2D 09 2D 14 20 10 3A 3B 3A 03 2C 48
2024-09-20 16:59:11,593 - 接收 : 11 2C 00 00 2C 00 00 00 00 2C 00 00 00 00 2C
2024-09-20 16:59:11,609 - 接收 : 00 00 00 00 2C 00 00 00 00 0D 0A
2024-09-20 16:59:11,721 - 接收 : A9 9A 34 25 3A CE B8 2C 00 00 38 B3 2C 18 2D
2024-09-20 16:59:11,737 - 接收 : 09 2D 14 20 10 3A 3B 3A 03 2C 48 11 2C 00 00 2C
2024-09-20 16:59:11,753 - 接收 : 00 00 00 00 2C 00 00 00 00 2C 00 00 00 00 2C
2024-09-20 16:59:11,770 - 接收 : 00 00 00 00 0D 0A
2024-09-20 16:59:15,942 - 接收 : A9 9A 34 25 3A CE B8 2C 00 00 38 B4 2C 18 2D
2024-09-20 16:59:15,958 - 接收 : 09 2D 14 20 10 3A 3B 3A 08 2C 48 11 2C 00 00
2024-09-20 16:59:15,975 - 接收 : 2C 00 00 00 00 2C 00 00 00 00 2C 00 00 00 00 2C
2024-09-20 16:59:15,990 - 接收 : 00 00 00 00 0D 0A
2024-09-20 16:59:16,086 - 接收 : A9 9A 34 25
2024-09-20 16:59:16,102 - 接收 : 3A CE B8 2C 00 00 38 B5 2C 18 2D 09 2D 14 20 10
2024-09-20 16:59:16,118 - 接收 : 3A 3B 3A 08 2C 48 11 2C 00 00 2C 00 00 00 00
2024-09-20 16:59:16,134 - 接收 : 2C 00 00 00 00 2C 00 00 00 00 2C 00 00 00 00
2024-09-20 16:59:16,150 - 接收 : 0D 0A
2024-09-20 16:59:16,246 - 接收 : A9 9A 34 25 3A CE B8 2C 00
2024-09-20 16:59:16,262 - 接收 : 00 38 B6 2C 18 2D 09 2D 14 20 10 3A 3B 3A 08
2024-09-20 16:59:16,278 - 接收 : 2C 48 11 2C 00 00 2C 00 00 00 00 2C 00 00 00 00
2024-09-20 16:59:16,293 - 接收 : 2C 00 00 00 00 2C 00 00 00 00 0D 0A
2024-09-20 16:59:16,406 - 接收 : A9 9A 34 25 3A CE B8 2C 00 00 38 B7 2C 18
2024-09-20 16:59:16,422 - 接收 : 2D 09 2D 14 20 10 3A 3B 3A 08 2C 48 11 2C 00
2024-09-20 16:59:16,437 - 接收 : 00 2C 00 00 00 00 2C 00 00 00 00 2C 00 00 00
2024-09-20 16:59:16,453 - 接收 : 00 2C 00 00 00 00 0D 0A
2024-09-20 16:59:16,549 - 接收 : A9 9A 34
2024-09-20 16:59:16,565 - 接收 : 25 3A CE B8 2C 00 00 38 B8 2C 18 2D 09 2D 14
2024-09-20 16:59:16,581 - 接收 : 20 10 3A 3B 3A 08 2C 48 11 2C 00 00 2C 00 00 00
2024-09-20 16:59:16,597 - 接收 : 00 2C 00 00 00 00 2C 00 00 00 00 2C 00 00 00
2024-09-20 16:59:16,613 - 接收 : 00 0D 0A
2024-09-20 16:59:16,709 - 接收 : A9 9A 34 25 3A CE B8 2C
2024-09-20 16:59:16,726 - 接收 : 00 00 38 B9 2C 18 2D 09 2D 14 20 10 3A 3B 3A
2024-09-20 16:59:16,742 - 接收 : 08 2C 48 11 2C 00 00 2C 00 00 00 00 2C 00 00
2024-09-20 16:59:16,758 - 接收 : 00 00 2C 00 00 00 00 2C 00 00 00 00 0D 0A
2024-09-20 16:59:22,928 - 接收 : A9 9A
2024-09-20 16:59:22,944 - 接收 : 34 25 3A CE B8 2C 00 00 38 BA 2C 18 2D 09 2D 14
2024-09-20 16:59:22,960 - 接收 : 20 10 3A 3B 3A 0F 2C 48 11 2C 00 00 2C 00 00
2024-09-20 16:59:22,976 - 接收 : 00 00 2C 00 00 00 00 2C 00 00 00 00 2C 00 00
2024-09-20 16:59:22,992 - 接收 : 00 00 0D 0A
2024-09-20 16:59:23,088 - 接收 : A9 9A 34 25 3A CE B8
2024-09-20 16:59:23,104 - 接收 : 2C 00 00 38 BB 2C 18 2D 09 2D 14 20 10 3A 3B
2024-09-20 16:59:23,120 - 接收 : 3A 0F 2C 48 11 2C 00 00 2C 00 00 00 00 2C 00 00
2024-09-20 16:59:23,136 - 接收 : 00 00 2C 00 00 00 00 2C 00 00 00 00 0D 0A
2024-09-20 16:59:23,249 - 接收 : A9 9A 34 25 3A CE B8 2C 00 00 38 BC
2024-09-20 16:59:23,265 - 接收 : 2C 18 2D 09 2D 14 20 10 3A 3B 3A 0F 2C 48 11
2024-09-20 16:59:23,281 - 接收 : 2C 00 00 2C 00 00 00 00 2C 00 00 00 00 2C 00
2024-09-20 16:59:23,297 - 接收 : 00 00 00 2C 00 00 00 00 0D 0A
2024-09-20 16:59:23,393 - 接收 : A9
2024-09-20 16:59:23,409 - 接收 : 9A 34 25 3A CE B8 2C 00 00 38 BD 2C 18 2D 09
2024-09-20 16:59:23,425 - 接收 : 2D 14 20 10 3A 3B 3A 0F 2C 48 11 2C 00 00 2C 00
2024-09-20 16:59:23,441 - 接收 : 00 00 00 2C 00 00 00 00 2C 00 00 00 00 2C 00
2024-09-20 16:59:23,456 - 接收 : 00 00 00 0D 0A
2024-09-20 16:59:23,552 - 接收 : A9 9A 34 25 3A CE
2024-09-20 16:59:23,568 - 接收 : B8 2C 00 00 38 BE 2C 18 2D 09 2D 14 20 10 3A
2024-09-20 16:59:23,584 - 接收 : 3B 3A 0F 2C 48 11 2C 00 00 2C 00 00 00 00 2C
2024-09-20 16:59:23,600 - 接收 : 00 00 00 00 2C 00 00 00 00 2C 00 00 00 00 0D 0A
2024-09-20 16:59:23,712 - 接收 : A9 9A 34 25 3A CE B8 2C 00 00
2024-09-20 16:59:23,728 - 接收 : 38 BF 2C 18 2D 09 2D 14 20 10 3A 3B 3A 0F 2C 48
2024-09-20 16:59:23,744 - 接收 : 11 2C 00 00 2C 00 00 00 00 2C 00 00 00 00 2C
2024-09-20 16:59:23,760 - 接收 : 00 00 00 00 2C 00 00 00 00 0D 0A
2024-09-20 16:59:40,131 - 接收 : A9 9A 34 25 3A CE B8 2C 00 00 38 C0
2024-09-20 16:59:40,147 - 接收 : 2C 18 2D 09 2D 14 20 10 3A 3B 3A 20 2C 48 04
2024-09-20 16:59:40,163 - 接收 : 2C 00 00 2C 00 00 00 00 2C 00 00 00 00 2C 00 00
2024-09-20 16:59:40,179 - 接收 : 00 00 2C 00 00 00 00 0D 0A
2024-09-20 16:59:40,274 - 接收 : A9
2024-09-20 16:59:40,290 - 接收 : 9A 34 25 3A CE B8 2C 00 00 38 C1 2C 18 2D 09 2D
2024-09-20 16:59:40,306 - 接收 : 14 20 10 3A 3B 3A 20 2C 48 04 2C 00 00 2C 00
2024-09-20 16:59:40,322 - 接收 : 00 00 00 2C 00 00 00 00 2C 00 00 00 00 2C 00
2024-09-20 16:59:40,339 - 接收 : 00 00 00 0D 0A
2024-09-20 16:59:40,435 - 接收 : A9 9A 34 25 3A CE
2024-09-20 16:59:40,451 - 接收 : C0 2C 00 00 38 C2 2C 18 2D 09 2D 14 20 10 3A
2024-09-20 16:59:40,466 - 接收 : 3B 3A 20 2C 48 04 2C 01 33 2C 00 00 99 DA 2C FF
2024-09-20 16:59:40,482 - 接收 : FF FF 0C 2C 00 00 01 6C 2C 00 00 37 63 0D 0A
2024-09-20 16:59:40,595 - 接收 : A9 9A 34 25 3A CE B8 2C 00 00 38
2024-09-20 16:59:40,611 - 接收 : C3 2C 18 2D 09 2D 14 20 10 3A 3B 3A 20 2C 48
2024-09-20 16:59:40,627 - 接收 : 04 2C 00 00 2C 00 00 00 00 2C 00 00 00 00 2C
2024-09-20 16:59:40,642 - 接收 : 00 00 00 00 2C 00 00 00 00 0D 0A
2024-09-20 16:59:40,754 - 接收 : A9 9A 34 25 3A CE B8 2C 00 00 38 C4 2C 18 2D
2024-09-20 16:59:40,770 - 接收 : 09 2D 14 20 10 3A 3B 3A 20 2C 48 04 2C 00 00 2C
2024-09-20 16:59:40,786 - 接收 : 00 00 00 00 2C 00 00 00 00 2C 00 00 00 00 2C
2024-09-20 16:59:40,802 - 接收 : 00 00 00 00 0D 0A
2024-09-20 16:59:40,898 - 接收 : A9 9A 34 25 3A
2024-09-20 16:59:40,914 - 接收 : CE B8 2C 00 00 38 C5 2C 18 2D 09 2D 14 20 10
2024-09-20 16:59:40,930 - 接收 : 3A 3B 3A 20 2C 48 04 2C 00 00 2C 00 00 00 00
2024-09-20 16:59:40,946 - 接收 : 2C 00 00 00 00 2C 00 00 00 00 2C 00 00 00 00 0D
2024-09-20 16:59:40,962 - 接收 : 0A
2024-09-20 16:59:46,126 - 接收 : A9 9A 34 25 3A CE B8 2C 00 00
2024-09-20 16:59:46,142 - 接收 : 38 C6 2C 18 2D 09 2D 14 20 10 3A 3B 3A 26 2C 48
2024-09-20 16:59:46,158 - 接收 : 0A 2C 00 00 2C 00 00 00 00 2C 00 00 00 00 2C
2024-09-20 16:59:46,174 - 接收 : 00 00 00 00 2C 00 00 00 00 0D 0A
2024-09-20 16:59:46,286 - 接收 : A9 9A 34 25 3A CE B8 2C 00 00 38 C7 2C 18 2D
2024-09-20 16:59:46,302 - 接收 : 09 2D 14 20 10 3A 3B 3A 26 2C 48 0A 2C 00 00
2024-09-20 16:59:46,318 - 接收 : 2C 00 00 00 00 2C 00 00 00 00 2C 00 00 00 00 2C
2024-09-20 16:59:46,333 - 接收 : 00 00 00 00 0D 0A
2024-09-20 16:59:46,429 - 接收 : A9 9A 34 25
2024-09-20 16:59:46,446 - 接收 : 3A CE C0 2C 00 00 38 C8 2C 18 2D 09 2D 14 20 10
2024-09-20 16:59:46,462 - 接收 : 3A 3B 3A 26 2C 48 0A 2C 01 33 2C 00 00 99 D9
2024-09-20 16:59:46,477 - 接收 : 2C FF FF FF 0B 2C 00 00 01 6D 2C 00 00 37 62
2024-09-20 16:59:46,494 - 接收 : 0D 0A
2024-09-20 16:59:46,589 - 接收 : A9 9A 34 25 3A CE B8 2C 00
2024-09-20 16:59:46,605 - 接收 : 00 38 C9 2C 18 2D 09 2D 14 20 10 3A 3B 3A 26
2024-09-20 16:59:46,621 - 接收 : 2C 48 0A 2C 00 00 2C 00 00 00 00 2C 00 00 00 00
2024-09-20 16:59:46,637 - 接收 : 2C 00 00 00 00 2C 00 00 00 00 0D 0A
2024-09-20 16:59:46,750 - 接收 : A9 9A 34 25 3A CE B8 2C 00 00 38 CA 2C 18
2024-09-20 16:59:46,766 - 接收 : 2D 09 2D 14 20 10 3A 3B 3A 26 2C 48 0A 2C 00
2024-09-20 16:59:46,782 - 接收 : 00 2C 00 00 00 00 2C 00 00 00 00 2C 00 00 00
2024-09-20 16:59:46,798 - 接收 : 00 2C 00 00 00 00 0D 0A
2024-09-20 16:59:46,893 - 接收 : A9 9A 34
2024-09-20 16:59:46,909 - 接收 : 25 3A CE B8 2C 00 00 38 CB 2C 18 2D 09 2D 14
2024-09-20 16:59:46,925 - 接收 : 20 10 3A 3B 3A 26 2C 48 0A 2C 00 00 2C 00 00 00
2024-09-20 16:59:46,942 - 接收 : 00 2C 00 00 00 00 2C 00 00 00 00 2C 00 00 00
2024-09-20 16:59:46,958 - 接收 : 00 0D 0A
2024-09-20 16:59:52,121 - 接收 : A9 9A 34 25 3A
2024-09-20 16:59:52,137 - 接收 : CE B8 2C 00 00 38 CC 2C 18 2D 09 2D 14 20 10
2024-09-20 16:59:52,153 - 接收 : 3A 3B 3A 2C 2C 48 0A 2C 00 00 2C 00 00 00 00
2024-09-20 16:59:52,169 - 接收 : 2C 00 00 00 00 2C 00 00 00 00 2C 00 00 00 00 0D
2024-09-20 16:59:52,185 - 接收 : 0A
2024-09-20 16:59:52,281 - 接收 : A9 9A 34 25 3A CE B8 2C 00
2024-09-20 16:59:52,297 - 接收 : 00 38 CD 2C 18 2D 09 2D 14 20 10 3A 3B 3A 2C 2C
2024-09-20 16:59:52,313 - 接收 : 48 0A 2C 00 00 2C 00 00 00 00 2C 00 00 00 00
2024-09-20 16:59:52,329 - 接收 : 2C 00 00 00 00 2C 00 00 00 00 0D 0A
2024-09-20 16:59:52,441 - 接收 : A9 9A 34 25 3A CE C0 2C 00 00 38 CE 2C 18
2024-09-20 16:59:52,457 - 接收 : 2D 09 2D 14 20 10 3A 3B 3A 2C 2C 48 0A 2C 01 33
2024-09-20 16:59:52,473 - 接收 : 2C 00 00 99 D9 2C FF FF FF 0B 2C 00 00 01 6D
2024-09-20 16:59:52,489 - 接收 : 2C 00 00 37 62 0D 0A
2024-09-20 16:59:52,585 - 接收 : A9 9A 34
2024-09-20 16:59:52,601 - 接收 : 25 3A CE B8 2C 00 00 38 CF 2C 18 2D 09 2D 14 20
2024-09-20 16:59:52,617 - 接收 : 10 3A 3B 3A 2C 2C 48 0A 2C 00 00 2C 00 00 00
2024-09-20 16:59:52,633 - 接收 : 00 2C 00 00 00 00 2C 00 00 00 00 2C 00 00 00 00
2024-09-20 16:59:52,649 - 接收 : 0D 0A
2024-09-20 16:59:52,744 - 接收 : A9 9A 34 25 3A CE B8 2C
2024-09-20 16:59:52,760 - 接收 : 00 00 38 D0 2C 18 2D 09 2D 14 20 10 3A 3B 3A
2024-09-20 16:59:52,777 - 接收 : 2C 2C 48 0A 2C 00 00 2C 00 00 00 00 2C 00 00 00
2024-09-20 16:59:52,793 - 接收 : 00 2C 00 00 00 00 2C 00 00 00 00 0D 0A
2024-09-20 16:59:52,904 - 接收 : A9 9A 34 25 3A CE B8 2C 00 00 38 D1 2C
2024-09-20 16:59:52,920 - 接收 : 18 2D 09 2D 14 20 10 3A 3B 3A 2C 2C 48 0A 2C
2024-09-20 16:59:52,937 - 接收 : 00 00 2C 00 00 00 00 2C 00 00 00 00 2C 00 00 00
2024-09-20 16:59:52,953 - 接收 : 00 2C 00 00 00 00 0D 0A
2024-09-20 16:59:57,125 - 接收 : A9 9A 34 25 3A CE B8 2C
2024-09-20 16:59:57,142 - 接收 : 00 00 38 D2 2C 18 2D 09 2D 14 20 10 3A 3B 3A
2024-09-20 16:59:57,157 - 接收 : 31 2C 48 0A 2C 00 00 2C 00 00 00 00 2C 00 00
2024-09-20 16:59:57,173 - 接收 : 00 00 2C 00 00 00 00 2C 00 00 00 00 0D 0A
2024-09-20 16:59:57,285 - 接收 : A9 9A 34 25 3A CE B8 2C 00 00 38 D3
2024-09-20 16:59:57,301 - 接收 : 2C 18 2D 09 2D 14 20 10 3A 3B 3A 31 2C 48 0A 2C
2024-09-20 16:59:57,317 - 接收 : 00 00 2C 00 00 00 00 2C 00 00 00 00 2C 00 00
2024-09-20 16:59:57,333 - 接收 : 00 00 2C 00 00 00 00 0D 0A
2024-09-20 16:59:57,429 - 接收 : A9 9A
2024-09-20 16:59:57,445 - 接收 : 34 25 3A CE C0 2C 00 00 38 D4 2C 18 2D 09 2D
2024-09-20 16:59:57,461 - 接收 : 14 20 10 3A 3B 3A 31 2C 48 0A 2C 01 33 2C 00
2024-09-20 16:59:57,477 - 接收 : 00 99 DB 2C FF FF FF 0D 2C 00 00 01 6A 2C 00 00
2024-09-20 16:59:57,493 - 接收 : 37 63 0D 0A
2024-09-20 16:59:57,589 - 接收 : A9 9A 34 25 3A CE
2024-09-20 16:59:57,605 - 接收 : B8 2C 00 00 38 D5 2C 18 2D 09 2D 14 20 10 3A 3B
2024-09-20 16:59:57,621 - 接收 : 3A 31 2C 48 0A 2C 00 00 2C 00 00 00 00 2C 00
2024-09-20 16:59:57,637 - 接收 : 00 00 00 2C 00 00 00 00 2C 00 00 00 00 0D 0A
2024-09-20 16:59:57,749 - 接收 : A9 9A 34 25 3A CE B8 2C 00 00 38
2024-09-20 16:59:57,765 - 接收 : D6 2C 18 2D 09 2D 14 20 10 3A 3B 3A 31 2C 48
2024-09-20 16:59:57,781 - 接收 : 0A 2C 00 00 2C 00 00 00 00 2C 00 00 00 00 2C 00
2024-09-20 16:59:57,797 - 接收 : 00 00 00 2C 00 00 00 00 0D 0A
2024-09-20 16:59:57,908 - 接收 : A9 9A 34 25 3A CE B8 2C 00 00 38 D7 2C 18 2D 09
2024-09-20 16:59:57,924 - 接收 : 2D 14 20 10 3A 3B 3A 31 2C 48 0A 2C 00 00 2C
2024-09-20 16:59:57,940 - 接收 : 00 00 00 00 2C 00 00 00 00 2C 00 00 00 00 2C 00
2024-09-20 16:59:57,956 - 接收 : 00 00 00 0D 0A
2024-09-20 17:00:04,128 - 接收 : A9 9A 34 25 3A CE B8 2C 00 00
2024-09-20 17:00:04,144 - 接收 : 38 D8 2C 18 2D 09 2D 14 20 10 3A 3B 3A 38 2C
2024-09-20 17:00:04,160 - 接收 : 48 0A 2C 00 00 2C 00 00 00 00 2C 00 00 00 00 2C
2024-09-20 17:00:04,176 - 接收 : 00 00 00 00 2C 00 00 00 00 0D 0A
2024-09-20 17:00:04,288 - 接收 : A9 9A 34 25 3A CE B8 2C 00 00 38 D9 2C 18 2D
2024-09-20 17:00:04,304 - 接收 : 09 2D 14 20 10 3A 3B 3A 38 2C 48 0A 2C 00 00
2024-09-20 17:00:04,320 - 接收 : 2C 00 00 00 00 2C 00 00 00 00 2C 00 00 00 00
2024-09-20 17:00:04,337 - 接收 : 2C 00 00 00 00 0D 0A
2024-09-20 17:00:04,432 - 接收 : A9 9A 34 25
2024-09-20 17:00:04,448 - 接收 : 3A CE C0 2C 00 00 38 DA 2C 18 2D 09 2D 14 20
2024-09-20 17:00:04,464 - 接收 : 10 3A 3B 3A 38 2C 48 0A 2C 01 33 2C 00 00 99 D8
2024-09-20 17:00:04,480 - 接收 : 2C FF FF FF 0A 2C 00 00 01 6F 2C 00 00 37 62
2024-09-20 17:00:04,496 - 接收 : 0D 0A
2024-09-20 17:00:04,591 - 接收 : A9 9A 34 25 3A CE B8 2C 00
2024-09-20 17:00:04,608 - 接收 : 00 38 DB 2C 18 2D 09 2D 14 20 10 3A 3B 3A 38
2024-09-20 17:00:04,623 - 接收 : 2C 48 0A 2C 00 00 2C 00 00 00 00 2C 00 00 00
2024-09-20 17:00:04,640 - 接收 : 00 2C 00 00 00 00 2C 00 00 00 00 0D 0A
2024-09-20 17:00:04,751 - 接收 : A9 9A 34 25 3A CE B8 2C 00 00 38 DC 2C
2024-09-20 17:00:04,767 - 接收 : 18 2D 09 2D 14 20 10 3A 3B 3A 38 2C 48 0A 2C 00
2024-09-20 17:00:04,783 - 接收 : 00 2C 00 00 00 00 2C 00 00 00 00 2C 00 00 00
2024-09-20 17:00:04,799 - 接收 : 00 2C 00 00 00 00 0D 0A
2024-09-20 17:00:04,895 - 接收 : A9 9A 34
2024-09-20 17:00:04,911 - 接收 : 25 3A CE B8 2C 00 00 38 DD 2C 18 2D 09 2D 14
2024-09-20 17:00:04,927 - 接收 : 20 10 3A 3B 3A 38 2C 48 0A 2C 00 00 2C 00 00
2024-09-20 17:00:04,943 - 接收 : 00 00 2C 00 00 00 00 2C 00 00 00 00 2C 00 00 00
2024-09-20 17:00:04,959 - 接收 : 00 0D 0A
2024-09-20 17:00:09,132 - 接收 : A9 9A 34 25 3A CE B8 2C 00 00 38 DE 2C
2024-09-20 17:00:09,148 - 接收 : 18 2D 09 2D 14 20 11 3A 00 3A 01 2C 48 11 2C
2024-09-20 17:00:09,164 - 接收 : 00 00 2C 00 00 00 00 2C 00 00 00 00 2C 00 00 00
2024-09-20 17:00:09,180 - 接收 : 00 2C 00 00 00 00 0D 0A
2024-09-20 17:00:09,276 - 接收 : A9 9A
2024-09-20 17:00:09,292 - 接收 : 34 25 3A CE B8 2C 00 00 38 DF 2C 18 2D 09 2D 14
2024-09-20 17:00:09,308 - 接收 : 20 11 3A 00 3A 01 2C 48 11 2C 00 00 2C 00 00
2024-09-20 17:00:09,324 - 接收 : 00 00 2C 00 00 00 00 2C 00 00 00 00 2C 00 00
2024-09-20 17:00:09,340 - 接收 : 00 00 0D 0A
2024-09-20 17:00:09,436 - 接收 : A9 9A 34 25 3A CE C0
2024-09-20 17:00:09,452 - 接收 : 2C 00 00 38 E0 2C 18 2D 09 2D 14 20 11 3A 00
2024-09-20 17:00:09,468 - 接收 : 3A 01 2C 48 11 2C 01 33 2C 00 00 99 D8 2C FF FF
2024-09-20 17:00:09,484 - 接收 : FF 0A 2C 00 00 01 6F 2C 00 00 37 62 0D 0A
2024-09-20 17:00:09,596 - 接收 : A9 9A 34 25 3A CE B8 2C 00 00 38 E1
2024-09-20 17:00:09,612 - 接收 : 2C 18 2D 09 2D 14 20 11 3A 00 3A 01 2C 48 11
2024-09-20 17:00:09,627 - 接收 : 2C 00 00 2C 00 00 00 00 2C 00 00 00 00 2C 00
2024-09-20 17:00:09,643 - 接收 : 00 00 00 2C 00 00 00 00 0D 0A
2024-09-20 17:00:09,739 - 接收 : A9
2024-09-20 17:00:09,755 - 接收 : 9A 34 25 3A CE B8 2C 00 00 38 E2 2C 18 2D 09
2024-09-20 17:00:09,771 - 接收 : 2D 14 20 11 3A 00 3A 01 2C 48 11 2C 00 00 2C 00
2024-09-20 17:00:09,787 - 接收 : 00 00 00 2C 00 00 00 00 2C 00 00 00 00 2C 00
2024-09-20 17:00:09,803 - 接收 : 00 00 00 0D 0A
2024-09-20 17:00:09,898 - 接收 : A9 9A 34 25 3A CE
2024-09-20 17:00:09,914 - 接收 : B8 2C 00 00 38 E3 2C 18 2D 09 2D 14 20 11 3A
2024-09-20 17:00:09,930 - 接收 : 00 3A 01 2C 48 11 2C 00 00 2C 00 00 00 00 2C
2024-09-20 17:00:09,946 - 接收 : 00 00 00 00 2C 00 00 00 00 2C 00 00 00 00 0D 0A
2024-09-20 17:00:16,134 - 接收 : A9 9A 34 25 3A CE B8 2C 00 00 38 E4 2C 18 2D
2024-09-20 17:00:16,150 - 接收 : 09 2D 14 20 11 3A 00 3A 08 2C 48 18 2C 00 00 2C
2024-09-20 17:00:16,166 - 接收 : 00 00 00 00 2C 00 00 00 00 2C 00 00 00 00 2C
2024-09-20 17:00:16,182 - 接收 : 00 00 00 00 0D 0A
2024-09-20 17:00:16,277 - 接收 : A9 9A 34 25 3A
2024-09-20 17:00:16,293 - 接收 : CE B8 2C 00 00 38 E5 2C 18 2D 09 2D 14 20 11
2024-09-20 17:00:16,309 - 接收 : 3A 00 3A 08 2C 48 18 2C 00 00 2C 00 00 00 00
2024-09-20 17:00:16,325 - 接收 : 2C 00 00 00 00 2C 00 00 00 00 2C 00 00 00 00 0D
2024-09-20 17:00:16,341 - 接收 : 0A
2024-09-20 17:00:16,438 - 接收 : A9 9A 34 25 3A CE C0 2C 00
2024-09-20 17:00:16,453 - 接收 : 00 38 E6 2C 18 2D 09 2D 14 20 11 3A 00 3A 08 2C
2024-09-20 17:00:16,469 - 接收 : 48 18 2C 01 33 2C 00 00 99 D8 2C FF FF FF 0A
2024-09-20 17:00:16,485 - 接收 : 2C 00 00 01 6F 2C 00 00 37 62 0D 0A
2024-09-20 17:00:16,598 - 接收 : A9 9A 34 25 3A CE B8 2C 00 00 38 E7 2C 18
2024-09-20 17:00:16,614 - 接收 : 2D 09 2D 14 20 11 3A 00 3A 08 2C 48 18 2C 00
2024-09-20 17:00:16,630 - 接收 : 00 2C 00 00 00 00 2C 00 00 00 00 2C 00 00 00 00
2024-09-20 17:00:16,646 - 接收 : 2C 00 00 00 00 0D 0A
2024-09-20 17:00:16,742 - 接收 : A9 9A 34
2024-09-20 17:00:16,758 - 接收 : 25 3A CE B8 2C 00 00 38 E8 2C 18 2D 09 2D 14 20
2024-09-20 17:00:16,774 - 接收 : 11 3A 00 3A 08 2C 48 18 2C 00 00 2C 00 00 00
2024-09-20 17:00:16,790 - 接收 : 00 2C 00 00 00 00 2C 00 00 00 00 2C 00 00 00
2024-09-20 17:00:16,805 - 接收 : 00 0D 0A
2024-09-20 17:00:16,901 - 接收 : A9 9A 34 25 3A CE B8 2C
2024-09-20 17:00:16,918 - 接收 : 00 00 38 E9 2C 18 2D 09 2D 14 20 11 3A 00 3A
2024-09-20 17:00:16,934 - 接收 : 08 2C 48 18 2C 00 00 2C 00 00 00 00 2C 00 00 00
2024-09-20 17:00:16,949 - 接收 : 00 2C 00 00 00 00 2C 00 00 00 00 0D 0A
2024-09-20 17:00:21,122 - 接收 : A9 9A 34 25 3A CE B8
2024-09-20 17:00:21,138 - 接收 : 2C 00 00 38 EA 2C 18 2D 09 2D 14 20 11 3A 00
2024-09-20 17:00:21,154 - 接收 : 3A 0D 2C 48 18 2C 00 00 2C 00 00 00 00 2C 00
2024-09-20 17:00:21,170 - 接收 : 00 00 00 2C 00 00 00 00 2C 00 00 00 00 0D 0A
2024-09-20 17:00:21,282 - 接收 : A9 9A 34 25 3A CE B8 2C 00 00 38
2024-09-20 17:00:21,298 - 接收 : EB 2C 18 2D 09 2D 14 20 11 3A 00 3A 0D 2C 48 18
2024-09-20 17:00:21,314 - 接收 : 2C 00 00 2C 00 00 00 00 2C 00 00 00 00 2C 00
2024-09-20 17:00:21,330 - 接收 : 00 00 00 2C 00 00 00 00 0D 0A
2024-09-20 17:00:21,426 - 接收 : A9
2024-09-20 17:00:21,442 - 接收 : 9A 34 25 3A CE C0 2C 00 00 38 EC 2C 18 2D 09
2024-09-20 17:00:21,458 - 接收 : 2D 14 20 11 3A 00 3A 0D 2C 48 18 2C 01 33 2C
2024-09-20 17:00:21,474 - 接收 : 00 00 99 D8 2C FF FF FF 0A 2C 00 00 01 6F 2C 00
2024-09-20 17:00:21,490 - 接收 : 00 37 62 0D 0A
2024-09-20 17:00:21,585 - 接收 : A9 9A 34 25 3A
2024-09-20 17:00:21,602 - 接收 : CE B8 2C 00 00 38 ED 2C 18 2D 09 2D 14 20 11 3A
2024-09-20 17:00:21,618 - 接收 : 00 3A 0D 2C 48 18 2C 00 00 2C 00 00 00 00 2C
2024-09-20 17:00:21,634 - 接收 : 00 00 00 00 2C 00 00 00 00 2C 00 00 00 00 0D
2024-09-20 17:00:21,650 - 接收 : 0A
2024-09-20 17:00:21,745 - 接收 : A9 9A 34 25 3A CE B8 2C 00 00
2024-09-20 17:00:21,761 - 接收 : 38 EE 2C 18 2D 09 2D 14 20 11 3A 00 3A 0D 2C
2024-09-20 17:00:21,777 - 接收 : 48 18 2C 00 00 2C 00 00 00 00 2C 00 00 00 00 2C
2024-09-20 17:00:21,793 - 接收 : 00 00 00 00 2C 00 00 00 00 0D 0A
2024-09-20 17:00:21,905 - 接收 : A9 9A 34 25 3A CE B8 2C 00 00 38 EF 2C 18 2D
2024-09-20 17:00:21,921 - 接收 : 09 2D 14 20 11 3A 00 3A 0D 2C 48 18 2C 00 00
2024-09-20 17:00:21,937 - 接收 : 2C 00 00 00 00 2C 00 00 00 00 2C 00 00 00 00
2024-09-20 17:00:21,953 - 接收 : 2C 00 00 00 00 0D 0A
2024-09-20 17:00:28,124 - 接收 : A9 9A 34 25 3A CE B8 2C 00
2024-09-20 17:00:28,140 - 接收 : 00 38 F0 2C 18 2D 09 2D 14 20 11 3A 00 3A 14 2C
2024-09-20 17:00:28,156 - 接收 : 48 11 2C 00 00 2C 00 00 00 00 2C 00 00 00 00
2024-09-20 17:00:28,172 - 接收 : 2C 00 00 00 00 2C 00 00 00 00 0D 0A
2024-09-20 17:00:28,284 - 接收 : A9 9A 34 25 3A CE B8 2C 00 00 38 F1 2C 18
2024-09-20 17:00:28,300 - 接收 : 2D 09 2D 14 20 11 3A 00 3A 14 2C 48 11 2C 00
2024-09-20 17:00:28,316 - 接收 : 00 2C 00 00 00 00 2C 00 00 00 00 2C 00 00 00 00
2024-09-20 17:00:28,332 - 接收 : 2C 00 00 00 00 0D 0A
2024-09-20 17:00:28,428 - 接收 : A9 9A 34
2024-09-20 17:00:28,444 - 接收 : 25 3A CE C0 2C 00 00 38 F2 2C 18 2D 09 2D 14 20
2024-09-20 17:00:28,460 - 接收 : 11 3A 00 3A 14 2C 48 11 2C 01 33 2C 00 00 99
2024-09-20 17:00:28,476 - 接收 : D7 2C FF FF FF 09 2C 00 00 01 70 2C 00 00 37
2024-09-20 17:00:28,492 - 接收 : 62 0D 0A
2024-09-20 17:00:28,587 - 接收 : A9 9A 34 25 3A CE B8 2C
2024-09-20 17:00:28,603 - 接收 : 00 00 38 F3 2C 18 2D 09 2D 14 20 11 3A 00 3A
2024-09-20 17:00:28,619 - 接收 : 14 2C 48 11 2C 00 00 2C 00 00 00 00 2C 00 00 00
2024-09-20 17:00:28,635 - 接收 : 00 2C 00 00 00 00 2C 00 00 00 00 0D 0A
2024-09-20 17:00:28,747 - 接收 : A9 9A 34 25 3A CE B8 2C 00 00 38 F4 2C
2024-09-20 17:00:28,763 - 接收 : 18 2D 09 2D 14 20 11 3A 00 3A 14 2C 48 11 2C
2024-09-20 17:00:28,779 - 接收 : 00 00 2C 00 00 00 00 2C 00 00 00 00 2C 00 00
2024-09-20 17:00:28,795 - 接收 : 00 00 2C 00 00 00 00 0D 0A
2024-09-20 17:00:28,891 - 接收 : A9 9A
2024-09-20 17:00:28,907 - 接收 : 34 25 3A CE B8 2C 00 00 38 F5 2C 18 2D 09 2D
2024-09-20 17:00:28,923 - 接收 : 14 20 11 3A 00 3A 14 2C 48 11 2C 00 00 2C 00 00
2024-09-20 17:00:28,939 - 接收 : 00 00 2C 00 00 00 00 2C 00 00 00 00 2C 00 00
2024-09-20 17:00:28,955 - 接收 : 00 00 0D 0A
2024-09-20 17:00:33,128 - 接收 : A9 9A 34 25 3A CE B8 2C 00 00 38 F6
2024-09-20 17:00:33,144 - 接收 : 2C 18 2D 09 2D 14 20 11 3A 00 3A 19 2C 48 18 2C
2024-09-20 17:00:33,160 - 接收 : 00 00 2C 00 00 00 00 2C 00 00 00 00 2C 00 00
2024-09-20 17:00:33,176 - 接收 : 00 00 2C 00 00 00 00 0D 0A
2024-09-20 17:00:33,272 - 接收 : A9 9A
2024-09-20 17:00:33,288 - 接收 : 34 25 3A CE B8 2C 00 00 38 F7 2C 18 2D 09 2D
2024-09-20 17:00:33,304 - 接收 : 14 20 11 3A 00 3A 19 2C 48 18 2C 00 00 2C 00
2024-09-20 17:00:33,320 - 接收 : 00 00 00 2C 00 00 00 00 2C 00 00 00 00 2C 00 00
2024-09-20 17:00:33,336 - 接收 : 00 00 0D 0A
2024-09-20 17:00:33,432 - 接收 : A9 9A 34 25 3A CE
2024-09-20 17:00:33,448 - 接收 : C0 2C 00 00 38 F8 2C 18 2D 09 2D 14 20 11 3A 00
2024-09-20 17:00:33,464 - 接收 : 3A 19 2C 48 18 2C 01 33 2C 00 00 99 D7 2C FF
2024-09-20 17:00:33,480 - 接收 : FF FF 09 2C 00 00 01 70 2C 00 00 37 61 0D 0A
2024-09-20 17:00:33,592 - 接收 : A9 9A 34 25 3A CE B8 2C 00 00 38
2024-09-20 17:00:33,608 - 接收 : F9 2C 18 2D 09 2D 14 20 11 3A 00 3A 19 2C 48
2024-09-20 17:00:33,624 - 接收 : 18 2C 00 00 2C 00 00 00 00 2C 00 00 00 00 2C 00
2024-09-20 17:00:33,640 - 接收 : 00 00 00 2C 00 00 00 00 0D 0A
2024-09-20 17:00:33,752 - 接收 : A9 9A 34 25 3A CE B8 2C 00 00 38 FA 2C 18 2D 09
2024-09-20 17:00:33,768 - 接收 : 2D 14 20 11 3A 00 3A 19 2C 48 18 2C 00 00 2C
2024-09-20 17:00:33,784 - 接收 : 00 00 00 00 2C 00 00 00 00 2C 00 00 00 00 2C
2024-09-20 17:00:33,800 - 接收 : 00 00 00 00 0D 0A
2024-09-20 17:00:33,896 - 接收 : A9 9A 34 25 3A
2024-09-20 17:00:33,912 - 接收 : CE B8 2C 00 00 38 FB 2C 18 2D 09 2D 14 20 11
2024-09-20 17:00:33,928 - 接收 : 3A 00 3A 19 2C 48 18 2C 00 00 2C 00 00 00 00 2C
2024-09-20 17:00:33,944 - 接收 : 00 00 00 00 2C 00 00 00 00 2C 00 00 00 00 0D
2024-09-20 17:00:33,960 - 接收 : 0A
2024-09-20 17:00:40,131 - 接收 : A9 9A 34 25 3A CE B8 2C 00 00 38 FC 2C 18 2D
2024-09-20 17:00:40,147 - 接收 : 09 2D 14 20 11 3A 00 3A 20 2C 48 18 2C 00 00
2024-09-20 17:00:40,163 - 接收 : 2C 00 00 00 00 2C 00 00 00 00 2C 00 00 00 00
2024-09-20 17:00:40,179 - 接收 : 2C 00 00 00 00 0D 0A
2024-09-20 17:00:40,275 - 接收 : A9 9A 34 25
2024-09-20 17:00:40,291 - 接收 : 3A CE B8 2C 00 00 38 FD 2C 18 2D 09 2D 14 20
2024-09-20 17:00:40,307 - 接收 : 11 3A 00 3A 20 2C 48 18 2C 00 00 2C 00 00 00 00
2024-09-20 17:00:40,323 - 接收 : 2C 00 00 00 00 2C 00 00 00 00 2C 00 00 00 00
2024-09-20 17:00:40,339 - 接收 : 0D 0A
2024-09-20 17:00:40,435 - 接收 : A9 9A 34 25 3A CE C0 2C 00
2024-09-20 17:00:40,451 - 接收 : 00 38 FE 2C 18 2D 09 2D 14 20 11 3A 00 3A 20
2024-09-20 17:00:40,467 - 接收 : 2C 48 18 2C 01 33 2C 00 00 99 D6 2C FF FF FF
2024-09-20 17:00:40,483 - 接收 : 08 2C 00 00 01 72 2C 00 00 37 61 0D 0A
2024-09-20 17:00:40,594 - 接收 : A9 9A 34 25 3A CE B8 2C 00 00 38 FF 2C
2024-09-20 17:00:40,610 - 接收 : 18 2D 09 2D 14 20 11 3A 00 3A 20 2C 48 18 2C 00
2024-09-20 17:00:40,626 - 接收 : 00 2C 00 00 00 00 2C 00 00 00 00 2C 00 00 00
2024-09-20 17:00:40,642 - 接收 : 00 2C 00 00 00 00 0D 0A
2024-09-20 17:00:40,738 - 接收 : A9 9A 34
2024-09-20 17:00:40,754 - 接收 : 25 3A CE B8 2C 00 00 39 00 2C 18 2D 09 2D 14
2024-09-20 17:00:40,770 - 接收 : 20 11 3A 00 3A 20 2C 48 18 2C 00 00 2C 00 00
2024-09-20 17:00:40,786 - 接收 : 00 00 2C 00 00 00 00 2C 00 00 00 00 2C 00 00 00
2024-09-20 17:00:40,802 - 接收 : 00 0D 0A
2024-09-20 17:00:40,898 - 接收 : A9 9A 34 25 3A CE B8
2024-09-20 17:00:40,914 - 接收 : 2C 00 00 39 01 2C 18 2D 09 2D 14 20 11 3A 00 3A
2024-09-20 17:00:40,930 - 接收 : 20 2C 48 18 2C 00 00 2C 00 00 00 00 2C 00 00
2024-09-20 17:00:40,946 - 接收 : 00 00 2C 00 00 00 00 2C 00 00 00 00 0D 0A
2024-09-20 17:00:45,118 - 接收 : A9 9A
2024-09-20 17:00:45,135 - 接收 : 34 25 3A CE B8 2C 00 00 39 02 2C 18 2D 09 2D 14
2024-09-20 17:00:45,151 - 接收 : 20 11 3A 00 3A 25 2C 48 11 2C 00 00 2C 00 00
2024-09-20 17:00:45,167 - 接收 : 00 00 2C 00 00 00 00 2C 00 00 00 00 2C 00 00
2024-09-20 17:00:45,183 - 接收 : 00 00 0D 0A
2024-09-20 17:00:45,279 - 接收 : A9 9A 34 25 3A CE B8
2024-09-20 17:00:45,295 - 接收 : 2C 00 00 39 03 2C 18 2D 09 2D 14 20 11 3A 00
2024-09-20 17:00:45,311 - 接收 : 3A 25 2C 48 11 2C 00 00 2C 00 00 00 00 2C 00 00
2024-09-20 17:00:45,326 - 接收 : 00 00 2C 00 00 00 00 2C 00 00 00 00 0D 0A
2024-09-20 17:00:45,438 - 接收 : A9 9A 34 25 3A CE C0 2C 00 00 39 04
2024-09-20 17:00:45,454 - 接收 : 2C 18 2D 09 2D 14 20 11 3A 00 3A 25 2C 48 11
2024-09-20 17:00:45,470 - 接收 : 2C 01 33 2C 00 00 99 D8 2C FF FF FF 0A 2C 00
2024-09-20 17:00:45,486 - 接收 : 00 01 6F 2C 00 00 37 62 0D 0A
2024-09-20 17:00:45,582 - 接收 : A9
2024-09-20 17:00:45,598 - 接收 : 9A 34 25 3A CE B8 2C 00 00 39 05 2C 18 2D 09
2024-09-20 17:00:45,614 - 接收 : 2D 14 20 11 3A 00 3A 25 2C 48 11 2C 00 00 2C 00
2024-09-20 17:00:45,630 - 接收 : 00 00 00 2C 00 00 00 00 2C 00 00 00 00 2C 00
2024-09-20 17:00:45,646 - 接收 : 00 00 00 0D 0A
2024-09-20 17:00:45,742 - 接收 : A9 9A 34 25 3A CE
2024-09-20 17:00:45,758 - 接收 : B8 2C 00 00 39 06 2C 18 2D 09 2D 14 20 11 3A
2024-09-20 17:00:45,774 - 接收 : 00 3A 25 2C 48 11 2C 00 00 2C 00 00 00 00 2C
2024-09-20 17:00:45,790 - 接收 : 00 00 00 00 2C 00 00 00 00 2C 00 00 00 00 0D 0A
2024-09-20 17:00:45,902 - 接收 : A9 9A 34 25 3A CE B8 2C 00 00
2024-09-20 17:00:45,918 - 接收 : 39 07 2C 18 2D 09 2D 14 20 11 3A 00 3A 25 2C 48
2024-09-20 17:00:45,934 - 接收 : 11 2C 00 00 2C 00 00 00 00 2C 00 00 00 00 2C
2024-09-20 17:00:45,950 - 接收 : 00 00 00 00 2C 00 00 00 00 0D 0A
2024-09-20 17:00:52,121 - 接收 : A9 9A 34 25 3A
2024-09-20 17:00:52,137 - 接收 : CE B8 2C 00 00 39 08 2C 18 2D 09 2D 14 20 11
2024-09-20 17:00:52,153 - 接收 : 3A 00 3A 2C 2C 48 18 2C 00 00 2C 00 00 00 00
2024-09-20 17:00:52,170 - 接收 : 2C 00 00 00 00 2C 00 00 00 00 2C 00 00 00 00 0D
2024-09-20 17:00:52,185 - 接收 : 0A
2024-09-20 17:00:52,281 - 接收 : A9 9A 34 25 3A CE B8 2C 00
2024-09-20 17:00:52,297 - 接收 : 00 39 09 2C 18 2D 09 2D 14 20 11 3A 00 3A 2C 2C
2024-09-20 17:00:52,313 - 接收 : 48 18 2C 00 00 2C 00 00 00 00 2C 00 00 00 00
2024-09-20 17:00:52,329 - 接收 : 2C 00 00 00 00 2C 00 00 00 00 0D 0A
2024-09-20 17:00:52,441 - 接收 : A9 9A 34 25 3A CE C0 2C 00 00 39 0A 2C 18
2024-09-20 17:00:52,457 - 接收 : 2D 09 2D 14 20 11 3A 00 3A 2C 2C 48 18 2C 01
2024-09-20 17:00:52,473 - 接收 : 33 2C 00 00 99 D6 2C FF FF FF 08 2C 00 00 01 72
2024-09-20 17:00:52,489 - 接收 : 2C 00 00 37 61 0D 0A
2024-09-20 17:00:52,585 - 接收 : A9 9A 34
2024-09-20 17:00:52,601 - 接收 : 25 3A CE B8 2C 00 00 39 0B 2C 18 2D 09 2D 14 20
2024-09-20 17:00:52,617 - 接收 : 11 3A 00 3A 2C 2C 48 18 2C 00 00 2C 00 00 00
2024-09-20 17:00:52,633 - 接收 : 00 2C 00 00 00 00 2C 00 00 00 00 2C 00 00 00
2024-09-20 17:00:52,649 - 接收 : 00 0D 0A
2024-09-20 17:00:52,745 - 接收 : A9 9A 34 25 3A CE B8 2C
2024-09-20 17:00:52,760 - 接收 : 00 00 39 0C 2C 18 2D 09 2D 14 20 11 3A 00 3A
2024-09-20 17:00:52,776 - 接收 : 2C 2C 48 18 2C 00 00 2C 00 00 00 00 2C 00 00 00
2024-09-20 17:00:52,793 - 接收 : 00 2C 00 00 00 00 2C 00 00 00 00 0D 0A
2024-09-20 17:00:52,904 - 接收 : A9 9A 34 25 3A CE B8 2C 00 00 39 0D 2C
2024-09-20 17:00:52,920 - 接收 : 18 2D 09 2D 14 20 11 3A 00 3A 2C 2C 48 18 2C
2024-09-20 17:00:52,936 - 接收 : 00 00 2C 00 00 00 00 2C 00 00 00 00 2C 00 00
2024-09-20 17:00:52,952 - 接收 : 00 00 2C 00 00 00 00 0D 0A
2024-09-20 17:00:57,125 - 接收 : A9 9A 34 25 3A CE B8 2C
2024-09-20 17:00:57,141 - 接收 : 00 00 39 0E 2C 18 2D 09 2D 14 20 11 3A 00 3A
2024-09-20 17:00:57,157 - 接收 : 31 2C 48 11 2C 00 00 2C 00 00 00 00 2C 00 00
2024-09-20 17:00:57,173 - 接收 : 00 00 2C 00 00 00 00 2C 00 00 00 00 0D 0A
2024-09-20 17:00:57,285 - 接收 : A9 9A 34 25 3A CE B8 2C 00 00 39 0F
2024-09-20 17:00:57,301 - 接收 : 2C 18 2D 09 2D 14 20 11 3A 00 3A 31 2C 48 11 2C
2024-09-20 17:00:57,317 - 接收 : 00 00 2C 00 00 00 00 2C 00 00 00 00 2C 00 00
2024-09-20 17:00:57,334 - 接收 : 00 00 2C 00 00 00 00 0D 0A
2024-09-20 17:00:57,429 - 接收 : A9 9A
2024-09-20 17:00:57,445 - 接收 : 34 25 3A CE C0 2C 00 00 39 10 2C 18 2D 09 2D
2024-09-20 17:00:57,461 - 接收 : 14 20 11 3A 00 3A 31 2C 48 11 2C 01 33 2C 00
2024-09-20 17:00:57,477 - 接收 : 00 99 D5 2C FF FF FF 07 2C 00 00 01 73 2C 00 00
2024-09-20 17:00:57,493 - 接收 : 37 61 0D 0A
2024-09-20 17:00:57,589 - 接收 : A9 9A 34 25 3A CE
2024-09-20 17:00:57,605 - 接收 : B8 2C 00 00 39 11 2C 18 2D 09 2D 14 20 11 3A 00
2024-09-20 17:00:57,621 - 接收 : 3A 31 2C 48 11 2C 00 00 2C 00 00 00 00 2C 00
2024-09-20 17:00:57,637 - 接收 : 00 00 00 2C 00 00 00 00 2C 00 00 00 00 0D 0A
2024-09-20 17:00:57,749 - 接收 : A9 9A 34 25 3A CE B8 2C 00 00 39
2024-09-20 17:00:57,765 - 接收 : 12 2C 18 2D 09 2D 14 20 11 3A 00 3A 31 2C 48
2024-09-20 17:00:57,781 - 接收 : 11 2C 00 00 2C 00 00 00 00 2C 00 00 00 00 2C 00
2024-09-20 17:00:57,799 - 接收 : 00 00 00 2C 00 00 00 00 0D 0A
2024-09-20 17:00:57,909 - 接收 : A9 9A 34 25 3A CE B8 2C 00 00 39 13 2C 18 2D 09
2024-09-20 17:00:57,925 - 接收 : 2D 14 20 11 3A 00 3A 31 2C 48 11 2C 00 00 2C
2024-09-20 17:00:57,941 - 接收 : 00 00 00 00 2C 00 00 00 00 2C 00 00 00 00 2C
2024-09-20 17:00:57,957 - 接收 : 00 00 00 00 0D 0A
2024-09-20 17:01:04,128 - 接收 : A9 9A 34 25 3A CE B8 2C 00 00
2024-09-20 17:01:04,144 - 接收 : 39 14 2C 18 2D 09 2D 14 20 11 3A 00 3A 38 2C
2024-09-20 17:01:04,160 - 接收 : 48 18 2C 00 00 2C 00 00 00 00 2C 00 00 00 00 2C
2024-09-20 17:01:04,176 - 接收 : 00 00 00 00 2C 00 00 00 00 0D 0A
2024-09-20 17:01:04,288 - 接收 : A9 9A 34 25 3A CE B8 2C 00 00 39 15 2C 18 2D
2024-09-20 17:01:04,304 - 接收 : 09 2D 14 20 11 3A 00 3A 38 2C 48 18 2C 00 00
2024-09-20 17:01:04,320 - 接收 : 2C 00 00 00 00 2C 00 00 00 00 2C 00 00 00 00
2024-09-20 17:01:04,336 - 接收 : 2C 00 00 00 00 0D 0A
2024-09-20 17:01:04,432 - 接收 : A9 9A 34 25
2024-09-20 17:01:04,447 - 接收 : 3A CE C0 2C 00 00 39 16 2C 18 2D 09 2D 14 20
2024-09-20 17:01:04,463 - 接收 : 11 3A 00 3A 38 2C 48 18 2C 01 33 2C 00 00 99 D5
2024-09-20 17:01:04,479 - 接收 : 2C FF FF FF 07 2C 00 00 01 73 2C 00 00 37 61
2024-09-20 17:01:04,495 - 接收 : 0D 0A
2024-09-20 17:01:04,591 - 接收 : A9 9A 34 25 3A CE B8 2C 00
2024-09-20 17:01:04,607 - 接收 : 00 39 17 2C 18 2D 09 2D 14 20 11 3A 00 3A 38
2024-09-20 17:01:04,623 - 接收 : 2C 48 18 2C 00 00 2C 00 00 00 00 2C 00 00 00
2024-09-20 17:01:04,639 - 接收 : 00 2C 00 00 00 00 2C 00 00 00 00 0D 0A
2024-09-20 17:01:04,751 - 接收 : A9 9A 34 25 3A CE B8 2C 00 00 39 18 2C
2024-09-20 17:01:04,767 - 接收 : 18 2D 09 2D 14 20 11 3A 00 3A 38 2C 48 18 2C 00
2024-09-20 17:01:04,783 - 接收 : 00 2C 00 00 00 00 2C 00 00 00 00 2C 00 00 00
2024-09-20 17:01:04,802 - 接收 : 00 2C 00 00 00 00 0D 0A
2024-09-20 17:01:04,895 - 接收 : A9 9A 34
2024-09-20 17:01:04,911 - 接收 : 25 3A CE B8 2C 00 00 39 19 2C 18 2D 09 2D 14
2024-09-20 17:01:04,927 - 接收 : 20 11 3A 00 3A 38 2C 48 18 2C 00 00 2C 00 00
2024-09-20 17:01:04,943 - 接收 : 00 00 2C 00 00 00 00 2C 00 00 00 00 2C 00 00 00
2024-09-20 17:01:04,959 - 接收 : 00 0D 0A
2024-09-20 17:01:09,115 - 接收 : A9
2024-09-20 17:01:09,131 - 接收 : 9A 34 25 3A CE B8 2C 00 00 39 1A 2C 18 2D 09 2D
2024-09-20 17:01:09,147 - 接收 : 14 20 11 3A 01 3A 01 2C 48 11 2C 00 00 2C 00
2024-09-20 17:01:09,163 - 接收 : 00 00 00 2C 00 00 00 00 2C 00 00 00 00 2C 00
2024-09-20 17:01:09,179 - 接收 : 00 00 00 0D 0A
2024-09-20 17:01:09,275 - 接收 : A9 9A 34 25 3A CE
2024-09-20 17:01:09,291 - 接收 : B8 2C 00 00 39 1B 2C 18 2D 09 2D 14 20 11 3A
2024-09-20 17:01:09,307 - 接收 : 01 3A 01 2C 48 11 2C 00 00 2C 00 00 00 00 2C 00
2024-09-20 17:01:09,323 - 接收 : 00 00 00 2C 00 00 00 00 2C 00 00 00 00 0D 0A
2024-09-20 17:01:09,435 - 接收 : A9 9A 34 25 3A CE C0 2C 00 00 39
2024-09-20 17:01:09,451 - 接收 : 1C 2C 18 2D 09 2D 14 20 11 3A 01 3A 01 2C 48
2024-09-20 17:01:09,467 - 接收 : 11 2C 01 33 2C 00 00 99 D4 2C FF FF FF 06 2C
2024-09-20 17:01:09,483 - 接收 : 00 00 01 75 2C 00 00 37 61 0D 0A
2024-09-20 17:01:09,595 - 接收 : A9 9A 34 25 3A CE B8 2C 00 00 39 1D 2C 18 2D
2024-09-20 17:01:09,611 - 接收 : 09 2D 14 20 11 3A 01 3A 01 2C 48 11 2C 00 00 2C
2024-09-20 17:01:09,627 - 接收 : 00 00 00 00 2C 00 00 00 00 2C 00 00 00 00 2C
2024-09-20 17:01:09,643 - 接收 : 00 00 00 00 0D 0A
2024-09-20 17:01:09,739 - 接收 : A9 9A 34 25 3A
2024-09-20 17:01:09,755 - 接收 : CE B8 2C 00 00 39 1E 2C 18 2D 09 2D 14 20 11
2024-09-20 17:01:09,771 - 接收 : 3A 01 3A 01 2C 48 11 2C 00 00 2C 00 00 00 00
2024-09-20 17:01:09,787 - 接收 : 2C 00 00 00 00 2C 00 00 00 00 2C 00 00 00 00 0D
2024-09-20 17:01:09,803 - 接收 : 0A
2024-09-20 17:01:09,899 - 接收 : A9 9A 34 25 3A CE B8 2C 00
2024-09-20 17:01:09,915 - 接收 : 00 39 1F 2C 18 2D 09 2D 14 20 11 3A 01 3A 01 2C
2024-09-20 17:01:09,931 - 接收 : 48 11 2C 00 00 2C 00 00 00 00 2C 00 00 00 00
2024-09-20 17:01:09,947 - 接收 : 2C 00 00 00 00 2C 00 00 00 00 0D 0A
2024-09-20 17:01:16,118 - 接收 : A9 9A 34 25
2024-09-20 17:01:16,134 - 接收 : 3A CE B8 2C 00 00 39 20 2C 18 2D 09 2D 14 20
2024-09-20 17:01:16,150 - 接收 : 11 3A 01 3A 08 2C 48 18 2C 00 00 2C 00 00 00 00
2024-09-20 17:01:16,166 - 接收 : 2C 00 00 00 00 2C 00 00 00 00 2C 00 00 00 00
2024-09-20 17:01:16,182 - 接收 : 0D 0A
2024-09-20 17:01:16,278 - 接收 : A9 9A 34 25 3A CE B8 2C
2024-09-20 17:01:16,294 - 接收 : 00 00 39 21 2C 18 2D 09 2D 14 20 11 3A 01 3A 08
2024-09-20 17:01:16,310 - 接收 : 2C 48 18 2C 00 00 2C 00 00 00 00 2C 00 00 00
2024-09-20 17:01:16,326 - 接收 : 00 2C 00 00 00 00 2C 00 00 00 00 0D 0A
2024-09-20 17:01:16,438 - 接收 : A9 9A 34 25 3A CE C0 2C 00 00 39 22 2C
2024-09-20 17:01:16,454 - 接收 : 18 2D 09 2D 14 20 11 3A 01 3A 08 2C 48 18 2C 01
2024-09-20 17:01:16,470 - 接收 : 33 2C 00 00 99 D3 2C FF FF FF 05 2C 00 00 01
2024-09-20 17:01:16,486 - 接收 : 76 2C 00 00 37 60 0D 0A
2024-09-20 17:01:16,581 - 接收 : A9 9A
2024-09-20 17:01:16,598 - 接收 : 34 25 3A CE B8 2C 00 00 39 23 2C 18 2D 09 2D 14
2024-09-20 17:01:16,614 - 接收 : 20 11 3A 01 3A 08 2C 48 18 2C 00 00 2C 00 00
2024-09-20 17:01:16,630 - 接收 : 00 00 2C 00 00 00 00 2C 00 00 00 00 2C 00 00 00
2024-09-20 17:01:16,646 - 接收 : 00 0D 0A
2024-09-20 17:01:16,742 - 接收 : A9 9A 34 25 3A CE B8
2024-09-20 17:01:16,758 - 接收 : 2C 00 00 39 24 2C 18 2D 09 2D 14 20 11 3A 01 3A
2024-09-20 17:01:16,774 - 接收 : 08 2C 48 18 2C 00 00 2C 00 00 00 00 2C 00 00
2024-09-20 17:01:16,790 - 接收 : 00 00 2C 00 00 00 00 2C 00 00 00 00 0D 0A
2024-09-20 17:01:16,901 - 接收 : A9 9A 34 25 3A CE B8 2C 00 00 39 25
2024-09-20 17:01:16,917 - 接收 : 2C 18 2D 09 2D 14 20 11 3A 01 3A 08 2C 48 18
2024-09-20 17:01:16,933 - 接收 : 2C 00 00 2C 00 00 00 00 2C 00 00 00 00 2C 00 00
2024-09-20 17:01:16,949 - 接收 : 00 00 2C 00 00 00 00 0D 0A
2024-09-20 17:01:21,122 - 接收 : A9 9A 34 25 3A CE B8
2024-09-20 17:01:21,138 - 接收 : 2C 00 00 39 26 2C 18 2D 09 2D 14 20 11 3A 01
2024-09-20 17:01:21,154 - 接收 : 3A 0D 2C 48 18 2C 00 00 2C 00 00 00 00 2C 00
2024-09-20 17:01:21,170 - 接收 : 00 00 00 2C 00 00 00 00 2C 00 00 00 00 0D 0A
2024-09-20 17:01:21,281 - 接收 : A9 9A 34 25 3A CE B8 2C 00 00 39
2024-09-20 17:01:21,298 - 接收 : 27 2C 18 2D 09 2D 14 20 11 3A 01 3A 0D 2C 48 18
2024-09-20 17:01:21,314 - 接收 : 2C 00 00 2C 00 00 00 00 2C 00 00 00 00 2C 00
2024-09-20 17:01:21,330 - 接收 : 00 00 00 2C 00 00 00 00 0D 0A
2024-09-20 17:01:21,426 - 接收 : A9
2024-09-20 17:01:21,442 - 接收 : 9A 34 25 3A CE C0 2C 00 00 39 28 2C 18 2D 09
2024-09-20 17:01:21,458 - 接收 : 2D 14 20 11 3A 01 3A 0D 2C 48 18 2C 01 33 2C
2024-09-20 17:01:21,474 - 接收 : 00 00 99 D3 2C FF FF FF 05 2C 00 00 01 76 2C 00
2024-09-20 17:01:21,490 - 接收 : 00 37 60 0D 0A
2024-09-20 17:01:21,586 - 接收 : A9 9A 34 25 3A
2024-09-20 17:01:21,602 - 接收 : CE B8 2C 00 00 39 29 2C 18 2D 09 2D 14 20 11 3A
2024-09-20 17:01:21,618 - 接收 : 01 3A 0D 2C 48 18 2C 00 00 2C 00 00 00 00 2C
2024-09-20 17:01:21,634 - 接收 : 00 00 00 00 2C 00 00 00 00 2C 00 00 00 00 0D
2024-09-20 17:01:21,650 - 接收 : 0A
2024-09-20 17:01:21,745 - 接收 : A9 9A 34 25 3A CE B8 2C 00 00
2024-09-20 17:01:21,761 - 接收 : 39 2A 2C 18 2D 09 2D 14 20 11 3A 01 3A 0D 2C
2024-09-20 17:01:21,777 - 接收 : 48 18 2C 00 00 2C 00 00 00 00 2C 00 00 00 00 2C
2024-09-20 17:01:21,795 - 接收 : 00 00 00 00 2C 00 00 00 00 0D 0A
2024-09-20 17:01:21,905 - 接收 : A9 9A 34 25 3A CE B8 2C 00 00 39 2B 2C 18 2D
2024-09-20 17:01:21,921 - 接收 : 09 2D 14 20 11 3A 01 3A 0D 2C 48 18 2C 00 00
2024-09-20 17:01:21,937 - 接收 : 2C 00 00 00 00 2C 00 00 00 00 2C 00 00 00 00
2024-09-20 17:01:21,953 - 接收 : 2C 00 00 00 00 0D 0A
2024-09-20 17:01:28,124 - 接收 : A9 9A 34 25 3A CE B8 2C 00
2024-09-20 17:01:28,140 - 接收 : 00 39 2C 2C 18 2D 09 2D 14 20 11 3A 01 3A 14
2024-09-20 17:01:28,156 - 接收 : 2C 48 18 2C 00 00 2C 00 00 00 00 2C 00 00 00 00
2024-09-20 17:01:28,172 - 接收 : 2C 00 00 00 00 2C 00 00 00 00 0D 0A
2024-09-20 17:01:28,284 - 接收 : A9 9A 34 25 3A CE B8 2C 00 00 39 2D 2C 18
2024-09-20 17:01:28,300 - 接收 : 2D 09 2D 14 20 11 3A 01 3A 14 2C 48 18 2C 00
2024-09-20 17:01:28,316 - 接收 : 00 2C 00 00 00 00 2C 00 00 00 00 2C 00 00 00
2024-09-20 17:01:28,332 - 接收 : 00 2C 00 00 00 00 0D 0A
2024-09-20 17:01:28,428 - 接收 : A9 9A 34
2024-09-20 17:01:28,444 - 接收 : 25 3A CE C0 2C 00 00 39 2E 2C 18 2D 09 2D 14
2024-09-20 17:01:28,460 - 接收 : 20 11 3A 01 3A 14 2C 48 18 2C 01 33 2C 00 00 99
2024-09-20 17:01:28,476 - 接收 : D4 2C FF FF FF 06 2C 00 00 01 75 2C 00 00 37
2024-09-20 17:01:28,492 - 接收 : 60 0D 0A
2024-09-20 17:01:28,588 - 接收 : A9 9A 34 25 3A CE B8 2C
2024-09-20 17:01:28,604 - 接收 : 00 00 39 2F 2C 18 2D 09 2D 14 20 11 3A 01 3A
2024-09-20 17:01:28,620 - 接收 : 14 2C 48 18 2C 00 00 2C 00 00 00 00 2C 00 00
2024-09-20 17:01:28,636 - 接收 : 00 00 2C 00 00 00 00 2C 00 00 00 00 0D 0A
2024-09-20 17:01:28,748 - 接收 : A9 9A 34 25 3A CE B8 2C 00 00 39 30
2024-09-20 17:01:28,764 - 接收 : 2C 18 2D 09 2D 14 20 11 3A 01 3A 14 2C 48 18 2C
2024-09-20 17:01:28,780 - 接收 : 00 00 2C 00 00 00 00 2C 00 00 00 00 2C 00 00
2024-09-20 17:01:28,796 - 接收 : 00 00 2C 00 00 00 00 0D 0A
2024-09-20 17:01:28,892 - 接收 : A9 9A
2024-09-20 17:01:28,908 - 接收 : 34 25 3A CE B8 2C 00 00 39 31 2C 18 2D 09 2D
2024-09-20 17:01:28,924 - 接收 : 14 20 11 3A 01 3A 14 2C 48 18 2C 00 00 2C 00
2024-09-20 17:01:28,940 - 接收 : 00 00 00 2C 00 00 00 00 2C 00 00 00 00 2C 00 00
2024-09-20 17:01:28,957 - 接收 : 00 00 0D 0A
2024-09-20 17:01:33,128 - 接收 : A9 9A 34 25 3A CE B8 2C 00 00 39 32
2024-09-20 17:01:33,144 - 接收 : 2C 18 2D 09 2D 14 20 11 3A 01 3A 19 2C 48 11
2024-09-20 17:01:33,161 - 接收 : 2C 00 00 2C 00 00 00 00 2C 00 00 00 00 2C 00 00
2024-09-20 17:01:33,176 - 接收 : 00 00 2C 00 00 00 00 0D 0A
2024-09-20 17:01:33,272 - 接收 : A9
2024-09-20 17:01:33,288 - 接收 : 9A 34 25 3A CE B8 2C 00 00 39 33 2C 18 2D 09 2D
2024-09-20 17:01:33,304 - 接收 : 14 20 11 3A 01 3A 19 2C 48 11 2C 00 00 2C 00
2024-09-20 17:01:33,320 - 接收 : 00 00 00 2C 00 00 00 00 2C 00 00 00 00 2C 00
2024-09-20 17:01:33,336 - 接收 : 00 00 00 0D 0A
2024-09-20 17:01:33,432 - 接收 : A9 9A 34 25 3A CE
2024-09-20 17:01:33,448 - 接收 : C0 2C 00 00 39 34 2C 18 2D 09 2D 14 20 11 3A
2024-09-20 17:01:33,464 - 接收 : 01 3A 19 2C 48 11 2C 01 33 2C 00 00 99 D2 2C FF
2024-09-20 17:01:33,480 - 接收 : FF FF 04 2C 00 00 01 78 2C 00 00 37 60 0D 0A
2024-09-20 17:01:33,592 - 接收 : A9 9A 34 25 3A CE B8 2C 00 00 39
2024-09-20 17:01:33,608 - 接收 : 35 2C 18 2D 09 2D 14 20 11 3A 01 3A 19 2C 48
2024-09-20 17:01:33,624 - 接收 : 11 2C 00 00 2C 00 00 00 00 2C 00 00 00 00 2C
2024-09-20 17:01:33,640 - 接收 : 00 00 00 00 2C 00 00 00 00 0D 0A
2024-09-20 17:01:33,752 - 接收 : A9 9A 34 25 3A CE B8 2C 00 00 39 36 2C 18 2D
2024-09-20 17:01:33,768 - 接收 : 09 2D 14 20 11 3A 01 3A 19 2C 48 11 2C 00 00 2C
2024-09-20 17:01:33,784 - 接收 : 00 00 00 00 2C 00 00 00 00 2C 00 00 00 00 2C
2024-09-20 17:01:33,800 - 接收 : 00 00 00 00 0D 0A
2024-09-20 17:01:33,895 - 接收 : A9 9A 34 25 3A
2024-09-20 17:01:33,911 - 接收 : CE B8 2C 00 00 39 37 2C 18 2D 09 2D 14 20 11
2024-09-20 17:01:33,927 - 接收 : 3A 01 3A 19 2C 48 11 2C 00 00 2C 00 00 00 00
2024-09-20 17:01:33,943 - 接收 : 2C 00 00 00 00 2C 00 00 00 00 2C 00 00 00 00 0D
2024-09-20 17:01:33,959 - 接收 : 0A
2024-09-20 17:01:40,131 - 接收 : A9 9A 34 25 3A CE B8 2C 00 00 39 38 2C 18
2024-09-20 17:01:40,147 - 接收 : 2D 09 2D 14 20 11 3A 01 3A 20 2C 48 18 2C 00 00
2024-09-20 17:01:40,162 - 接收 : 2C 00 00 00 00 2C 00 00 00 00 2C 00 00 00 00
2024-09-20 17:01:40,179 - 接收 : 2C 00 00 00 00 0D 0A
2024-09-20 17:01:40,275 - 接收 : A9 9A 34 25
2024-09-20 17:01:40,291 - 接收 : 3A CE B8 2C 00 00 39 39 2C 18 2D 09 2D 14 20
2024-09-20 17:01:40,307 - 接收 : 11 3A 01 3A 20 2C 48 18 2C 00 00 2C 00 00 00
2024-09-20 17:01:40,323 - 接收 : 00 2C 00 00 00 00 2C 00 00 00 00 2C 00 00 00 00
2024-09-20 17:01:40,339 - 接收 : 0D 0A
2024-09-20 17:01:40,435 - 接收 : A9 9A 34 25 3A CE C0 2C
2024-09-20 17:01:40,451 - 接收 : 00 00 39 3A 2C 18 2D 09 2D 14 20 11 3A 01 3A 20
2024-09-20 17:01:40,467 - 接收 : 2C 48 18 2C 01 33 2C 00 00 99 D1 2C FF FF FF
2024-09-20 17:01:40,483 - 接收 : 03 2C 00 00 01 79 2C 00 00 37 5F 0D 0A
2024-09-20 17:01:40,595 - 接收 : A9 9A 34 25 3A CE B8 2C 00 00 39 3B 2C
2024-09-20 17:01:40,611 - 接收 : 18 2D 09 2D 14 20 11 3A 01 3A 20 2C 48 18 2C
2024-09-20 17:01:40,627 - 接收 : 00 00 2C 00 00 00 00 2C 00 00 00 00 2C 00 00 00
2024-09-20 17:01:40,642 - 接收 : 00 2C 00 00 00 00 0D 0A
2024-09-20 17:01:40,738 - 接收 : A9 9A
2024-09-20 17:01:40,754 - 接收 : 34 25 3A CE B8 2C 00 00 39 3C 2C 18 2D 09 2D 14
2024-09-20 17:01:40,770 - 接收 : 20 11 3A 01 3A 20 2C 48 18 2C 00 00 2C 00 00
2024-09-20 17:01:40,786 - 接收 : 00 00 2C 00 00 00 00 2C 00 00 00 00 2C 00 00
2024-09-20 17:01:40,802 - 接收 : 00 00 0D 0A
2024-09-20 17:01:40,898 - 接收 : A9 9A 34 25 3A CE B8
2024-09-20 17:01:40,914 - 接收 : 2C 00 00 39 3D 2C 18 2D 09 2D 14 20 11 3A 01
2024-09-20 17:01:40,930 - 接收 : 3A 20 2C 48 18 2C 00 00 2C 00 00 00 00 2C 00 00
2024-09-20 17:01:40,946 - 接收 : 00 00 2C 00 00 00 00 2C 00 00 00 00 0D 0A
2024-09-20 17:01:45,118 - 接收 : A9 9A
2024-09-20 17:01:45,134 - 接收 : 34 25 3A CE B8 2C 00 00 39 3E 2C 18 2D 09 2D
2024-09-20 17:01:45,151 - 接收 : 14 20 11 3A 01 3A 25 2C 48 11 2C 00 00 2C 00
2024-09-20 17:01:45,167 - 接收 : 00 00 00 2C 00 00 00 00 2C 00 00 00 00 2C 00 00
2024-09-20 17:01:45,182 - 接收 : 00 00 0D 0A
2024-09-20 17:01:45,278 - 接收 : A9 9A 34 25 3A CE
2024-09-20 17:01:45,294 - 接收 : B8 2C 00 00 39 3F 2C 18 2D 09 2D 14 20 11 3A 01
2024-09-20 17:01:45,310 - 接收 : 3A 25 2C 48 11 2C 00 00 2C 00 00 00 00 2C 00
2024-09-20 17:01:45,326 - 接收 : 00 00 00 2C 00 00 00 00 2C 00 00 00 00 0D 0A
2024-09-20 17:01:45,438 - 接收 : A9 9A 34 25 3A CE C0 2C 00 00 39
2024-09-20 17:01:45,454 - 接收 : 40 2C 18 2D 09 2D 14 20 11 3A 01 3A 25 2C 48
2024-09-20 17:01:45,470 - 接收 : 11 2C 01 33 2C 00 00 99 D2 2C FF FF FF 04 2C 00
2024-09-20 17:01:45,486 - 接收 : 00 01 78 2C 00 00 37 60 0D 0A
2024-09-20 17:01:45,598 - 接收 : A9 9A 34 25 3A CE B8 2C 00 00 39 41 2C 18 2D 09
2024-09-20 17:01:45,614 - 接收 : 2D 14 20 11 3A 01 3A 25 2C 48 11 2C 00 00 2C
2024-09-20 17:01:45,630 - 接收 : 00 00 00 00 2C 00 00 00 00 2C 00 00 00 00 2C
2024-09-20 17:01:45,646 - 接收 : 00 00 00 00 0D 0A
2024-09-20 17:01:45,742 - 接收 : A9 9A 34 25 3A
2024-09-20 17:01:45,758 - 接收 : CE B8 2C 00 00 39 42 2C 18 2D 09 2D 14 20 11
2024-09-20 17:01:45,774 - 接收 : 3A 01 3A 25 2C 48 11 2C 00 00 2C 00 00 00 00 2C
2024-09-20 17:01:45,790 - 接收 : 00 00 00 00 2C 00 00 00 00 2C 00 00 00 00 0D
2024-09-20 17:01:45,806 - 接收 : 0A
2024-09-20 17:01:45,902 - 接收 : A9 9A 34 25 3A CE B8 2C 00 00
2024-09-20 17:01:45,919 - 接收 : 39 43 2C 18 2D 09 2D 14 20 11 3A 01 3A 25 2C
2024-09-20 17:01:45,934 - 接收 : 48 11 2C 00 00 2C 00 00 00 00 2C 00 00 00 00
2024-09-20 17:01:45,950 - 接收 : 2C 00 00 00 00 2C 00 00 00 00 0D 0A
2024-09-20 17:01:52,121 - 接收 : A9 9A 34 25
2024-09-20 17:01:52,137 - 接收 : 3A CE B8 2C 00 00 39 44 2C 18 2D 09 2D 14 20
2024-09-20 17:01:52,153 - 接收 : 11 3A 01 3A 2C 2C 48 11 2C 00 00 2C 00 00 00 00
2024-09-20 17:01:52,169 - 接收 : 2C 00 00 00 00 2C 00 00 00 00 2C 00 00 00 00
2024-09-20 17:01:52,185 - 接收 : 0D 0A
2024-09-20 17:01:52,281 - 接收 : A9 9A 34 25 3A CE B8 2C 00
2024-09-20 17:01:52,297 - 接收 : 00 39 45 2C 18 2D 09 2D 14 20 11 3A 01 3A 2C
2024-09-20 17:01:52,313 - 接收 : 2C 48 11 2C 00 00 2C 00 00 00 00 2C 00 00 00
2024-09-20 17:01:52,329 - 接收 : 00 2C 00 00 00 00 2C 00 00 00 00 0D 0A
2024-09-20 17:01:52,441 - 接收 : A9 9A 34 25 3A CE C0 2C 00 00 39 46 2C
2024-09-20 17:01:52,457 - 接收 : 18 2D 09 2D 14 20 11 3A 01 3A 2C 2C 48 11 2C 01
2024-09-20 17:01:52,473 - 接收 : 33 2C 00 00 99 D2 2C FF FF FF 04 2C 00 00 01
2024-09-20 17:01:52,489 - 接收 : 78 2C 00 00 37 60 0D 0A
2024-09-20 17:01:52,585 - 接收 : A9 9A 34
2024-09-20 17:01:52,601 - 接收 : 25 3A CE B8 2C 00 00 39 47 2C 18 2D 09 2D 14
2024-09-20 17:01:52,617 - 接收 : 20 11 3A 01 3A 2C 2C 48 11 2C 00 00 2C 00 00
2024-09-20 17:01:52,633 - 接收 : 00 00 2C 00 00 00 00 2C 00 00 00 00 2C 00 00 00
2024-09-20 17:01:52,649 - 接收 : 00 0D 0A
2024-09-20 17:01:52,745 - 接收 : A9 9A 34 25 3A CE B8
2024-09-20 17:01:52,760 - 接收 : 2C 00 00 39 48 2C 18 2D 09 2D 14 20 11 3A 01 3A
2024-09-20 17:01:52,776 - 接收 : 2C 2C 48 11 2C 00 00 2C 00 00 00 00 2C 00 00
2024-09-20 17:01:52,792 - 接收 : 00 00 2C 00 00 00 00 2C 00 00 00 00 0D 0A
2024-09-20 17:01:52,904 - 接收 : A9 9A 34 25 3A CE B8 2C 00 00 39 49
2024-09-20 17:01:52,920 - 接收 : 2C 18 2D 09 2D 14 20 11 3A 01 3A 2C 2C 48 11 2C
2024-09-20 17:01:52,936 - 接收 : 00 00 2C 00 00 00 00 2C 00 00 00 00 2C 00 00
2024-09-20 17:01:52,952 - 接收 : 00 00 2C 00 00 00 00 0D 0A
2024-09-20 17:01:57,125 - 接收 : A9 9A 34 25 3A CE B8 2C 00 00 39
2024-09-20 17:01:57,141 - 接收 : 4A 2C 18 2D 09 2D 14 20 11 3A 01 3A 31 2C 48
2024-09-20 17:01:57,157 - 接收 : 18 2C 00 00 2C 00 00 00 00 2C 00 00 00 00 2C 00
2024-09-20 17:01:57,173 - 接收 : 00 00 00 2C 00 00 00 00 0D 0A
2024-09-20 17:01:57,285 - 接收 : A9 9A 34 25 3A CE B8 2C 00 00 39 4B 2C 18 2D 09
2024-09-20 17:01:57,301 - 接收 : 2D 14 20 11 3A 01 3A 31 2C 48 18 2C 00 00 2C
2024-09-20 17:01:57,317 - 接收 : 00 00 00 00 2C 00 00 00 00 2C 00 00 00 00 2C
2024-09-20 17:01:57,333 - 接收 : 00 00 00 00 0D 0A
2024-09-20 17:01:57,429 - 接收 : A9 9A 34 25 3A
2024-09-20 17:01:57,445 - 接收 : CE C0 2C 00 00 39 4C 2C 18 2D 09 2D 14 20 11
2024-09-20 17:01:57,461 - 接收 : 3A 01 3A 31 2C 48 18 2C 01 33 2C 00 00 99 D1 2C
2024-09-20 17:01:57,477 - 接收 : FF FF FF 03 2C 00 00 01 79 2C 00 00 37 60 0D
2024-09-20 17:01:57,493 - 接收 : 0A
2024-09-20 17:01:57,589 - 接收 : A9 9A 34 25 3A CE B8 2C 00 00
2024-09-20 17:01:57,605 - 接收 : 39 4D 2C 18 2D 09 2D 14 20 11 3A 01 3A 31 2C
2024-09-20 17:01:57,621 - 接收 : 48 18 2C 00 00 2C 00 00 00 00 2C 00 00 00 00
2024-09-20 17:01:57,637 - 接收 : 2C 00 00 00 00 2C 00 00 00 00 0D 0A
2024-09-20 17:01:57,749 - 接收 : A9 9A 34 25 3A CE B8 2C 00 00 39 4E 2C 18
2024-09-20 17:01:57,765 - 接收 : 2D 09 2D 14 20 11 3A 01 3A 31 2C 48 18 2C 00 00
2024-09-20 17:01:57,781 - 接收 : 2C 00 00 00 00 2C 00 00 00 00 2C 00 00 00 00
2024-09-20 17:01:57,797 - 接收 : 2C 00 00 00 00 0D 0A
2024-09-20 17:01:57,893 - 接收 : A9 9A 34 25
2024-09-20 17:01:57,909 - 接收 : 3A CE B8 2C 00 00 39 4F 2C 18 2D 09 2D 14 20
2024-09-20 17:01:57,925 - 接收 : 11 3A 01 3A 31 2C 48 18 2C 00 00 2C 00 00 00
2024-09-20 17:01:57,941 - 接收 : 00 2C 00 00 00 00 2C 00 00 00 00 2C 00 00 00 00
2024-09-20 17:01:57,957 - 接收 : 0D 0A
2024-09-20 17:02:04,127 - 接收 : A9 9A 34 25 3A CE B8 2C 00 00 39 50 2C
2024-09-20 17:02:04,143 - 接收 : 18 2D 09 2D 14 20 11 3A 01 3A 38 2C 48 18 2C 00
2024-09-20 17:02:04,159 - 接收 : 00 2C 00 00 00 00 2C 00 00 00 00 2C 00 00 00
2024-09-20 17:02:04,175 - 接收 : 00 2C 00 00 00 00 0D 0A
2024-09-20 17:02:04,271 - 接收 : A9 9A 34
2024-09-20 17:02:04,287 - 接收 : 25 3A CE B8 2C 00 00 39 51 2C 18 2D 09 2D 14
2024-09-20 17:02:04,303 - 接收 : 20 11 3A 01 3A 38 2C 48 18 2C 00 00 2C 00 00
2024-09-20 17:02:04,319 - 接收 : 00 00 2C 00 00 00 00 2C 00 00 00 00 2C 00 00 00
2024-09-20 17:02:04,335 - 接收 : 00 0D 0A
2024-09-20 17:02:04,431 - 接收 : A9 9A 34 25 3A CE C0
2024-09-20 17:02:04,447 - 接收 : 2C 00 00 39 52 2C 18 2D 09 2D 14 20 11 3A 01 3A
2024-09-20 17:02:04,463 - 接收 : 38 2C 48 18 2C 01 33 2C 00 00 99 D1 2C FF FF
2024-09-20 17:02:04,479 - 接收 : FF 03 2C 00 00 01 79 2C 00 00 37 5F 0D 0A
2024-09-20 17:02:04,591 - 接收 : A9 9A 34 25 3A CE B8 2C 00 00 39 53
2024-09-20 17:02:04,607 - 接收 : 2C 18 2D 09 2D 14 20 11 3A 01 3A 38 2C 48 18
2024-09-20 17:02:04,623 - 接收 : 2C 00 00 2C 00 00 00 00 2C 00 00 00 00 2C 00 00
2024-09-20 17:02:04,639 - 接收 : 00 00 2C 00 00 00 00 0D 0A
2024-09-20 17:02:04,735 - 接收 : A9
2024-09-20 17:02:04,751 - 接收 : 9A 34 25 3A CE B8 2C 00 00 39 54 2C 18 2D 09 2D
2024-09-20 17:02:04,767 - 接收 : 14 20 11 3A 01 3A 38 2C 48 18 2C 00 00 2C 00
2024-09-20 17:02:04,783 - 接收 : 00 00 00 2C 00 00 00 00 2C 00 00 00 00 2C 00
2024-09-20 17:02:04,799 - 接收 : 00 00 00 0D 0A
2024-09-20 17:02:04,895 - 接收 : A9 9A 34 25 3A CE
2024-09-20 17:02:04,911 - 接收 : B8 2C 00 00 39 55 2C 18 2D 09 2D 14 20 11 3A
2024-09-20 17:02:04,927 - 接收 : 01 3A 38 2C 48 18 2C 00 00 2C 00 00 00 00 2C 00
2024-09-20 17:02:04,943 - 接收 : 00 00 00 2C 00 00 00 00 2C 00 00 00 00 0D 0A
2024-09-20 17:02:09,116 - 接收 : A9
2024-09-20 17:02:09,132 - 接收 : 9A 34 25 3A CE B8 2C 00 00 39 56 2C 18 2D 09
2024-09-20 17:02:09,148 - 接收 : 2D 14 20 11 3A 02 3A 01 2C 48 11 2C 00 00 2C 00
2024-09-20 17:02:09,164 - 接收 : 00 00 00 2C 00 00 00 00 2C 00 00 00 00 2C 00
2024-09-20 17:02:09,180 - 接收 : 00 00 00 0D 0A
2024-09-20 17:02:09,276 - 接收 : A9 9A 34 25 3A
2024-09-20 17:02:09,292 - 接收 : CE B8 2C 00 00 39 57 2C 18 2D 09 2D 14 20 11 3A
2024-09-20 17:02:09,307 - 接收 : 02 3A 01 2C 48 11 2C 00 00 2C 00 00 00 00 2C
2024-09-20 17:02:09,324 - 接收 : 00 00 00 00 2C 00 00 00 00 2C 00 00 00 00 0D 0A
2024-09-20 17:02:09,435 - 接收 : A9 9A 34 25 3A CE C0 2C 00 00
2024-09-20 17:02:09,451 - 接收 : 39 58 2C 18 2D 09 2D 14 20 11 3A 02 3A 01 2C
2024-09-20 17:02:09,467 - 接收 : 48 11 2C 01 33 2C 00 00 99 D0 2C FF FF FF 02 2C
2024-09-20 17:02:09,483 - 接收 : 00 00 01 7B 2C 00 00 37 5F 0D 0A
2024-09-20 17:02:09,595 - 接收 : A9 9A 34 25 3A CE B8 2C 00 00 39 59 2C 18 2D
2024-09-20 17:02:09,611 - 接收 : 09 2D 14 20 11 3A 02 3A 01 2C 48 11 2C 00 00
2024-09-20 17:02:09,627 - 接收 : 2C 00 00 00 00 2C 00 00 00 00 2C 00 00 00 00 2C
2024-09-20 17:02:09,643 - 接收 : 00 00 00 00 0D 0A
2024-09-20 17:02:09,739 - 接收 : A9 9A 34 25
2024-09-20 17:02:09,755 - 接收 : 3A CE B8 2C 00 00 39 5A 2C 18 2D 09 2D 14 20 11
2024-09-20 17:02:09,771 - 接收 : 3A 02 3A 01 2C 48 11 2C 00 00 2C 00 00 00 00
2024-09-20 17:02:09,787 - 接收 : 2C 00 00 00 00 2C 00 00 00 00 2C 00 00 00 00
2024-09-20 17:02:09,803 - 接收 : 0D 0A
2024-09-20 17:02:09,899 - 接收 : A9 9A 34 25 3A CE B8 2C 00
2024-09-20 17:02:09,914 - 接收 : 00 39 5B 2C 18 2D 09 2D 14 20 11 3A 02 3A 01
2024-09-20 17:02:09,931 - 接收 : 2C 48 11 2C 00 00 2C 00 00 00 00 2C 00 00 00 00
2024-09-20 17:02:09,947 - 接收 : 2C 00 00 00 00 2C 00 00 00 00 0D 0A
2024-09-20 17:02:16,118 - 接收 : A9 9A 34
2024-09-20 17:02:16,133 - 接收 : 25 3A CE B8 2C 00 00 39 5C 2C 18 2D 09 2D 14 20
2024-09-20 17:02:16,149 - 接收 : 11 3A 02 3A 08 2C 48 11 2C 00 00 2C 00 00 00
2024-09-20 17:02:16,165 - 接收 : 00 2C 00 00 00 00 2C 00 00 00 00 2C 00 00 00
2024-09-20 17:02:16,181 - 接收 : 00 0D 0A
2024-09-20 17:02:16,278 - 接收 : A9 9A 34 25 3A CE B8 2C
2024-09-20 17:02:16,294 - 接收 : 00 00 39 5D 2C 18 2D 09 2D 14 20 11 3A 02 3A
2024-09-20 17:02:16,310 - 接收 : 08 2C 48 11 2C 00 00 2C 00 00 00 00 2C 00 00 00
2024-09-20 17:02:16,326 - 接收 : 00 2C 00 00 00 00 2C 00 00 00 00 0D 0A
2024-09-20 17:02:16,438 - 接收 : A9 9A 34 25 3A CE C0 2C 00 00 39 5E 2C
2024-09-20 17:02:16,454 - 接收 : 18 2D 09 2D 14 20 11 3A 02 3A 08 2C 48 11 2C
2024-09-20 17:02:16,469 - 接收 : 01 33 2C 00 00 99 D0 2C FF FF FF 02 2C 00 00
2024-09-20 17:02:16,486 - 接收 : 01 7B 2C 00 00 37 5F 0D 0A
2024-09-20 17:02:16,581 - 接收 : A9 9A
2024-09-20 17:02:16,598 - 接收 : 34 25 3A CE B8 2C 00 00 39 5F 2C 18 2D 09 2D
2024-09-20 17:02:16,614 - 接收 : 14 20 11 3A 02 3A 08 2C 48 11 2C 00 00 2C 00 00
2024-09-20 17:02:16,630 - 接收 : 00 00 2C 00 00 00 00 2C 00 00 00 00 2C 00 00
2024-09-20 17:02:16,646 - 接收 : 00 00 0D 0A
2024-09-20 17:02:16,741 - 接收 : A9 9A 34 25 3A CE B8
2024-09-20 17:02:16,758 - 接收 : 2C 00 00 39 60 2C 18 2D 09 2D 14 20 11 3A 02
2024-09-20 17:02:16,773 - 接收 : 3A 08 2C 48 11 2C 00 00 2C 00 00 00 00 2C 00
2024-09-20 17:02:16,789 - 接收 : 00 00 00 2C 00 00 00 00 2C 00 00 00 00 0D 0A
2024-09-20 17:02:16,901 - 接收 : A9 9A 34 25 3A CE B8 2C 00 00 39
2024-09-20 17:02:16,917 - 接收 : 61 2C 18 2D 09 2D 14 20 11 3A 02 3A 08 2C 48 11
2024-09-20 17:02:16,933 - 接收 : 2C 00 00 2C 00 00 00 00 2C 00 00 00 00 2C 00
2024-09-20 17:02:16,949 - 接收 : 00 00 00 2C 00 00 00 00 0D 0A
2024-09-20 17:02:21,122 - 接收 : A9 9A 34 25 3A CE
2024-09-20 17:02:21,138 - 接收 : B8 2C 00 00 39 62 2C 18 2D 09 2D 14 20 11 3A
2024-09-20 17:02:21,154 - 接收 : 02 3A 0D 2C 48 18 2C 00 00 2C 00 00 00 00 2C 00
2024-09-20 17:02:21,170 - 接收 : 00 00 00 2C 00 00 00 00 2C 00 00 00 00 0D 0A
2024-09-20 17:02:21,282 - 接收 : A9 9A 34 25 3A CE B8 2C 00 00 39
2024-09-20 17:02:21,298 - 接收 : 63 2C 18 2D 09 2D 14 20 11 3A 02 3A 0D 2C 48
2024-09-20 17:02:21,319 - 接收 : 18 2C 00 00 2C 00 00 00 00 2C 00 00 00 00 2C
2024-09-20 17:02:21,351 - 接收 : 00 00 00 00 2C 00 00 00 00 0D 0A
2024-09-20 17:02:21,441 - 接收 : A9 9A 34 25 3A CE C0 2C 00 00 39 64 2C 18 2D
2024-09-20 17:02:21,457 - 接收 : 09 2D 14 20 11 3A 02 3A 0D 2C 48 18 2C 01 33 2C
2024-09-20 17:02:21,473 - 接收 : 00 00 99 D0 2C FF FF FF 02 2C 00 00 01 7B 2C
2024-09-20 17:02:21,489 - 接收 : 00 00 37 5F 0D 0A
2024-09-20 17:02:21,585 - 接收 : A9 9A 34 25 3A
2024-09-20 17:02:21,602 - 接收 : CE B8 2C 00 00 39 65 2C 18 2D 09 2D 14 20 11
2024-09-20 17:02:21,618 - 接收 : 3A 02 3A 0D 2C 48 18 2C 00 00 2C 00 00 00 00 2C
2024-09-20 17:02:21,633 - 接收 : 00 00 00 00 2C 00 00 00 00 2C 00 00 00 00 0D
2024-09-20 17:02:21,649 - 接收 : 0A
2024-09-20 17:02:21,746 - 接收 : A9 9A 34 25 3A CE B8 2C 00
2024-09-20 17:02:21,761 - 接收 : 00 39 66 2C 18 2D 09 2D 14 20 11 3A 02 3A 0D 2C
2024-09-20 17:02:21,778 - 接收 : 48 18 2C 00 00 2C 00 00 00 00 2C 00 00 00 00
2024-09-20 17:02:21,793 - 接收 : 2C 00 00 00 00 2C 00 00 00 00 0D 0A
2024-09-20 17:02:21,906 - 接收 : A9 9A 34 25 3A CE B8 2C 00 00 39 67 2C 18
2024-09-20 17:02:21,921 - 接收 : 2D 09 2D 14 20 11 3A 02 3A 0D 2C 48 18 2C 00
2024-09-20 17:02:21,937 - 接收 : 00 2C 00 00 00 00 2C 00 00 00 00 2C 00 00 00 00
2024-09-20 17:02:21,953 - 接收 : 2C 00 00 00 00 0D 0A
2024-09-20 17:02:28,124 - 接收 : A9 9A 34 25 3A CE B8 2C
2024-09-20 17:02:28,140 - 接收 : 00 00 39 68 2C 18 2D 09 2D 14 20 11 3A 02 3A 14
2024-09-20 17:02:28,157 - 接收 : 2C 48 18 2C 00 00 2C 00 00 00 00 2C 00 00 00
2024-09-20 17:02:28,173 - 接收 : 00 2C 00 00 00 00 2C 00 00 00 00 0D 0A
2024-09-20 17:02:28,284 - 接收 : A9 9A 34 25 3A CE B8 2C 00 00 39 69 2C
2024-09-20 17:02:28,300 - 接收 : 18 2D 09 2D 14 20 11 3A 02 3A 14 2C 48 18 2C 00
2024-09-20 17:02:28,316 - 接收 : 00 2C 00 00 00 00 2C 00 00 00 00 2C 00 00 00
2024-09-20 17:02:28,332 - 接收 : 00 2C 00 00 00 00 0D 0A
2024-09-20 17:02:28,428 - 接收 : A9 9A 34
2024-09-20 17:02:28,444 - 接收 : 25 3A CE C0 2C 00 00 39 6A 2C 18 2D 09 2D 14
2024-09-20 17:02:28,460 - 接收 : 20 11 3A 02 3A 14 2C 48 18 2C 01 33 2C 00 00
2024-09-20 17:02:28,475 - 接收 : 99 CF 2C FF FF FF 01 2C 00 00 01 7C 2C 00 00 37
2024-09-20 17:02:28,491 - 接收 : 5F 0D 0A
2024-09-20 17:02:28,587 - 接收 : A9 9A 34 25 3A CE B8
2024-09-20 17:02:28,604 - 接收 : 2C 00 00 39 6B 2C 18 2D 09 2D 14 20 11 3A 02 3A
2024-09-20 17:02:28,619 - 接收 : 14 2C 48 18 2C 00 00 2C 00 00 00 00 2C 00 00
2024-09-20 17:02:28,635 - 接收 : 00 00 2C 00 00 00 00 2C 00 00 00 00 0D 0A
2024-09-20 17:02:28,748 - 接收 : A9 9A 34 25 3A CE B8 2C 00 00 39 6C
2024-09-20 17:02:28,764 - 接收 : 2C 18 2D 09 2D 14 20 11 3A 02 3A 14 2C 48 18
2024-09-20 17:02:28,780 - 接收 : 2C 00 00 2C 00 00 00 00 2C 00 00 00 00 2C 00 00
2024-09-20 17:02:28,796 - 接收 : 00 00 2C 00 00 00 00 0D 0A
2024-09-20 17:02:28,892 - 接收 : A9
2024-09-20 17:02:28,908 - 接收 : 9A 34 25 3A CE B8 2C 00 00 39 6D 2C 18 2D 09 2D
2024-09-20 17:02:28,924 - 接收 : 14 20 11 3A 02 3A 14 2C 48 18 2C 00 00 2C 00
2024-09-20 17:02:28,940 - 接收 : 00 00 00 2C 00 00 00 00 2C 00 00 00 00 2C 00
2024-09-20 17:02:28,956 - 接收 : 00 00 00 0D 0A
2024-09-20 17:02:33,128 - 接收 : A9 9A 34 25 3A CE B8 2C 00 00 39
2024-09-20 17:02:33,144 - 接收 : 6E 2C 18 2D 09 2D 14 20 11 3A 02 3A 19 2C 48 11
2024-09-20 17:02:33,161 - 接收 : 2C 00 00 2C 00 00 00 00 2C 00 00 00 00 2C 00
2024-09-20 17:02:33,176 - 接收 : 00 00 00 2C 00 00 00 00 0D 0A
2024-09-20 17:02:33,272 - 接收 : A9
2024-09-20 17:02:33,288 - 接收 : 9A 34 25 3A CE B8 2C 00 00 39 6F 2C 18 2D 09
2024-09-20 17:02:33,304 - 接收 : 2D 14 20 11 3A 02 3A 19 2C 48 11 2C 00 00 2C
2024-09-20 17:02:33,320 - 接收 : 00 00 00 00 2C 00 00 00 00 2C 00 00 00 00 2C 00
2024-09-20 17:02:33,336 - 接收 : 00 00 00 0D 0A
2024-09-20 17:02:33,432 - 接收 : A9 9A 34 25 3A
2024-09-20 17:02:33,448 - 接收 : CE C0 2C 00 00 39 70 2C 18 2D 09 2D 14 20 11 3A
2024-09-20 17:02:33,464 - 接收 : 02 3A 19 2C 48 11 2C 01 33 2C 00 00 99 CE 2C
2024-09-20 17:02:33,480 - 接收 : FF FF FF 00 2C 00 00 01 7E 2C 00 00 37 5E 0D
2024-09-20 17:02:33,496 - 接收 : 0A
2024-09-20 17:02:33,592 - 接收 : A9 9A 34 25 3A CE B8 2C 00 00
2024-09-20 17:02:33,608 - 接收 : 39 71 2C 18 2D 09 2D 14 20 11 3A 02 3A 19 2C
2024-09-20 17:02:33,624 - 接收 : 48 11 2C 00 00 2C 00 00 00 00 2C 00 00 00 00 2C
2024-09-20 17:02:33,639 - 接收 : 00 00 00 00 2C 00 00 00 00 0D 0A
2024-09-20 17:02:33,751 - 接收 : A9 9A 34 25 3A CE B8 2C 00 00 39 72 2C 18 2D
2024-09-20 17:02:33,767 - 接收 : 09 2D 14 20 11 3A 02 3A 19 2C 48 11 2C 00 00
2024-09-20 17:02:33,783 - 接收 : 2C 00 00 00 00 2C 00 00 00 00 2C 00 00 00 00
2024-09-20 17:02:33,799 - 接收 : 2C 00 00 00 00 0D 0A
2024-09-20 17:02:33,895 - 接收 : A9 9A 34 25
2024-09-20 17:02:33,911 - 接收 : 3A CE B8 2C 00 00 39 73 2C 18 2D 09 2D 14 20
2024-09-20 17:02:33,927 - 接收 : 11 3A 02 3A 19 2C 48 11 2C 00 00 2C 00 00 00 00
2024-09-20 17:02:33,944 - 接收 : 2C 00 00 00 00 2C 00 00 00 00 2C 00 00 00 00
2024-09-20 17:02:33,959 - 接收 : 0D 0A
2024-09-20 17:02:40,130 - 接收 : A9 9A 34 25 3A CE B8 2C 00 00 39 74 2C 18
2024-09-20 17:02:40,146 - 接收 : 2D 09 2D 14 20 11 3A 02 3A 20 2C 48 11 2C 00
2024-09-20 17:02:40,162 - 接收 : 00 2C 00 00 00 00 2C 00 00 00 00 2C 00 00 00
2024-09-20 17:02:40,178 - 接收 : 00 2C 00 00 00 00 0D 0A
2024-09-20 17:02:40,275 - 接收 : A9 9A 34
2024-09-20 17:02:40,291 - 接收 : 25 3A CE B8 2C 00 00 39 75 2C 18 2D 09 2D 14
2024-09-20 17:02:40,307 - 接收 : 20 11 3A 02 3A 20 2C 48 11 2C 00 00 2C 00 00 00
2024-09-20 17:02:40,323 - 接收 : 00 2C 00 00 00 00 2C 00 00 00 00 2C 00 00 00
2024-09-20 17:02:40,338 - 接收 : 00 0D 0A
2024-09-20 17:02:40,434 - 接收 : A9 9A 34 25 3A CE C0 2C
2024-09-20 17:02:40,450 - 接收 : 00 00 39 76 2C 18 2D 09 2D 14 20 11 3A 02 3A
2024-09-20 17:02:40,466 - 接收 : 20 2C 48 11 2C 01 33 2C 00 00 99 D0 2C FF FF
2024-09-20 17:02:40,482 - 接收 : FF 02 2C 00 00 01 7B 2C 00 00 37 5F 0D 0A
2024-09-20 17:02:40,594 - 接收 : A9 9A 34 25 3A CE B8 2C 00 00 39 77
2024-09-20 17:02:40,610 - 接收 : 2C 18 2D 09 2D 14 20 11 3A 02 3A 20 2C 48 11 2C
2024-09-20 17:02:40,626 - 接收 : 00 00 2C 00 00 00 00 2C 00 00 00 00 2C 00 00
2024-09-20 17:02:40,642 - 接收 : 00 00 2C 00 00 00 00 0D 0A
2024-09-20 17:02:40,738 - 接收 : A9 9A
2024-09-20 17:02:40,754 - 接收 : 34 25 3A CE B8 2C 00 00 39 78 2C 18 2D 09 2D
2024-09-20 17:02:40,770 - 接收 : 14 20 11 3A 02 3A 20 2C 48 11 2C 00 00 2C 00
2024-09-20 17:02:40,786 - 接收 : 00 00 00 2C 00 00 00 00 2C 00 00 00 00 2C 00 00
2024-09-20 17:02:40,802 - 接收 : 00 00 0D 0A
2024-09-20 17:02:40,898 - 接收 : A9 9A 34 25 3A CE
2024-09-20 17:02:40,914 - 接收 : B8 2C 00 00 39 79 2C 18 2D 09 2D 14 20 11 3A 02
2024-09-20 17:02:40,930 - 接收 : 3A 20 2C 48 11 2C 00 00 2C 00 00 00 00 2C 00
2024-09-20 17:02:40,946 - 接收 : 00 00 00 2C 00 00 00 00 2C 00 00 00 00 0D 0A
2024-09-20 17:02:45,119 - 接收 : A9 9A 34 25 3A
2024-09-20 17:02:45,135 - 接收 : CE B8 2C 00 00 39 7A 2C 18 2D 09 2D 14 20 11 3A
2024-09-20 17:02:45,151 - 接收 : 02 3A 25 2C 48 11 2C 00 00 2C 00 00 00 00 2C
2024-09-20 17:02:45,166 - 接收 : 00 00 00 00 2C 00 00 00 00 2C 00 00 00 00 0D
2024-09-20 17:02:45,182 - 接收 : 0A
2024-09-20 17:02:45,278 - 接收 : A9 9A 34 25 3A CE B8 2C 00 00
2024-09-20 17:02:45,294 - 接收 : 39 7B 2C 18 2D 09 2D 14 20 11 3A 02 3A 25 2C
2024-09-20 17:02:45,310 - 接收 : 48 11 2C 00 00 2C 00 00 00 00 2C 00 00 00 00 2C
2024-09-20 17:02:45,326 - 接收 : 00 00 00 00 2C 00 00 00 00 0D 0A
2024-09-20 17:02:45,438 - 接收 : A9 9A 34 25 3A CE C0 2C 00 00 39 7C 2C 18 2D
2024-09-20 17:02:45,454 - 接收 : 09 2D 14 20 11 3A 02 3A 25 2C 48 11 2C 01 33
2024-09-20 17:02:45,470 - 接收 : 2C 00 00 99 D0 2C FF FF FF 02 2C 00 00 01 7B
2024-09-20 17:02:45,486 - 接收 : 2C 00 00 37 5F 0D 0A
2024-09-20 17:02:45,582 - 接收 : A9 9A 34 25
2024-09-20 17:02:45,598 - 接收 : 3A CE B8 2C 00 00 39 7D 2C 18 2D 09 2D 14 20
2024-09-20 17:02:45,614 - 接收 : 11 3A 02 3A 25 2C 48 11 2C 00 00 2C 00 00 00 00
2024-09-20 17:02:45,630 - 接收 : 2C 00 00 00 00 2C 00 00 00 00 2C 00 00 00 00
2024-09-20 17:02:45,646 - 接收 : 0D 0A
2024-09-20 17:02:45,742 - 接收 : A9 9A 34 25 3A CE B8 2C 00
2024-09-20 17:02:45,758 - 接收 : 00 39 7E 2C 18 2D 09 2D 14 20 11 3A 02 3A 25
2024-09-20 17:02:45,774 - 接收 : 2C 48 11 2C 00 00 2C 00 00 00 00 2C 00 00 00
2024-09-20 17:02:45,790 - 接收 : 00 2C 00 00 00 00 2C 00 00 00 00 0D 0A
2024-09-20 17:02:45,902 - 接收 : A9 9A 34 25 3A CE B8 2C 00 00 39 7F 2C
2024-09-20 17:02:45,918 - 接收 : 18 2D 09 2D 14 20 11 3A 02 3A 25 2C 48 11 2C 00
2024-09-20 17:02:45,934 - 接收 : 00 2C 00 00 00 00 2C 00 00 00 00 2C 00 00 00
2024-09-20 17:02:45,950 - 接收 : 00 2C 00 00 00 00 0D 0A
2024-09-20 17:02:52,121 - 接收 : A9 9A 34 25 3A CE B8 2C
2024-09-20 17:02:52,137 - 接收 : 00 00 39 80 2C 18 2D 09 2D 14 20 11 3A 02 3A
2024-09-20 17:02:52,153 - 接收 : 2C 2C 48 18 2C 00 00 2C 00 00 00 00 2C 00 00
2024-09-20 17:02:52,169 - 接收 : 00 00 2C 00 00 00 00 2C 00 00 00 00 0D 0A
2024-09-20 17:02:52,281 - 接收 : A9 9A 34 25 3A CE B8 2C 00 00 39 81
2024-09-20 17:02:52,297 - 接收 : 2C 18 2D 09 2D 14 20 11 3A 02 3A 2C 2C 48 18 2C
2024-09-20 17:02:52,313 - 接收 : 00 00 2C 00 00 00 00 2C 00 00 00 00 2C 00 00
2024-09-20 17:02:52,329 - 接收 : 00 00 2C 00 00 00 00 0D 0A
2024-09-20 17:02:52,425 - 接收 : A9 9A
2024-09-20 17:02:52,440 - 接收 : 34 25 3A CE C0 2C 00 00 39 82 2C 18 2D 09 2D
2024-09-20 17:02:52,456 - 接收 : 14 20 11 3A 02 3A 2C 2C 48 18 2C 01 33 2C 00
2024-09-20 17:02:52,472 - 接收 : 00 99 CE 2C FF FF FF 00 2C 00 00 01 7E 2C 00 00
2024-09-20 17:02:52,488 - 接收 : 37 5E 0D 0A
2024-09-20 17:02:52,584 - 接收 : A9 9A 34 25 3A CE
2024-09-20 17:02:52,600 - 接收 : B8 2C 00 00 39 83 2C 18 2D 09 2D 14 20 11 3A 02
2024-09-20 17:02:52,616 - 接收 : 3A 2C 2C 48 18 2C 00 00 2C 00 00 00 00 2C 00
2024-09-20 17:02:52,632 - 接收 : 00 00 00 2C 00 00 00 00 2C 00 00 00 00 0D 0A
2024-09-20 17:02:52,744 - 接收 : A9 9A 34 25 3A CE B8 2C 00 00 39
2024-09-20 17:02:52,760 - 接收 : 84 2C 18 2D 09 2D 14 20 11 3A 02 3A 2C 2C 48
2024-09-20 17:02:52,776 - 接收 : 18 2C 00 00 2C 00 00 00 00 2C 00 00 00 00 2C 00
2024-09-20 17:02:52,792 - 接收 : 00 00 00 2C 00 00 00 00 0D 0A
2024-09-20 17:02:52,904 - 接收 : A9 9A 34 25 3A CE B8 2C 00 00 39 85 2C 18 2D 09
2024-09-20 17:02:52,920 - 接收 : 2D 14 20 11 3A 02 3A 2C 2C 48 18 2C 00 00 2C
2024-09-20 17:02:52,936 - 接收 : 00 00 00 00 2C 00 00 00 00 2C 00 00 00 00 2C
2024-09-20 17:02:52,952 - 接收 : 00 00 00 00 0D 0A
2024-09-20 17:02:57,125 - 接收 : A9 9A 34 25 3A CE B8 2C 00 00
2024-09-20 17:02:57,141 - 接收 : 39 86 2C 18 2D 09 2D 14 20 11 3A 02 3A 31 2C 48
2024-09-20 17:02:57,157 - 接收 : 18 2C 00 00 2C 00 00 00 00 2C 00 00 00 00 2C
2024-09-20 17:02:57,173 - 接收 : 00 00 00 00 2C 00 00 00 00 0D 0A
2024-09-20 17:02:57,285 - 接收 : A9 9A 34 25 3A CE B8 2C 00 00 39 87 2C 18 2D
2024-09-20 17:02:57,301 - 接收 : 09 2D 14 20 11 3A 02 3A 31 2C 48 18 2C 00 00
2024-09-20 17:02:57,317 - 接收 : 2C 00 00 00 00 2C 00 00 00 00 2C 00 00 00 00 2C
2024-09-20 17:02:57,333 - 接收 : 00 00 00 00 0D 0A
2024-09-20 17:02:57,429 - 接收 : A9 9A 34 25
2024-09-20 17:02:57,445 - 接收 : 3A CE C0 2C 00 00 39 88 2C 18 2D 09 2D 14 20 11
2024-09-20 17:02:57,461 - 接收 : 3A 02 3A 31 2C 48 18 2C 01 33 2C 00 00 99 CD
2024-09-20 17:02:57,477 - 接收 : 2C FF FF FE FF 2C 00 00 01 7F 2C 00 00 37 5E 0D
2024-09-20 17:02:57,493 - 接收 : 0A
2024-09-20 17:02:57,589 - 接收 : A9 9A 34 25 3A CE B8 2C 00
2024-09-20 17:02:57,605 - 接收 : 00 39 89 2C 18 2D 09 2D 14 20 11 3A 02 3A 31 2C
2024-09-20 17:02:57,621 - 接收 : 48 18 2C 00 00 2C 00 00 00 00 2C 00 00 00 00
2024-09-20 17:02:57,637 - 接收 : 2C 00 00 00 00 2C 00 00 00 00 0D 0A
2024-09-20 17:02:57,749 - 接收 : A9 9A 34 25 3A CE B8 2C 00 00 39 8A 2C 18
2024-09-20 17:02:57,765 - 接收 : 2D 09 2D 14 20 11 3A 02 3A 31 2C 48 18 2C 00
2024-09-20 17:02:57,781 - 接收 : 00 2C 00 00 00 00 2C 00 00 00 00 2C 00 00 00 00
2024-09-20 17:02:57,797 - 接收 : 2C 00 00 00 00 0D 0A
2024-09-20 17:02:57,893 - 接收 : A9 9A 34
2024-09-20 17:02:57,909 - 接收 : 25 3A CE B8 2C 00 00 39 8B 2C 18 2D 09 2D 14 20
2024-09-20 17:02:57,925 - 接收 : 11 3A 02 3A 31 2C 48 18 2C 00 00 2C 00 00 00
2024-09-20 17:02:57,941 - 接收 : 00 2C 00 00 00 00 2C 00 00 00 00 2C 00 00 00
2024-09-20 17:02:57,957 - 接收 : 00 0D 0A
