2024-09-20 17:15:33,121 - 接收 : A9 9A 34 25 3A CE B8 2C 00 00 3C 7A 2C 18
2024-09-20 17:15:33,137 - 接收 : 2D 09 2D 14 20 11 3A 0F 3A 19 2C 48 11 2C 00 00
2024-09-20 17:15:33,153 - 接收 : 2C 00 00 00 00 2C 00 00 00 00 2C 00 00 00 00
2024-09-20 17:15:33,169 - 接收 : 2C 00 00 00 00 0D 0A
2024-09-20 17:15:33,265 - 接收 : A9 9A 34 25
2024-09-20 17:15:33,281 - 接收 : 3A CE C6 2C 00 00 3C 7B 2C 18 2D 09 2D 14 20
2024-09-20 17:15:33,297 - 接收 : 11 3A 0F 3A 19 2C 48 11 2C 01 2E 2C 00 00 A9
2024-09-20 17:15:33,313 - 接收 : 7F 2C 00 00 00 00 2C 00 00 00 00 2C 00 00 3D 04
2024-09-20 17:15:33,329 - 接收 : 0D 0A
2024-09-20 17:15:33,425 - 接收 : A9 9A 34 25 3A CE B8 2C
2024-09-20 17:15:33,441 - 接收 : 00 00 3C 7C 2C 18 2D 09 2D 14 20 11 3A 0F 3A 19
2024-09-20 17:15:33,457 - 接收 : 2C 48 11 2C 00 00 2C 00 00 00 00 2C 00 00 00
2024-09-20 17:15:33,473 - 接收 : 00 2C 00 00 00 00 2C 00 00 00 00 0D 0A
2024-09-20 17:15:33,585 - 接收 : A9 9A 34 25 3A CE B8 2C 00 00 3C 7D 2C
2024-09-20 17:15:33,601 - 接收 : 18 2D 09 2D 14 20 11 3A 0F 3A 19 2C 48 11 2C
2024-09-20 17:15:33,617 - 接收 : 00 00 2C 00 00 00 00 2C 00 00 00 00 2C 00 00 00
2024-09-20 17:15:33,633 - 接收 : 00 2C 00 00 00 00 0D 0A
2024-09-20 17:15:33,729 - 接收 : A9 9A
2024-09-20 17:15:33,745 - 接收 : 34 25 3A CE B8 2C 00 00 3C 7E 2C 18 2D 09 2D 14
2024-09-20 17:15:33,761 - 接收 : 20 11 3A 0F 3A 19 2C 48 11 2C 00 00 2C 00 00
2024-09-20 17:15:33,777 - 接收 : 00 00 2C 00 00 00 00 2C 00 00 00 00 2C 00 00
2024-09-20 17:15:33,793 - 接收 : 00 00 0D 0A
2024-09-20 17:15:33,888 - 接收 : A9 9A 34 25 3A CE B8
2024-09-20 17:15:33,904 - 接收 : 2C 00 00 3C 7F 2C 18 2D 09 2D 14 20 11 3A 0F
2024-09-20 17:15:33,920 - 接收 : 3A 19 2C 48 11 2C 00 00 2C 00 00 00 00 2C 00 00
2024-09-20 17:15:33,936 - 接收 : 00 00 2C 00 00 00 00 2C 00 00 00 00 0D 0A
2024-09-20 17:15:40,111 - 接收 : A9 9A 34 25
2024-09-20 17:15:40,127 - 接收 : 3A CE B8 2C 00 00 3C 80 2C 18 2D 09 2D 14 20 11
2024-09-20 17:15:40,143 - 接收 : 3A 0F 3A 20 2C 48 11 2C 00 00 2C 00 00 00 00
2024-09-20 17:15:40,159 - 接收 : 2C 00 00 00 00 2C 00 00 00 00 2C 00 00 00 00
2024-09-20 17:15:40,174 - 接收 : 0D 0A
2024-09-20 17:15:40,271 - 接收 : A9 9A 34 25 3A CE C6 2C 00
2024-09-20 17:15:40,287 - 接收 : 00 3C 81 2C 18 2D 09 2D 14 20 11 3A 0F 3A 20
2024-09-20 17:15:40,303 - 接收 : 2C 48 11 2C 01 2E 2C 00 00 A9 7F 2C 00 00 00 00
2024-09-20 17:15:40,319 - 接收 : 2C 00 00 00 00 2C 00 00 3D 05 0D 0A
2024-09-20 17:15:40,431 - 接收 : A9 9A 34 25 3A CE B8 2C 00 00 3C 82 2C 18
2024-09-20 17:15:40,447 - 接收 : 2D 09 2D 14 20 11 3A 0F 3A 20 2C 48 11 2C 00
2024-09-20 17:15:40,463 - 接收 : 00 2C 00 00 00 00 2C 00 00 00 00 2C 00 00 00 00
2024-09-20 17:15:40,479 - 接收 : 2C 00 00 00 00 0D 0A
2024-09-20 17:15:40,575 - 接收 : A9 9A 34
2024-09-20 17:15:40,591 - 接收 : 25 3A CE B8 2C 00 00 3C 83 2C 18 2D 09 2D 14 20
2024-09-20 17:15:40,607 - 接收 : 11 3A 0F 3A 20 2C 48 11 2C 00 00 2C 00 00 00
2024-09-20 17:15:40,623 - 接收 : 00 2C 00 00 00 00 2C 00 00 00 00 2C 00 00 00
2024-09-20 17:15:40,639 - 接收 : 00 0D 0A
2024-09-20 17:15:40,735 - 接收 : A9 9A 34 25 3A CE B8 2C
2024-09-20 17:15:40,751 - 接收 : 00 00 3C 84 2C 18 2D 09 2D 14 20 11 3A 0F 3A
2024-09-20 17:15:40,767 - 接收 : 20 2C 48 11 2C 00 00 2C 00 00 00 00 2C 00 00 00
2024-09-20 17:15:40,783 - 接收 : 00 2C 00 00 00 00 2C 00 00 00 00 0D 0A
2024-09-20 17:15:40,895 - 接收 : A9 9A 34 25 3A CE B8 2C 00 00 3C 85 2C
2024-09-20 17:15:40,911 - 接收 : 18 2D 09 2D 14 20 11 3A 0F 3A 20 2C 48 11 2C
2024-09-20 17:15:40,927 - 接收 : 00 00 2C 00 00 00 00 2C 00 00 00 00 2C 00 00 00
2024-09-20 17:15:40,943 - 接收 : 00 2C 00 00 00 00 0D 0A
2024-09-20 17:15:45,118 - 接收 : A9 9A 34 25 3A CE B8 2C 00 00 3C 86 2C 18
2024-09-20 17:15:45,134 - 接收 : 2D 09 2D 14 20 11 3A 0F 3A 25 2C 48 11 2C 00
2024-09-20 17:15:45,150 - 接收 : 00 2C 00 00 00 00 2C 00 00 00 00 2C 00 00 00 00
2024-09-20 17:15:45,166 - 接收 : 2C 00 00 00 00 0D 0A
2024-09-20 17:15:45,262 - 接收 : A9 9A 34 25
2024-09-20 17:15:45,278 - 接收 : 3A CE C6 2C 00 00 3C 87 2C 18 2D 09 2D 14 20
2024-09-20 17:15:45,294 - 接收 : 11 3A 0F 3A 25 2C 48 11 2C 01 2E 2C 00 00 A9
2024-09-20 17:15:45,310 - 接收 : 7E 2C 00 00 00 00 2C 00 00 00 00 2C 00 00 3D 04
2024-09-20 17:15:45,326 - 接收 : 0D 0A
2024-09-20 17:15:45,422 - 接收 : A9 9A 34 25 3A CE B8 2C
2024-09-20 17:15:45,438 - 接收 : 00 00 3C 88 2C 18 2D 09 2D 14 20 11 3A 0F 3A 25
2024-09-20 17:15:45,454 - 接收 : 2C 48 11 2C 00 00 2C 00 00 00 00 2C 00 00 00
2024-09-20 17:15:45,470 - 接收 : 00 2C 00 00 00 00 2C 00 00 00 00 0D 0A
2024-09-20 17:15:45,581 - 接收 : A9 9A 34 25 3A CE B8 2C 00 00 3C 89 2C
2024-09-20 17:15:45,598 - 接收 : 18 2D 09 2D 14 20 11 3A 0F 3A 25 2C 48 11 2C
2024-09-20 17:15:45,614 - 接收 : 00 00 2C 00 00 00 00 2C 00 00 00 00 2C 00 00 00
2024-09-20 17:15:45,630 - 接收 : 00 2C 00 00 00 00 0D 0A
2024-09-20 17:15:45,726 - 接收 : A9 9A
2024-09-20 17:15:45,742 - 接收 : 34 25 3A CE B8 2C 00 00 3C 8A 2C 18 2D 09 2D 14
2024-09-20 17:15:45,758 - 接收 : 20 11 3A 0F 3A 25 2C 48 11 2C 00 00 2C 00 00
2024-09-20 17:15:45,774 - 接收 : 00 00 2C 00 00 00 00 2C 00 00 00 00 2C 00 00 00
2024-09-20 17:15:45,790 - 接收 : 00 0D 0A
2024-09-20 17:15:45,886 - 接收 : A9 9A 34 25 3A CE B8
2024-09-20 17:15:45,902 - 接收 : 2C 00 00 3C 8B 2C 18 2D 09 2D 14 20 11 3A 0F 3A
2024-09-20 17:15:45,918 - 接收 : 25 2C 48 11 2C 00 00 2C 00 00 00 00 2C 00 00
2024-09-20 17:15:45,934 - 接收 : 00 00 2C 00 00 00 00 2C 00 00 00 00 0D 0A
2024-09-20 17:15:52,108 - 接收 : A9 9A 34 25 3A
2024-09-20 17:15:52,124 - 接收 : CE B8 2C 00 00 3C 8C 2C 18 2D 09 2D 14 20 11 3A
2024-09-20 17:15:52,141 - 接收 : 0F 3A 2C 2C 48 11 2C 00 00 2C 00 00 00 00 2C
2024-09-20 17:15:52,157 - 接收 : 00 00 00 00 2C 00 00 00 00 2C 00 00 00 00 0D
2024-09-20 17:15:52,173 - 接收 : 0A
2024-09-20 17:15:52,269 - 接收 : A9 9A 34 25 3A CE C6 2C 00 00
2024-09-20 17:15:52,285 - 接收 : 3C 8D 2C 18 2D 09 2D 14 20 11 3A 0F 3A 2C 2C
2024-09-20 17:15:52,301 - 接收 : 48 11 2C 01 2E 2C 00 00 A9 80 2C 00 00 00 00 2C
2024-09-20 17:15:52,317 - 接收 : 00 00 00 00 2C 00 00 3D 05 0D 0A
2024-09-20 17:15:52,429 - 接收 : A9 9A 34 25 3A CE B8 2C 00 00 3C 8E 2C 18 2D
2024-09-20 17:15:52,445 - 接收 : 09 2D 14 20 11 3A 0F 3A 2C 2C 48 11 2C 00 00
2024-09-20 17:15:52,461 - 接收 : 2C 00 00 00 00 2C 00 00 00 00 2C 00 00 00 00
2024-09-20 17:15:52,476 - 接收 : 2C 00 00 00 00 0D 0A
2024-09-20 17:15:52,572 - 接收 : A9 9A 34 25
2024-09-20 17:15:52,588 - 接收 : 3A CE B8 2C 00 00 3C 8F 2C 18 2D 09 2D 14 20 11
2024-09-20 17:15:52,604 - 接收 : 3A 0F 3A 2C 2C 48 11 2C 00 00 2C 00 00 00 00
2024-09-20 17:15:52,621 - 接收 : 2C 00 00 00 00 2C 00 00 00 00 2C 00 00 00 00
2024-09-20 17:15:52,637 - 接收 : 0D 0A
2024-09-20 17:15:52,732 - 接收 : A9 9A 34 25 3A CE B8 2C 00
2024-09-20 17:15:52,748 - 接收 : 00 3C 90 2C 18 2D 09 2D 14 20 11 3A 0F 3A 2C
2024-09-20 17:15:52,764 - 接收 : 2C 48 11 2C 00 00 2C 00 00 00 00 2C 00 00 00 00
2024-09-20 17:15:52,780 - 接收 : 2C 00 00 00 00 2C 00 00 00 00 0D 0A
2024-09-20 17:15:52,892 - 接收 : A9 9A 34 25 3A CE B8 2C 00 00 3C 91 2C 18
2024-09-20 17:15:52,908 - 接收 : 2D 09 2D 14 20 11 3A 0F 3A 2C 2C 48 11 2C 00
2024-09-20 17:15:52,924 - 接收 : 00 2C 00 00 00 00 2C 00 00 00 00 2C 00 00 00
2024-09-20 17:15:52,940 - 接收 : 00 2C 00 00 00 00 0D 0A
2024-09-20 17:15:57,116 - 接收 : A9 9A 34 25 3A CE B8 2C 00 00 3C
2024-09-20 17:15:57,132 - 接收 : 92 2C 18 2D 09 2D 14 20 11 3A 0F 3A 31 2C 48 18
2024-09-20 17:15:57,148 - 接收 : 2C 00 00 2C 00 00 00 00 2C 00 00 00 00 2C 00
2024-09-20 17:15:57,164 - 接收 : 00 00 00 2C 00 00 00 00 0D 0A
2024-09-20 17:15:57,260 - 接收 : A9
2024-09-20 17:15:57,276 - 接收 : 9A 34 25 3A CE C6 2C 00 00 3C 93 2C 18 2D 09
2024-09-20 17:15:57,292 - 接收 : 2D 14 20 11 3A 0F 3A 31 2C 48 18 2C 01 2E 2C
2024-09-20 17:15:57,308 - 接收 : 00 00 A9 7C 2C 00 00 00 00 2C 00 00 00 00 2C 00
2024-09-20 17:15:57,323 - 接收 : 00 3D 04 0D 0A
2024-09-20 17:15:57,420 - 接收 : A9 9A 34 25 3A
2024-09-20 17:15:57,436 - 接收 : CE B8 2C 00 00 3C 94 2C 18 2D 09 2D 14 20 11 3A
2024-09-20 17:15:57,452 - 接收 : 0F 3A 31 2C 48 18 2C 00 00 2C 00 00 00 00 2C
2024-09-20 17:15:57,468 - 接收 : 00 00 00 00 2C 00 00 00 00 2C 00 00 00 00 0D
2024-09-20 17:15:57,484 - 接收 : 0A
2024-09-20 17:15:57,579 - 接收 : A9 9A 34 25 3A CE B8 2C 00 00
2024-09-20 17:15:57,596 - 接收 : 3C 95 2C 18 2D 09 2D 14 20 11 3A 0F 3A 31 2C
2024-09-20 17:15:57,612 - 接收 : 48 18 2C 00 00 2C 00 00 00 00 2C 00 00 00 00 2C
2024-09-20 17:15:57,628 - 接收 : 00 00 00 00 2C 00 00 00 00 0D 0A
2024-09-20 17:15:57,740 - 接收 : A9 9A 34 25 3A CE B8 2C 00 00 3C 96 2C 18 2D
2024-09-20 17:15:57,756 - 接收 : 09 2D 14 20 11 3A 0F 3A 31 2C 48 18 2C 00 00
2024-09-20 17:15:57,771 - 接收 : 2C 00 00 00 00 2C 00 00 00 00 2C 00 00 00 00 2C
2024-09-20 17:15:57,787 - 接收 : 00 00 00 00 0D 0A
2024-09-20 17:15:57,883 - 接收 : A9 9A 34 25
2024-09-20 17:15:57,899 - 接收 : 3A CE B8 2C 00 00 3C 97 2C 18 2D 09 2D 14 20 11
2024-09-20 17:15:57,916 - 接收 : 3A 0F 3A 31 2C 48 18 2C 00 00 2C 00 00 00 00
2024-09-20 17:15:57,931 - 接收 : 2C 00 00 00 00 2C 00 00 00 00 2C 00 00 00 00
2024-09-20 17:15:57,947 - 接收 : 0D 0A
2024-09-20 17:16:04,107 - 接收 : A9 9A
2024-09-20 17:16:04,123 - 接收 : 34 25 3A CE B8 2C 00 00 3C 98 2C 18 2D 09 2D 14
2024-09-20 17:16:04,139 - 接收 : 20 11 3A 0F 3A 38 2C 48 18 2C 00 00 2C 00 00
2024-09-20 17:16:04,154 - 接收 : 00 00 2C 00 00 00 00 2C 00 00 00 00 2C 00 00
2024-09-20 17:16:04,170 - 接收 : 00 00 0D 0A
2024-09-20 17:16:04,267 - 接收 : A9 9A 34 25 3A CE C6
2024-09-20 17:16:04,283 - 接收 : 2C 00 00 3C 99 2C 18 2D 09 2D 14 20 11 3A 0F
2024-09-20 17:16:04,299 - 接收 : 3A 38 2C 48 18 2C 01 2E 2C 00 00 A9 7D 2C 00 00
2024-09-20 17:16:04,315 - 接收 : 00 00 2C 00 00 00 00 2C 00 00 3D 04 0D 0A
2024-09-20 17:16:04,427 - 接收 : A9 9A 34 25 3A CE B8 2C 00 00 3C 9A
2024-09-20 17:16:04,442 - 接收 : 2C 18 2D 09 2D 14 20 11 3A 0F 3A 38 2C 48 18
2024-09-20 17:16:04,459 - 接收 : 2C 00 00 2C 00 00 00 00 2C 00 00 00 00 2C 00 00
2024-09-20 17:16:04,475 - 接收 : 00 00 2C 00 00 00 00 0D 0A
2024-09-20 17:16:04,570 - 接收 : A9
2024-09-20 17:16:04,586 - 接收 : 9A 34 25 3A CE B8 2C 00 00 3C 9B 2C 18 2D 09 2D
2024-09-20 17:16:04,602 - 接收 : 14 20 11 3A 0F 3A 38 2C 48 18 2C 00 00 2C 00
2024-09-20 17:16:04,618 - 接收 : 00 00 00 2C 00 00 00 00 2C 00 00 00 00 2C 00
2024-09-20 17:16:04,634 - 接收 : 00 00 00 0D 0A
2024-09-20 17:16:04,730 - 接收 : A9 9A 34 25 3A CE
2024-09-20 17:16:04,746 - 接收 : B8 2C 00 00 3C 9C 2C 18 2D 09 2D 14 20 11 3A
2024-09-20 17:16:04,762 - 接收 : 0F 3A 38 2C 48 18 2C 00 00 2C 00 00 00 00 2C 00
2024-09-20 17:16:04,778 - 接收 : 00 00 00 2C 00 00 00 00 2C 00 00 00 00 0D 0A
2024-09-20 17:16:04,890 - 接收 : A9 9A 34 25 3A CE B8 2C 00 00 3C
2024-09-20 17:16:04,906 - 接收 : 9D 2C 18 2D 09 2D 14 20 11 3A 0F 3A 38 2C 48
2024-09-20 17:16:04,922 - 接收 : 18 2C 00 00 2C 00 00 00 00 2C 00 00 00 00 2C
2024-09-20 17:16:04,938 - 接收 : 00 00 00 00 2C 00 00 00 00 0D 0A
2024-09-20 17:16:09,113 - 接收 : A9 9A 34 25 3A CE B8 2C
2024-09-20 17:16:09,129 - 接收 : 00 00 3C 9E 2C 18 2D 09 2D 14 20 11 3A 10 3A 01
2024-09-20 17:16:09,145 - 接收 : 2C 48 11 2C 00 00 2C 00 00 00 00 2C 00 00 00
2024-09-20 17:16:09,162 - 接收 : 00 2C 00 00 00 00 2C 00 00 00 00 0D 0A
2024-09-20 17:16:09,274 - 接收 : A9 9A 34 25 3A CE C6 2C 00 00 3C 9F 2C
2024-09-20 17:16:09,289 - 接收 : 18 2D 09 2D 14 20 11 3A 10 3A 01 2C 48 11 2C
2024-09-20 17:16:09,305 - 接收 : 01 2E 2C 00 00 A9 7C 2C 00 00 00 00 2C 00 00 00
2024-09-20 17:16:09,322 - 接收 : 00 2C 00 00 3D 03 0D 0A
2024-09-20 17:16:09,418 - 接收 : A9 9A
2024-09-20 17:16:09,434 - 接收 : 34 25 3A CE B8 2C 00 00 3C A0 2C 18 2D 09 2D 14
2024-09-20 17:16:09,450 - 接收 : 20 11 3A 10 3A 01 2C 48 11 2C 00 00 2C 00 00
2024-09-20 17:16:09,466 - 接收 : 00 00 2C 00 00 00 00 2C 00 00 00 00 2C 00 00
2024-09-20 17:16:09,482 - 接收 : 00 00 0D 0A
2024-09-20 17:16:09,578 - 接收 : A9 9A 34 25 3A CE B8
2024-09-20 17:16:09,594 - 接收 : 2C 00 00 3C A1 2C 18 2D 09 2D 14 20 11 3A 10
2024-09-20 17:16:09,609 - 接收 : 3A 01 2C 48 11 2C 00 00 2C 00 00 00 00 2C 00 00
2024-09-20 17:16:09,625 - 接收 : 00 00 2C 00 00 00 00 2C 00 00 00 00 0D 0A
2024-09-20 17:16:09,737 - 接收 : A9 9A 34 25 3A CE B8 2C 00 00 3C A2
2024-09-20 17:16:09,754 - 接收 : 2C 18 2D 09 2D 14 20 11 3A 10 3A 01 2C 48 11
2024-09-20 17:16:09,770 - 接收 : 2C 00 00 2C 00 00 00 00 2C 00 00 00 00 2C 00 00
2024-09-20 17:16:09,786 - 接收 : 00 00 2C 00 00 00 00 0D 0A
2024-09-20 17:16:09,881 - 接收 : A9
2024-09-20 17:16:09,897 - 接收 : 9A 34 25 3A CE B8 2C 00 00 3C A3 2C 18 2D 09 2D
2024-09-20 17:16:09,913 - 接收 : 14 20 11 3A 10 3A 01 2C 48 11 2C 00 00 2C 00
2024-09-20 17:16:09,929 - 接收 : 00 00 00 2C 00 00 00 00 2C 00 00 00 00 2C 00
2024-09-20 17:16:09,945 - 接收 : 00 00 00 0D 0A
2024-09-20 17:16:16,121 - 接收 : A9 9A 34 25 3A CE B8 2C 00 00 3C A4 2C 18 2D
2024-09-20 17:16:16,137 - 接收 : 09 2D 14 20 11 3A 10 3A 08 2C 48 11 2C 00 00
2024-09-20 17:16:16,153 - 接收 : 2C 00 00 00 00 2C 00 00 00 00 2C 00 00 00 00
2024-09-20 17:16:16,169 - 接收 : 2C 00 00 00 00 0D 0A
2024-09-20 17:16:16,265 - 接收 : A9 9A 34 25
2024-09-20 17:16:16,280 - 接收 : 3A CE C6 2C 00 00 3C A5 2C 18 2D 09 2D 14 20
2024-09-20 17:16:16,296 - 接收 : 11 3A 10 3A 08 2C 48 11 2C 01 2E 2C 00 00 A9 7B
2024-09-20 17:16:16,312 - 接收 : 2C 00 00 00 00 2C 00 00 00 00 2C 00 00 3D 03
2024-09-20 17:16:16,328 - 接收 : 0D 0A
2024-09-20 17:16:16,425 - 接收 : A9 9A 34 25 3A CE B8 2C 00
2024-09-20 17:16:16,440 - 接收 : 00 3C A6 2C 18 2D 09 2D 14 20 11 3A 10 3A 08
2024-09-20 17:16:16,456 - 接收 : 2C 48 11 2C 00 00 2C 00 00 00 00 2C 00 00 00 00
2024-09-20 17:16:16,472 - 接收 : 2C 00 00 00 00 2C 00 00 00 00 0D 0A
2024-09-20 17:16:16,584 - 接收 : A9 9A 34 25 3A CE B8 2C 00 00 3C A7 2C 18
2024-09-20 17:16:16,600 - 接收 : 2D 09 2D 14 20 11 3A 10 3A 08 2C 48 11 2C 00
2024-09-20 17:16:16,616 - 接收 : 00 2C 00 00 00 00 2C 00 00 00 00 2C 00 00 00
2024-09-20 17:16:16,632 - 接收 : 00 2C 00 00 00 00 0D 0A
2024-09-20 17:16:16,728 - 接收 : A9 9A 34
2024-09-20 17:16:16,744 - 接收 : 25 3A CE B8 2C 00 00 3C A8 2C 18 2D 09 2D 14
2024-09-20 17:16:16,760 - 接收 : 20 11 3A 10 3A 08 2C 48 11 2C 00 00 2C 00 00 00
2024-09-20 17:16:16,776 - 接收 : 00 2C 00 00 00 00 2C 00 00 00 00 2C 00 00 00
2024-09-20 17:16:16,793 - 接收 : 00 0D 0A
2024-09-20 17:16:16,889 - 接收 : A9 9A 34 25 3A CE B8 2C
2024-09-20 17:16:16,904 - 接收 : 00 00 3C A9 2C 18 2D 09 2D 14 20 11 3A 10 3A
2024-09-20 17:16:16,921 - 接收 : 08 2C 48 11 2C 00 00 2C 00 00 00 00 2C 00 00 00
2024-09-20 17:16:16,937 - 接收 : 00 2C 00 00 00 00 2C 00 00 00 00 0D 0A
2024-09-20 17:16:21,111 - 接收 : A9 9A 34 25 3A
2024-09-20 17:16:21,127 - 接收 : CE B8 2C 00 00 3C AA 2C 18 2D 09 2D 14 20 11 3A
2024-09-20 17:16:21,143 - 接收 : 10 3A 0D 2C 48 18 2C 00 00 2C 00 00 00 00 2C
2024-09-20 17:16:21,159 - 接收 : 00 00 00 00 2C 00 00 00 00 2C 00 00 00 00 0D
2024-09-20 17:16:21,175 - 接收 : 0A
2024-09-20 17:16:21,271 - 接收 : A9 9A 34 25 3A CE C6 2C 00 00
2024-09-20 17:16:21,287 - 接收 : 3C AB 2C 18 2D 09 2D 14 20 11 3A 10 3A 0D 2C
2024-09-20 17:16:21,303 - 接收 : 48 18 2C 01 2E 2C 00 00 A9 7B 2C 00 00 00 00 2C
2024-09-20 17:16:21,319 - 接收 : 00 00 00 00 2C 00 00 3D 03 0D 0A
2024-09-20 17:16:21,432 - 接收 : A9 9A 34 25 3A CE B8 2C 00 00 3C AC 2C 18 2D
2024-09-20 17:16:21,448 - 接收 : 09 2D 14 20 11 3A 10 3A 0D 2C 48 18 2C 00 00
2024-09-20 17:16:21,463 - 接收 : 2C 00 00 00 00 2C 00 00 00 00 2C 00 00 00 00
2024-09-20 17:16:21,479 - 接收 : 2C 00 00 00 00 0D 0A
2024-09-20 17:16:21,575 - 接收 : A9 9A 34 25
2024-09-20 17:16:21,591 - 接收 : 3A CE B8 2C 00 00 3C AD 2C 18 2D 09 2D 14 20 11
2024-09-20 17:16:21,607 - 接收 : 3A 10 3A 0D 2C 48 18 2C 00 00 2C 00 00 00 00
2024-09-20 17:16:21,623 - 接收 : 2C 00 00 00 00 2C 00 00 00 00 2C 00 00 00 00
2024-09-20 17:16:21,639 - 接收 : 0D 0A
2024-09-20 17:16:21,735 - 接收 : A9 9A 34 25 3A CE B8 2C 00
2024-09-20 17:16:21,751 - 接收 : 00 3C AE 2C 18 2D 09 2D 14 20 11 3A 10 3A 0D
2024-09-20 17:16:21,767 - 接收 : 2C 48 18 2C 00 00 2C 00 00 00 00 2C 00 00 00 00
2024-09-20 17:16:21,783 - 接收 : 2C 00 00 00 00 2C 00 00 00 00 0D 0A
2024-09-20 17:16:21,895 - 接收 : A9 9A 34 25 3A CE B8 2C 00 00 3C AF 2C 18
2024-09-20 17:16:21,911 - 接收 : 2D 09 2D 14 20 11 3A 10 3A 0D 2C 48 18 2C 00
2024-09-20 17:16:21,927 - 接收 : 00 2C 00 00 00 00 2C 00 00 00 00 2C 00 00 00
2024-09-20 17:16:21,943 - 接收 : 00 2C 00 00 00 00 0D 0A
2024-09-20 17:16:28,118 - 接收 : A9 9A 34 25 3A CE B8 2C 00 00 3C B0
2024-09-20 17:16:28,134 - 接收 : 2C 18 2D 09 2D 14 20 11 3A 10 3A 14 2C 48 11
2024-09-20 17:16:28,150 - 接收 : 2C 00 00 2C 00 00 00 00 2C 00 00 00 00 2C 00
2024-09-20 17:16:28,166 - 接收 : 00 00 00 2C 00 00 00 00 0D 0A
2024-09-20 17:16:28,262 - 接收 : A9
2024-09-20 17:16:28,278 - 接收 : 9A 34 25 3A CE C6 2C 00 00 3C B1
2024-09-20 17:16:28,278 - 接收 : 2C 18 2D 09
2024-09-20 17:16:28,294 - 接收 : 2D 14 20 11 3A 10 3A 14 2C 48 11 2C 01 2E 2C 00
2024-09-20 17:16:28,310 - 接收 : 00 A9 7B 2C 00 00 00 00 2C 00 00 00 00 2C 00
2024-09-20 17:16:28,326 - 接收 : 00 3D 03 0D 0A
2024-09-20 17:16:28,422 - 接收 : A9 9A 34 25 3A CE
2024-09-20 17:16:28,438 - 接收 : B8 2C 00 00 3C B2 2C 18 2D 09 2D 14 20 11 3A
2024-09-20 17:16:28,454 - 接收 : 10 3A 14 2C 48 11 2C 00 00 2C 00 00 00 00 2C 00
2024-09-20 17:16:28,470 - 接收 : 00 00 00 2C 00 00 00 00 2C 00 00 00 00 0D 0A
2024-09-20 17:16:28,582 - 接收 : A9 9A 34 25 3A CE B8 2C 00 00 3C
2024-09-20 17:16:28,598 - 接收 : B3 2C 18 2D 09 2D 14 20 11 3A 10 3A 14 2C 48
2024-09-20 17:16:28,614 - 接收 : 11 2C 00 00 2C 00 00 00 00 2C 00 00 00 00 2C
2024-09-20 17:16:28,630 - 接收 : 00 00 00 00 2C 00 00 00 00 0D 0A
2024-09-20 17:16:28,742 - 接收 : A9 9A 34 25 3A CE B8 2C 00 00 3C B4 2C 18 2D
2024-09-20 17:16:28,758 - 接收 : 09 2D 14 20 11 3A 10 3A 14 2C 48 11 2C 00 00 2C
2024-09-20 17:16:28,774 - 接收 : 00 00 00 00 2C 00 00 00 00 2C 00 00 00 00 2C
2024-09-20 17:16:28,790 - 接收 : 00 00 00 00 0D 0A
2024-09-20 17:16:28,886 - 接收 : A9 9A 34 25 3A
2024-09-20 17:16:28,902 - 接收 : CE B8 2C 00 00 3C B5 2C 18 2D 09 2D 14 20 11
2024-09-20 17:16:28,918 - 接收 : 3A 10 3A 14 2C 48 11 2C 00 00 2C 00 00 00 00
2024-09-20 17:16:28,934 - 接收 : 2C 00 00 00 00 2C 00 00 00 00 2C 00 00 00 00 0D
2024-09-20 17:16:28,950 - 接收 : 0A
2024-09-20 17:16:33,106 - 接收 : A9 9A 34
2024-09-20 17:16:33,122 - 接收 : 25 3A CE B8 2C 00 00 3C B6 2C 18 2D 09 2D 14 20
2024-09-20 17:16:33,138 - 接收 : 11 3A 10 3A 19 2C 48 11 2C 00 00 2C 00 00 00
2024-09-20 17:16:33,154 - 接收 : 00 2C 00 00 00 00 2C 00 00 00 00 2C 00 00 00
2024-09-20 17:16:33,170 - 接收 : 00 0D 0A
2024-09-20 17:16:33,266 - 接收 : A9 9A 34 25 3A CE C6 2C
2024-09-20 17:16:33,282 - 接收 : 00 00 3C B7 2C 18 2D 09 2D 14 20 11 3A 10 3A
2024-09-20 17:16:33,298 - 接收 : 19 2C 48 11 2C 01 2E 2C 00 00 A9 7B 2C 00 00 00
2024-09-20 17:16:33,314 - 接收 : 00 2C 00 00 00 00 2C 00 00 3D 03 0D 0A
2024-09-20 17:16:33,426 - 接收 : A9 9A 34 25 3A CE B8 2C 00 00 3C B8 2C
2024-09-20 17:16:33,442 - 接收 : 18 2D 09 2D 14 20 11 3A 10 3A 19 2C 48 11 2C
2024-09-20 17:16:33,458 - 接收 : 00 00 2C 00 00 00 00 2C 00 00 00 00 2C 00 00
2024-09-20 17:16:33,474 - 接收 : 00 00 2C 00 00 00 00 0D 0A
2024-09-20 17:16:33,570 - 接收 : A9 9A
2024-09-20 17:16:33,586 - 接收 : 34 25 3A CE B8 2C 00 00 3C B9 2C 18 2D 09 2D
2024-09-20 17:16:33,601 - 接收 : 14 20 11 3A 10 3A 19 2C 48 11 2C 00 00 2C 00 00
2024-09-20 17:16:33,618 - 接收 : 00 00 2C 00 00 00 00 2C 00 00 00 00 2C 00 00
2024-09-20 17:16:33,633 - 接收 : 00 00 0D 0A
2024-09-20 17:16:33,730 - 接收 : A9 9A 34 25 3A CE B8
2024-09-20 17:16:33,746 - 接收 : 2C 00 00 3C BA 2C 18 2D 09 2D 14 20 11 3A 10
2024-09-20 17:16:33,762 - 接收 : 3A 19 2C 48 11 2C 00 00 2C 00 00 00 00 2C 00
2024-09-20 17:16:33,778 - 接收 : 00 00 00 2C 00 00 00 00 2C 00 00 00 00 0D 0A
2024-09-20 17:16:33,890 - 接收 : A9 9A 34 25 3A CE B8 2C 00 00 3C
2024-09-20 17:16:33,906 - 接收 : BB 2C 18 2D 09 2D 14 20 11 3A 10 3A 19 2C 48 11
2024-09-20 17:16:33,922 - 接收 : 2C 00 00 2C 00 00 00 00 2C 00 00 00 00 2C 00
2024-09-20 17:16:33,937 - 接收 : 00 00 00 2C 00 00 00 00 0D 0A
2024-09-20 17:16:40,109 - 接收 : A9 9A 34 25 3A CE
2024-09-20 17:16:40,125 - 接收 : B8 2C 00 00 3C BC 2C 18 2D 09 2D 14 20 11 3A
2024-09-20 17:16:40,141 - 接收 : 10 3A 20 2C 48 11 2C 00 00 2C 00 00 00 00 2C
2024-09-20 17:16:40,157 - 接收 : 00 00 00 00 2C 00 00 00 00 2C 00 00 00 00 0D 0A
2024-09-20 17:16:40,269 - 接收 : A9 9A 34 25 3A CE C6 2C 00 00
2024-09-20 17:16:40,285 - 接收 : 3C BD 2C 18 2D 09 2D 14 20 11 3A 10 3A 20 2C 48
2024-09-20 17:16:40,301 - 接收 : 11 2C 01 2E 2C 00 00 A9 7B 2C 00 00 00 00 2C
2024-09-20 17:16:40,317 - 接收 : 00 00 00 00 2C 00 00 3D 03 0D 0A
2024-09-20 17:16:40,428 - 接收 : A9 9A 34 25 3A CE B8 2C 00 00 3C BE 2C 18 2D
2024-09-20 17:16:40,445 - 接收 : 09 2D 14 20 11 3A 10 3A 20 2C 48 11 2C 00 00
2024-09-20 17:16:40,461 - 接收 : 2C 00 00 00 00 2C 00 00 00 00 2C 00 00 00 00 2C
2024-09-20 17:16:40,477 - 接收 : 00 00 00 00 0D 0A
2024-09-20 17:16:40,572 - 接收 : A9 9A 34 25
2024-09-20 17:16:40,588 - 接收 : 3A CE B8 2C 00 00 3C BF 2C 18 2D 09 2D 14 20 11
2024-09-20 17:16:40,604 - 接收 : 3A 10 3A 20 2C 48 11 2C 00 00 2C 00 00 00 00
2024-09-20 17:16:40,620 - 接收 : 2C 00 00 00 00 2C 00 00 00 00 2C 00 00 00 00
2024-09-20 17:16:40,636 - 接收 : 0D 0A
2024-09-20 17:16:40,732 - 接收 : A9 9A 34 25 3A CE B8 2C 00
2024-09-20 17:16:40,748 - 接收 : 00 3C C0 2C 18 2D 09 2D 14 20 11 3A 10 3A 20
2024-09-20 17:16:40,764 - 接收 : 2C 48 11 2C 00 00 2C 00 00 00 00 2C 00 00 00 00
2024-09-20 17:16:40,780 - 接收 : 2C 00 00 00 00 2C 00 00 00 00 0D 0A
2024-09-20 17:16:40,892 - 接收 : A9 9A 34 25 3A CE B8 2C 00 00 3C C1 2C 18
2024-09-20 17:16:40,908 - 接收 : 2D 09 2D 14 20 11 3A 10 3A 20 2C 48 11 2C 00
2024-09-20 17:16:40,924 - 接收 : 00 2C 00 00 00 00 2C 00 00 00 00 2C 00 00 00 00
2024-09-20 17:16:40,940 - 接收 : 2C 00 00 00 00 0D 0A
2024-09-20 17:16:45,114 - 接收 : A9 9A 34 25 3A CE B8 2C 00 00
2024-09-20 17:16:45,130 - 接收 : 3C C2 2C 18 2D 09 2D 14 20 11 3A 10 3A 25 2C 48
2024-09-20 17:16:45,146 - 接收 : 11 2C 00 00 2C 00 00 00 00 2C 00 00 00 00 2C
2024-09-20 17:16:45,162 - 接收 : 00 00 00 00 2C 00 00 00 00 0D 0A
2024-09-20 17:16:45,274 - 接收 : A9 9A 34 25 3A CE C6 2C 00 00 3C C3 2C 18 2D
2024-09-20 17:16:45,290 - 接收 : 09 2D 14 20 11 3A 10 3A 25 2C 48 11 2C 01 2E 2C
2024-09-20 17:16:45,306 - 接收 : 00 00 A9 7A 2C 00 00 00 00 2C 00 00 00 00 2C
2024-09-20 17:16:45,323 - 接收 : 00 00 3D 03 0D 0A
2024-09-20 17:16:45,419 - 接收 : A9 9A 34 25 3A
2024-09-20 17:16:45,434 - 接收 : CE B8 2C 00 00 3C C4 2C 18 2D 09 2D 14 20 11
2024-09-20 17:16:45,450 - 接收 : 3A 10 3A 25 2C 48 11 2C 00 00 2C 00 00 00 00
2024-09-20 17:16:45,466 - 接收 : 2C 00 00 00 00 2C 00 00 00 00 2C 00 00 00 00 0D
2024-09-20 17:16:45,482 - 接收 : 0A
2024-09-20 17:16:45,578 - 接收 : A9 9A 34 25 3A CE B8 2C 00
2024-09-20 17:16:45,594 - 接收 : 00 3C C5 2C 18 2D 09 2D 14 20 11 3A 10 3A 25 2C
2024-09-20 17:16:45,610 - 接收 : 48 11 2C 00 00 2C 00 00 00 00 2C 00 00 00 00
2024-09-20 17:16:45,626 - 接收 : 2C 00 00 00 00 2C 00 00 00 00 0D 0A
2024-09-20 17:16:45,738 - 接收 : A9 9A 34 25 3A CE B8 2C 00 00 3C C6 2C 18
2024-09-20 17:16:45,754 - 接收 : 2D 09 2D 14 20 11 3A 10 3A 25 2C 48 11 2C 00 00
2024-09-20 17:16:45,770 - 接收 : 2C 00 00 00 00 2C 00 00 00 00 2C 00 00 00 00
2024-09-20 17:16:45,786 - 接收 : 2C 00 00 00 00 0D 0A
2024-09-20 17:16:45,882 - 接收 : A9 9A 34 25
2024-09-20 17:16:45,898 - 接收 : 3A CE B8 2C 00 00 3C C7 2C 18 2D 09 2D 14 20
2024-09-20 17:16:45,914 - 接收 : 11 3A 10 3A 25 2C 48 11 2C 00 00 2C 00 00 00
2024-09-20 17:16:45,930 - 接收 : 00 2C 00 00 00 00 2C 00 00 00 00 2C 00 00 00 00
2024-09-20 17:16:45,946 - 接收 : 0D 0A
2024-09-20 17:16:52,106 - 接收 : A9 9A
2024-09-20 17:16:52,121 - 接收 : 34 25 3A CE B8 2C 00 00 3C C8 2C 18 2D 09 2D
2024-09-20 17:16:52,137 - 接收 : 14 20 11 3A 10 3A 2C 2C 48 11 2C 00 00 2C 00
2024-09-20 17:16:52,153 - 接收 : 00 00 00 2C 00 00 00 00 2C 00 00 00 00 2C 00 00
2024-09-20 17:16:52,169 - 接收 : 00 00 0D 0A
2024-09-20 17:16:52,265 - 接收 : A9 9A 34 25 3A CE
2024-09-20 17:16:52,281 - 接收 : C6 2C 00 00 3C C9 2C 18 2D 09 2D 14 20 11 3A 10
2024-09-20 17:16:52,297 - 接收 : 3A 2C 2C 48 11 2C 01 2E 2C 00 00 A9 7A 2C 00
2024-09-20 17:16:52,313 - 接收 : 00 00 00 2C 00 00 00 00 2C 00 00 3D 02 0D 0A
2024-09-20 17:16:52,425 - 接收 : A9 9A 34 25 3A CE B8 2C 00 00 3C
2024-09-20 17:16:52,441 - 接收 : CA 2C 18 2D 09 2D 14 20 11 3A 10 3A 2C 2C 48 11
2024-09-20 17:16:52,457 - 接收 : 2C 00 00 2C 00 00 00 00 2C 00 00 00 00 2C 00
2024-09-20 17:16:52,473 - 接收 : 00 00 00 2C 00 00 00 00 0D 0A
2024-09-20 17:16:52,569 - 接收 : A9
2024-09-20 17:16:52,585 - 接收 : 9A 34 25 3A CE B8 2C 00 00 3C CB 2C 18 2D 09
2024-09-20 17:16:52,601 - 接收 : 2D 14 20 11 3A 10 3A 2C 2C 48 11 2C 00 00 2C
2024-09-20 17:16:52,617 - 接收 : 00 00 00 00 2C 00 00 00 00 2C 00 00 00 00 2C 00
2024-09-20 17:16:52,633 - 接收 : 00 00 00 0D 0A
2024-09-20 17:16:52,729 - 接收 : A9 9A 34 25 3A
2024-09-20 17:16:52,745 - 接收 : CE B8 2C 00 00 3C CC 2C 18 2D 09 2D 14 20 11 3A
2024-09-20 17:16:52,761 - 接收 : 10 3A 2C 2C 48 11 2C 00 00 2C 00 00 00 00 2C
2024-09-20 17:16:52,777 - 接收 : 00 00 00 00 2C 00 00 00 00 2C 00 00 00 00 0D
2024-09-20 17:16:52,793 - 接收 : 0A
2024-09-20 17:16:52,890 - 接收 : A9 9A 34 25 3A CE B8 2C 00 00
2024-09-20 17:16:52,905 - 接收 : 3C CD 2C 18 2D 09 2D 14 20 11 3A 10 3A 2C 2C
2024-09-20 17:16:52,921 - 接收 : 48 11 2C 00 00 2C 00 00 00 00 2C 00 00 00 00 2C
2024-09-20 17:16:52,938 - 接收 : 00 00 00 00 2C 00 00 00 00 0D 0A
2024-09-20 17:16:57,112 - 接收 : A9 9A 34 25 3A CE B8
2024-09-20 17:16:57,128 - 接收 : 2C 00 00 3C CE 2C 18 2D 09 2D 14 20 11 3A 10 3A
2024-09-20 17:16:57,144 - 接收 : 31 2C 48 11 2C 00 00 2C 00 00 00 00 2C 00 00
2024-09-20 17:16:57,160 - 接收 : 00 00 2C 00 00 00 00 2C 00 00 00 00 0D 0A
2024-09-20 17:16:57,272 - 接收 : A9 9A 34 25 3A CE C6 2C 00 00 3C CF
2024-09-20 17:16:57,288 - 接收 : 2C 18 2D 09 2D 14 20 11 3A 10 3A 31 2C 48 11 2C
2024-09-20 17:16:57,304 - 接收 : 01 2E 2C 00 00 A9 7A 2C 00 00 00 00 2C 00 00
2024-09-20 17:16:57,321 - 接收 : 00 00 2C 00 00 3D 02 0D 0A
2024-09-20 17:16:57,417 - 接收 : A9 9A
2024-09-20 17:16:57,433 - 接收 : 34 25 3A CE B8 2C 00 00 3C D0 2C 18 2D 09 2D
2024-09-20 17:16:57,449 - 接收 : 14 20 11 3A 10 3A 31 2C 48 11 2C 00 00 2C 00
2024-09-20 17:16:57,465 - 接收 : 00 00 00 2C 00 00 00 00 2C 00 00 00 00 2C 00 00
2024-09-20 17:16:57,481 - 接收 : 00 00 0D 0A
2024-09-20 17:16:57,577 - 接收 : A9 9A 34 25 3A CE
2024-09-20 17:16:57,593 - 接收 : B8 2C 00 00 3C D1 2C 18 2D 09 2D 14 20 11 3A 10
2024-09-20 17:16:57,609 - 接收 : 3A 31 2C 48 11 2C 00 00 2C 00 00 00 00 2C 00
2024-09-20 17:16:57,625 - 接收 : 00 00 00 2C 00 00 00 00 2C 00 00 00 00 0D 0A
2024-09-20 17:16:57,737 - 接收 : A9 9A 34 25 3A CE B8 2C 00 00 3C
2024-09-20 17:16:57,753 - 接收 : D2 2C 18 2D 09 2D 14 20 11 3A 10 3A 31 2C 48 11
2024-09-20 17:16:57,769 - 接收 : 2C 00 00 2C 00 00 00 00 2C 00 00 00 00 2C 00
2024-09-20 17:16:57,785 - 接收 : 00 00 00 2C 00 00 00 00 0D 0A
2024-09-20 17:16:57,881 - 接收 : A9
2024-09-20 17:16:57,897 - 接收 : 9A 34 25 3A CE B8 2C 00 00 3C D3 2C 18 2D 09
2024-09-20 17:16:57,913 - 接收 : 2D 14 20 11 3A 10 3A 31 2C 48 11 2C 00 00 2C
2024-09-20 17:16:57,929 - 接收 : 00 00 00 00 2C 00 00 00 00 2C 00 00 00 00 2C 00
2024-09-20 17:16:57,944 - 接收 : 00 00 00 0D 0A
2024-09-20 17:17:04,119 - 接收 : A9 9A 34 25 3A CE B8 2C 00 00 3C D4 2C 18
2024-09-20 17:17:04,135 - 接收 : 2D 09 2D 14 20 11 3A 10 3A 38 2C 48 11 2C 00
2024-09-20 17:17:04,151 - 接收 : 00 2C 00 00 00 00 2C 00 00 00 00 2C 00 00 00 00
2024-09-20 17:17:04,167 - 接收 : 2C 00 00 00 00 0D 0A
2024-09-20 17:17:04,263 - 接收 : A9 9A 34
2024-09-20 17:17:04,279 - 接收 : 25 3A CE C6 2C 00 00 3C D5 2C 18 2D 09 2D 14 20
2024-09-20 17:17:04,295 - 接收 : 11 3A 10 3A 38 2C 48 11 2C 01 2E 2C 00 00 A9
2024-09-20 17:17:04,311 - 接收 : 78 2C 00 00 00 00 2C 00 00 00 00 2C 00 00 3D
2024-09-20 17:17:04,327 - 接收 : 02 0D 0A
2024-09-20 17:17:04,423 - 接收 : A9 9A 34 25 3A CE B8 2C
2024-09-20 17:17:04,439 - 接收 : 00 00 3C D6 2C 18 2D 09 2D 14 20 11 3A 10 3A 38
2024-09-20 17:17:04,455 - 接收 : 2C 48 11 2C 00 00 2C 00 00 00 00 2C 00 00 00
2024-09-20 17:17:04,471 - 接收 : 00 2C 00 00 00 00 2C 00 00 00 00 0D 0A
2024-09-20 17:17:04,583 - 接收 : A9 9A 34 25 3A CE B8 2C 00 00 3C D7 2C
2024-09-20 17:17:04,599 - 接收 : 18 2D 09 2D 14 20 11 3A 10 3A 38 2C 48 11 2C
2024-09-20 17:17:04,615 - 接收 : 00 00 2C 00 00 00 00 2C 00 00 00 00 2C 00 00 00
2024-09-20 17:17:04,631 - 接收 : 00 2C 00 00 00 00 0D 0A
2024-09-20 17:17:04,727 - 接收 : A9 9A
2024-09-20 17:17:04,743 - 接收 : 34 25 3A CE B8 2C 00 00 3C D8 2C 18 2D 09 2D 14
2024-09-20 17:17:04,758 - 接收 : 20 11 3A 10 3A 38 2C 48 11 2C 00 00 2C 00 00
2024-09-20 17:17:04,774 - 接收 : 00 00 2C 00 00 00 00 2C 00 00 00 00 2C 00 00
2024-09-20 17:17:04,790 - 接收 : 00 00 0D 0A
2024-09-20 17:17:04,887 - 接收 : A9 9A 34 25 3A CE B8
2024-09-20 17:17:04,902 - 接收 : 2C 00 00 3C D9 2C 18 2D 09 2D 14 20 11 3A 10
2024-09-20 17:17:04,919 - 接收 : 3A 38 2C 48 11 2C 00 00 2C 00 00 00 00 2C 00 00
2024-09-20 17:17:04,936 - 接收 : 00 00 2C 00 00 00 00 2C 00 00 00 00 0D 0A
2024-09-20 17:17:09,110 - 接收 : A9 9A 34 25 3A
2024-09-20 17:17:09,126 - 接收 : CE B8 2C 00 00 3C DA 2C 18 2D 09 2D 14 20 11
2024-09-20 17:17:09,142 - 接收 : 3A 11 3A 01 2C 48 11 2C 00 00 2C 00 00 00 00
2024-09-20 17:17:09,158 - 接收 : 2C 00 00 00 00 2C 00 00 00 00 2C 00 00 00 00 0D
2024-09-20 17:17:09,174 - 接收 : 0A
2024-09-20 17:17:09,270 - 接收 : A9 9A 34 25 3A CE C6 2C 00
2024-09-20 17:17:09,286 - 接收 : 00 3C DB 2C 18 2D 09 2D 14 20 11 3A 11 3A 01 2C
2024-09-20 17:17:09,302 - 接收 : 48 11 2C 01 2E 2C 00 00 A9 78 2C 00 00 00 00
2024-09-20 17:17:09,318 - 接收 : 2C 00 00 00 00 2C 00 00 3D 02 0D 0A
2024-09-20 17:17:09,431 - 接收 : A9 9A 34 25 3A CE B8 2C 00 00 3C DC 2C 18
2024-09-20 17:17:09,446 - 接收 : 2D 09 2D 14 20 11 3A 11 3A 01 2C 48 11 2C 00
2024-09-20 17:17:09,462 - 接收 : 00 2C 00 00 00 00 2C 00 00 00 00 2C 00 00 00 00
2024-09-20 17:17:09,478 - 接收 : 2C 00 00 00 00 0D 0A
2024-09-20 17:17:09,574 - 接收 : A9 9A 34 25
2024-09-20 17:17:09,590 - 接收 : 3A CE B8 2C 00 00 3C DD 2C 18 2D 09 2D 14 20
2024-09-20 17:17:09,606 - 接收 : 11 3A 11 3A 01 2C 48 11 2C 00 00 2C 00 00 00
2024-09-20 17:17:09,622 - 接收 : 00 2C 00 00 00 00 2C 00 00 00 00 2C 00 00 00 00
2024-09-20 17:17:09,638 - 接收 : 0D 0A
2024-09-20 17:17:09,734 - 接收 : A9 9A 34 25 3A CE B8 2C
2024-09-20 17:17:09,750 - 接收 : 00 00 3C DE 2C 18 2D 09 2D 14 20 11 3A 11 3A 01
2024-09-20 17:17:09,766 - 接收 : 2C 48 11 2C 00 00 2C 00 00 00 00 2C 00 00 00
2024-09-20 17:17:09,782 - 接收 : 00 2C 00 00 00 00 2C 00 00 00 00 0D 0A
2024-09-20 17:17:09,894 - 接收 : A9 9A 34 25 3A CE B8 2C 00 00 3C DF 2C
2024-09-20 17:17:09,910 - 接收 : 18 2D 09 2D 14 20 11 3A 11 3A 01 2C 48 11 2C
2024-09-20 17:17:09,926 - 接收 : 00 00 2C 00 00 00 00 2C 00 00 00 00 2C 00 00 00
2024-09-20 17:17:09,942 - 接收 : 00 2C 00 00 00 00 0D 0A
2024-09-20 17:17:16,117 - 接收 : A9 9A 34 25 3A CE B8 2C 00 00 3C
2024-09-20 17:17:16,133 - 接收 : E0 2C 18 2D 09 2D 14 20 11 3A 11 3A 08 2C 48
2024-09-20 17:17:16,149 - 接收 : 11 2C 00 00 2C 00 00 00 00 2C 00 00 00 00 2C 00
2024-09-20 17:17:16,165 - 接收 : 00 00 00 2C 00 00 00 00 0D 0A
2024-09-20 17:17:16,277 - 接收 : A9 9A 34 25 3A CE C6 2C 00 00 3C E1 2C 18 2D 09
2024-09-20 17:17:16,293 - 接收 : 2D 14 20 11 3A 11 3A 08 2C 48 11 2C 01 2E 2C
2024-09-20 17:17:16,309 - 接收 : 00 00 A9 78 2C 00 00 00 00 2C 00 00 00 00 2C 00
2024-09-20 17:17:16,325 - 接收 : 00 3D 02 0D 0A
2024-09-20 17:17:16,421 - 接收 : A9 9A 34 25 3A
2024-09-20 17:17:16,437 - 接收 : CE B8 2C 00 00 3C E2 2C 18 2D 09 2D 14 20 11 3A
2024-09-20 17:17:16,453 - 接收 : 11 3A 08 2C 48 11 2C 00 00 2C 00 00 00 00 2C
2024-09-20 17:17:16,469 - 接收 : 00 00 00 00 2C 00 00 00 00 2C 00 00 00 00 0D
2024-09-20 17:17:16,485 - 接收 : 0A
2024-09-20 17:17:16,581 - 接收 : A9 9A 34 25 3A CE B8 2C 00 00
2024-09-20 17:17:16,597 - 接收 : 3C E3 2C 18 2D 09 2D 14 20 11 3A 11 3A 08 2C
2024-09-20 17:17:16,613 - 接收 : 48 11 2C 00 00 2C 00 00 00 00 2C 00 00 00 00 2C
2024-09-20 17:17:16,629 - 接收 : 00 00 00 00 2C 00 00 00 00 0D 0A
2024-09-20 17:17:16,741 - 接收 : A9 9A 34 25 3A CE B8 2C 00 00 3C E4 2C 18 2D
2024-09-20 17:17:16,757 - 接收 : 09 2D 14 20 11 3A 11 3A 08 2C 48 11 2C 00 00
2024-09-20 17:17:16,773 - 接收 : 2C 00 00 00 00 2C 00 00 00 00 2C 00 00 00 00
2024-09-20 17:17:16,789 - 接收 : 2C 00 00 00 00 0D 0A
2024-09-20 17:17:16,885 - 接收 : A9 9A 34 25
2024-09-20 17:17:16,900 - 接收 : 3A CE B8 2C 00 00 3C E5 2C 18 2D 09 2D 14 20 11
2024-09-20 17:17:16,917 - 接收 : 3A 11 3A 08 2C 48 11 2C 00 00 2C 00 00 00 00
2024-09-20 17:17:16,933 - 接收 : 2C 00 00 00 00 2C 00 00 00 00 2C 00 00 00 00
2024-09-20 17:17:16,949 - 接收 : 0D 0A
2024-09-20 17:17:21,108 - 接收 : A9 9A 34 25 3A
2024-09-20 17:17:21,124 - 接收 : CE B8 2C 00 00 3C E6 2C 18 2D 09 2D 14 20 11 3A
2024-09-20 17:17:21,140 - 接收 : 11 3A 0D 2C 48 11 2C 00 00 2C 00 00 00 00 2C
2024-09-20 17:17:21,156 - 接收 : 00 00 00 00 2C 00 00 00 00 2C 00 00 00 00 0D
2024-09-20 17:17:21,171 - 接收 : 0A
2024-09-20 17:17:21,268 - 接收 : A9 9A 34 25 3A CE C6 2C 00 00
2024-09-20 17:17:21,284 - 接收 : 3C E7 2C 18 2D 09 2D 14 20 11 3A 11 3A 0D 2C 48
2024-09-20 17:17:21,300 - 接收 : 11 2C 01 2E 2C 00 00 A9 76 2C 00 00 00 00 2C
2024-09-20 17:17:21,318 - 接收 : 00 00 00 00 2C 00 00 3D 01 0D 0A
2024-09-20 17:17:21,428 - 接收 : A9 9A 34 25 3A CE B8 2C 00 00 3C E8 2C 18 2D
2024-09-20 17:17:21,444 - 接收 : 09 2D 14 20 11 3A 11 3A 0D 2C 48 11 2C 00 00
2024-09-20 17:17:21,460 - 接收 : 2C 00 00 00 00 2C 00 00 00 00 2C 00 00 00 00 2C
2024-09-20 17:17:21,476 - 接收 : 00 00 00 00 0D 0A
2024-09-20 17:17:21,572 - 接收 : A9 9A 34 25
2024-09-20 17:17:21,588 - 接收 : 3A CE B8 2C 00 00 3C E9 2C 18 2D 09 2D 14 20 11
2024-09-20 17:17:21,604 - 接收 : 3A 11 3A 0D 2C 48 11 2C 00 00 2C 00 00 00 00
2024-09-20 17:17:21,620 - 接收 : 2C 00 00 00 00 2C 00 00 00 00 2C 00 00 00 00
2024-09-20 17:17:21,636 - 接收 : 0D 0A
2024-09-20 17:17:21,732 - 接收 : A9 9A 34 25 3A CE B8 2C 00
2024-09-20 17:17:21,748 - 接收 : 00 3C EA 2C 18 2D 09 2D 14 20 11 3A 11 3A 0D 2C
2024-09-20 17:17:21,764 - 接收 : 48 11 2C 00 00 2C 00 00 00 00 2C 00 00 00 00
2024-09-20 17:17:21,780 - 接收 : 2C 00 00 00 00 2C 00 00 00 00 0D 0A
2024-09-20 17:17:21,891 - 接收 : A9 9A 34 25 3A CE B8 2C 00 00 3C EB 2C 18
2024-09-20 17:17:21,907 - 接收 : 2D 09 2D 14 20 11 3A 11 3A 0D 2C 48 11 2C 00
2024-09-20 17:17:21,923 - 接收 : 00 2C 00 00 00 00 2C 00 00 00 00 2C 00 00 00 00
2024-09-20 17:17:21,939 - 接收 : 2C 00 00 00 00 0D 0A
2024-09-20 17:17:28,115 - 接收 : A9 9A 34 25 3A CE B8 2C 00 00 3C EC
2024-09-20 17:17:28,131 - 接收 : 2C 18 2D 09 2D 14 20 11 3A 11 3A 14 2C 48 11
2024-09-20 17:17:28,147 - 接收 : 2C 00 00 2C 00 00 00 00 2C 00 00 00 00 2C 00 00
2024-09-20 17:17:28,163 - 接收 : 00 00 2C 00 00 00 00 0D 0A
2024-09-20 17:17:28,258 - 接收 : A9
2024-09-20 17:17:28,274 - 接收 : 9A 34 25 3A CE C6 2C 00 00 3C ED 2C 18 2D 09 2D
2024-09-20 17:17:28,290 - 接收 : 14 20 11 3A 11 3A 14 2C 48 11 2C 01 2E 2C 00
2024-09-20 17:17:28,306 - 接收 : 00 A9 78 2C 00 00 00 00 2C 00 00 00 00 2C 00
2024-09-20 17:17:28,322 - 接收 : 00 3D 02 0D 0A
2024-09-20 17:17:28,418 - 接收 : A9 9A 34 25 3A CE
2024-09-20 17:17:28,435 - 接收 : B8 2C 00 00 3C EE 2C 18 2D 09 2D 14 20 11 3A
2024-09-20 17:17:28,451 - 接收 : 11 3A 14 2C 48 11 2C 00 00 2C 00 00 00 00 2C 00
2024-09-20 17:17:28,467 - 接收 : 00 00 00 2C 00 00 00 00 2C 00 00 00 00 0D 0A
2024-09-20 17:17:28,579 - 接收 : A9 9A 34 25 3A CE B8 2C 00 00 3C
2024-09-20 17:17:28,595 - 接收 : EF 2C 18 2D 09 2D 14 20 11 3A 11 3A 14 2C 48
2024-09-20 17:17:28,611 - 接收 : 11 2C 00 00 2C 00 00 00 00 2C 00 00 00 00 2C 00
2024-09-20 17:17:28,627 - 接收 : 00 00 00 2C 00 00 00 00 0D 0A
2024-09-20 17:17:28,739 - 接收 : A9 9A 34 25 3A CE B8 2C 00 00 3C F0 2C 18 2D 09
2024-09-20 17:17:28,754 - 接收 : 2D 14 20 11 3A 11 3A 14 2C 48 11 2C 00 00 2C
2024-09-20 17:17:28,770 - 接收 : 00 00 00 00 2C 00 00 00 00 2C 00 00 00 00 2C
2024-09-20 17:17:28,786 - 接收 : 00 00 00 00 0D 0A
2024-09-20 17:17:28,883 - 接收 : A9 9A 34 25 3A
2024-09-20 17:17:28,899 - 接收 : CE B8 2C 00 00 3C F1 2C 18 2D 09 2D 14 20 11
2024-09-20 17:17:28,914 - 接收 : 3A 11 3A 14 2C 48 11 2C 00 00 2C 00 00 00 00 2C
2024-09-20 17:17:28,930 - 接收 : 00 00 00 00 2C 00 00 00 00 2C 00 00 00 00 0D
2024-09-20 17:17:28,946 - 接收 : 0A
2024-09-20 17:17:33,105 - 接收 : A9 9A
2024-09-20 17:17:33,121 - 接收 : 34 25 3A CE B8 2C 00 00 3C F2 2C 18 2D 09 2D 14
2024-09-20 17:17:33,137 - 接收 : 20 11 3A 11 3A 19 2C 48 18 2C 00 00 2C 00 00
2024-09-20 17:17:33,154 - 接收 : 00 00 2C 00 00 00 00 2C 00 00 00 00 2C 00 00 00
2024-09-20 17:17:33,170 - 接收 : 00 0D 0A
2024-09-20 17:17:33,266 - 接收 : A9 9A 34 25 3A CE C6
2024-09-20 17:17:33,282 - 接收 : 2C 00 00 3C F3 2C 18 2D 09 2D 14 20 11 3A 11 3A
2024-09-20 17:17:33,298 - 接收 : 19 2C 48 18 2C 01 2E 2C 00 00 A9 78 2C 00 00
2024-09-20 17:17:33,313 - 接收 : 00 00 2C 00 00 00 00 2C 00 00 3D 02 0D 0A
2024-09-20 17:17:33,426 - 接收 : A9 9A 34 25 3A CE B8 2C 00 00 3C F4
2024-09-20 17:17:33,442 - 接收 : 2C 18 2D 09 2D 14 20 11 3A 11 3A 19 2C 48 18
2024-09-20 17:17:33,458 - 接收 : 2C 00 00 2C 00 00 00 00 2C 00 00 00 00 2C 00 00
2024-09-20 17:17:33,474 - 接收 : 00 00 2C 00 00 00 00 0D 0A
2024-09-20 17:17:33,569 - 接收 : A9
2024-09-20 17:17:33,585 - 接收 : 9A 34 25 3A CE B8 2C 00 00 3C F5 2C 18 2D 09 2D
2024-09-20 17:17:33,601 - 接收 : 14 20 11 3A 11 3A 19 2C 48 18 2C 00 00 2C 00
2024-09-20 17:17:33,617 - 接收 : 00 00 00 2C 00 00 00 00 2C 00 00 00 00 2C 00
2024-09-20 17:17:33,633 - 接收 : 00 00 00 0D 0A
2024-09-20 17:17:33,729 - 接收 : A9 9A 34 25 3A CE
2024-09-20 17:17:33,745 - 接收 : B8 2C 00 00 3C F6 2C 18 2D 09 2D 14 20 11 3A 11
2024-09-20 17:17:33,761 - 接收 : 3A 19 2C 48 18 2C 00 00 2C 00 00 00 00 2C 00
2024-09-20 17:17:33,777 - 接收 : 00 00 00 2C 00 00 00 00 2C 00 00 00 00 0D 0A
2024-09-20 17:17:33,889 - 接收 : A9 9A 34 25 3A CE B8 2C 00 00 3C
2024-09-20 17:17:33,906 - 接收 : F7 2C 18 2D 09 2D 14 20 11 3A 11 3A 19 2C 48
2024-09-20 17:17:33,921 - 接收 : 18 2C 00 00 2C 00 00 00 00 2C 00 00 00 00 2C 00
2024-09-20 17:17:33,937 - 接收 : 00 00 00 2C 00 00 00 00 0D 0A
2024-09-20 17:17:40,112 - 接收 : A9 9A 34 25 3A CE B8 2C 00
2024-09-20 17:17:40,128 - 接收 : 00 3C F8 2C 18 2D 09 2D 14 20 11 3A 11 3A 20
2024-09-20 17:17:40,144 - 接收 : 2C 48 11 2C 00 00 2C 00 00 00 00 2C 00 00 00 00
2024-09-20 17:17:40,160 - 接收 : 2C 00 00 00 00 2C 00 00 00 00 0D 0A
2024-09-20 17:17:40,272 - 接收 : A9 9A 34 25 3A CE C6 2C 00 00 3C F9 2C 18
2024-09-20 17:17:40,288 - 接收 : 2D 09 2D 14 20 11 3A 11 3A 20 2C 48 11 2C 01
2024-09-20 17:17:40,304 - 接收 : 2E 2C 00 00 A9 77 2C 00 00 00 00 2C 00 00 00
2024-09-20 17:17:40,321 - 接收 : 00 2C 00 00 3D 02 0D 0A
2024-09-20 17:17:40,417 - 接收 : A9 9A 34
2024-09-20 17:17:40,433 - 接收 : 25 3A CE B8 2C 00 00 3C FA 2C 18 2D 09 2D 14 20
2024-09-20 17:17:40,448 - 接收 : 11 3A 11 3A 20 2C 48 11 2C 00 00 2C 00 00 00
2024-09-20 17:17:40,465 - 接收 : 00 2C 00 00 00 00 2C 00 00 00 00 2C 00 00 00
2024-09-20 17:17:40,480 - 接收 : 00 0D 0A
2024-09-20 17:17:40,576 - 接收 : A9 9A 34 25 3A CE B8 2C
2024-09-20 17:17:40,593 - 接收 : 00 00 3C FB 2C 18 2D 09 2D 14 20 11 3A 11 3A
2024-09-20 17:17:40,609 - 接收 : 20 2C 48 11 2C 00 00 2C 00 00 00 00 2C 00 00 00
2024-09-20 17:17:40,625 - 接收 : 00 2C 00 00 00 00 2C 00 00 00 00 0D 0A
2024-09-20 17:17:40,737 - 接收 : A9 9A 34 25 3A CE B8 2C 00 00 3C FC 2C
2024-09-20 17:17:40,752 - 接收 : 18 2D 09 2D 14 20 11 3A 11 3A 20 2C 48 11 2C
2024-09-20 17:17:40,768 - 接收 : 00 00 2C 00 00 00 00 2C 00 00 00 00 2C 00 00
2024-09-20 17:17:40,784 - 接收 : 00 00 2C 00 00 00 00 0D 0A
2024-09-20 17:17:40,881 - 接收 : A9 9A
2024-09-20 17:17:40,897 - 接收 : 34 25 3A CE B8 2C 00 00 3C FD 2C 18 2D 09 2D
2024-09-20 17:17:40,913 - 接收 : 14 20 11 3A 11 3A 20 2C 48 11 2C 00 00 2C 00 00
2024-09-20 17:17:40,928 - 接收 : 00 00 2C 00 00 00 00 2C 00 00 00 00 2C 00 00
2024-09-20 17:17:40,961 - 接收 : 00 00 0D 0A
2024-09-20 17:17:45,120 - 接收 : A9 9A 34 25 3A CE B8 2C 00 00 3C FE 2C 18 2D
2024-09-20 17:17:45,136 - 接收 : 09 2D 14 20 11 3A 11 3A 25 2C 48 11 2C 00 00
2024-09-20 17:17:45,152 - 接收 : 2C 00 00 00 00 2C 00 00 00 00 2C 00 00 00 00 2C
2024-09-20 17:17:45,168 - 接收 : 00 00 00 00 0D 0A
2024-09-20 17:17:45,264 - 接收 : A9 9A 34 25
2024-09-20 17:17:45,280 - 接收 : 3A CE C6 2C 00 00 3C FF 2C 18 2D 09 2D 14 20 11
2024-09-20 17:17:45,296 - 接收 : 3A 11 3A 25 2C 48 11 2C 01 2E 2C 00 00 A9 78
2024-09-20 17:17:45,312 - 接收 : 2C 00 00 00 00 2C 00 00 00 00 2C 00 00 3D 02
2024-09-20 17:17:45,327 - 接收 : 0D 0A
2024-09-20 17:17:45,424 - 接收 : A9 9A 34 25 3A CE B8 2C 00
2024-09-20 17:17:45,440 - 接收 : 00 3D 00 2C 18 2D 09 2D 14 20 11 3A 11 3A 25
2024-09-20 17:17:45,456 - 接收 : 2C 48 11 2C 00 00 2C 00 00 00 00 2C 00 00 00 00
2024-09-20 17:17:45,472 - 接收 : 2C 00 00 00 00 2C 00 00 00 00 0D 0A
2024-09-20 17:17:45,584 - 接收 : A9 9A 34 25 3A CE B8 2C 00 00 3D 01 2C 18
2024-09-20 17:17:45,600 - 接收 : 2D 09 2D 14 20 11 3A 11 3A 25 2C 48 11 2C 00
2024-09-20 17:17:45,615 - 接收 : 00 2C 00 00 00 00 2C 00 00 00 00 2C 00 00 00 00
2024-09-20 17:17:45,632 - 接收 : 2C 00 00 00 00 0D 0A
2024-09-20 17:17:45,727 - 接收 : A9 9A 34
2024-09-20 17:17:45,743 - 接收 : 25 3A CE B8 2C 00 00 3D 02 2C 18 2D 09 2D 14 20
2024-09-20 17:17:45,759 - 接收 : 11 3A 11 3A 25 2C 48 11 2C 00 00 2C 00 00 00
2024-09-20 17:17:45,775 - 接收 : 00 2C 00 00 00 00 2C 00 00 00 00 2C 00 00 00
2024-09-20 17:17:45,791 - 接收 : 00 0D 0A
2024-09-20 17:17:45,887 - 接收 : A9 9A 34 25 3A CE B8 2C
2024-09-20 17:17:45,904 - 接收 : 00 00 3D 03 2C 18 2D 09 2D 14 20 11 3A 11 3A
2024-09-20 17:17:45,919 - 接收 : 25 2C 48 11 2C 00 00 2C 00 00 00 00 2C 00 00 00
2024-09-20 17:17:45,935 - 接收 : 00 2C 00 00 00 00 2C 00 00 00 00 0D 0A
2024-09-20 17:17:52,110 - 接收 : A9 9A 34 25 3A CE
2024-09-20 17:17:52,126 - 接收 : B8 2C 00 00 3D 04 2C 18 2D 09 2D 14 20 11 3A
2024-09-20 17:17:52,142 - 接收 : 11 3A 2C 2C 48 11 2C 00 00 2C 00 00 00 00 2C 00
2024-09-20 17:17:52,158 - 接收 : 00 00 00 2C 00 00 00 00 2C 00 00 00 00 0D 0A
2024-09-20 17:17:52,270 - 接收 : A9 9A 34 25 3A CE C6 2C 00 00 3D
2024-09-20 17:17:52,286 - 接收 : 05 2C 18 2D 09 2D 14 20 11 3A 11 3A 2C 2C 48
2024-09-20 17:17:52,302 - 接收 : 11 2C 01 2E 2C 00 00 A9 78 2C 00 00 00 00 2C
2024-09-20 17:17:52,318 - 接收 : 00 00 00 00 2C 00 00 3D 02 0D 0A
2024-09-20 17:17:52,430 - 接收 : A9 9A 34 25 3A CE B8 2C 00 00 3D 06 2C 18 2D
2024-09-20 17:17:52,446 - 接收 : 09 2D 14 20 11 3A 11 3A 2C 2C 48 11 2C 00 00 2C
2024-09-20 17:17:52,462 - 接收 : 00 00 00 00 2C 00 00 00 00 2C 00 00 00 00 2C
2024-09-20 17:17:52,478 - 接收 : 00 00 00 00 0D 0A
2024-09-20 17:17:52,574 - 接收 : A9 9A 34 25 3A
2024-09-20 17:17:52,590 - 接收 : CE B8 2C 00 00 3D 07 2C 18 2D 09 2D 14 20 11
2024-09-20 17:17:52,606 - 接收 : 3A 11 3A 2C 2C 48 11 2C 00 00 2C 00 00 00 00 2C
2024-09-20 17:17:52,622 - 接收 : 00 00 00 00 2C 00 00 00 00 2C 00 00 00 00 0D
2024-09-20 17:17:52,638 - 接收 : 0A
2024-09-20 17:17:52,734 - 接收 : A9 9A 34 25 3A CE B8 2C 00 00
2024-09-20 17:17:52,750 - 接收 : 3D 08 2C 18 2D 09 2D 14 20 11 3A 11 3A 2C 2C
2024-09-20 17:17:52,766 - 接收 : 48 11 2C 00 00 2C 00 00 00 00 2C 00 00 00 00
2024-09-20 17:17:52,782 - 接收 : 2C 00 00 00 00 2C 00 00 00 00 0D 0A
2024-09-20 17:17:52,894 - 接收 : A9 9A 34 25 3A CE B8 2C 00 00 3D 09 2C 18
2024-09-20 17:17:52,910 - 接收 : 2D 09 2D 14 20 11 3A 11 3A 2C 2C 48 11 2C 00 00
2024-09-20 17:17:52,926 - 接收 : 2C 00 00 00 00 2C 00 00 00 00 2C 00 00 00 00
2024-09-20 17:17:52,942 - 接收 : 2C 00 00 00 00 0D 0A
2024-09-20 17:17:57,117 - 接收 : A9 9A 34 25 3A CE B8 2C 00 00 3D 0A
2024-09-20 17:17:57,133 - 接收 : 2C 18 2D 09 2D 14 20 11 3A 11 3A 31 2C 48 11
2024-09-20 17:17:57,149 - 接收 : 2C 00 00 2C 00 00 00 00 2C 00 00 00 00 2C 00 00
2024-09-20 17:17:57,165 - 接收 : 00 00 2C 00 00 00 00 0D 0A
2024-09-20 17:17:57,261 - 接收 : A9
2024-09-20 17:17:57,277 - 接收 : 9A 34 25 3A CE C6 2C 00 00 3D 0B 2C 18 2D 09 2D
2024-09-20 17:17:57,293 - 接收 : 14 20 11 3A 11 3A 31 2C 48 11 2C 01 2E 2C 00
2024-09-20 17:17:57,309 - 接收 : 00 A9 79 2C 00 00 00 00 2C 00 00 00 00 2C 00
2024-09-20 17:17:57,325 - 接收 : 00 3D 02 0D 0A
2024-09-20 17:17:57,421 - 接收 : A9 9A 34 25 3A CE
2024-09-20 17:17:57,437 - 接收 : B8 2C 00 00 3D 0C 2C 18 2D 09 2D 14 20 11 3A
2024-09-20 17:17:57,453 - 接收 : 11 3A 31 2C 48 11 2C 00 00 2C 00 00 00 00 2C 00
2024-09-20 17:17:57,469 - 接收 : 00 00 00 2C 00 00 00 00 2C 00 00 00 00 0D 0A
2024-09-20 17:17:57,581 - 接收 : A9 9A 34 25 3A CE B8 2C 00 00 3D
2024-09-20 17:17:57,597 - 接收 : 0D 2C 18 2D 09 2D 14 20 11 3A 11 3A 31 2C 48
2024-09-20 17:17:57,613 - 接收 : 11 2C 00 00 2C 00 00 00 00 2C 00 00 00 00 2C
2024-09-20 17:17:57,629 - 接收 : 00 00 00 00 2C 00 00 00 00 0D 0A
2024-09-20 17:17:57,741 - 接收 : A9 9A 34 25 3A CE B8 2C 00 00 3D 0E 2C 18 2D 09
2024-09-20 17:17:57,757 - 接收 : 2D 14 20 11 3A 11 3A 31 2C 48 11 2C 00 00 2C
2024-09-20 17:17:57,773 - 接收 : 00 00 00 00 2C 00 00 00 00 2C 00 00 00 00 2C
2024-09-20 17:17:57,789 - 接收 : 00 00 00 00 0D 0A
2024-09-20 17:17:57,885 - 接收 : A9 9A 34 25 3A
2024-09-20 17:17:57,901 - 接收 : CE B8 2C 00 00 3D 0F 2C 18 2D 09 2D 14 20 11
2024-09-20 17:17:57,917 - 接收 : 3A 11 3A 31 2C 48 11 2C 00 00 2C 00 00 00 00 2C
2024-09-20 17:17:57,933 - 接收 : 00 00 00 00 2C 00 00 00 00 2C 00 00 00 00 0D
2024-09-20 17:17:57,949 - 接收 : 0A
2024-09-20 17:18:04,108 - 接收 : A9 9A 34
2024-09-20 17:18:04,124 - 接收 : 25 3A CE B8 2C 00 00 3D 10 2C 18 2D 09 2D 14
2024-09-20 17:18:04,140 - 接收 : 20 11 3A 11 3A 38 2C 48 11 2C 00 00 2C 00 00 00
2024-09-20 17:18:04,156 - 接收 : 00 2C 00 00 00 00 2C 00 00 00 00 2C 00 00 00
2024-09-20 17:18:04,172 - 接收 : 00 0D 0A
2024-09-20 17:18:04,268 - 接收 : A9 9A 34 25 3A CE C6 2C
2024-09-20 17:18:04,284 - 接收 : 00 00 3D 11 2C 18 2D 09 2D 14 20 11 3A 11 3A
2024-09-20 17:18:04,300 - 接收 : 38 2C 48 11 2C 01 2E 2C 00 00 A9 79 2C 00 00
2024-09-20 17:18:04,316 - 接收 : 00 00 2C 00 00 00 00 2C 00 00 3D 02 0D 0A
2024-09-20 17:18:04,427 - 接收 : A9 9A 34 25 3A CE B8 2C 00 00 3D 12
2024-09-20 17:18:04,443 - 接收 : 2C 18 2D 09 2D 14 20 11 3A 11 3A 38 2C 48 11 2C
2024-09-20 17:18:04,459 - 接收 : 00 00 2C 00 00 00 00 2C 00 00 00 00 2C 00 00
2024-09-20 17:18:04,475 - 接收 : 00 00 2C 00 00 00 00 0D 0A
2024-09-20 17:18:04,571 - 接收 : A9 9A
2024-09-20 17:18:04,587 - 接收 : 34 25 3A CE B8 2C 00 00 3D 13 2C 18 2D 09 2D
2024-09-20 17:18:04,603 - 接收 : 14 20 11 3A 11 3A 38 2C 48 11 2C 00 00 2C 00 00
2024-09-20 17:18:04,619 - 接收 : 00 00 2C 00 00 00 00 2C 00 00 00 00 2C 00 00
2024-09-20 17:18:04,635 - 接收 : 00 00 0D 0A
2024-09-20 17:18:04,731 - 接收 : A9 9A 34 25 3A CE B8
2024-09-20 17:18:04,747 - 接收 : 2C 00 00 3D 14 2C 18 2D 09 2D 14 20 11 3A 11
2024-09-20 17:18:04,763 - 接收 : 3A 38 2C 48 11 2C 00 00 2C 00 00 00 00 2C 00
2024-09-20 17:18:04,779 - 接收 : 00 00 00 2C 00 00 00 00 2C 00 00 00 00 0D 0A
2024-09-20 17:18:04,891 - 接收 : A9 9A 34 25 3A CE B8 2C 00 00 3D
2024-09-20 17:18:04,907 - 接收 : 15 2C 18 2D 09 2D 14 20 11 3A 11 3A 38 2C 48 11
2024-09-20 17:18:04,923 - 接收 : 2C 00 00 2C 00 00 00 00 2C 00 00 00 00 2C 00
2024-09-20 17:18:04,939 - 接收 : 00 00 00 2C 00 00 00 00 0D 0A
2024-09-20 17:18:09,115 - 接收 : A9 9A 34 25 3A CE B8 2C 00 00 3D 16 2C
2024-09-20 17:18:09,130 - 接收 : 18 2D 09 2D 14 20 11 3A 12 3A 01 2C 48 11 2C
2024-09-20 17:18:09,146 - 接收 : 00 00 2C 00 00 00 00 2C 00 00 00 00 2C 00 00
2024-09-20 17:18:09,162 - 接收 : 00 00 2C 00 00 00 00 0D 0A
2024-09-20 17:18:09,259 - 接收 : A9 9A
2024-09-20 17:18:09,275 - 接收 : 34 25 3A CE C6 2C 00 00 3D 17 2C 18 2D 09 2D
2024-09-20 17:18:09,291 - 接收 : 14 20 11 3A 12 3A 01 2C 48 11 2C 01 2E 2C 00 00
2024-09-20 17:18:09,307 - 接收 : A9 77 2C 00 00 00 00 2C 00 00 00 00 2C 00 00
2024-09-20 17:18:09,322 - 接收 : 3D 01 0D 0A
2024-09-20 17:18:09,418 - 接收 : A9 9A 34 25 3A CE B8
2024-09-20 17:18:09,435 - 接收 : 2C 00 00 3D 18 2C 18 2D 09 2D 14 20 11 3A 12
2024-09-20 17:18:09,451 - 接收 : 3A 01 2C 48 11 2C 00 00 2C 00 00 00 00 2C 00 00
2024-09-20 17:18:09,467 - 接收 : 00 00 2C 00 00 00 00 2C 00 00 00 00 0D 0A
2024-09-20 17:18:09,579 - 接收 : A9 9A 34 25 3A CE B8 2C 00 00 3D 19
2024-09-20 17:18:09,595 - 接收 : 2C 18 2D 09 2D 14 20 11 3A 12 3A 01 2C 48 11
2024-09-20 17:18:09,611 - 接收 : 2C 00 00 2C 00 00 00 00 2C 00 00 00 00 2C 00
2024-09-20 17:18:09,627 - 接收 : 00 00 00 2C 00 00 00 00 0D 0A
2024-09-20 17:18:09,722 - 接收 : A9
2024-09-20 17:18:09,738 - 接收 : 9A 34 25 3A CE B8 2C 00 00 3D 1A 2C 18 2D 09
2024-09-20 17:18:09,754 - 接收 : 2D 14 20 11 3A 12 3A 01 2C 48 11 2C 00 00 2C 00
2024-09-20 17:18:09,770 - 接收 : 00 00 00 2C 00 00 00 00 2C 00 00 00 00 2C 00
2024-09-20 17:18:09,786 - 接收 : 00 00 00 0D 0A
2024-09-20 17:18:09,883 - 接收 : A9 9A 34 25 3A CE
2024-09-20 17:18:09,899 - 接收 : B8 2C 00 00 3D 1B 2C 18 2D 09 2D 14 20 11 3A
2024-09-20 17:18:09,914 - 接收 : 12 3A 01 2C 48 11 2C 00 00 2C 00 00 00 00 2C 00
2024-09-20 17:18:09,930 - 接收 : 00 00 00 2C 00 00 00 00 2C 00 00 00 00 0D 0A
2024-09-20 17:18:16,105 - 接收 : A9 9A 34 25
2024-09-20 17:18:16,121 - 接收 : 3A CE B8 2C 00 00 3D 1C 2C 18 2D 09 2D 14 20
2024-09-20 17:18:16,138 - 接收 : 11 3A 12 3A 08 2C 48 18 2C 00 00 2C 00 00 00
2024-09-20 17:18:16,154 - 接收 : 00 2C 00 00 00 00 2C 00 00 00 00 2C 00 00 00 00
2024-09-20 17:18:16,170 - 接收 : 0D 0A
2024-09-20 17:18:16,265 - 接收 : A9 9A 34 25 3A CE C6 2C 00
2024-09-20 17:18:16,281 - 接收 : 00 3D 1D 2C 18 2D 09 2D 14 20 11 3A 12 3A 08
2024-09-20 17:18:16,297 - 接收 : 2C 48 18 2C 01 2E 2C 00 00 A9 76 2C 00 00 00
2024-09-20 17:18:16,313 - 接收 : 00 2C 00 00 00 00 2C 00 00 3D 01 0D 0A
2024-09-20 17:18:16,425 - 接收 : A9 9A 34 25 3A CE B8 2C 00 00 3D 1E 2C
2024-09-20 17:18:16,441 - 接收 : 18 2D 09 2D 14 20 11 3A 12 3A 08 2C 48 18 2C 00
2024-09-20 17:18:16,457 - 接收 : 00 2C 00 00 00 00 2C 00 00 00 00 2C 00 00 00
2024-09-20 17:18:16,474 - 接收 : 00 2C 00 00 00 00 0D 0A
2024-09-20 17:18:16,569 - 接收 : A9 9A 34
2024-09-20 17:18:16,585 - 接收 : 25 3A CE B8 2C 00 00 3D 1F 2C 18 2D 09 2D 14
2024-09-20 17:18:16,601 - 接收 : 20 11 3A 12 3A 08 2C 48 18 2C 00 00 2C 00 00
2024-09-20 17:18:16,617 - 接收 : 00 00 2C 00 00 00 00 2C 00 00 00 00 2C 00 00 00
2024-09-20 17:18:16,633 - 接收 : 00 0D 0A
2024-09-20 17:18:16,729 - 接收 : A9 9A 34 25 3A CE B8 2C
2024-09-20 17:18:16,745 - 接收 : 00 00 3D 20 2C 18 2D 09 2D 14 20 11 3A 12 3A
2024-09-20 17:18:16,761 - 接收 : 08 2C 48 18 2C 00 00 2C 00 00 00 00 2C 00 00
2024-09-20 17:18:16,777 - 接收 : 00 00 2C 00 00 00 00 2C 00 00 00 00 0D 0A
2024-09-20 17:18:16,889 - 接收 : A9 9A 34 25 3A CE B8 2C 00 00 3D 21
2024-09-20 17:18:16,906 - 接收 : 2C 18 2D 09 2D 14 20 11 3A 12 3A 08 2C 48 18 2C
2024-09-20 17:18:16,922 - 接收 : 00 00 2C 00 00 00 00 2C 00 00 00 00 2C 00 00
2024-09-20 17:18:16,937 - 接收 : 00 00 2C 00 00 00 00 0D 0A
2024-09-20 17:18:21,113 - 接收 : A9 9A 34 25 3A CE B8 2C 00 00
2024-09-20 17:18:21,129 - 接收 : 3D 22 2C 18 2D 09 2D 14 20 11 3A 12 3A 0D 2C
2024-09-20 17:18:21,145 - 接收 : 48 11 2C 00 00 2C 00 00 00 00 2C 00 00 00 00
2024-09-20 17:18:21,161 - 接收 : 2C 00 00 00 00 2C 00 00 00 00 0D 0A
2024-09-20 17:18:21,272 - 接收 : A9 9A 34 25 3A CE C6 2C 00 00 3D 23 2C 18
2024-09-20 17:18:21,288 - 接收 : 2D 09 2D 14 20 11 3A 12 3A 0D 2C 48 11 2C 01 2E
2024-09-20 17:18:21,304 - 接收 : 2C 00 00 A9 76 2C 00 00 00 00 2C 00 00 00 00
2024-09-20 17:18:21,320 - 接收 : 2C 00 00 3D 01 0D 0A
2024-09-20 17:18:21,417 - 接收 : A9 9A 34 25
2024-09-20 17:18:21,433 - 接收 : 3A CE B8 2C 00 00 3D 24 2C 18 2D 09 2D 14 20
2024-09-20 17:18:21,449 - 接收 : 11 3A 12 3A 0D 2C 48 11 2C 00 00 2C 00 00 00 00
2024-09-20 17:18:21,465 - 接收 : 2C 00 00 00 00 2C 00 00 00 00 2C 00 00 00 00
2024-09-20 17:18:21,481 - 接收 : 0D 0A
2024-09-20 17:18:21,577 - 接收 : A9 9A 34 25 3A CE B8 2C 00
2024-09-20 17:18:21,593 - 接收 : 00 3D 25 2C 18 2D 09 2D 14 20 11 3A 12 3A 0D
2024-09-20 17:18:21,609 - 接收 : 2C 48 11 2C 00 00 2C 00 00 00 00 2C 00 00 00
2024-09-20 17:18:21,625 - 接收 : 00 2C 00 00 00 00 2C 00 00 00 00 0D 0A
2024-09-20 17:18:21,736 - 接收 : A9 9A 34 25 3A CE B8 2C 00 00 3D 26 2C
2024-09-20 17:18:21,753 - 接收 : 18 2D 09 2D 14 20 11 3A 12 3A 0D 2C 48 11 2C 00
2024-09-20 17:18:21,769 - 接收 : 00 2C 00 00 00 00 2C 00 00 00 00 2C 00 00 00
2024-09-20 17:18:21,785 - 接收 : 00 2C 00 00 00 00 0D 0A
2024-09-20 17:18:21,880 - 接收 : A9 9A 34
2024-09-20 17:18:21,897 - 接收 : 25 3A CE B8 2C 00 00 3D 27 2C 18 2D 09 2D 14
2024-09-20 17:18:21,912 - 接收 : 20 11 3A 12 3A 0D 2C 48 11 2C 00 00 2C 00 00 00
2024-09-20 17:18:21,928 - 接收 : 00 2C 00 00 00 00 2C 00 00 00 00 2C 00 00 00
2024-09-20 17:18:21,944 - 接收 : 00 0D 0A
2024-09-20 17:18:28,103 - 接收 : A9
2024-09-20 17:18:28,119 - 接收 : 9A 34 25 3A CE B8 2C 00 00 3D 28 2C 18 2D 09
2024-09-20 17:18:28,135 - 接收 : 2D 14 20 11 3A 12 3A 14 2C 48 0A 2C 00 00 2C
2024-09-20 17:18:28,151 - 接收 : 00 00 00 00 2C 00 00 00 00 2C 00 00 00 00 2C 00
2024-09-20 17:18:28,167 - 接收 : 00 00 00 0D 0A
2024-09-20 17:18:28,264 - 接收 : A9 9A 34 25 3A CE
2024-09-20 17:18:28,279 - 接收 : C6 2C 00 00 3D 29 2C 18 2D 09 2D 14 20 11 3A
2024-09-20 17:18:28,296 - 接收 : 12 3A 14 2C 48 0A 2C 01 2E 2C 00 00 A9 78 2C
2024-09-20 17:18:28,311 - 接收 : 00 00 00 00 2C 00 00 00 00 2C 00 00 3D 02 0D 0A
2024-09-20 17:18:28,423 - 接收 : A9 9A 34 25 3A CE B8 2C 00 00
2024-09-20 17:18:28,439 - 接收 : 3D 2A 2C 18 2D 09 2D 14 20 11 3A 12 3A 14 2C 48
2024-09-20 17:18:28,455 - 接收 : 0A 2C 00 00 2C 00 00 00 00 2C 00 00 00 00 2C
2024-09-20 17:18:28,471 - 接收 : 00 00 00 00 2C 00 00 00 00 0D 0A
2024-09-20 17:18:28,583 - 接收 : A9 9A 34 25 3A CE B8 2C 00 00 3D 2B 2C 18 2D
2024-09-20 17:18:28,599 - 接收 : 09 2D 14 20 11 3A 12 3A 14 2C 48 0A 2C 00 00
2024-09-20 17:18:28,615 - 接收 : 2C 00 00 00 00 2C 00 00 00 00 2C 00 00 00 00 2C
2024-09-20 17:18:28,631 - 接收 : 00 00 00 00 0D 0A
2024-09-20 17:18:28,727 - 接收 : A9 9A 34 25 3A
2024-09-20 17:18:28,743 - 接收 : CE B8 2C 00 00 3D 2C 2C 18 2D 09 2D 14 20 11
2024-09-20 17:18:28,759 - 接收 : 3A 12 3A 14 2C 48 0A 2C 00 00 2C 00 00 00 00
2024-09-20 17:18:28,775 - 接收 : 2C 00 00 00 00 2C 00 00 00 00 2C 00 00 00 00 0D
2024-09-20 17:18:28,791 - 接收 : 0A
2024-09-20 17:18:28,887 - 接收 : A9 9A 34 25 3A CE B8 2C 00
2024-09-20 17:18:28,903 - 接收 : 00 3D 2D 2C 18 2D 09 2D 14 20 11 3A 12 3A 14 2C
2024-09-20 17:18:28,919 - 接收 : 48 0A 2C 00 00 2C 00 00 00 00 2C 00 00 00 00
2024-09-20 17:18:28,935 - 接收 : 2C 00 00 00 00 2C 00 00 00 00 0D 0A
2024-09-20 17:18:33,111 - 接收 : A9 9A 34 25 3A CE B8
2024-09-20 17:18:33,126 - 接收 : 2C 00 00 3D 2E 2C 18 2D 09 2D 14 20 11 3A 12
2024-09-20 17:18:33,142 - 接收 : 3A 19 2C 48 11 2C 00 00 2C 00 00 00 00 2C 00
2024-09-20 17:18:33,159 - 接收 : 00 00 00 2C 00 00 00 00 2C 00 00 00 00 0D 0A
2024-09-20 17:18:33,270 - 接收 : A9 9A 34 25 3A CE C6 2C 00 00 3D
2024-09-20 17:18:33,286 - 接收 : 2F 2C 18 2D 09 2D 14 20 11 3A 12 3A 19 2C 48 11
2024-09-20 17:18:33,302 - 接收 : 2C 01 2E 2C 00 00 A9 77 2C 00 00 00 00 2C 00
2024-09-20 17:18:33,318 - 接收 : 00 00 00 2C 00 00 3D 01 0D 0A
2024-09-20 17:18:33,414 - 接收 : A9
2024-09-20 17:18:33,430 - 接收 : 9A 34 25 3A CE B8 2C 00 00 3D 30 2C 18 2D 09
2024-09-20 17:18:33,446 - 接收 : 2D 14 20 11 3A 12 3A 19 2C 48 11 2C 00 00 2C 00
2024-09-20 17:18:33,462 - 接收 : 00 00 00 2C 00 00 00 00 2C 00 00 00 00 2C 00
2024-09-20 17:18:33,478 - 接收 : 00 00 00 0D 0A
2024-09-20 17:18:33,574 - 接收 : A9 9A 34 25 3A CE
2024-09-20 17:18:33,590 - 接收 : B8 2C 00 00 3D 31 2C 18 2D 09 2D 14 20 11 3A
2024-09-20 17:18:33,606 - 接收 : 12 3A 19 2C 48 11 2C 00 00 2C 00 00 00 00 2C
2024-09-20 17:18:33,622 - 接收 : 00 00 00 00 2C 00 00 00 00 2C 00 00 00 00 0D 0A
2024-09-20 17:18:33,734 - 接收 : A9 9A 34 25 3A CE B8 2C 00 00
2024-09-20 17:18:33,750 - 接收 : 3D 32 2C 18 2D 09 2D 14 20 11 3A 12 3A 19 2C 48
2024-09-20 17:18:33,766 - 接收 : 11 2C 00 00 2C 00 00 00 00 2C 00 00 00 00 2C
2024-09-20 17:18:33,782 - 接收 : 00 00 00 00 2C 00 00 00 00 0D 0A
2024-09-20 17:18:33,894 - 接收 : A9 9A 34 25 3A CE B8 2C 00 00 3D 33 2C 18 2D
2024-09-20 17:18:33,911 - 接收 : 09 2D 14 20 11 3A 12 3A 19 2C 48 11 2C 00 00 2C
2024-09-20 17:18:33,926 - 接收 : 00 00 00 00 2C 00 00 00 00 2C 00 00 00 00 2C
2024-09-20 17:18:33,942 - 接收 : 00 00 00 00 0D 0A
2024-09-20 17:18:40,117 - 接收 : A9 9A 34 25 3A CE B8 2C 00 00 3D 34 2C
2024-09-20 17:18:40,133 - 接收 : 18 2D 09 2D 14 20 11 3A 12 3A 20 2C 48 0A 2C 00
2024-09-20 17:18:40,149 - 接收 : 00 2C 00 00 00 00 2C 00 00 00 00 2C 00 00 00
2024-09-20 17:18:40,165 - 接收 : 00 2C 00 00 00 00 0D 0A
2024-09-20 17:18:40,261 - 接收 : A9 9A 34
2024-09-20 17:18:40,277 - 接收 : 25 3A CE C6 2C 00 00 3D 35 2C 18 2D 09 2D 14
2024-09-20 17:18:40,293 - 接收 : 20 11 3A 12 3A 20 2C 48 0A 2C 01 2E 2C 00 00
2024-09-20 17:18:40,310 - 接收 : A9 77 2C 00 00 00 00 2C 00 00 00 00 2C 00 00 3D
2024-09-20 17:18:40,325 - 接收 : 02 0D 0A
2024-09-20 17:18:40,421 - 接收 : A9 9A 34 25 3A CE B8
2024-09-20 17:18:40,437 - 接收 : 2C 00 00 3D 36 2C 18 2D 09 2D 14 20 11 3A 12 3A
2024-09-20 17:18:40,453 - 接收 : 20 2C 48 0A 2C 00 00 2C 00 00 00 00 2C 00 00
2024-09-20 17:18:40,469 - 接收 : 00 00 2C 00 00 00 00 2C 00 00 00 00 0D 0A
2024-09-20 17:18:40,581 - 接收 : A9 9A 34 25 3A CE B8 2C 00 00 3D 37
2024-09-20 17:18:40,597 - 接收 : 2C 18 2D 09 2D 14 20 11 3A 12 3A 20 2C 48 0A 2C
2024-09-20 17:18:40,613 - 接收 : 00 00 2C 00 00 00 00 2C 00 00 00 00 2C 00 00
2024-09-20 17:18:40,629 - 接收 : 00 00 2C 00 00 00 00 0D 0A
2024-09-20 17:18:40,725 - 接收 : A9 9A
2024-09-20 17:18:40,740 - 接收 : 34 25 3A CE B8 2C 00 00 3D 38 2C 18 2D 09 2D
2024-09-20 17:18:40,756 - 接收 : 14 20 11 3A 12 3A 20 2C 48 0A 2C 00 00 2C 00
2024-09-20 17:18:40,772 - 接收 : 00 00 00 2C 00 00 00 00 2C 00 00 00 00 2C 00 00
2024-09-20 17:18:40,788 - 接收 : 00 00 0D 0A
2024-09-20 17:18:40,885 - 接收 : A9 9A 34 25 3A CE
2024-09-20 17:18:40,901 - 接收 : B8 2C 00 00 3D 39 2C 18 2D 09 2D 14 20 11 3A 12
2024-09-20 17:18:40,917 - 接收 : 3A 20 2C 48 0A 2C 00 00 2C 00 00 00 00 2C 00
2024-09-20 17:18:40,933 - 接收 : 00 00 00 2C 00 00 00 00 2C 00 00 00 00 0D 0A
2024-09-20 17:18:45,108 - 接收 : A9 9A 34 25
2024-09-20 17:18:45,124 - 接收 : 3A CE B8 2C 00 00 3D 3A 2C 18 2D 09 2D 14 20
2024-09-20 17:18:45,140 - 接收 : 11 3A 12 3A 25 2C 48 11 2C 00 00 2C 00 00 00
2024-09-20 17:18:45,155 - 接收 : 00 2C 00 00 00 00 2C 00 00 00 00 2C 00 00 00 00
2024-09-20 17:18:45,172 - 接收 : 0D 0A
2024-09-20 17:18:45,268 - 接收 : A9 9A 34 25 3A CE C6 2C 00
2024-09-20 17:18:45,284 - 接收 : 00 3D 3B 2C 18 2D 09 2D 14 20 11 3A 12 3A 25
2024-09-20 17:18:45,300 - 接收 : 2C 48 11 2C 01 2E 2C 00 00 A9 76 2C 00 00 00
2024-09-20 17:18:45,316 - 接收 : 00 2C 00 00 00 00 2C 00 00 3D 01 0D 0A
2024-09-20 17:18:45,428 - 接收 : A9 9A 34 25 3A CE B8 2C 00 00 3D 3C 2C
2024-09-20 17:18:45,444 - 接收 : 18 2D 09 2D 14 20 11 3A 12 3A 25 2C 48 11 2C 00
2024-09-20 17:18:45,460 - 接收 : 00 2C 00 00 00 00 2C 00 00 00 00 2C 00 00 00
2024-09-20 17:18:45,476 - 接收 : 00 2C 00 00 00 00 0D 0A
2024-09-20 17:18:45,572 - 接收 : A9 9A 34
2024-09-20 17:18:45,588 - 接收 : 25 3A CE B8 2C 00 00 3D 3D 2C 18 2D 09 2D 14
2024-09-20 17:18:45,604 - 接收 : 20 11 3A 12 3A 25 2C 48 11 2C 00 00 2C 00 00
2024-09-20 17:18:45,620 - 接收 : 00 00 2C 00 00 00 00 2C 00 00 00 00 2C 00 00 00
2024-09-20 17:18:45,636 - 接收 : 00 0D 0A
2024-09-20 17:18:45,732 - 接收 : A9 9A 34 25 3A CE B8
2024-09-20 17:18:45,747 - 接收 : 2C 00 00 3D 3E 2C 18 2D 09 2D 14 20 11 3A 12 3A
2024-09-20 17:18:45,764 - 接收 : 25 2C 48 11 2C 00 00 2C 00 00 00 00 2C 00 00
2024-09-20 17:18:45,780 - 接收 : 00 00 2C 00 00 00 00 2C 00 00 00 00 0D 0A
2024-09-20 17:18:45,891 - 接收 : A9 9A 34 25 3A CE B8 2C 00 00 3D 3F
2024-09-20 17:18:45,907 - 接收 : 2C 18 2D 09 2D 14 20 11 3A 12 3A 25 2C 48 11 2C
2024-09-20 17:18:45,924 - 接收 : 00 00 2C 00 00 00 00 2C 00 00 00 00 2C 00 00
2024-09-20 17:18:45,940 - 接收 : 00 00 2C 00 00 00 00 0D 0A
2024-09-20 17:18:52,114 - 接收 : A9 9A 34 25 3A CE B8 2C 00
2024-09-20 17:18:52,130 - 接收 : 00 3D 40 2C 18 2D 09 2D 14 20 11 3A 12 3A 2C
2024-09-20 17:18:52,146 - 接收 : 2C 48 11 2C 00 00 2C 00 00 00 00 2C 00 00 00 00
2024-09-20 17:18:52,162 - 接收 : 2C 00 00 00 00 2C 00 00 00 00 0D 0A
2024-09-20 17:18:52,273 - 接收 : A9 9A 34 25 3A CE C6 2C 00 00 3D 41 2C 18
2024-09-20 17:18:52,289 - 接收 : 2D 09 2D 14 20 11 3A 12 3A 2C 2C 48 11 2C 01
2024-09-20 17:18:52,305 - 接收 : 2E 2C 00 00 A9 74 2C 00 00 00 00 2C 00 00 00 00
2024-09-20 17:18:52,321 - 接收 : 2C 00 00 3D 01 0D 0A
2024-09-20 17:18:52,417 - 接收 : A9 9A 34
2024-09-20 17:18:52,433 - 接收 : 25 3A CE B8 2C 00 00 3D 42 2C 18 2D 09 2D 14 20
2024-09-20 17:18:52,449 - 接收 : 11 3A 12 3A 2C 2C 48 11 2C 00 00 2C 00 00 00
2024-09-20 17:18:52,466 - 接收 : 00 2C 00 00 00 00 2C 00 00 00 00 2C 00 00 00
2024-09-20 17:18:52,482 - 接收 : 00 0D 0A
2024-09-20 17:18:52,578 - 接收 : A9 9A 34 25 3A CE B8 2C
2024-09-20 17:18:52,594 - 接收 : 00 00 3D 43 2C 18 2D 09 2D 14 20 11 3A 12 3A
2024-09-20 17:18:52,610 - 接收 : 2C 2C 48 11 2C 00 00 2C 00 00 00 00 2C 00 00 00
2024-09-20 17:18:52,626 - 接收 : 00 2C 00 00 00 00 2C 00 00 00 00 0D 0A
2024-09-20 17:18:52,737 - 接收 : A9 9A 34 25 3A CE B8 2C 00 00 3D 44 2C
2024-09-20 17:18:52,753 - 接收 : 18 2D 09 2D 14 20 11 3A 12 3A 2C 2C 48 11 2C
2024-09-20 17:18:52,769 - 接收 : 00 00 2C 00 00 00 00 2C 00 00 00 00 2C 00 00 00
2024-09-20 17:18:52,785 - 接收 : 00 2C 00 00 00 00 0D 0A
2024-09-20 17:18:52,881 - 接收 : A9 9A
2024-09-20 17:18:52,897 - 接收 : 34 25 3A CE B8 2C 00 00 3D 45 2C 18 2D 09 2D 14
2024-09-20 17:18:52,913 - 接收 : 20 11 3A 12 3A 2C 2C 48 11 2C 00 00 2C 00 00
2024-09-20 17:18:52,929 - 接收 : 00 00 2C 00 00 00 00 2C 00 00 00
2024-09-20 17:18:52,929 - 接收 : 00 2C 00 00
2024-09-20 17:18:52,945 - 接收 : 00 00 0D 0A
2024-09-20 17:18:57,105 - 接收 : A9 9A 34
2024-09-20 17:18:57,121 - 接收 : 25 3A CE B8 2C 00 00 3D 46 2C 18 2D 09 2D 14 20
2024-09-20 17:18:57,137 - 接收 : 11 3A 12 3A 31 2C 48 11 2C 00 00 2C 00 00 00
2024-09-20 17:18:57,153 - 接收 : 00 2C 00 00 00 00 2C 00 00 00 00 2C 00 00 00 00
2024-09-20 17:18:57,169 - 接收 : 0D 0A
2024-09-20 17:18:57,265 - 接收 : A9 9A 34 25 3A CE C6 2C
2024-09-20 17:18:57,281 - 接收 : 00 00 3D 47 2C 18 2D 09 2D 14 20 11 3A 12 3A 31
2024-09-20 17:18:57,297 - 接收 : 2C 48 11 2C 01 2E 2C 00 00 A9 76 2C 00 00 00
2024-09-20 17:18:57,313 - 接收 : 00 2C 00 00 00 00 2C 00 00 3D 01 0D 0A
2024-09-20 17:18:57,425 - 接收 : A9 9A 34 25 3A CE B8 2C 00 00 3D 48 2C
2024-09-20 17:18:57,441 - 接收 : 18 2D 09 2D 14 20 11 3A 12 3A 31 2C 48 11 2C
2024-09-20 17:18:57,457 - 接收 : 00 00 2C 00 00 00 00 2C 00 00 00 00 2C 00 00 00
2024-09-20 17:18:57,473 - 接收 : 00 2C 00 00 00 00 0D 0A
2024-09-20 17:18:57,569 - 接收 : A9 9A
2024-09-20 17:18:57,585 - 接收 : 34 25 3A CE B8 2C 00 00 3D 49 2C 18 2D 09 2D 14
2024-09-20 17:18:57,601 - 接收 : 20 11 3A 12 3A 31 2C 48 11 2C 00 00 2C 00 00
2024-09-20 17:18:57,617 - 接收 : 00 00 2C 00 00 00 00 2C 00 00 00 00 2C 00 00
2024-09-20 17:18:57,633 - 接收 : 00 00 0D 0A
2024-09-20 17:18:57,729 - 接收 : A9 9A 34 25 3A CE B8
2024-09-20 17:18:57,745 - 接收 : 2C 00 00 3D 4A 2C 18 2D 09 2D 14 20 11 3A 12 3A
2024-09-20 17:18:57,761 - 接收 : 31 2C 48 11 2C 00 00 2C 00 00 00 00 2C 00 00
2024-09-20 17:18:57,777 - 接收 : 00 00 2C 00 00 00 00 2C 00 00 00 00 0D 0A
2024-09-20 17:18:57,888 - 接收 : A9 9A 34 25 3A CE B8 2C 00 00 3D 4B
2024-09-20 17:18:57,904 - 接收 : 2C 18 2D 09 2D 14 20 11 3A 12 3A 31 2C 48 11
2024-09-20 17:18:57,920 - 接收 : 2C 00 00 2C 00 00 00 00 2C 00 00 00 00 2C 00 00
2024-09-20 17:18:57,936 - 接收 : 00 00 2C 00 00 00 00 0D 0A
2024-09-20 17:19:04,111 - 接收 : A9 9A 34 25 3A CE B8 2C 00 00
2024-09-20 17:19:04,127 - 接收 : 3D 4C 2C 18 2D 09 2D 14 20 11 3A 12 3A 38 2C
2024-09-20 17:19:04,143 - 接收 : 48 11 2C 00 00 2C 00 00 00 00 2C 00 00 00 00 2C
2024-09-20 17:19:04,159 - 接收 : 00 00 00 00 2C 00 00 00 00 0D 0A
2024-09-20 17:19:04,271 - 接收 : A9 9A 34 25 3A CE C6 2C 00 00 3D 4D 2C 18 2D
2024-09-20 17:19:04,287 - 接收 : 09 2D 14 20 11 3A 12 3A 38 2C 48 11 2C 01 2E
2024-09-20 17:19:04,303 - 接收 : 2C 00 00 A9 77 2C 00 00 00 00 2C 00 00 00 00
2024-09-20 17:19:04,319 - 接收 : 2C 00 00 3D 02 0D 0A
2024-09-20 17:19:04,415 - 接收 : A9 9A 34 25
2024-09-20 17:19:04,431 - 接收 : 3A CE B8 2C 00 00 3D 4E 2C 18 2D 09 2D 14 20 11
2024-09-20 17:19:04,447 - 接收 : 3A 12 3A 38 2C 48 11 2C 00 00 2C 00 00 00 00
2024-09-20 17:19:04,463 - 接收 : 2C 00 00 00 00 2C 00 00 00 00 2C 00 00 00 00
2024-09-20 17:19:04,479 - 接收 : 0D 0A
2024-09-20 17:19:04,575 - 接收 : A9 9A 34 25 3A CE B8 2C 00
2024-09-20 17:19:04,591 - 接收 : 00 3D 4F 2C 18 2D 09 2D 14 20 11 3A 12 3A 38
2024-09-20 17:19:04,607 - 接收 : 2C 48 11 2C 00 00 2C 00 00 00 00 2C 00 00 00 00
2024-09-20 17:19:04,623 - 接收 : 2C 00 00 00 00 2C 00 00 00 00 0D 0A
2024-09-20 17:19:04,735 - 接收 : A9 9A 34 25 3A CE B8 2C 00 00 3D 50 2C 18
2024-09-20 17:19:04,751 - 接收 : 2D 09 2D 14 20 11 3A 12 3A 38 2C 48 11 2C 00
2024-09-20 17:19:04,767 - 接收 : 00 2C 00 00 00 00 2C 00 00 00 00 2C 00 00 00
2024-09-20 17:19:04,783 - 接收 : 00 2C 00 00 00 00 0D 0A
2024-09-20 17:19:04,879 - 接收 : A9 9A 34
2024-09-20 17:19:04,895 - 接收 : 25 3A CE B8 2C 00 00 3D 51 2C 18 2D 09 2D 14
2024-09-20 17:19:04,911 - 接收 : 20 11 3A 12 3A 38 2C 48 11 2C 00 00 2C 00 00 00
2024-09-20 17:19:04,927 - 接收 : 00 2C 00 00 00 00 2C 00 00 00 00 2C 00 00 00
2024-09-20 17:19:04,943 - 接收 : 00 0D 0A
2024-09-20 17:19:09,119 - 接收 : A9 9A 34 25 3A CE B8 2C 00 00 3D 52 2C 18 2D 09
2024-09-20 17:19:09,135 - 接收 : 2D 14 20 11 3A 13 3A 01 2C 48 11 2C 00 00 2C
2024-09-20 17:19:09,151 - 接收 : 00 00 00 00 2C 00 00 00 00 2C 00 00 00 00 2C 00
2024-09-20 17:19:09,167 - 接收 : 00 00 00 0D 0A
2024-09-20 17:19:09,262 - 接收 : A9 9A 34 25 3A
2024-09-20 17:19:09,278 - 接收 : CE C6 2C 00 00 3D 53 2C 18 2D 09 2D 14 20 11 3A
2024-09-20 17:19:09,294 - 接收 : 13 3A 01 2C 48 11 2C 01 2E 2C 00 00 A9 74 2C
2024-09-20 17:19:09,310 - 接收 : 00 00 00 00 2C 00 00 00 00 2C 00 00 3D 01 0D
2024-09-20 17:19:09,326 - 接收 : 0A
2024-09-20 17:19:09,422 - 接收 : A9 9A 34 25 3A CE B8 2C 00 00
2024-09-20 17:19:09,438 - 接收 : 3D 54 2C 18 2D 09 2D 14 20 11 3A 13 3A 01 2C
2024-09-20 17:19:09,454 - 接收 : 48 11 2C 00 00 2C 00 00 00 00 2C 00 00 00 00 2C
2024-09-20 17:19:09,470 - 接收 : 00 00 00 00 2C 00 00 00 00 0D 0A
2024-09-20 17:19:09,582 - 接收 : A9 9A 34 25 3A CE B8 2C 00 00 3D 55 2C 18 2D
2024-09-20 17:19:09,598 - 接收 : 09 2D 14 20 11 3A 13 3A 01 2C 48 11 2C 00 00
2024-09-20 17:19:09,614 - 接收 : 2C 00 00 00 00 2C 00 00 00 00 2C 00 00 00 00 2C
2024-09-20 17:19:09,630 - 接收 : 00 00 00 00 0D 0A
2024-09-20 17:19:09,726 - 接收 : A9 9A 34 25
2024-09-20 17:19:09,742 - 接收 : 3A CE B8 2C 00 00 3D 56 2C 18 2D 09 2D 14 20 11
2024-09-20 17:19:09,758 - 接收 : 3A 13 3A 01 2C 48 11 2C 00 00 2C 00 00 00 00
2024-09-20 17:19:09,774 - 接收 : 2C 00 00 00 00 2C 00 00 00 00 2C 00 00 00 00
2024-09-20 17:19:09,790 - 接收 : 0D 0A
2024-09-20 17:19:09,886 - 接收 : A9 9A 34 25 3A CE B8 2C 00
2024-09-20 17:19:09,902 - 接收 : 00 3D 57 2C 18 2D 09 2D 14 20 11 3A 13 3A 01
2024-09-20 17:19:09,918 - 接收 : 2C 48 11 2C 00 00 2C 00 00 00 00 2C 00 00 00 00
2024-09-20 17:19:09,934 - 接收 : 2C 00 00 00 00 2C 00 00 00 00 0D 0A
2024-09-20 17:19:16,109 - 接收 : A9 9A 34 25 3A CE B8
2024-09-20 17:19:16,125 - 接收 : 2C 00 00 3D 58 2C 18 2D 09 2D 14 20 11 3A 13
2024-09-20 17:19:16,141 - 接收 : 3A 08 2C 48 11 2C 00 00 2C 00 00 00 00 2C 00 00
2024-09-20 17:19:16,157 - 接收 : 00 00 2C 00 00 00 00 2C 00 00 00 00 0D 0A
2024-09-20 17:19:16,269 - 接收 : A9 9A 34 25 3A CE C6 2C 00 00 3D 59
2024-09-20 17:19:16,285 - 接收 : 2C 18 2D 09 2D 14 20 11 3A 13 3A 08 2C 48 11
2024-09-20 17:19:16,301 - 接收 : 2C 01 2E 2C 00 00 A9 76 2C 00 00 00 00 2C 00 00
2024-09-20 17:19:16,317 - 接收 : 00 00 2C 00 00 3D 01 0D 0A
2024-09-20 17:19:16,413 - 接收 : A9
2024-09-20 17:19:16,429 - 接收 : 9A 34 25 3A CE B8 2C 00 00 3D 5A 2C 18 2D 09 2D
2024-09-20 17:19:16,445 - 接收 : 14 20 11 3A 13 3A 08 2C 48 11 2C 00 00 2C 00
2024-09-20 17:19:16,461 - 接收 : 00 00 00 2C 00 00 00 00 2C 00 00 00 00 2C 00
2024-09-20 17:19:16,477 - 接收 : 00 00 00 0D 0A
2024-09-20 17:19:16,573 - 接收 : A9 9A 34 25 3A CE
2024-09-20 17:19:16,589 - 接收 : B8 2C 00 00 3D 5B 2C 18 2D 09 2D 14 20 11 3A
2024-09-20 17:19:16,605 - 接收 : 13 3A 08 2C 48 11 2C 00 00 2C 00 00 00 00 2C 00
2024-09-20 17:19:16,621 - 接收 : 00 00 00 2C 00 00 00 00 2C 00 00 00 00 0D 0A
2024-09-20 17:19:16,733 - 接收 : A9 9A 34 25 3A CE B8 2C 00 00 3D
2024-09-20 17:19:16,749 - 接收 : 5C 2C 18 2D 09 2D 14 20 11 3A 13 3A 08 2C 48
2024-09-20 17:19:16,764 - 接收 : 11 2C 00 00 2C 00 00 00 00 2C 00 00 00 00 2C
2024-09-20 17:19:16,780 - 接收 : 00 00 00 00 2C 00 00 00 00 0D 0A
2024-09-20 17:19:16,893 - 接收 : A9 9A 34 25 3A CE B8 2C 00 00 3D 5D 2C 18 2D 09
2024-09-20 17:19:16,909 - 接收 : 2D 14 20 11 3A 13 3A 08 2C 48 11 2C 00 00 2C
2024-09-20 17:19:16,925 - 接收 : 00 00 00 00 2C 00 00 00 00 2C 00 00 00 00 2C
2024-09-20 17:19:16,941 - 接收 : 00 00 00 00 0D 0A
2024-09-20 17:19:21,116 - 接收 : A9 9A 34 25 3A CE B8 2C 00 00 3D 5E 2C
2024-09-20 17:19:21,132 - 接收 : 18 2D 09 2D 14 20 11 3A 13 3A 0D 2C 48 11 2C
2024-09-20 17:19:21,148 - 接收 : 00 00 2C 00 00 00 00 2C 00 00 00 00 2C 00 00 00
2024-09-20 17:19:21,164 - 接收 : 00 2C 00 00 00 00 0D 0A
2024-09-20 17:19:21,260 - 接收 : A9 9A
2024-09-20 17:19:21,276 - 接收 : 34 25 3A CE C6 2C 00 00 3D 5F 2C 18 2D 09 2D 14
2024-09-20 17:19:21,292 - 接收 : 20 11 3A 13 3A 0D 2C 48 11 2C 01 2E 2C 00 00
2024-09-20 17:19:21,308 - 接收 : A9 75 2C 00 00 00 00 2C 00 00 00 00 2C 00 00
2024-09-20 17:19:21,324 - 接收 : 3D 01 0D 0A
2024-09-20 17:19:21,420 - 接收 : A9 9A 34 25 3A CE B8
2024-09-20 17:19:21,436 - 接收 : 2C 00 00 3D 60 2C 18 2D 09 2D 14 20 11 3A 13
2024-09-20 17:19:21,452 - 接收 : 3A 0D 2C 48 11 2C 00 00 2C 00 00 00 00 2C 00 00
2024-09-20 17:19:21,468 - 接收 : 00 00 2C 00 00 00 00 2C 00 00 00 00 0D 0A
2024-09-20 17:19:21,580 - 接收 : A9 9A 34 25 3A CE B8 2C 00 00 3D 61
2024-09-20 17:19:21,596 - 接收 : 2C 18 2D 09 2D 14 20 11 3A 13 3A 0D 2C 48 11
2024-09-20 17:19:21,612 - 接收 : 2C 00 00 2C 00 00 00 00 2C 00 00 00 00 2C 00 00
2024-09-20 17:19:21,628 - 接收 : 00 00 2C 00 00 00 00 0D 0A
2024-09-20 17:19:21,724 - 接收 : A9
2024-09-20 17:19:21,740 - 接收 : 9A 34 25 3A CE B8 2C 00 00 3D 62 2C 18 2D 09 2D
2024-09-20 17:19:21,756 - 接收 : 14 20 11 3A 13 3A 0D 2C 48 11 2C 00 00 2C 00
2024-09-20 17:19:21,772 - 接收 : 00 00 00 2C 00 00 00 00 2C 00 00 00 00 2C 00
2024-09-20 17:19:21,788 - 接收 : 00 00 00 0D 0A
2024-09-20 17:19:21,884 - 接收 : A9 9A 34 25 3A CE
2024-09-20 17:19:21,900 - 接收 : B8 2C 00 00 3D 63 2C 18 2D 09 2D 14 20 11 3A
2024-09-20 17:19:21,916 - 接收 : 13 3A 0D 2C 48 11 2C 00 00 2C 00 00 00 00 2C 00
2024-09-20 17:19:21,932 - 接收 : 00 00 00 2C 00 00 00 00 2C 00 00 00 00 0D 0A
2024-09-20 17:19:28,107 - 接收 : A9 9A 34 25
2024-09-20 17:19:28,123 - 接收 : 3A CE B8 2C 00 00 3D 64 2C 18 2D 09 2D 14 20
2024-09-20 17:19:28,139 - 接收 : 11 3A 13 3A 14 2C 48 11 2C 00 00 2C 00 00 00 00
2024-09-20 17:19:28,155 - 接收 : 2C 00 00 00 00 2C 00 00 00 00 2C 00 00 00 00
2024-09-20 17:19:28,171 - 接收 : 0D 0A
2024-09-20 17:19:28,266 - 接收 : A9 9A 34 25 3A CE C6 2C 00
2024-09-20 17:19:28,283 - 接收 : 00 3D 65 2C 18 2D 09 2D 14 20 11 3A 13 3A 14
2024-09-20 17:19:28,299 - 接收 : 2C 48 11 2C 01 2E 2C 00 00 A9 76 2C 00 00 00 00
2024-09-20 17:19:28,315 - 接收 : 2C 00 00 00 00 2C 00 00 3D 01 0D 0A
2024-09-20 17:19:28,427 - 接收 : A9 9A 34 25 3A CE B8 2C 00 00 3D 66 2C 18
2024-09-20 17:19:28,443 - 接收 : 2D 09 2D 14 20 11 3A 13 3A 14 2C 48 11 2C 00
2024-09-20 17:19:28,459 - 接收 : 00 2C 00 00 00 00 2C 00 00 00 00 2C 00 00 00
2024-09-20 17:19:28,475 - 接收 : 00 2C 00 00 00 00 0D 0A
2024-09-20 17:19:28,571 - 接收 : A9 9A 34
2024-09-20 17:19:28,587 - 接收 : 25 3A CE B8 2C 00 00 3D 67 2C 18 2D 09 2D 14
2024-09-20 17:19:28,603 - 接收 : 20 11 3A 13 3A 14 2C 48 11 2C 00 00 2C 00 00 00
2024-09-20 17:19:28,619 - 接收 : 00 2C 00 00 00 00 2C 00 00 00 00 2C 00 00 00
2024-09-20 17:19:28,635 - 接收 : 00 0D 0A
2024-09-20 17:19:28,730 - 接收 : A9 9A 34 25 3A CE B8 2C
2024-09-20 17:19:28,746 - 接收 : 00 00 3D 68 2C 18 2D 09 2D 14 20 11 3A 13 3A
2024-09-20 17:19:28,762 - 接收 : 14 2C 48 11 2C 00 00 2C 00 00 00 00 2C 00 00
2024-09-20 17:19:28,778 - 接收 : 00 00 2C 00 00 00 00 2C 00 00 00 00 0D 0A
2024-09-20 17:19:28,890 - 接收 : A9 9A 34 25 3A CE B8 2C 00 00 3D 69 2C
2024-09-20 17:19:28,906 - 接收 : 18 2D 09 2D 14 20 11 3A 13 3A 14 2C 48 11 2C
2024-09-20 17:19:28,922 - 接收 : 00 00 2C 00 00 00 00 2C 00 00 00 00 2C 00 00
2024-09-20 17:19:28,938 - 接收 : 00 00 2C 00 00 00 00 0D 0A
2024-09-20 17:19:33,114 - 接收 : A9 9A 34 25 3A CE B8 2C 00 00
2024-09-20 17:19:33,130 - 接收 : 3D 6A 2C 18 2D 09 2D 14 20 11 3A 13 3A 19 2C
2024-09-20 17:19:33,146 - 接收 : 48 11 2C 00 00 2C 00 00 00 00 2C 00 00 00 00 2C
2024-09-20 17:19:33,162 - 接收 : 00 00 00 00 2C 00 00 00 00 0D 0A
2024-09-20 17:19:33,274 - 接收 : A9 9A 34 25 3A CE C6 2C 00 00 3D 6B 2C 18 2D
2024-09-20 17:19:33,290 - 接收 : 09 2D 14 20 11 3A 13 3A 19 2C 48 11 2C 01 2E
2024-09-20 17:19:33,306 - 接收 : 2C 00 00 A9 75 2C 00 00 00 00 2C 00 00 00 00
2024-09-20 17:19:33,322 - 接收 : 2C 00 00 3D 01 0D 0A
2024-09-20 17:19:33,418 - 接收 : A9 9A 34 25
2024-09-20 17:19:33,434 - 接收 : 3A CE B8 2C 00 00 3D 6C 2C 18 2D 09 2D 14 20
2024-09-20 17:19:33,450 - 接收 : 11 3A 13 3A 19 2C 48 11 2C 00 00 2C 00 00 00 00
2024-09-20 17:19:33,466 - 接收 : 2C 00 00 00 00 2C 00 00 00 00 2C 00 00 00 00
2024-09-20 17:19:33,482 - 接收 : 0D 0A
2024-09-20 17:19:33,578 - 接收 : A9 9A 34 25 3A CE B8 2C 00
2024-09-20 17:19:33,594 - 接收 : 00 3D 6D 2C 18 2D 09 2D 14 20 11 3A 13 3A 19
2024-09-20 17:19:33,610 - 接收 : 2C 48 11 2C 00 00 2C 00 00 00 00 2C 00 00 00 00
2024-09-20 17:19:33,626 - 接收 : 2C 00 00 00 00 2C 00 00 00 00 0D 0A
2024-09-20 17:19:33,738 - 接收 : A9 9A 34 25 3A CE B8 2C 00 00 3D 6E 2C 18
2024-09-20 17:19:33,754 - 接收 : 2D 09 2D 14 20 11 3A 13 3A 19 2C 48 11 2C 00
2024-09-20 17:19:33,770 - 接收 : 00 2C 00 00 00 00 2C 00 00 00 00 2C 00 00 00
2024-09-20 17:19:33,786 - 接收 : 00 2C 00 00 00 00 0D 0A
2024-09-20 17:19:33,882 - 接收 : A9 9A 34
2024-09-20 17:19:33,897 - 接收 : 25 3A CE B8 2C 00 00 3D 6F 2C 18 2D 09 2D 14
2024-09-20 17:19:33,913 - 接收 : 20 11 3A 13 3A 19 2C 48 11 2C 00 00 2C 00 00 00
2024-09-20 17:19:33,930 - 接收 : 00 2C 00 00 00 00 2C 00 00 00 00 2C 00 00 00
2024-09-20 17:19:33,946 - 接收 : 00 0D 0A
2024-09-20 17:19:40,105 - 接收 : A9
2024-09-20 17:19:40,121 - 接收 : 9A 34 25 3A CE B8 2C 00 00 3D 70 2C 18 2D 09
2024-09-20 17:19:40,137 - 接收 : 2D 14 20 11 3A 13 3A 20 2C 48 11 2C 00 00 2C 00
2024-09-20 17:19:40,153 - 接收 : 00 00 00 2C 00 00 00 00 2C 00 00 00 00 2C 00
2024-09-20 17:19:40,169 - 接收 : 00 00 00 0D 0A
2024-09-20 17:19:40,264 - 接收 : A9 9A 34 25 3A CE
2024-09-20 17:19:40,280 - 接收 : C6 2C 00 00 3D 71 2C 18 2D 09 2D 14 20 11 3A
2024-09-20 17:19:40,296 - 接收 : 13 3A 20 2C 48 11 2C 01 2E 2C 00 00 A9 75 2C 00
2024-09-20 17:19:40,312 - 接收 : 00 00 00 2C 00 00 00 00 2C 00 00 3D 01 0D 0A
2024-09-20 17:19:40,424 - 接收 : A9 9A 34 25 3A CE B8 2C 00 00 3D
2024-09-20 17:19:40,440 - 接收 : 72 2C 18 2D 09 2D 14 20 11 3A 13 3A 20 2C 48
2024-09-20 17:19:40,456 - 接收 : 11 2C 00 00 2C 00 00 00 00 2C 00 00 00 00 2C
2024-09-20 17:19:40,472 - 接收 : 00 00 00 00 2C 00 00 00 00 0D 0A
2024-09-20 17:19:40,585 - 接收 : A9 9A 34 25 3A CE B8 2C 00 00 3D 73 2C 18 2D
2024-09-20 17:19:40,601 - 接收 : 09 2D 14 20 11 3A 13 3A 20 2C 48 11 2C 00 00 2C
2024-09-20 17:19:40,617 - 接收 : 00 00 00 00 2C 00 00 00 00 2C 00 00 00 00 2C
2024-09-20 17:19:40,633 - 接收 : 00 00 00 00 0D 0A
2024-09-20 17:19:40,728 - 接收 : A9 9A 34 25 3A
2024-09-20 17:19:40,744 - 接收 : CE B8 2C 00 00 3D 74 2C 18 2D 09 2D 14 20 11
2024-09-20 17:19:40,760 - 接收 : 3A 13 3A 20 2C 48 11 2C 00 00 2C 00 00 00 00 2C
2024-09-20 17:19:40,776 - 接收 : 00 00 00 00 2C 00 00 00 00 2C 00 00 00 00 0D
2024-09-20 17:19:40,792 - 接收 : 0A
2024-09-20 17:19:40,889 - 接收 : A9 9A 34 25 3A CE B8 2C 00 00
2024-09-20 17:19:40,904 - 接收 : 3D 75 2C 18 2D 09 2D 14 20 11 3A 13 3A 20 2C
2024-09-20 17:19:40,920 - 接收 : 48 11 2C 00 00 2C 00 00 00 00 2C 00 00 00 00
2024-09-20 17:19:40,936 - 接收 : 2C 00 00 00 00 2C 00 00 00 00 0D 0A
2024-09-20 17:19:45,112 - 接收 : A9 9A 34 25 3A CE B8 2C 00 00 3D
2024-09-20 17:19:45,128 - 接收 : 76 2C 18 2D 09 2D 14 20 11 3A 13 3A 25 2C 48
2024-09-20 17:19:45,143 - 接收 : 11 2C 00 00 2C 00 00 00 00 2C 00 00 00 00 2C 00
2024-09-20 17:19:45,159 - 接收 : 00 00 00 2C 00 00 00 00 0D 0A
2024-09-20 17:19:45,271 - 接收 : A9 9A 34 25 3A CE C6 2C 00 00 3D 77 2C 18 2D 09
2024-09-20 17:19:45,288 - 接收 : 2D 14 20 11 3A 13 3A 25 2C 48 11 2C 01 2E 2C
2024-09-20 17:19:45,304 - 接收 : 00 00 A9 74 2C 00 00 00 00 2C 00 00 00 00 2C
2024-09-20 17:19:45,320 - 接收 : 00 00 3D 00 0D 0A
2024-09-20 17:19:45,416 - 接收 : A9 9A 34 25 3A
2024-09-20 17:19:45,432 - 接收 : CE B8 2C 00 00 3D 78 2C 18 2D 09 2D 14 20 11
2024-09-20 17:19:45,447 - 接收 : 3A 13 3A 25 2C 48 11 2C 00 00 2C 00 00 00 00 2C
2024-09-20 17:19:45,463 - 接收 : 00 00 00 00 2C 00 00 00 00 2C 00 00 00 00 0D
2024-09-20 17:19:45,479 - 接收 : 0A
2024-09-20 17:19:45,575 - 接收 : A9 9A 34 25 3A CE B8 2C 00 00
2024-09-20 17:19:45,591 - 接收 : 3D 79 2C 18 2D 09 2D 14 20 11 3A 13 3A 25 2C
2024-09-20 17:19:45,608 - 接收 : 48 11 2C 00 00 2C 00 00 00 00 2C 00 00 00 00
2024-09-20 17:19:45,623 - 接收 : 2C 00 00 00 00 2C 00 00 00 00 0D 0A
2024-09-20 17:19:45,736 - 接收 : A9 9A 34 25 3A CE B8 2C 00 00 3D 7A 2C 18 2D
2024-09-20 17:19:45,752 - 接收 : 09 2D 14 20 11 3A 13 3A 25 2C 48 11 2C 00 00
2024-09-20 17:19:45,768 - 接收 : 2C 00 00 00 00 2C 00 00 00 00 2C 00 00 00 00
2024-09-20 17:19:45,783 - 接收 : 2C 00 00 00 00 0D 0A
2024-09-20 17:19:45,880 - 接收 : A9 9A 34 25
2024-09-20 17:19:45,896 - 接收 : 3A CE B8 2C 00 00 3D 7B 2C 18 2D 09 2D 14 20
2024-09-20 17:19:45,912 - 接收 : 11 3A 13 3A 25 2C 48 11 2C 00 00 2C 00 00 00 00
2024-09-20 17:19:45,928 - 接收 : 2C 00 00 00 00 2C 00 00 00 00 2C 00 00 00 00
2024-09-20 17:19:45,944 - 接收 : 0D 0A
2024-09-20 17:19:52,102 - 接收 : A9 9A
2024-09-20 17:19:52,118 - 接收 : 34 25 3A CE B8 2C 00 00 3D 7C 2C 18 2D 09 2D
2024-09-20 17:19:52,134 - 接收 : 14 20 11 3A 13 3A 2C 2C 48 11 2C 00 00 2C 00 00
2024-09-20 17:19:52,150 - 接收 : 00 00 2C 00 00 00 00 2C 00 00 00 00 2C 00 00
2024-09-20 17:19:52,166 - 接收 : 00 00 0D 0A
2024-09-20 17:19:52,263 - 接收 : A9 9A 34 25 3A CE C6
2024-09-20 17:19:52,278 - 接收 : 2C 00 00 3D 7D 2C 18 2D 09 2D 14 20 11 3A 13
2024-09-20 17:19:52,294 - 接收 : 3A 2C 2C 48 11 2C 01 2E 2C 00 00 A9 75 2C 00
2024-09-20 17:19:52,310 - 接收 : 00 00 00 2C 00 00 00 00 2C 00 00 3D 01 0D 0A
2024-09-20 17:19:52,422 - 接收 : A9 9A 34 25 3A CE B8 2C 00 00 3D
2024-09-20 17:19:52,438 - 接收 : 7E 2C 18 2D 09 2D 14 20 11 3A 13 3A 2C 2C 48 11
2024-09-20 17:19:52,455 - 接收 : 2C 00 00 2C 00 00 00 00 2C 00 00 00 00 2C 00
2024-09-20 17:19:52,470 - 接收 : 00 00 00 2C 00 00 00 00 0D 0A
2024-09-20 17:19:52,566 - 接收 : A9
2024-09-20 17:19:52,582 - 接收 : 9A 34 25 3A CE B8 2C 00 00 3D 7F 2C 18 2D 09
2024-09-20 17:19:52,598 - 接收 : 2D 14 20 11 3A 13 3A 2C 2C 48 11 2C 00 00 2C 00
2024-09-20 17:19:52,614 - 接收 : 00 00 00 2C 00 00 00 00 2C 00 00 00 00 2C 00
2024-09-20 17:19:52,630 - 接收 : 00 00 00 0D 0A
2024-09-20 17:19:52,726 - 接收 : A9 9A 34 25 3A CE
2024-09-20 17:19:52,742 - 接收 : B8 2C 00 00 3D 80 2C 18 2D 09 2D 14 20 11 3A
2024-09-20 17:19:52,758 - 接收 : 13 3A 2C 2C 48 11 2C 00 00 2C 00 00 00 00 2C
2024-09-20 17:19:52,774 - 接收 : 00 00 00 00 2C 00 00 00 00 2C 00 00 00 00 0D 0A
2024-09-20 17:19:52,886 - 接收 : A9 9A 34 25 3A CE B8 2C 00 00
2024-09-20 17:19:52,902 - 接收 : 3D 81 2C 18 2D 09 2D 14 20 11 3A 13 3A 2C 2C 48
2024-09-20 17:19:52,918 - 接收 : 11 2C 00 00 2C 00 00 00 00 2C 00 00 00 00 2C
2024-09-20 17:19:52,934 - 接收 : 00 00 00 00 2C 00 00 00 00 0D 0A
2024-09-20 17:19:57,109 - 接收 : A9 9A 34 25 3A CE B8 2C
2024-09-20 17:19:57,125 - 接收 : 00 00 3D 82 2C 18 2D 09 2D 14 20 11 3A 13 3A
2024-09-20 17:19:57,141 - 接收 : 31 2C 48 11 2C 00 00 2C 00 00 00 00 2C 00 00 00
2024-09-20 17:19:57,157 - 接收 : 00 2C 00 00 00 00 2C 00 00 00 00 0D 0A
2024-09-20 17:19:57,269 - 接收 : A9 9A 34 25 3A CE C6 2C 00 00 3D 83 2C
2024-09-20 17:19:57,286 - 接收 : 18 2D 09 2D 14 20 11 3A 13 3A 31 2C 48 11 2C
2024-09-20 17:19:57,302 - 接收 : 01 2E 2C 00 00 A9 76 2C 00 00 00 00 2C 00 00
2024-09-20 17:19:57,318 - 接收 : 00 00 2C 00 00 3D 01 0D 0A
2024-09-20 17:19:57,414 - 接收 : A9 9A
2024-09-20 17:19:57,429 - 接收 : 34 25 3A CE B8 2C 00 00 3D 84 2C 18 2D 09 2D
2024-09-20 17:19:57,445 - 接收 : 14 20 11 3A 13 3A 31 2C 48 11 2C 00 00 2C 00 00
2024-09-20 17:19:57,461 - 接收 : 00 00 2C 00 00 00 00 2C 00 00 00 00 2C 00 00
2024-09-20 17:19:57,477 - 接收 : 00 00 0D 0A
2024-09-20 17:19:57,573 - 接收 : A9 9A 34 25 3A CE B8
2024-09-20 17:19:57,590 - 接收 : 2C 00 00 3D 85 2C 18 2D 09 2D 14 20 11 3A 13
2024-09-20 17:19:57,606 - 接收 : 3A 31 2C 48 11 2C 00 00 2C 00 00 00 00 2C 00
2024-09-20 17:19:57,622 - 接收 : 00 00 00 2C 00 00 00 00 2C 00 00 00 00 0D 0A
2024-09-20 17:19:57,733 - 接收 : A9 9A 34 25 3A CE B8 2C 00 00 3D 86
2024-09-20 17:19:57,749 - 接收 : 2C 18 2D 09 2D 14 20 11 3A 13 3A 31 2C 48 11
2024-09-20 17:19:57,765 - 接收 : 2C 00 00 2C 00 00 00 00 2C 00 00 00 00 2C 00
2024-09-20 17:19:57,781 - 接收 : 00 00 00 2C 00 00 00 00 0D 0A
2024-09-20 17:19:57,877 - 接收 : A9
2024-09-20 17:19:57,893 - 接收 : 9A 34 25 3A CE B8 2C 00 00 3D 87 2C 18 2D 09
2024-09-20 17:19:57,909 - 接收 : 2D 14 20 11 3A 13 3A 31 2C 48 11 2C 00 00 2C 00
2024-09-20 17:19:57,926 - 接收 : 00 00 00 2C 00 00 00 00 2C 00 00 00 00 2C 00
2024-09-20 17:19:57,941 - 接收 : 00 00 00 0D 0A
2024-09-20 17:20:04,116 - 接收 : A9 9A 34 25 3A CE B8 2C 00 00 3D 88 2C 18
2024-09-20 17:20:04,132 - 接收 : 2D 09 2D 14 20 11 3A 13 3A 38 2C 48 11 2C 00 00
2024-09-20 17:20:04,148 - 接收 : 2C 00 00 00 00 2C 00 00 00 00 2C 00 00 00 00
2024-09-20 17:20:04,164 - 接收 : 2C 00 00 00 00 0D 0A
2024-09-20 17:20:04,260 - 接收 : A9 9A 34 25
2024-09-20 17:20:04,276 - 接收 : 3A CE C6 2C 00 00 3D 89 2C 18 2D 09 2D 14 20
2024-09-20 17:20:04,292 - 接收 : 11 3A 13 3A 38 2C 48 11 2C 01 2E 2C 00 00 A9
2024-09-20 17:20:04,308 - 接收 : 74 2C 00 00 00 00 2C 00 00 00 00 2C 00 00 3D 00
2024-09-20 17:20:04,324 - 接收 : 0D 0A
2024-09-20 17:20:04,420 - 接收 : A9 9A 34 25 3A CE B8 2C
2024-09-20 17:20:04,436 - 接收 : 00 00 3D 8A 2C 18 2D 09 2D 14 20 11 3A 13 3A 38
2024-09-20 17:20:04,452 - 接收 : 2C 48 11 2C 00 00 2C 00 00 00 00 2C 00 00 00
2024-09-20 17:20:04,468 - 接收 : 00 2C 00 00 00 00 2C 00 00 00 00 0D 0A
2024-09-20 17:20:04,580 - 接收 : A9 9A 34 25 3A CE B8 2C 00 00 3D 8B 2C
2024-09-20 17:20:04,596 - 接收 : 18 2D 09 2D 14 20 11 3A 13 3A 38 2C 48 11 2C 00
2024-09-20 17:20:04,612 - 接收 : 00 2C 00 00 00 00 2C 00 00 00 00 2C 00 00 00
2024-09-20 17:20:04,628 - 接收 : 00 2C 00 00 00 00 0D 0A
2024-09-20 17:20:04,723 - 接收 : A9 9A 34
2024-09-20 17:20:04,740 - 接收 : 25 3A CE B8 2C 00 00 3D 8C 2C 18 2D 09 2D 14
2024-09-20 17:20:04,756 - 接收 : 20 11 3A 13 3A 38 2C 48 11 2C 00 00 2C 00 00
2024-09-20 17:20:04,772 - 接收 : 00 00 2C 00 00 00 00 2C 00 00 00 00 2C 00 00 00
2024-09-20 17:20:04,787 - 接收 : 00 0D 0A
2024-09-20 17:20:04,884 - 接收 : A9 9A 34 25 3A CE B8
2024-09-20 17:20:04,900 - 接收 : 2C 00 00 3D 8D 2C 18 2D 09 2D 14 20 11 3A 13 3A
2024-09-20 17:20:04,916 - 接收 : 38 2C 48 11 2C 00 00 2C 00 00 00 00 2C 00 00
2024-09-20 17:20:04,932 - 接收 : 00 00 2C 00 00 00 00 2C 00 00 00 00 0D 0A
2024-09-20 17:20:09,107 - 接收 : A9 9A 34 25 3A
2024-09-20 17:20:09,123 - 接收 : CE B8 2C 00 00 3D 8E 2C 18 2D 09 2D 14 20 11
2024-09-20 17:20:09,139 - 接收 : 3A 14 3A 01 2C 48 18 2C 00 00 2C 00 00 00 00 2C
2024-09-20 17:20:09,155 - 接收 : 00 00 00 00 2C 00 00 00 00 2C 00 00 00 00 0D
2024-09-20 17:20:09,171 - 接收 : 0A
2024-09-20 17:20:09,267 - 接收 : A9 9A 34 25 3A CE C6 2C 00 00
2024-09-20 17:20:09,283 - 接收 : 3D 8F 2C 18 2D 09 2D 14 20 11 3A 14 3A 01 2C
2024-09-20 17:20:09,299 - 接收 : 48 18 2C 01 2E 2C 00 00 A9 74 2C 00 00 00 00
2024-09-20 17:20:09,315 - 接收 : 2C 00 00 00 00 2C 00 00 3D 00 0D 0A
2024-09-20 17:20:09,427 - 接收 : A9 9A 34 25 3A CE B8 2C 00 00 3D 90 2C 18
2024-09-20 17:20:09,443 - 接收 : 2D 09 2D 14 20 11 3A 14 3A 01 2C 48 18 2C 00 00
2024-09-20 17:20:09,459 - 接收 : 2C 00 00 00 00 2C 00 00 00 00 2C 00 00 00 00
2024-09-20 17:20:09,475 - 接收 : 2C 00 00 00 00 0D 0A
2024-09-20 17:20:09,571 - 接收 : A9 9A 34 25
2024-09-20 17:20:09,587 - 接收 : 3A CE B8 2C 00 00 3D 91 2C 18 2D 09 2D 14 20
2024-09-20 17:20:09,603 - 接收 : 11 3A 14 3A 01 2C 48 18 2C 00 00 2C 00 00 00
2024-09-20 17:20:09,619 - 接收 : 00 2C 00 00 00 00 2C 00 00 00 00 2C 00 00 00 00
2024-09-20 17:20:09,634 - 接收 : 0D 0A
2024-09-20 17:20:09,731 - 接收 : A9 9A 34 25 3A CE B8 2C 00
2024-09-20 17:20:09,747 - 接收 : 00 3D 92 2C 18 2D 09 2D 14 20 11 3A 14 3A 01
2024-09-20 17:20:09,763 - 接收 : 2C 48 18 2C 00 00 2C 00 00 00 00 2C 00 00 00
2024-09-20 17:20:09,779 - 接收 : 00 2C 00 00 00 00 2C 00 00 00 00 0D 0A
2024-09-20 17:20:09,891 - 接收 : A9 9A 34 25 3A CE B8 2C 00 00 3D 93 2C
2024-09-20 17:20:09,907 - 接收 : 18 2D 09 2D 14 20 11 3A 14 3A 01 2C 48 18 2C 00
2024-09-20 17:20:09,923 - 接收 : 00 2C 00 00 00 00 2C 00 00 00 00 2C 00 00 00
2024-09-20 17:20:09,939 - 接收 : 00 2C 00 00 00 00 0D 0A
2024-09-20 17:20:16,114 - 接收 : A9 9A 34 25 3A CE B8 2C 00 00 3D
2024-09-20 17:20:16,130 - 接收 : 94 2C 18 2D 09 2D 14 20 11 3A 14 3A 08 2C 48 0A
2024-09-20 17:20:16,146 - 接收 : 2C 00 00 2C 00 00 00 00 2C 00 00 00 00 2C 00
2024-09-20 17:20:16,162 - 接收 : 00 00 00 2C 00 00 00 00 0D 0A
2024-09-20 17:20:16,258 - 接收 : A9
2024-09-20 17:20:16,274 - 接收 : 9A 34 25 3A CE C6 2C 00 00 3D 95 2C 18 2D 09
2024-09-20 17:20:16,290 - 接收 : 2D 14 20 11 3A 14 3A 08 2C 48 0A 2C 01 2E 2C
2024-09-20 17:20:16,306 - 接收 : 00 00 A9 74 2C 00 00 00 00 2C 00 00 00 00 2C 00
2024-09-20 17:20:16,322 - 接收 : 00 3D 00 0D 0A
2024-09-20 17:20:16,417 - 接收 : A9 9A 34 25 3A CE
2024-09-20 17:20:16,433 - 接收 : B8 2C 00 00 3D 96 2C 18 2D 09 2D 14 20 11 3A
2024-09-20 17:20:16,449 - 接收 : 14 3A 08 2C 48 0A 2C 00 00 2C 00 00 00 00 2C
2024-09-20 17:20:16,465 - 接收 : 00 00 00 00 2C 00 00 00 00 2C 00 00 00 00 0D 0A
2024-09-20 17:20:16,578 - 接收 : A9 9A 34 25 3A CE B8 2C 00 00
2024-09-20 17:20:16,594 - 接收 : 3D 97 2C 18 2D 09 2D 14 20 11 3A 14 3A 08 2C 48
2024-09-20 17:20:16,610 - 接收 : 0A 2C 00 00 2C 00 00 00 00 2C 00 00 00 00 2C
2024-09-20 17:20:16,626 - 接收 : 00 00 00 00 2C 00 00 00 00 0D 0A
2024-09-20 17:20:16,738 - 接收 : A9 9A 34 25 3A CE B8 2C 00 00 3D 98 2C 18 2D
2024-09-20 17:20:16,754 - 接收 : 09 2D 14 20 11 3A 14 3A 08 2C 48 0A 2C 00 00
2024-09-20 17:20:16,770 - 接收 : 2C 00 00 00 00 2C 00 00 00 00 2C 00 00 00 00 2C
2024-09-20 17:20:16,786 - 接收 : 00 00 00 00 0D 0A
2024-09-20 17:20:16,882 - 接收 : A9 9A 34 25
2024-09-20 17:20:16,898 - 接收 : 3A CE B8 2C 00 00 3D 99 2C 18 2D 09 2D 14 20 11
2024-09-20 17:20:16,914 - 接收 : 3A 14 3A 08 2C 48 0A 2C 00 00 2C 00 00 00 00
2024-09-20 17:20:16,930 - 接收 : 2C 00 00 00 00 2C 00 00 00 00 2C 00 00 00 00 0D
2024-09-20 17:20:16,946 - 接收 : 0A
2024-09-20 17:20:21,105 - 接收 : A9 9A
2024-09-20 17:20:21,121 - 接收 : 34 25 3A CE B8 2C 00 00 3D 9A 2C 18 2D 09 2D
2024-09-20 17:20:21,137 - 接收 : 14 20 11 3A 14 3A 0D 2C 48 18 2C 00 00 2C 00 00
2024-09-20 17:20:21,153 - 接收 : 00 00 2C 00 00 00 00 2C 00 00 00 00 2C 00 00
2024-09-20 17:20:21,169 - 接收 : 00 00 0D 0A
2024-09-20 17:20:21,265 - 接收 : A9 9A 34 25 3A CE C6
2024-09-20 17:20:21,281 - 接收 : 2C 00 00 3D 9B 2C 18 2D 09 2D 14 20 11 3A 14
2024-09-20 17:20:21,297 - 接收 : 3A 0D 2C 48 18 2C 01 2E 2C 00 00 A9 73 2C 00
2024-09-20 17:20:21,312 - 接收 : 00 00 00 2C 00 00 00 00 2C 00 00 3D 00 0D 0A
2024-09-20 17:20:21,425 - 接收 : A9 9A 34 25 3A CE B8 2C 00 00 3D
2024-09-20 17:20:21,441 - 接收 : 9C 2C 18 2D 09 2D 14 20 11 3A 14 3A 0D 2C 48 18
2024-09-20 17:20:21,457 - 接收 : 2C 00 00 2C 00 00 00 00 2C 00 00 00 00 2C 00
2024-09-20 17:20:21,473 - 接收 : 00 00 00 2C 00 00 00 00 0D 0A
2024-09-20 17:20:21,569 - 接收 : A9
2024-09-20 17:20:21,585 - 接收 : 9A 34 25 3A CE B8 2C 00 00 3D 9D 2C 18 2D 09
2024-09-20 17:20:21,601 - 接收 : 2D 14 20 11 3A 14 3A 0D 2C 48 18 2C 00 00 2C 00
2024-09-20 17:20:21,617 - 接收 : 00 00 00 2C 00 00 00 00 2C 00 00 00 00 2C 00
2024-09-20 17:20:21,633 - 接收 : 00 00 00 0D 0A
2024-09-20 17:20:21,728 - 接收 : A9 9A 34 25 3A CE
2024-09-20 17:20:21,745 - 接收 : B8 2C 00 00 3D 9E 2C 18 2D 09 2D 14 20 11 3A
2024-09-20 17:20:21,761 - 接收 : 14 3A 0D 2C 48 18 2C 00 00 2C 00 00 00 00 2C
2024-09-20 17:20:21,777 - 接收 : 00 00 00 00 2C 00 00 00 00 2C 00 00 00 00 0D 0A
2024-09-20 17:20:21,889 - 接收 : A9 9A 34 25 3A CE B8 2C 00 00
2024-09-20 17:20:21,905 - 接收 : 3D 9F 2C 18 2D 09 2D 14 20 11 3A 14 3A 0D 2C 48
2024-09-20 17:20:21,921 - 接收 : 18 2C 00 00 2C 00 00 00 00 2C 00 00 00 00 2C
2024-09-20 17:20:21,937 - 接收 : 00 00 00 00 2C 00 00 00 00 0D 0A
2024-09-20 17:20:28,111 - 接收 : A9 9A 34 25 3A CE B8 2C
2024-09-20 17:20:28,127 - 接收 : 00 00 3D A0 2C 18 2D 09 2D 14 20 11 3A 14 3A
2024-09-20 17:20:28,143 - 接收 : 14 2C 48 0A 2C 00 00 2C 00 00 00 00 2C 00 00
2024-09-20 17:20:28,159 - 接收 : 00 00 2C 00 00 00 00 2C 00 00 00 00 0D 0A
2024-09-20 17:20:28,271 - 接收 : A9 9A 34 25 3A CE C6 2C 00 00 3D A1
2024-09-20 17:20:28,287 - 接收 : 2C 18 2D 09 2D 14 20 11 3A 14 3A 14 2C 48 0A 2C
2024-09-20 17:20:28,303 - 接收 : 01 2E 2C 00 00 A9 72 2C 00 00 00 00 2C 00 00
2024-09-20 17:20:28,318 - 接收 : 00 00 2C 00 00 3D 00 0D 0A
2024-09-20 17:20:28,414 - 接收 : A9 9A
2024-09-20 17:20:28,430 - 接收 : 34 25 3A CE B8 2C 00 00 3D A2 2C 18 2D 09 2D
2024-09-20 17:20:28,446 - 接收 : 14 20 11 3A 14 3A 14 2C 48 0A 2C 00 00 2C 00
2024-09-20 17:20:28,462 - 接收 : 00 00 00 2C 00 00 00 00 2C 00 00 00 00 2C 00 00
2024-09-20 17:20:28,478 - 接收 : 00 00 0D 0A
2024-09-20 17:20:28,574 - 接收 : A9 9A 34 25 3A CE
2024-09-20 17:20:28,590 - 接收 : B8 2C 00 00 3D A3 2C 18 2D 09 2D 14 20 11 3A 14
2024-09-20 17:20:28,606 - 接收 : 3A 14 2C 48 0A 2C 00 00 2C 00 00 00 00 2C 00
2024-09-20 17:20:28,622 - 接收 : 00 00 00 2C 00 00 00 00 2C 00 00 00 00 0D 0A
2024-09-20 17:20:28,735 - 接收 : A9 9A 34 25 3A CE B8 2C 00 00 3D
2024-09-20 17:20:28,751 - 接收 : A4 2C 18 2D 09 2D 14 20 11 3A 14 3A 14 2C 48
2024-09-20 17:20:28,767 - 接收 : 0A 2C 00 00 2C 00 00 00 00 2C 00 00 00 00 2C 00
2024-09-20 17:20:28,783 - 接收 : 00 00 00 2C 00 00 00 00 0D 0A
2024-09-20 17:20:28,895 - 接收 : A9 9A 34 25 3A CE B8 2C 00 00 3D A5 2C 18 2D 09
2024-09-20 17:20:28,910 - 接收 : 2D 14 20 11 3A 14 3A 14 2C 48 0A 2C 00 00 2C
2024-09-20 17:20:28,926 - 接收 : 00 00 00 00 2C 00 00 00 00 2C 00 00 00 00 2C
2024-09-20 17:20:28,942 - 接收 : 00 00 00 00 0D 0A
2024-09-20 17:20:33,116 - 接收 : A9 9A 34 25 3A CE B8 2C 00 00 3D A6 2C 18 2D 09
2024-09-20 17:20:33,132 - 接收 : 2D 14 20 11 3A 14 3A 19 2C 48 11 2C 00 00 2C
2024-09-20 17:20:33,148 - 接收 : 00 00 00 00 2C 00 00 00 00 2C 00 00 00 00 2C
2024-09-20 17:20:33,164 - 接收 : 00 00 00 00 0D 0A
2024-09-20 17:20:33,260 - 接收 : A9 9A 34 25 3A
2024-09-20 17:20:33,276 - 接收 : CE C6 2C 00 00 3D A7 2C 18 2D 09 2D 14 20 11
2024-09-20 17:20:33,292 - 接收 : 3A 14 3A 19 2C 48 11 2C 01 2E 2C 00 00 A9 74 2C
2024-09-20 17:20:33,308 - 接收 : 00 00 00 00 2C 00 00 00 00 2C 00 00 3D 01 0D
